[0.133s] Invoking command in '/home/weng/work/humble_ws/build/turtlebot3_node': AMENT_PREFIX_PATH=/home/weng/work/humble_ws/install/turtlebot3_msgs:${AMENT_PREFIX_PATH} CMAKE_PREFIX_PATH=/home/weng/work/humble_ws/install/turtlebot3_msgs:/opt/ros/humble LD_LIBRARY_PATH=/home/weng/work/humble_ws/install/turtlebot3_msgs/lib:${LD_LIBRARY_PATH} PYTHONPATH=/home/weng/work/humble_ws/install/turtlebot3_msgs/local/lib/python3.10/dist-packages:${PYTHONPATH} /usr/bin/cmake --build /home/weng/work/humble_ws/build/turtlebot3_node -- -j24 -l24
[0.256s] [35m[1mConsolidate compiler generated dependencies of target turtlebot3_node_lib[0m
[0.256s] [ 85%] Built target turtlebot3_node_lib
[0.256s] [35m[1mConsolidate compiler generated dependencies of target turtlebot3_ros[0m
[0.256s] [100%] Built target turtlebot3_ros
[0.259s] Invoked command in '/home/weng/work/humble_ws/build/turtlebot3_node' returned '0': AMENT_PREFIX_PATH=/home/weng/work/humble_ws/install/turtlebot3_msgs:${AMENT_PREFIX_PATH} CMAKE_PREFIX_PATH=/home/weng/work/humble_ws/install/turtlebot3_msgs:/opt/ros/humble LD_LIBRARY_PATH=/home/weng/work/humble_ws/install/turtlebot3_msgs/lib:${LD_LIBRARY_PATH} PYTHONPATH=/home/weng/work/humble_ws/install/turtlebot3_msgs/local/lib/python3.10/dist-packages:${PYTHONPATH} /usr/bin/cmake --build /home/weng/work/humble_ws/build/turtlebot3_node -- -j24 -l24
[0.281s] Invoking command in '/home/weng/work/humble_ws/build/turtlebot3_node': AMENT_PREFIX_PATH=/home/weng/work/humble_ws/install/turtlebot3_msgs:${AMENT_PREFIX_PATH} CMAKE_PREFIX_PATH=/home/weng/work/humble_ws/install/turtlebot3_msgs:/opt/ros/humble LD_LIBRARY_PATH=/home/weng/work/humble_ws/install/turtlebot3_msgs/lib:${LD_LIBRARY_PATH} PYTHONPATH=/home/weng/work/humble_ws/install/turtlebot3_msgs/local/lib/python3.10/dist-packages:${PYTHONPATH} /usr/bin/cmake --install /home/weng/work/humble_ws/build/turtlebot3_node
[0.286s] -- Install configuration: ""
[0.286s] -- Up-to-date: /home/weng/work/humble_ws/install/turtlebot3_node/share/turtlebot3_node/param
[0.286s] -- Up-to-date: /home/weng/work/humble_ws/install/turtlebot3_node/share/turtlebot3_node/param/waffle_pi.yaml
[0.286s] -- Up-to-date: /home/weng/work/humble_ws/install/turtlebot3_node/share/turtlebot3_node/param/waffle.yaml
[0.286s] -- Up-to-date: /home/weng/work/humble_ws/install/turtlebot3_node/share/turtlebot3_node/param/burger.yaml
[0.286s] -- Up-to-date: /home/weng/work/humble_ws/install/turtlebot3_node/lib/turtlebot3_node/turtlebot3_ros
[0.286s] -- Up-to-date: /home/weng/work/humble_ws/install/turtlebot3_node/share/ament_index/resource_index/package_run_dependencies/turtlebot3_node
[0.286s] -- Up-to-date: /home/weng/work/humble_ws/install/turtlebot3_node/share/ament_index/resource_index/parent_prefix_path/turtlebot3_node
[0.286s] -- Up-to-date: /home/weng/work/humble_ws/install/turtlebot3_node/share/turtlebot3_node/environment/ament_prefix_path.sh
[0.287s] -- Up-to-date: /home/weng/work/humble_ws/install/turtlebot3_node/share/turtlebot3_node/environment/ament_prefix_path.dsv
[0.287s] -- Up-to-date: /home/weng/work/humble_ws/install/turtlebot3_node/share/turtlebot3_node/environment/path.sh
[0.287s] -- Up-to-date: /home/weng/work/humble_ws/install/turtlebot3_node/share/turtlebot3_node/environment/path.dsv
[0.287s] -- Up-to-date: /home/weng/work/humble_ws/install/turtlebot3_node/share/turtlebot3_node/local_setup.bash
[0.287s] -- Up-to-date: /home/weng/work/humble_ws/install/turtlebot3_node/share/turtlebot3_node/local_setup.sh
[0.287s] -- Up-to-date: /home/weng/work/humble_ws/install/turtlebot3_node/share/turtlebot3_node/local_setup.zsh
[0.287s] -- Up-to-date: /home/weng/work/humble_ws/install/turtlebot3_node/share/turtlebot3_node/local_setup.dsv
[0.287s] -- Installing: /home/weng/work/humble_ws/install/turtlebot3_node/share/turtlebot3_node/package.dsv
[0.287s] -- Up-to-date: /home/weng/work/humble_ws/install/turtlebot3_node/share/ament_index/resource_index/packages/turtlebot3_node
[0.287s] -- Up-to-date: /home/weng/work/humble_ws/install/turtlebot3_node/share/turtlebot3_node/cmake/ament_cmake_export_include_directories-extras.cmake
[0.287s] -- Up-to-date: /home/weng/work/humble_ws/install/turtlebot3_node/share/turtlebot3_node/cmake/turtlebot3_nodeConfig.cmake
[0.287s] -- Up-to-date: /home/weng/work/humble_ws/install/turtlebot3_node/share/turtlebot3_node/cmake/turtlebot3_nodeConfig-version.cmake
[0.287s] -- Up-to-date: /home/weng/work/humble_ws/install/turtlebot3_node/share/turtlebot3_node/package.xml
[0.288s] Invoked command in '/home/weng/work/humble_ws/build/turtlebot3_node' returned '0': AMENT_PREFIX_PATH=/home/weng/work/humble_ws/install/turtlebot3_msgs:${AMENT_PREFIX_PATH} CMAKE_PREFIX_PATH=/home/weng/work/humble_ws/install/turtlebot3_msgs:/opt/ros/humble LD_LIBRARY_PATH=/home/weng/work/humble_ws/install/turtlebot3_msgs/lib:${LD_LIBRARY_PATH} PYTHONPATH=/home/weng/work/humble_ws/install/turtlebot3_msgs/local/lib/python3.10/dist-packages:${PYTHONPATH} /usr/bin/cmake --install /home/weng/work/humble_ws/build/turtlebot3_node
