[0.021s] Invoking command in '/home/weng/work/humble_ws/src/build/turtlebot3': AMENT_PREFIX_PATH=/home/weng/work/humble_ws/src/install/turtlebot3_bringup:/home/weng/work/humble_ws/src/install/turtlebot3_node:/home/weng/work/humble_ws/src/install/turtlebot3_example:/home/weng/work/humble_ws/src/install/turtlebot3_teleop:/home/weng/work/humble_ws/src/install/turtlebot3_navigation2:/home/weng/work/humble_ws/src/install/turtlebot3_msgs:/home/weng/work/humble_ws/src/install/turtlebot3_description:/home/weng/work/humble_ws/src/install/turtlebot3_cartographer:${AMENT_PREFIX_PATH} CMAKE_PREFIX_PATH=/home/weng/work/humble_ws/src/install/turtlebot3_bringup:/home/weng/work/humble_ws/src/install/turtlebot3_node:/home/weng/work/humble_ws/src/install/turtlebot3_navigation2:/home/weng/work/humble_ws/src/install/turtlebot3_msgs:/home/weng/work/humble_ws/src/install/turtlebot3_description:/home/weng/work/humble_ws/src/install/turtlebot3_cartographer:/opt/ros/humble LD_LIBRARY_PATH=/home/weng/work/humble_ws/src/install/turtlebot3_msgs/lib:${LD_LIBRARY_PATH} PYTHONPATH=/home/weng/work/humble_ws/src/install/turtlebot3_example/lib/python3.10/site-packages:/home/weng/work/humble_ws/src/install/turtlebot3_teleop/lib/python3.10/site-packages:/home/weng/work/humble_ws/src/install/turtlebot3_msgs/local/lib/python3.10/dist-packages:${PYTHONPATH} /usr/local/bin/cmake /home/weng/work/humble_ws/src/turtlebot3/turtlebot3 -DCMAKE_INSTALL_PREFIX=/home/weng/work/humble_ws/src/install/turtlebot3
[0.054s] -- The C compiler identification is GNU 11.4.0
[0.079s] -- The CXX compiler identification is GNU 11.4.0
[0.086s] -- Detecting C compiler ABI info
[0.114s] -- Detecting C compiler ABI info - done
[0.119s] -- Check for working C compiler: /usr/bin/cc - skipped
[0.119s] -- Detecting C compile features
[0.119s] -- Detecting C compile features - done
[0.123s] -- Detecting CXX compiler ABI info
[0.157s] -- Detecting CXX compiler ABI info - done
[0.162s] -- Check for working CXX compiler: /usr/bin/c++ - skipped
[0.162s] -- Detecting CXX compile features
[0.162s] -- Detecting CXX compile features - done
[0.164s] -- Found ament_cmake: 1.3.8 (/opt/ros/humble/share/ament_cmake/cmake)
[0.228s] -- Found Python3: /usr/bin/python3 (found version "3.10.12") found components: Interpreter 
[0.301s] -- Configuring done (0.3s)
[0.303s] -- Generating done (0.0s)
[0.303s] -- Build files have been written to: /home/weng/work/humble_ws/src/build/turtlebot3
[0.307s] Invoked command in '/home/weng/work/humble_ws/src/build/turtlebot3' returned '0': AMENT_PREFIX_PATH=/home/weng/work/humble_ws/src/install/turtlebot3_bringup:/home/weng/work/humble_ws/src/install/turtlebot3_node:/home/weng/work/humble_ws/src/install/turtlebot3_example:/home/weng/work/humble_ws/src/install/turtlebot3_teleop:/home/weng/work/humble_ws/src/install/turtlebot3_navigation2:/home/weng/work/humble_ws/src/install/turtlebot3_msgs:/home/weng/work/humble_ws/src/install/turtlebot3_description:/home/weng/work/humble_ws/src/install/turtlebot3_cartographer:${AMENT_PREFIX_PATH} CMAKE_PREFIX_PATH=/home/weng/work/humble_ws/src/install/turtlebot3_bringup:/home/weng/work/humble_ws/src/install/turtlebot3_node:/home/weng/work/humble_ws/src/install/turtlebot3_navigation2:/home/weng/work/humble_ws/src/install/turtlebot3_msgs:/home/weng/work/humble_ws/src/install/turtlebot3_description:/home/weng/work/humble_ws/src/install/turtlebot3_cartographer:/opt/ros/humble LD_LIBRARY_PATH=/home/weng/work/humble_ws/src/install/turtlebot3_msgs/lib:${LD_LIBRARY_PATH} PYTHONPATH=/home/weng/work/humble_ws/src/install/turtlebot3_example/lib/python3.10/site-packages:/home/weng/work/humble_ws/src/install/turtlebot3_teleop/lib/python3.10/site-packages:/home/weng/work/humble_ws/src/install/turtlebot3_msgs/local/lib/python3.10/dist-packages:${PYTHONPATH} /usr/local/bin/cmake /home/weng/work/humble_ws/src/turtlebot3/turtlebot3 -DCMAKE_INSTALL_PREFIX=/home/weng/work/humble_ws/src/install/turtlebot3
[0.308s] Invoking command in '/home/weng/work/humble_ws/src/build/turtlebot3': AMENT_PREFIX_PATH=/home/weng/work/humble_ws/src/install/turtlebot3_bringup:/home/weng/work/humble_ws/src/install/turtlebot3_node:/home/weng/work/humble_ws/src/install/turtlebot3_example:/home/weng/work/humble_ws/src/install/turtlebot3_teleop:/home/weng/work/humble_ws/src/install/turtlebot3_navigation2:/home/weng/work/humble_ws/src/install/turtlebot3_msgs:/home/weng/work/humble_ws/src/install/turtlebot3_description:/home/weng/work/humble_ws/src/install/turtlebot3_cartographer:${AMENT_PREFIX_PATH} CMAKE_PREFIX_PATH=/home/weng/work/humble_ws/src/install/turtlebot3_bringup:/home/weng/work/humble_ws/src/install/turtlebot3_node:/home/weng/work/humble_ws/src/install/turtlebot3_navigation2:/home/weng/work/humble_ws/src/install/turtlebot3_msgs:/home/weng/work/humble_ws/src/install/turtlebot3_description:/home/weng/work/humble_ws/src/install/turtlebot3_cartographer:/opt/ros/humble LD_LIBRARY_PATH=/home/weng/work/humble_ws/src/install/turtlebot3_msgs/lib:${LD_LIBRARY_PATH} PYTHONPATH=/home/weng/work/humble_ws/src/install/turtlebot3_example/lib/python3.10/site-packages:/home/weng/work/humble_ws/src/install/turtlebot3_teleop/lib/python3.10/site-packages:/home/weng/work/humble_ws/src/install/turtlebot3_msgs/local/lib/python3.10/dist-packages:${PYTHONPATH} /usr/local/bin/cmake --build /home/weng/work/humble_ws/src/build/turtlebot3 -- -j24 -l24
[0.328s] Invoked command in '/home/weng/work/humble_ws/src/build/turtlebot3' returned '0': AMENT_PREFIX_PATH=/home/weng/work/humble_ws/src/install/turtlebot3_bringup:/home/weng/work/humble_ws/src/install/turtlebot3_node:/home/weng/work/humble_ws/src/install/turtlebot3_example:/home/weng/work/humble_ws/src/install/turtlebot3_teleop:/home/weng/work/humble_ws/src/install/turtlebot3_navigation2:/home/weng/work/humble_ws/src/install/turtlebot3_msgs:/home/weng/work/humble_ws/src/install/turtlebot3_description:/home/weng/work/humble_ws/src/install/turtlebot3_cartographer:${AMENT_PREFIX_PATH} CMAKE_PREFIX_PATH=/home/weng/work/humble_ws/src/install/turtlebot3_bringup:/home/weng/work/humble_ws/src/install/turtlebot3_node:/home/weng/work/humble_ws/src/install/turtlebot3_navigation2:/home/weng/work/humble_ws/src/install/turtlebot3_msgs:/home/weng/work/humble_ws/src/install/turtlebot3_description:/home/weng/work/humble_ws/src/install/turtlebot3_cartographer:/opt/ros/humble LD_LIBRARY_PATH=/home/weng/work/humble_ws/src/install/turtlebot3_msgs/lib:${LD_LIBRARY_PATH} PYTHONPATH=/home/weng/work/humble_ws/src/install/turtlebot3_example/lib/python3.10/site-packages:/home/weng/work/humble_ws/src/install/turtlebot3_teleop/lib/python3.10/site-packages:/home/weng/work/humble_ws/src/install/turtlebot3_msgs/local/lib/python3.10/dist-packages:${PYTHONPATH} /usr/local/bin/cmake --build /home/weng/work/humble_ws/src/build/turtlebot3 -- -j24 -l24
[0.346s] Invoking command in '/home/weng/work/humble_ws/src/build/turtlebot3': AMENT_PREFIX_PATH=/home/weng/work/humble_ws/src/install/turtlebot3_bringup:/home/weng/work/humble_ws/src/install/turtlebot3_node:/home/weng/work/humble_ws/src/install/turtlebot3_example:/home/weng/work/humble_ws/src/install/turtlebot3_teleop:/home/weng/work/humble_ws/src/install/turtlebot3_navigation2:/home/weng/work/humble_ws/src/install/turtlebot3_msgs:/home/weng/work/humble_ws/src/install/turtlebot3_description:/home/weng/work/humble_ws/src/install/turtlebot3_cartographer:${AMENT_PREFIX_PATH} CMAKE_PREFIX_PATH=/home/weng/work/humble_ws/src/install/turtlebot3_bringup:/home/weng/work/humble_ws/src/install/turtlebot3_node:/home/weng/work/humble_ws/src/install/turtlebot3_navigation2:/home/weng/work/humble_ws/src/install/turtlebot3_msgs:/home/weng/work/humble_ws/src/install/turtlebot3_description:/home/weng/work/humble_ws/src/install/turtlebot3_cartographer:/opt/ros/humble LD_LIBRARY_PATH=/home/weng/work/humble_ws/src/install/turtlebot3_msgs/lib:${LD_LIBRARY_PATH} PYTHONPATH=/home/weng/work/humble_ws/src/install/turtlebot3_example/lib/python3.10/site-packages:/home/weng/work/humble_ws/src/install/turtlebot3_teleop/lib/python3.10/site-packages:/home/weng/work/humble_ws/src/install/turtlebot3_msgs/local/lib/python3.10/dist-packages:${PYTHONPATH} /usr/local/bin/cmake --install /home/weng/work/humble_ws/src/build/turtlebot3
[0.359s] -- Install configuration: ""
[0.359s] -- Installing: /home/weng/work/humble_ws/src/install/turtlebot3/share/ament_index/resource_index/package_run_dependencies/turtlebot3
[0.359s] -- Installing: /home/weng/work/humble_ws/src/install/turtlebot3/share/ament_index/resource_index/parent_prefix_path/turtlebot3
[0.359s] -- Installing: /home/weng/work/humble_ws/src/install/turtlebot3/share/turtlebot3/environment/ament_prefix_path.sh
[0.359s] -- Installing: /home/weng/work/humble_ws/src/install/turtlebot3/share/turtlebot3/environment/ament_prefix_path.dsv
[0.359s] -- Installing: /home/weng/work/humble_ws/src/install/turtlebot3/share/turtlebot3/environment/path.sh
[0.359s] -- Installing: /home/weng/work/humble_ws/src/install/turtlebot3/share/turtlebot3/environment/path.dsv
[0.359s] -- Installing: /home/weng/work/humble_ws/src/install/turtlebot3/share/turtlebot3/local_setup.bash
[0.359s] -- Installing: /home/weng/work/humble_ws/src/install/turtlebot3/share/turtlebot3/local_setup.sh
[0.359s] -- Installing: /home/weng/work/humble_ws/src/install/turtlebot3/share/turtlebot3/local_setup.zsh
[0.359s] -- Installing: /home/weng/work/humble_ws/src/install/turtlebot3/share/turtlebot3/local_setup.dsv
[0.359s] -- Installing: /home/weng/work/humble_ws/src/install/turtlebot3/share/turtlebot3/package.dsv
[0.359s] -- Installing: /home/weng/work/humble_ws/src/install/turtlebot3/share/ament_index/resource_index/packages/turtlebot3
[0.359s] -- Installing: /home/weng/work/humble_ws/src/install/turtlebot3/share/turtlebot3/cmake/turtlebot3Config.cmake
[0.359s] -- Installing: /home/weng/work/humble_ws/src/install/turtlebot3/share/turtlebot3/cmake/turtlebot3Config-version.cmake
[0.359s] -- Installing: /home/weng/work/humble_ws/src/install/turtlebot3/share/turtlebot3/package.xml
[0.362s] Invoked command in '/home/weng/work/humble_ws/src/build/turtlebot3' returned '0': AMENT_PREFIX_PATH=/home/weng/work/humble_ws/src/install/turtlebot3_bringup:/home/weng/work/humble_ws/src/install/turtlebot3_node:/home/weng/work/humble_ws/src/install/turtlebot3_example:/home/weng/work/humble_ws/src/install/turtlebot3_teleop:/home/weng/work/humble_ws/src/install/turtlebot3_navigation2:/home/weng/work/humble_ws/src/install/turtlebot3_msgs:/home/weng/work/humble_ws/src/install/turtlebot3_description:/home/weng/work/humble_ws/src/install/turtlebot3_cartographer:${AMENT_PREFIX_PATH} CMAKE_PREFIX_PATH=/home/weng/work/humble_ws/src/install/turtlebot3_bringup:/home/weng/work/humble_ws/src/install/turtlebot3_node:/home/weng/work/humble_ws/src/install/turtlebot3_navigation2:/home/weng/work/humble_ws/src/install/turtlebot3_msgs:/home/weng/work/humble_ws/src/install/turtlebot3_description:/home/weng/work/humble_ws/src/install/turtlebot3_cartographer:/opt/ros/humble LD_LIBRARY_PATH=/home/weng/work/humble_ws/src/install/turtlebot3_msgs/lib:${LD_LIBRARY_PATH} PYTHONPATH=/home/weng/work/humble_ws/src/install/turtlebot3_example/lib/python3.10/site-packages:/home/weng/work/humble_ws/src/install/turtlebot3_teleop/lib/python3.10/site-packages:/home/weng/work/humble_ws/src/install/turtlebot3_msgs/local/lib/python3.10/dist-packages:${PYTHONPATH} /usr/local/bin/cmake --install /home/weng/work/humble_ws/src/build/turtlebot3
