[0.503s] Invoking command in '/home/weng/work/build/carter_navigation': CMAKE_PREFIX_PATH=/opt/ros/humble /usr/local/bin/cmake /home/weng/work/src/navigation/carter_navigation -DCMAKE_INSTALL_PREFIX=/home/weng/work/install/carter_navigation
[0.837s] -- The C compiler identification is GNU 11.4.0
[0.837s] -- The CXX compiler identification is GNU 11.4.0
[0.838s] -- Detecting C compiler ABI info
[0.838s] -- Detecting C compiler ABI info - done
[0.838s] -- Check for working C compiler: /usr/bin/cc - skipped
[0.838s] -- Detecting C compile features
[0.838s] -- Detecting C compile features - done
[0.838s] -- Detecting CXX compiler ABI info
[0.860s] -- Detecting CXX compiler ABI info - done
[0.876s] -- Check for working CXX compiler: /usr/bin/c++ - skipped
[0.876s] -- Detecting CXX compile features
[0.877s] -- Detecting CXX compile features - done
[0.881s] -- Found ament_cmake: 1.3.6 (/opt/ros/humble/share/ament_cmake/cmake)
[1.371s] -- Found Python3: /usr/bin/python3.10 (found version "3.10.12") found components: Interpreter 
[1.552s] -- Configuring done (1.0s)
[1.557s] -- Generating done (0.0s)
[1.559s] -- Build files have been written to: /home/weng/work/build/carter_navigation
[1.648s] Invoked command in '/home/weng/work/build/carter_navigation' returned '0': CMAKE_PREFIX_PATH=/opt/ros/humble /usr/local/bin/cmake /home/weng/work/src/navigation/carter_navigation -DCMAKE_INSTALL_PREFIX=/home/weng/work/install/carter_navigation
[1.649s] Invoking command in '/home/weng/work/build/carter_navigation': CMAKE_PREFIX_PATH=/opt/ros/humble /usr/local/bin/cmake --build /home/weng/work/build/carter_navigation -- -j16 -l16
[1.880s] Invoked command in '/home/weng/work/build/carter_navigation' returned '0': CMAKE_PREFIX_PATH=/opt/ros/humble /usr/local/bin/cmake --build /home/weng/work/build/carter_navigation -- -j16 -l16
[1.984s] Invoking command in '/home/weng/work/build/carter_navigation': CMAKE_PREFIX_PATH=/opt/ros/humble /usr/local/bin/cmake --install /home/weng/work/build/carter_navigation
[2.006s] -- Install configuration: ""
[2.007s] -- Installing: /home/weng/work/install/carter_navigation/share/carter_navigation/launch
[2.007s] -- Installing: /home/weng/work/install/carter_navigation/share/carter_navigation/launch/multiple_robot_carter_navigation_hospital.launch.py
[2.007s] -- Installing: /home/weng/work/install/carter_navigation/share/carter_navigation/launch/carter_navigation_individual.launch.py
[2.007s] -- Installing: /home/weng/work/install/carter_navigation/share/carter_navigation/launch/carter_navigation.launch.py
[2.007s] -- Installing: /home/weng/work/install/carter_navigation/share/carter_navigation/launch/multiple_robot_carter_navigation_office.launch.py
[2.007s] -- Installing: /home/weng/work/install/carter_navigation/share/carter_navigation/params
[2.007s] -- Installing: /home/weng/work/install/carter_navigation/share/carter_navigation/params/office
[2.008s] -- Installing: /home/weng/work/install/carter_navigation/share/carter_navigation/params/office/multi_robot_carter_navigation_params_2.yaml
[2.008s] -- Installing: /home/weng/work/install/carter_navigation/share/carter_navigation/params/office/multi_robot_carter_navigation_params_3.yaml
[2.008s] -- Installing: /home/weng/work/install/carter_navigation/share/carter_navigation/params/office/multi_robot_carter_navigation_params_1.yaml
[2.008s] -- Installing: /home/weng/work/install/carter_navigation/share/carter_navigation/params/carter_navigation_params.yaml
[2.008s] -- Installing: /home/weng/work/install/carter_navigation/share/carter_navigation/params/hospital
[2.009s] -- Installing: /home/weng/work/install/carter_navigation/share/carter_navigation/params/hospital/multi_robot_carter_navigation_params_2.yaml
[2.009s] -- Installing: /home/weng/work/install/carter_navigation/share/carter_navigation/params/hospital/multi_robot_carter_navigation_params_3.yaml
[2.009s] -- Installing: /home/weng/work/install/carter_navigation/share/carter_navigation/params/hospital/multi_robot_carter_navigation_params_1.yaml
[2.009s] -- Installing: /home/weng/work/install/carter_navigation/share/carter_navigation/maps
[2.009s] -- Installing: /home/weng/work/install/carter_navigation/share/carter_navigation/maps/carter_office_navigation.png
[2.010s] -- Installing: /home/weng/work/install/carter_navigation/share/carter_navigation/maps/carter_office_navigation.yaml
[2.010s] -- Installing: /home/weng/work/install/carter_navigation/share/carter_navigation/maps/carter_warehouse_navigation.yaml
[2.010s] -- Installing: /home/weng/work/install/carter_navigation/share/carter_navigation/maps/carter_warehouse_navigation.png
[2.010s] -- Installing: /home/weng/work/install/carter_navigation/share/carter_navigation/maps/carter_hospital_navigation.yaml
[2.010s] -- Installing: /home/weng/work/install/carter_navigation/share/carter_navigation/maps/carter_hospital_navigation.png
[2.011s] -- Installing: /home/weng/work/install/carter_navigation/share/carter_navigation/rviz2
[2.011s] -- Installing: /home/weng/work/install/carter_navigation/share/carter_navigation/rviz2/carter_navigation.rviz
[2.011s] -- Installing: /home/weng/work/install/carter_navigation/share/carter_navigation/rviz2/carter_navigation_namespaced.rviz
[2.011s] -- Installing: /home/weng/work/install/carter_navigation/share/ament_index/resource_index/package_run_dependencies/carter_navigation
[2.011s] -- Installing: /home/weng/work/install/carter_navigation/share/ament_index/resource_index/parent_prefix_path/carter_navigation
[2.012s] -- Installing: /home/weng/work/install/carter_navigation/share/carter_navigation/environment/ament_prefix_path.sh
[2.012s] -- Installing: /home/weng/work/install/carter_navigation/share/carter_navigation/environment/ament_prefix_path.dsv
[2.012s] -- Installing: /home/weng/work/install/carter_navigation/share/carter_navigation/environment/path.sh
[2.012s] -- Installing: /home/weng/work/install/carter_navigation/share/carter_navigation/environment/path.dsv
[2.012s] -- Installing: /home/weng/work/install/carter_navigation/share/carter_navigation/local_setup.bash
[2.013s] -- Installing: /home/weng/work/install/carter_navigation/share/carter_navigation/local_setup.sh
[2.013s] -- Installing: /home/weng/work/install/carter_navigation/share/carter_navigation/local_setup.zsh
[2.013s] -- Installing: /home/weng/work/install/carter_navigation/share/carter_navigation/local_setup.dsv
[2.013s] -- Installing: /home/weng/work/install/carter_navigation/share/carter_navigation/package.dsv
[2.014s] -- Installing: /home/weng/work/install/carter_navigation/share/ament_index/resource_index/packages/carter_navigation
[2.014s] -- Installing: /home/weng/work/install/carter_navigation/share/carter_navigation/cmake/carter_navigationConfig.cmake
[2.014s] -- Installing: /home/weng/work/install/carter_navigation/share/carter_navigation/cmake/carter_navigationConfig-version.cmake
[2.014s] -- Installing: /home/weng/work/install/carter_navigation/share/carter_navigation/package.xml
[2.019s] Invoked command in '/home/weng/work/build/carter_navigation' returned '0': CMAKE_PREFIX_PATH=/opt/ros/humble /usr/local/bin/cmake --install /home/weng/work/build/carter_navigation
