[0.235s] Invoking command in '/home/weng/work/humble_ws/build/custom_message': CMAKE_PREFIX_PATH=/opt/ros/humble /usr/bin/cmake /home/weng/work/humble_ws/src/custom_message -DCMAKE_INSTALL_PREFIX=/home/weng/work/humble_ws/install/custom_message
[0.534s] -- The C compiler identification is GNU 11.4.0
[0.534s] -- The CXX compiler identification is GNU 11.4.0
[0.535s] -- Detecting C compiler ABI info
[0.535s] -- Detecting C compiler ABI info - done
[0.535s] -- Check for working C compiler: /usr/bin/cc - skipped
[0.535s] -- Detecting C compile features
[0.535s] -- Detecting C compile features - done
[0.535s] -- Detecting CXX compiler ABI info
[0.535s] -- Detecting CXX compiler ABI info - done
[0.535s] -- Check for working CXX compiler: /usr/bin/c++ - skipped
[0.535s] -- Detecting CXX compile features
[0.535s] -- Detecting CXX compile features - done
[0.535s] -- Found ament_cmake: 1.3.8 (/opt/ros/humble/share/ament_cmake/cmake)
[0.535s] -- Found Python3: /usr/bin/python3 (found version "3.10.12") found components: Interpreter 
[0.535s] -- Found std_msgs: 4.2.3 (/opt/ros/humble/share/std_msgs/cmake)
[0.547s] -- Found rosidl_generator_c: 3.1.5 (/opt/ros/humble/share/rosidl_generator_c/cmake)
[0.550s] -- Found rosidl_adapter: 3.1.5 (/opt/ros/humble/share/rosidl_adapter/cmake)
[0.555s] -- Found rosidl_generator_cpp: 3.1.5 (/opt/ros/humble/share/rosidl_generator_cpp/cmake)
[0.566s] -- Using all available rosidl_typesupport_c: rosidl_typesupport_fastrtps_c;rosidl_typesupport_introspection_c
[0.581s] -- Using all available rosidl_typesupport_cpp: rosidl_typesupport_fastrtps_cpp;rosidl_typesupport_introspection_cpp
[0.614s] -- Found rosidl_default_generators: 1.2.0 (/opt/ros/humble/share/rosidl_default_generators/cmake)
[0.747s] -- Found ament_cmake_ros: 0.10.0 (/opt/ros/humble/share/ament_cmake_ros/cmake)
[0.954s] -- Using all available rosidl_typesupport_c: rosidl_typesupport_fastrtps_c;rosidl_typesupport_introspection_c
[1.021s] -- Using all available rosidl_typesupport_cpp: rosidl_typesupport_fastrtps_cpp;rosidl_typesupport_introspection_cpp
[1.032s] -- Found PythonInterp: /usr/bin/python3 (found suitable version "3.10.12", minimum required is "3.6") 
[1.033s] -- Found python_cmake_module: 0.10.0 (/opt/ros/humble/share/python_cmake_module/cmake)
[1.046s] -- Found PythonLibs: /usr/lib/x86_64-linux-gnu/libpython3.10.so (found suitable version "3.10.12", minimum required is "3.5") 
[1.046s] -- Using PYTHON_EXECUTABLE: /usr/bin/python3
[1.046s] -- Using PYTHON_INCLUDE_DIRS: /usr/include/python3.10
[1.046s] -- Using PYTHON_LIBRARIES: /usr/lib/x86_64-linux-gnu/libpython3.10.so
[1.056s] -- Found PythonExtra: .so  
[1.078s] -- Found ament_lint_auto: 0.12.10 (/opt/ros/humble/share/ament_lint_auto/cmake)
[1.090s] -- Added test 'copyright' to check source files copyright and LICENSE
[1.091s] -- Added test 'lint_cmake' to check CMake code style
[1.091s] -- Added test 'xmllint' to check XML markup files
[1.092s] -- Configuring done
[1.106s] -- Generating done
[1.107s] -- Build files have been written to: /home/weng/work/humble_ws/build/custom_message
[1.112s] Invoked command in '/home/weng/work/humble_ws/build/custom_message' returned '0': CMAKE_PREFIX_PATH=/opt/ros/humble /usr/bin/cmake /home/weng/work/humble_ws/src/custom_message -DCMAKE_INSTALL_PREFIX=/home/weng/work/humble_ws/install/custom_message
[1.112s] Invoking command in '/home/weng/work/humble_ws/build/custom_message': CMAKE_PREFIX_PATH=/opt/ros/humble /usr/bin/cmake --build /home/weng/work/humble_ws/build/custom_message -- -j24 -l24
[1.130s] [  3%] [34m[1mGenerating C code for ROS interfaces[0m
[1.135s] [  6%] [34m[1mGenerating C++ code for ROS interfaces[0m
[1.140s] [  6%] Built target ament_cmake_python_copy_custom_message
[1.237s] running egg_info
[1.238s] creating custom_message.egg-info
[1.238s] writing custom_message.egg-info/PKG-INFO
[1.238s] writing dependency_links to custom_message.egg-info/dependency_links.txt
[1.238s] writing top-level names to custom_message.egg-info/top_level.txt
[1.238s] writing manifest file 'custom_message.egg-info/SOURCES.txt'
[1.239s] reading manifest file 'custom_message.egg-info/SOURCES.txt'
[1.239s] writing manifest file 'custom_message.egg-info/SOURCES.txt'
[1.253s] [  6%] Built target ament_cmake_python_build_custom_message_egg
[1.254s] [  9%] [32mBuilding C object CMakeFiles/custom_message__rosidl_generator_c.dir/rosidl_generator_c/custom_message/msg/detail/sample_msg__functions.c.o[0m
[1.287s] [  9%] Built target custom_message__cpp
[1.290s] [ 12%] [32m[1mLinking C shared library libcustom_message__rosidl_generator_c.so[0m
[1.294s] [ 22%] [34m[1mGenerating C++ introspection for ROS interfaces[0m
[1.294s] [ 22%] [34m[1mGenerating C++ type support dispatch for ROS interfaces[0m
[1.294s] [ 22%] [34m[1mGenerating C++ type support for eProsima Fast-RTPS[0m
[1.312s] [ 22%] Built target custom_message__rosidl_generator_c
[1.319s] [ 32%] [34m[1mGenerating C type support for eProsima Fast-RTPS[0m
[1.319s] [ 32%] [34m[1mGenerating C type support dispatch for ROS interfaces[0m
[1.319s] [ 32%] [34m[1mGenerating C introspection for ROS interfaces[0m
[1.435s] [ 35%] [32mBuilding CXX object CMakeFiles/custom_message__rosidl_typesupport_introspection_cpp.dir/rosidl_typesupport_introspection_cpp/custom_message/msg/detail/sample_msg__type_support.cpp.o[0m
[1.444s] [ 38%] [32mBuilding C object CMakeFiles/custom_message__rosidl_typesupport_introspection_c.dir/rosidl_typesupport_introspection_c/custom_message/msg/detail/sample_msg__type_support.c.o[0m
[1.461s] [ 41%] [32m[1mLinking C shared library libcustom_message__rosidl_typesupport_introspection_c.so[0m
[1.462s] [ 45%] [32mBuilding CXX object CMakeFiles/custom_message__rosidl_typesupport_cpp.dir/rosidl_typesupport_cpp/custom_message/msg/sample_msg__type_support.cpp.o[0m
[1.468s] [ 48%] [32mBuilding CXX object CMakeFiles/custom_message__rosidl_typesupport_c.dir/rosidl_typesupport_c/custom_message/msg/sample_msg__type_support.cpp.o[0m
[1.479s] [ 51%] [32mBuilding CXX object CMakeFiles/custom_message__rosidl_typesupport_fastrtps_cpp.dir/rosidl_typesupport_fastrtps_cpp/custom_message/msg/detail/dds_fastrtps/sample_msg__type_support.cpp.o[0m
[1.483s] [ 51%] Built target custom_message__rosidl_typesupport_introspection_c
[1.488s] [ 54%] [32m[1mLinking CXX shared library libcustom_message__rosidl_typesupport_c.so[0m
[1.498s] [ 58%] [32mBuilding CXX object CMakeFiles/custom_message__rosidl_typesupport_fastrtps_c.dir/rosidl_typesupport_fastrtps_c/custom_message/msg/detail/sample_msg__type_support_c.cpp.o[0m
[1.510s] [ 58%] Built target custom_message__rosidl_typesupport_c
[1.659s] [ 61%] [32m[1mLinking CXX shared library libcustom_message__rosidl_typesupport_cpp.so[0m
[1.686s] [ 61%] Built target custom_message__rosidl_typesupport_cpp
[1.697s] [ 64%] [32m[1mLinking CXX shared library libcustom_message__rosidl_typesupport_introspection_cpp.so[0m
[1.701s] [ 67%] [32m[1mLinking CXX shared library libcustom_message__rosidl_typesupport_fastrtps_c.so[0m
[1.744s] [ 67%] Built target custom_message__rosidl_typesupport_introspection_cpp
[1.775s] [ 67%] Built target custom_message__rosidl_typesupport_fastrtps_c
[1.784s] [ 70%] [32m[1mLinking CXX shared library libcustom_message__rosidl_typesupport_fastrtps_cpp.so[0m
[1.845s] [ 70%] Built target custom_message__rosidl_typesupport_fastrtps_cpp
[1.859s] [ 70%] Built target custom_message
[1.874s] [ 74%] [34m[1mGenerating Python code for ROS interfaces[0m
[2.142s] [ 74%] Built target custom_message__py
[2.156s] [ 77%] [32mBuilding C object CMakeFiles/custom_message__rosidl_generator_py.dir/rosidl_generator_py/custom_message/msg/_sample_msg_s.c.o[0m
[2.256s] [ 80%] [32m[1mLinking C shared library rosidl_generator_py/custom_message/libcustom_message__rosidl_generator_py.so[0m
[2.287s] [ 80%] Built target custom_message__rosidl_generator_py
[2.302s] [ 83%] [32mBuilding C object CMakeFiles/custom_message__rosidl_typesupport_introspection_c__pyext.dir/rosidl_generator_py/custom_message/_custom_message_s.ep.rosidl_typesupport_introspection_c.c.o[0m
[2.304s] [ 87%] [32mBuilding C object CMakeFiles/custom_message__rosidl_typesupport_fastrtps_c__pyext.dir/rosidl_generator_py/custom_message/_custom_message_s.ep.rosidl_typesupport_fastrtps_c.c.o[0m
[2.310s] [ 90%] [32mBuilding C object CMakeFiles/custom_message__rosidl_typesupport_c__pyext.dir/rosidl_generator_py/custom_message/_custom_message_s.ep.rosidl_typesupport_c.c.o[0m
[2.387s] [ 96%] [32m[1mLinking C shared library rosidl_generator_py/custom_message/custom_message_s__rosidl_typesupport_introspection_c.cpython-310-x86_64-linux-gnu.so[0m
[2.387s] [ 96%] [32m[1mLinking C shared library rosidl_generator_py/custom_message/custom_message_s__rosidl_typesupport_fastrtps_c.cpython-310-x86_64-linux-gnu.so[0m
[2.387s] [100%] [32m[1mLinking C shared library rosidl_generator_py/custom_message/custom_message_s__rosidl_typesupport_c.cpython-310-x86_64-linux-gnu.so[0m
[2.414s] [100%] Built target custom_message__rosidl_typesupport_fastrtps_c__pyext
[2.420s] [100%] Built target custom_message__rosidl_typesupport_c__pyext
[2.420s] [100%] Built target custom_message__rosidl_typesupport_introspection_c__pyext
[2.429s] Invoked command in '/home/weng/work/humble_ws/build/custom_message' returned '0': CMAKE_PREFIX_PATH=/opt/ros/humble /usr/bin/cmake --build /home/weng/work/humble_ws/build/custom_message -- -j24 -l24
[2.481s] Invoking command in '/home/weng/work/humble_ws/build/custom_message': CMAKE_PREFIX_PATH=/opt/ros/humble /usr/bin/cmake --install /home/weng/work/humble_ws/build/custom_message
[2.496s] -- Install configuration: ""
[2.496s] -- Installing: /home/weng/work/humble_ws/install/custom_message/share/ament_index/resource_index/rosidl_interfaces/custom_message
[2.496s] -- Installing: /home/weng/work/humble_ws/install/custom_message/include/custom_message/custom_message
[2.496s] -- Installing: /home/weng/work/humble_ws/install/custom_message/include/custom_message/custom_message/msg
[2.496s] -- Installing: /home/weng/work/humble_ws/install/custom_message/include/custom_message/custom_message/msg/rosidl_generator_c__visibility_control.h
[2.496s] -- Installing: /home/weng/work/humble_ws/install/custom_message/include/custom_message/custom_message/msg/sample_msg.h
[2.496s] -- Installing: /home/weng/work/humble_ws/install/custom_message/include/custom_message/custom_message/msg/detail
[2.496s] -- Installing: /home/weng/work/humble_ws/install/custom_message/include/custom_message/custom_message/msg/detail/sample_msg__functions.c
[2.496s] -- Installing: /home/weng/work/humble_ws/install/custom_message/include/custom_message/custom_message/msg/detail/sample_msg__struct.h
[2.496s] -- Installing: /home/weng/work/humble_ws/install/custom_message/include/custom_message/custom_message/msg/detail/sample_msg__functions.h
[2.496s] -- Installing: /home/weng/work/humble_ws/install/custom_message/include/custom_message/custom_message/msg/detail/sample_msg__type_support.h
[2.498s] -- Installing: /home/weng/work/humble_ws/install/custom_message/share/custom_message/environment/library_path.sh
[2.498s] -- Installing: /home/weng/work/humble_ws/install/custom_message/share/custom_message/environment/library_path.dsv
[2.498s] -- Installing: /home/weng/work/humble_ws/install/custom_message/lib/libcustom_message__rosidl_generator_c.so
[2.498s] -- Set runtime path of "/home/weng/work/humble_ws/install/custom_message/lib/libcustom_message__rosidl_generator_c.so" to ""
[2.498s] -- Up-to-date: /home/weng/work/humble_ws/install/custom_message/include/custom_message/custom_message
[2.498s] -- Up-to-date: /home/weng/work/humble_ws/install/custom_message/include/custom_message/custom_message/msg
[2.498s] -- Installing: /home/weng/work/humble_ws/install/custom_message/include/custom_message/custom_message/msg/rosidl_typesupport_fastrtps_c__visibility_control.h
[2.498s] -- Up-to-date: /home/weng/work/humble_ws/install/custom_message/include/custom_message/custom_message/msg/detail
[2.498s] -- Installing: /home/weng/work/humble_ws/install/custom_message/include/custom_message/custom_message/msg/detail/sample_msg__rosidl_typesupport_fastrtps_c.h
[2.498s] -- Installing: /home/weng/work/humble_ws/install/custom_message/lib/libcustom_message__rosidl_typesupport_fastrtps_c.so
[2.498s] -- Set runtime path of "/home/weng/work/humble_ws/install/custom_message/lib/libcustom_message__rosidl_typesupport_fastrtps_c.so" to ""
[2.498s] -- Up-to-date: /home/weng/work/humble_ws/install/custom_message/include/custom_message/custom_message
[2.498s] -- Up-to-date: /home/weng/work/humble_ws/install/custom_message/include/custom_message/custom_message/msg
[2.498s] -- Installing: /home/weng/work/humble_ws/install/custom_message/include/custom_message/custom_message/msg/sample_msg.hpp
[2.498s] -- Up-to-date: /home/weng/work/humble_ws/install/custom_message/include/custom_message/custom_message/msg/detail
[2.498s] -- Installing: /home/weng/work/humble_ws/install/custom_message/include/custom_message/custom_message/msg/detail/sample_msg__traits.hpp
[2.498s] -- Installing: /home/weng/work/humble_ws/install/custom_message/include/custom_message/custom_message/msg/detail/sample_msg__struct.hpp
[2.498s] -- Installing: /home/weng/work/humble_ws/install/custom_message/include/custom_message/custom_message/msg/detail/sample_msg__builder.hpp
[2.499s] -- Up-to-date: /home/weng/work/humble_ws/install/custom_message/include/custom_message/custom_message
[2.499s] -- Up-to-date: /home/weng/work/humble_ws/install/custom_message/include/custom_message/custom_message/msg
[2.499s] -- Installing: /home/weng/work/humble_ws/install/custom_message/include/custom_message/custom_message/msg/rosidl_typesupport_fastrtps_cpp__visibility_control.h
[2.499s] -- Up-to-date: /home/weng/work/humble_ws/install/custom_message/include/custom_message/custom_message/msg/detail
[2.499s] -- Installing: /home/weng/work/humble_ws/install/custom_message/include/custom_message/custom_message/msg/detail/dds_fastrtps
[2.499s] -- Installing: /home/weng/work/humble_ws/install/custom_message/include/custom_message/custom_message/msg/detail/sample_msg__rosidl_typesupport_fastrtps_cpp.hpp
[2.499s] -- Installing: /home/weng/work/humble_ws/install/custom_message/lib/libcustom_message__rosidl_typesupport_fastrtps_cpp.so
[2.499s] -- Set runtime path of "/home/weng/work/humble_ws/install/custom_message/lib/libcustom_message__rosidl_typesupport_fastrtps_cpp.so" to ""
[2.499s] -- Up-to-date: /home/weng/work/humble_ws/install/custom_message/include/custom_message/custom_message
[2.499s] -- Up-to-date: /home/weng/work/humble_ws/install/custom_message/include/custom_message/custom_message/msg
[2.499s] -- Installing: /home/weng/work/humble_ws/install/custom_message/include/custom_message/custom_message/msg/rosidl_typesupport_introspection_c__visibility_control.h
[2.499s] -- Up-to-date: /home/weng/work/humble_ws/install/custom_message/include/custom_message/custom_message/msg/detail
[2.499s] -- Installing: /home/weng/work/humble_ws/install/custom_message/include/custom_message/custom_message/msg/detail/sample_msg__type_support.c
[2.499s] -- Installing: /home/weng/work/humble_ws/install/custom_message/include/custom_message/custom_message/msg/detail/sample_msg__rosidl_typesupport_introspection_c.h
[2.499s] -- Installing: /home/weng/work/humble_ws/install/custom_message/lib/libcustom_message__rosidl_typesupport_introspection_c.so
[2.499s] -- Set runtime path of "/home/weng/work/humble_ws/install/custom_message/lib/libcustom_message__rosidl_typesupport_introspection_c.so" to ""
[2.499s] -- Installing: /home/weng/work/humble_ws/install/custom_message/lib/libcustom_message__rosidl_typesupport_c.so
[2.499s] -- Set runtime path of "/home/weng/work/humble_ws/install/custom_message/lib/libcustom_message__rosidl_typesupport_c.so" to ""
[2.499s] -- Up-to-date: /home/weng/work/humble_ws/install/custom_message/include/custom_message/custom_message
[2.500s] -- Up-to-date: /home/weng/work/humble_ws/install/custom_message/include/custom_message/custom_message/msg
[2.500s] -- Up-to-date: /home/weng/work/humble_ws/install/custom_message/include/custom_message/custom_message/msg/detail
[2.500s] -- Installing: /home/weng/work/humble_ws/install/custom_message/include/custom_message/custom_message/msg/detail/sample_msg__type_support.cpp
[2.500s] -- Installing: /home/weng/work/humble_ws/install/custom_message/include/custom_message/custom_message/msg/detail/sample_msg__rosidl_typesupport_introspection_cpp.hpp
[2.500s] -- Installing: /home/weng/work/humble_ws/install/custom_message/lib/libcustom_message__rosidl_typesupport_introspection_cpp.so
[2.500s] -- Set runtime path of "/home/weng/work/humble_ws/install/custom_message/lib/libcustom_message__rosidl_typesupport_introspection_cpp.so" to ""
[2.500s] -- Installing: /home/weng/work/humble_ws/install/custom_message/lib/libcustom_message__rosidl_typesupport_cpp.so
[2.500s] -- Set runtime path of "/home/weng/work/humble_ws/install/custom_message/lib/libcustom_message__rosidl_typesupport_cpp.so" to ""
[2.500s] -- Installing: /home/weng/work/humble_ws/install/custom_message/share/custom_message/environment/pythonpath.sh
[2.500s] -- Installing: /home/weng/work/humble_ws/install/custom_message/share/custom_message/environment/pythonpath.dsv
[2.500s] -- Installing: /home/weng/work/humble_ws/install/custom_message/local/lib/python3.10/dist-packages/custom_message-0.0.0-py3.10.egg-info
[2.500s] -- Installing: /home/weng/work/humble_ws/install/custom_message/local/lib/python3.10/dist-packages/custom_message-0.0.0-py3.10.egg-info/dependency_links.txt
[2.500s] -- Installing: /home/weng/work/humble_ws/install/custom_message/local/lib/python3.10/dist-packages/custom_message-0.0.0-py3.10.egg-info/PKG-INFO
[2.500s] -- Installing: /home/weng/work/humble_ws/install/custom_message/local/lib/python3.10/dist-packages/custom_message-0.0.0-py3.10.egg-info/top_level.txt
[2.500s] -- Installing: /home/weng/work/humble_ws/install/custom_message/local/lib/python3.10/dist-packages/custom_message-0.0.0-py3.10.egg-info/SOURCES.txt
[2.500s] -- Installing: /home/weng/work/humble_ws/install/custom_message/local/lib/python3.10/dist-packages/custom_message
[2.500s] -- Installing: /home/weng/work/humble_ws/install/custom_message/local/lib/python3.10/dist-packages/custom_message/_custom_message_s.ep.rosidl_typesupport_introspection_c.c
[2.501s] -- Installing: /home/weng/work/humble_ws/install/custom_message/local/lib/python3.10/dist-packages/custom_message/_custom_message_s.ep.rosidl_typesupport_fastrtps_c.c
[2.501s] -- Installing: /home/weng/work/humble_ws/install/custom_message/local/lib/python3.10/dist-packages/custom_message/custom_message_s__rosidl_typesupport_fastrtps_c.cpython-310-x86_64-linux-gnu.so
[2.501s] -- Installing: /home/weng/work/humble_ws/install/custom_message/local/lib/python3.10/dist-packages/custom_message/libcustom_message__rosidl_generator_py.so
[2.501s] -- Installing: /home/weng/work/humble_ws/install/custom_message/local/lib/python3.10/dist-packages/custom_message/custom_message_s__rosidl_typesupport_introspection_c.cpython-310-x86_64-linux-gnu.so
[2.501s] -- Installing: /home/weng/work/humble_ws/install/custom_message/local/lib/python3.10/dist-packages/custom_message/_custom_message_s.ep.rosidl_typesupport_c.c
[2.501s] -- Installing: /home/weng/work/humble_ws/install/custom_message/local/lib/python3.10/dist-packages/custom_message/custom_message_s__rosidl_typesupport_c.cpython-310-x86_64-linux-gnu.so
[2.504s] -- Installing: /home/weng/work/humble_ws/install/custom_message/local/lib/python3.10/dist-packages/custom_message/msg
[2.504s] -- Installing: /home/weng/work/humble_ws/install/custom_message/local/lib/python3.10/dist-packages/custom_message/msg/_sample_msg_s.c
[2.504s] -- Installing: /home/weng/work/humble_ws/install/custom_message/local/lib/python3.10/dist-packages/custom_message/msg/_sample_msg.py
[2.504s] -- Installing: /home/weng/work/humble_ws/install/custom_message/local/lib/python3.10/dist-packages/custom_message/msg/__init__.py
[2.504s] -- Installing: /home/weng/work/humble_ws/install/custom_message/local/lib/python3.10/dist-packages/custom_message/__init__.py
[2.530s] Listing '/home/weng/work/humble_ws/install/custom_message/local/lib/python3.10/dist-packages/custom_message'...
[2.530s] Compiling '/home/weng/work/humble_ws/install/custom_message/local/lib/python3.10/dist-packages/custom_message/__init__.py'...
[2.530s] Listing '/home/weng/work/humble_ws/install/custom_message/local/lib/python3.10/dist-packages/custom_message/msg'...
[2.530s] Compiling '/home/weng/work/humble_ws/install/custom_message/local/lib/python3.10/dist-packages/custom_message/msg/__init__.py'...
[2.530s] Compiling '/home/weng/work/humble_ws/install/custom_message/local/lib/python3.10/dist-packages/custom_message/msg/_sample_msg.py'...
[2.533s] -- Installing: /home/weng/work/humble_ws/install/custom_message/local/lib/python3.10/dist-packages/custom_message/custom_message_s__rosidl_typesupport_fastrtps_c.cpython-310-x86_64-linux-gnu.so
[2.534s] -- Set runtime path of "/home/weng/work/humble_ws/install/custom_message/local/lib/python3.10/dist-packages/custom_message/custom_message_s__rosidl_typesupport_fastrtps_c.cpython-310-x86_64-linux-gnu.so" to ""
[2.534s] -- Installing: /home/weng/work/humble_ws/install/custom_message/local/lib/python3.10/dist-packages/custom_message/custom_message_s__rosidl_typesupport_introspection_c.cpython-310-x86_64-linux-gnu.so
[2.534s] -- Set runtime path of "/home/weng/work/humble_ws/install/custom_message/local/lib/python3.10/dist-packages/custom_message/custom_message_s__rosidl_typesupport_introspection_c.cpython-310-x86_64-linux-gnu.so" to ""
[2.534s] -- Installing: /home/weng/work/humble_ws/install/custom_message/local/lib/python3.10/dist-packages/custom_message/custom_message_s__rosidl_typesupport_c.cpython-310-x86_64-linux-gnu.so
[2.534s] -- Set runtime path of "/home/weng/work/humble_ws/install/custom_message/local/lib/python3.10/dist-packages/custom_message/custom_message_s__rosidl_typesupport_c.cpython-310-x86_64-linux-gnu.so" to ""
[2.534s] -- Installing: /home/weng/work/humble_ws/install/custom_message/lib/libcustom_message__rosidl_generator_py.so
[2.535s] -- Set runtime path of "/home/weng/work/humble_ws/install/custom_message/lib/libcustom_message__rosidl_generator_py.so" to ""
[2.535s] -- Installing: /home/weng/work/humble_ws/install/custom_message/share/custom_message/msg/SampleMsg.idl
[2.535s] -- Installing: /home/weng/work/humble_ws/install/custom_message/share/custom_message/msg/SampleMsg.msg
[2.536s] -- Installing: /home/weng/work/humble_ws/install/custom_message/share/ament_index/resource_index/package_run_dependencies/custom_message
[2.536s] -- Installing: /home/weng/work/humble_ws/install/custom_message/share/ament_index/resource_index/parent_prefix_path/custom_message
[2.536s] -- Installing: /home/weng/work/humble_ws/install/custom_message/share/custom_message/environment/ament_prefix_path.sh
[2.536s] -- Installing: /home/weng/work/humble_ws/install/custom_message/share/custom_message/environment/ament_prefix_path.dsv
[2.536s] -- Installing: /home/weng/work/humble_ws/install/custom_message/share/custom_message/environment/path.sh
[2.537s] -- Installing: /home/weng/work/humble_ws/install/custom_message/share/custom_message/environment/path.dsv
[2.537s] -- Installing: /home/weng/work/humble_ws/install/custom_message/share/custom_message/local_setup.bash
[2.537s] -- Installing: /home/weng/work/humble_ws/install/custom_message/share/custom_message/local_setup.sh
[2.537s] -- Installing: /home/weng/work/humble_ws/install/custom_message/share/custom_message/local_setup.zsh
[2.537s] -- Installing: /home/weng/work/humble_ws/install/custom_message/share/custom_message/local_setup.dsv
[2.537s] -- Installing: /home/weng/work/humble_ws/install/custom_message/share/custom_message/package.dsv
[2.538s] -- Installing: /home/weng/work/humble_ws/install/custom_message/share/ament_index/resource_index/packages/custom_message
[2.538s] -- Installing: /home/weng/work/humble_ws/install/custom_message/share/custom_message/cmake/export_custom_message__rosidl_generator_cExport.cmake
[2.538s] -- Installing: /home/weng/work/humble_ws/install/custom_message/share/custom_message/cmake/export_custom_message__rosidl_generator_cExport-noconfig.cmake
[2.538s] -- Installing: /home/weng/work/humble_ws/install/custom_message/share/custom_message/cmake/export_custom_message__rosidl_typesupport_fastrtps_cExport.cmake
[2.538s] -- Installing: /home/weng/work/humble_ws/install/custom_message/share/custom_message/cmake/export_custom_message__rosidl_typesupport_fastrtps_cExport-noconfig.cmake
[2.538s] -- Installing: /home/weng/work/humble_ws/install/custom_message/share/custom_message/cmake/export_custom_message__rosidl_generator_cppExport.cmake
[2.538s] -- Installing: /home/weng/work/humble_ws/install/custom_message/share/custom_message/cmake/export_custom_message__rosidl_typesupport_fastrtps_cppExport.cmake
[2.539s] -- Installing: /home/weng/work/humble_ws/install/custom_message/share/custom_message/cmake/export_custom_message__rosidl_typesupport_fastrtps_cppExport-noconfig.cmake
[2.539s] -- Installing: /home/weng/work/humble_ws/install/custom_message/share/custom_message/cmake/custom_message__rosidl_typesupport_introspection_cExport.cmake
[2.539s] -- Installing: /home/weng/work/humble_ws/install/custom_message/share/custom_message/cmake/custom_message__rosidl_typesupport_introspection_cExport-noconfig.cmake
[2.539s] -- Installing: /home/weng/work/humble_ws/install/custom_message/share/custom_message/cmake/custom_message__rosidl_typesupport_cExport.cmake
[2.539s] -- Installing: /home/weng/work/humble_ws/install/custom_message/share/custom_message/cmake/custom_message__rosidl_typesupport_cExport-noconfig.cmake
[2.539s] -- Installing: /home/weng/work/humble_ws/install/custom_message/share/custom_message/cmake/custom_message__rosidl_typesupport_introspection_cppExport.cmake
[2.539s] -- Installing: /home/weng/work/humble_ws/install/custom_message/share/custom_message/cmake/custom_message__rosidl_typesupport_introspection_cppExport-noconfig.cmake
[2.540s] -- Installing: /home/weng/work/humble_ws/install/custom_message/share/custom_message/cmake/custom_message__rosidl_typesupport_cppExport.cmake
[2.540s] -- Installing: /home/weng/work/humble_ws/install/custom_message/share/custom_message/cmake/custom_message__rosidl_typesupport_cppExport-noconfig.cmake
[2.540s] -- Installing: /home/weng/work/humble_ws/install/custom_message/share/custom_message/cmake/export_custom_message__rosidl_generator_pyExport.cmake
[2.540s] -- Installing: /home/weng/work/humble_ws/install/custom_message/share/custom_message/cmake/export_custom_message__rosidl_generator_pyExport-noconfig.cmake
[2.540s] -- Installing: /home/weng/work/humble_ws/install/custom_message/share/custom_message/cmake/rosidl_cmake-extras.cmake
[2.540s] -- Installing: /home/weng/work/humble_ws/install/custom_message/share/custom_message/cmake/ament_cmake_export_dependencies-extras.cmake
[2.541s] -- Installing: /home/weng/work/humble_ws/install/custom_message/share/custom_message/cmake/ament_cmake_export_include_directories-extras.cmake
[2.541s] -- Installing: /home/weng/work/humble_ws/install/custom_message/share/custom_message/cmake/ament_cmake_export_libraries-extras.cmake
[2.541s] -- Installing: /home/weng/work/humble_ws/install/custom_message/share/custom_message/cmake/ament_cmake_export_targets-extras.cmake
[2.541s] -- Installing: /home/weng/work/humble_ws/install/custom_message/share/custom_message/cmake/rosidl_cmake_export_typesupport_targets-extras.cmake
[2.541s] -- Installing: /home/weng/work/humble_ws/install/custom_message/share/custom_message/cmake/rosidl_cmake_export_typesupport_libraries-extras.cmake
[2.541s] -- Installing: /home/weng/work/humble_ws/install/custom_message/share/custom_message/cmake/custom_messageConfig.cmake
[2.542s] -- Installing: /home/weng/work/humble_ws/install/custom_message/share/custom_message/cmake/custom_messageConfig-version.cmake
[2.542s] -- Installing: /home/weng/work/humble_ws/install/custom_message/share/custom_message/package.xml
[2.552s] Invoked command in '/home/weng/work/humble_ws/build/custom_message' returned '0': CMAKE_PREFIX_PATH=/opt/ros/humble /usr/bin/cmake --install /home/weng/work/humble_ws/build/custom_message
