[0.058s] Invoking command in '/home/weng/work/humble_ws/build/turtlebot3_node': CMAKE_PREFIX_PATH=/home/weng/work/humble_ws/install/turtlebot3_msgs:/home/weng/work/humble_ws/install/turtlebot3:/home/weng/work/humble_ws/install/turtlebot3_bringup:/home/weng/work/humble_ws/install/turtlebot3_node:/home/weng/work/humble_ws/install/turtlebot3_navigation2:/home/weng/work/humble_ws/install/turtlebot3_description:/home/weng/work/humble_ws/install/turtlebot3_cartographer:/home/weng/work/humble_ws/install/realsense2_description:/home/weng/work/humble_ws/install/realsense2_camera:/home/weng/work/humble_ws/install/realsense2_camera_msgs:/home/weng/work/humble_ws/install/isaac_tutorials:/home/weng/work/humble_ws/install/isaac_ros2_messages:/home/weng/work/humble_ws/install/custom_message:/home/weng/work/humble_ws/install/carter_navigation:/home/weng/work/humble_ws/install/turtlebot3_teleop:/home/weng/work/humble_ws/install/turtlebot3_example:/home/weng/work/humble_ws/install/isaac_ros_navigation_goal:/opt/ros/humble /usr/local/bin/cmake --build /home/weng/work/humble_ws/build/turtlebot3_node -- -j24 -l24
[0.097s] [ 85%] Built target turtlebot3_node_lib
[0.110s] [100%] Built target turtlebot3_ros
[0.195s] Invoked command in '/home/weng/work/humble_ws/build/turtlebot3_node' returned '0': CMAKE_PREFIX_PATH=/home/weng/work/humble_ws/install/turtlebot3_msgs:/home/weng/work/humble_ws/install/turtlebot3:/home/weng/work/humble_ws/install/turtlebot3_bringup:/home/weng/work/humble_ws/install/turtlebot3_node:/home/weng/work/humble_ws/install/turtlebot3_navigation2:/home/weng/work/humble_ws/install/turtlebot3_description:/home/weng/work/humble_ws/install/turtlebot3_cartographer:/home/weng/work/humble_ws/install/realsense2_description:/home/weng/work/humble_ws/install/realsense2_camera:/home/weng/work/humble_ws/install/realsense2_camera_msgs:/home/weng/work/humble_ws/install/isaac_tutorials:/home/weng/work/humble_ws/install/isaac_ros2_messages:/home/weng/work/humble_ws/install/custom_message:/home/weng/work/humble_ws/install/carter_navigation:/home/weng/work/humble_ws/install/turtlebot3_teleop:/home/weng/work/humble_ws/install/turtlebot3_example:/home/weng/work/humble_ws/install/isaac_ros_navigation_goal:/opt/ros/humble /usr/local/bin/cmake --build /home/weng/work/humble_ws/build/turtlebot3_node -- -j24 -l24
[0.228s] Invoking command in '/home/weng/work/humble_ws/build/turtlebot3_node': CMAKE_PREFIX_PATH=/home/weng/work/humble_ws/install/turtlebot3_msgs:/home/weng/work/humble_ws/install/turtlebot3:/home/weng/work/humble_ws/install/turtlebot3_bringup:/home/weng/work/humble_ws/install/turtlebot3_node:/home/weng/work/humble_ws/install/turtlebot3_navigation2:/home/weng/work/humble_ws/install/turtlebot3_description:/home/weng/work/humble_ws/install/turtlebot3_cartographer:/home/weng/work/humble_ws/install/realsense2_description:/home/weng/work/humble_ws/install/realsense2_camera:/home/weng/work/humble_ws/install/realsense2_camera_msgs:/home/weng/work/humble_ws/install/isaac_tutorials:/home/weng/work/humble_ws/install/isaac_ros2_messages:/home/weng/work/humble_ws/install/custom_message:/home/weng/work/humble_ws/install/carter_navigation:/home/weng/work/humble_ws/install/turtlebot3_teleop:/home/weng/work/humble_ws/install/turtlebot3_example:/home/weng/work/humble_ws/install/isaac_ros_navigation_goal:/opt/ros/humble /usr/local/bin/cmake --install /home/weng/work/humble_ws/build/turtlebot3_node
[0.242s] -- Install configuration: ""
[0.242s] -- Up-to-date: /home/weng/work/humble_ws/install/turtlebot3_node/share/turtlebot3_node/param
[0.242s] -- Up-to-date: /home/weng/work/humble_ws/install/turtlebot3_node/share/turtlebot3_node/param/waffle_pi.yaml
[0.242s] -- Up-to-date: /home/weng/work/humble_ws/install/turtlebot3_node/share/turtlebot3_node/param/waffle.yaml
[0.242s] -- Up-to-date: /home/weng/work/humble_ws/install/turtlebot3_node/share/turtlebot3_node/param/burger.yaml
[0.242s] -- Up-to-date: /home/weng/work/humble_ws/install/turtlebot3_node/lib/turtlebot3_node/turtlebot3_ros
[0.242s] -- Up-to-date: /home/weng/work/humble_ws/install/turtlebot3_node/share/ament_index/resource_index/package_run_dependencies/turtlebot3_node
[0.242s] -- Up-to-date: /home/weng/work/humble_ws/install/turtlebot3_node/share/ament_index/resource_index/parent_prefix_path/turtlebot3_node
[0.242s] -- Up-to-date: /home/weng/work/humble_ws/install/turtlebot3_node/share/turtlebot3_node/environment/ament_prefix_path.sh
[0.243s] -- Up-to-date: /home/weng/work/humble_ws/install/turtlebot3_node/share/turtlebot3_node/environment/ament_prefix_path.dsv
[0.243s] -- Up-to-date: /home/weng/work/humble_ws/install/turtlebot3_node/share/turtlebot3_node/environment/path.sh
[0.243s] -- Up-to-date: /home/weng/work/humble_ws/install/turtlebot3_node/share/turtlebot3_node/environment/path.dsv
[0.243s] -- Up-to-date: /home/weng/work/humble_ws/install/turtlebot3_node/share/turtlebot3_node/local_setup.bash
[0.243s] -- Up-to-date: /home/weng/work/humble_ws/install/turtlebot3_node/share/turtlebot3_node/local_setup.sh
[0.243s] -- Up-to-date: /home/weng/work/humble_ws/install/turtlebot3_node/share/turtlebot3_node/local_setup.zsh
[0.243s] -- Up-to-date: /home/weng/work/humble_ws/install/turtlebot3_node/share/turtlebot3_node/local_setup.dsv
[0.243s] -- Installing: /home/weng/work/humble_ws/install/turtlebot3_node/share/turtlebot3_node/package.dsv
[0.244s] -- Up-to-date: /home/weng/work/humble_ws/install/turtlebot3_node/share/ament_index/resource_index/packages/turtlebot3_node
[0.244s] -- Up-to-date: /home/weng/work/humble_ws/install/turtlebot3_node/share/turtlebot3_node/cmake/ament_cmake_export_include_directories-extras.cmake
[0.244s] -- Up-to-date: /home/weng/work/humble_ws/install/turtlebot3_node/share/turtlebot3_node/cmake/turtlebot3_nodeConfig.cmake
[0.244s] -- Up-to-date: /home/weng/work/humble_ws/install/turtlebot3_node/share/turtlebot3_node/cmake/turtlebot3_nodeConfig-version.cmake
[0.244s] -- Up-to-date: /home/weng/work/humble_ws/install/turtlebot3_node/share/turtlebot3_node/package.xml
[0.283s] Invoked command in '/home/weng/work/humble_ws/build/turtlebot3_node' returned '0': CMAKE_PREFIX_PATH=/home/weng/work/humble_ws/install/turtlebot3_msgs:/home/weng/work/humble_ws/install/turtlebot3:/home/weng/work/humble_ws/install/turtlebot3_bringup:/home/weng/work/humble_ws/install/turtlebot3_node:/home/weng/work/humble_ws/install/turtlebot3_navigation2:/home/weng/work/humble_ws/install/turtlebot3_description:/home/weng/work/humble_ws/install/turtlebot3_cartographer:/home/weng/work/humble_ws/install/realsense2_description:/home/weng/work/humble_ws/install/realsense2_camera:/home/weng/work/humble_ws/install/realsense2_camera_msgs:/home/weng/work/humble_ws/install/isaac_tutorials:/home/weng/work/humble_ws/install/isaac_ros2_messages:/home/weng/work/humble_ws/install/custom_message:/home/weng/work/humble_ws/install/carter_navigation:/home/weng/work/humble_ws/install/turtlebot3_teleop:/home/weng/work/humble_ws/install/turtlebot3_example:/home/weng/work/humble_ws/install/isaac_ros_navigation_goal:/opt/ros/humble /usr/local/bin/cmake --install /home/weng/work/humble_ws/build/turtlebot3_node
