[0.221s] Invoking command in '/home/weng/work/humble_ws/build/environment_pkg': CMAKE_PREFIX_PATH=/opt/ros/humble /usr/bin/cmake /home/weng/work/humble_ws/src/environment_pkg -DCMAKE_INSTALL_PREFIX=/home/weng/work/humble_ws/install/environment_pkg
[0.520s] -- The C compiler identification is GNU 11.4.0
[0.521s] -- The CXX compiler identification is GNU 11.4.0
[0.521s] -- Detecting C compiler ABI info
[0.521s] -- Detecting C compiler ABI info - done
[0.521s] -- Check for working C compiler: /usr/bin/cc - skipped
[0.521s] -- Detecting C compile features
[0.521s] -- Detecting C compile features - done
[0.521s] -- Detecting CXX compiler ABI info
[0.521s] -- Detecting CXX compiler ABI info - done
[0.521s] -- Check for working CXX compiler: /usr/bin/c++ - skipped
[0.521s] -- Detecting CXX compile features
[0.521s] -- Detecting CXX compile features - done
[0.521s] -- Found ament_cmake: 1.3.8 (/opt/ros/humble/share/ament_cmake/cmake)
[0.521s] -- Found Python3: /usr/bin/python3 (found version "3.10.12") found components: Interpreter 
[0.521s] -- Found ament_lint_auto: 0.12.10 (/opt/ros/humble/share/ament_lint_auto/cmake)
[0.550s] -- Added test 'lint_cmake' to check CMake code style
[0.552s] -- Added test 'xmllint' to check XML markup files
[0.553s] -- Configuring done
[0.555s] -- Generating done
[0.555s] -- Build files have been written to: /home/weng/work/humble_ws/build/environment_pkg
[0.581s] Invoked command in '/home/weng/work/humble_ws/build/environment_pkg' returned '0': CMAKE_PREFIX_PATH=/opt/ros/humble /usr/bin/cmake /home/weng/work/humble_ws/src/environment_pkg -DCMAKE_INSTALL_PREFIX=/home/weng/work/humble_ws/install/environment_pkg
[0.582s] Invoking command in '/home/weng/work/humble_ws/build/environment_pkg': CMAKE_PREFIX_PATH=/opt/ros/humble /usr/bin/cmake --build /home/weng/work/humble_ws/build/environment_pkg -- -j24 -l24
[0.674s] Invoked command in '/home/weng/work/humble_ws/build/environment_pkg' returned '0': CMAKE_PREFIX_PATH=/opt/ros/humble /usr/bin/cmake --build /home/weng/work/humble_ws/build/environment_pkg -- -j24 -l24
[0.726s] Invoking command in '/home/weng/work/humble_ws/build/environment_pkg': CMAKE_PREFIX_PATH=/opt/ros/humble /usr/bin/cmake --install /home/weng/work/humble_ws/build/environment_pkg
[0.774s] -- Install configuration: ""
[0.775s] -- Installing: /home/weng/work/humble_ws/install/environment_pkg/share/ament_index/resource_index/package_run_dependencies/environment_pkg
[0.775s] -- Installing: /home/weng/work/humble_ws/install/environment_pkg/share/ament_index/resource_index/parent_prefix_path/environment_pkg
[0.775s] -- Installing: /home/weng/work/humble_ws/install/environment_pkg/share/environment_pkg/environment/ament_prefix_path.sh
[0.775s] -- Installing: /home/weng/work/humble_ws/install/environment_pkg/share/environment_pkg/environment/ament_prefix_path.dsv
[0.775s] -- Installing: /home/weng/work/humble_ws/install/environment_pkg/share/environment_pkg/environment/path.sh
[0.775s] -- Installing: /home/weng/work/humble_ws/install/environment_pkg/share/environment_pkg/environment/path.dsv
[0.775s] -- Installing: /home/weng/work/humble_ws/install/environment_pkg/share/environment_pkg/local_setup.bash
[0.775s] -- Installing: /home/weng/work/humble_ws/install/environment_pkg/share/environment_pkg/local_setup.sh
[0.775s] -- Installing: /home/weng/work/humble_ws/install/environment_pkg/share/environment_pkg/local_setup.zsh
[0.775s] -- Installing: /home/weng/work/humble_ws/install/environment_pkg/share/environment_pkg/local_setup.dsv
[0.775s] -- Installing: /home/weng/work/humble_ws/install/environment_pkg/share/environment_pkg/package.dsv
[0.775s] -- Installing: /home/weng/work/humble_ws/install/environment_pkg/share/ament_index/resource_index/packages/environment_pkg
[0.775s] -- Installing: /home/weng/work/humble_ws/install/environment_pkg/share/environment_pkg/cmake/environment_pkgConfig.cmake
[0.775s] -- Installing: /home/weng/work/humble_ws/install/environment_pkg/share/environment_pkg/cmake/environment_pkgConfig-version.cmake
[0.775s] -- Installing: /home/weng/work/humble_ws/install/environment_pkg/share/environment_pkg/package.xml
[0.807s] Invoked command in '/home/weng/work/humble_ws/build/environment_pkg' returned '0': CMAKE_PREFIX_PATH=/opt/ros/humble /usr/bin/cmake --install /home/weng/work/humble_ws/build/environment_pkg
