[0.427s] Invoking command in '/home/weng/work/build/isaac_ros2_messages': CMAKE_PREFIX_PATH=/opt/ros/humble /usr/local/bin/cmake /home/weng/work/src/isaac_ros2_messages -DCMAKE_INSTALL_PREFIX=/home/weng/work/install/isaac_ros2_messages
[0.758s] -- The C compiler identification is GNU 11.4.0
[0.758s] -- The CXX compiler identification is GNU 11.4.0
[0.758s] -- Detecting C compiler ABI info
[0.758s] -- Detecting C compiler ABI info - done
[0.758s] -- Check for working C compiler: /usr/bin/cc - skipped
[0.758s] -- Detecting C compile features
[0.758s] -- Detecting C compile features - done
[0.758s] -- Detecting CXX compiler ABI info
[0.783s] -- Detecting CXX compiler ABI info - done
[0.794s] -- Check for working CXX compiler: /usr/bin/c++ - skipped
[0.795s] -- Detecting CXX compile features
[0.795s] -- Detecting CXX compile features - done
[0.799s] -- Found ament_cmake: 1.3.6 (/opt/ros/humble/share/ament_cmake/cmake)
[1.309s] -- Found Python3: /usr/bin/python3.10 (found version "3.10.12") found components: Interpreter 
[1.416s] -- Found ament_lint_auto: 0.12.9 (/opt/ros/humble/share/ament_lint_auto/cmake)
[1.524s] -- Found builtin_interfaces: 1.2.1 (/opt/ros/humble/share/builtin_interfaces/cmake)
[1.571s] -- Found rosidl_generator_c: 3.1.5 (/opt/ros/humble/share/rosidl_generator_c/cmake)
[1.577s] -- Found rosidl_adapter: 3.1.5 (/opt/ros/humble/share/rosidl_adapter/cmake)
[1.589s] -- Found rosidl_generator_cpp: 3.1.5 (/opt/ros/humble/share/rosidl_generator_cpp/cmake)
[1.607s] -- Using all available rosidl_typesupport_c: rosidl_typesupport_fastrtps_c;rosidl_typesupport_introspection_c
[1.633s] -- Using all available rosidl_typesupport_cpp: rosidl_typesupport_fastrtps_cpp;rosidl_typesupport_introspection_cpp
[1.657s] -- Found rosidl_default_generators: 1.2.0 (/opt/ros/humble/share/rosidl_default_generators/cmake)
[1.741s] -- Found OpenSSL: /usr/lib/x86_64-linux-gnu/libcrypto.so (found version "3.0.2")  
[1.745s] -- Found std_msgs: 4.2.3 (/opt/ros/humble/share/std_msgs/cmake)
[1.788s] -- Found geometry_msgs: 4.2.3 (/opt/ros/humble/share/geometry_msgs/cmake)
[2.237s] -- Found ament_cmake_ros: 0.10.0 (/opt/ros/humble/share/ament_cmake_ros/cmake)
[3.057s] -- Using all available rosidl_typesupport_c: rosidl_typesupport_fastrtps_c;rosidl_typesupport_introspection_c
[3.420s] -- Using all available rosidl_typesupport_cpp: rosidl_typesupport_fastrtps_cpp;rosidl_typesupport_introspection_cpp
[3.424s] [33mCMake Warning (dev) at /opt/ros/humble/share/rosidl_generator_py/cmake/rosidl_generator_py_generate_interfaces.cmake:20 (find_package):
[3.424s]   Policy CMP0148 is not set: The FindPythonInterp and FindPythonLibs modules
[3.424s]   are removed.  Run "cmake --help-policy CMP0148" for policy details.  Use
[3.424s]   the cmake_policy command to set the policy and suppress this warning.
[3.424s] 
[3.424s] Call Stack (most recent call first):
[3.424s]   /opt/ros/humble/share/ament_cmake_core/cmake/core/ament_execute_extensions.cmake:48 (include)
[3.424s]   /opt/ros/humble/share/rosidl_cmake/cmake/rosidl_generate_interfaces.cmake:286 (ament_execute_extensions)
[3.424s]   CMakeLists.txt:48 (rosidl_generate_interfaces)
[3.424s] This warning is for project developers.  Use -Wno-dev to suppress it.
[3.424s] [0m
[3.447s] -- Found PythonInterp: /usr/bin/python3 (found suitable version "3.10.12", minimum required is "3.6") 
[3.449s] -- Found python_cmake_module: 0.10.0 (/opt/ros/humble/share/python_cmake_module/cmake)
[3.450s] [33mCMake Warning (dev) at /opt/ros/humble/share/python_cmake_module/cmake/Modules/FindPythonExtra.cmake:52 (find_package):
[3.450s]   Policy CMP0148 is not set: The FindPythonInterp and FindPythonLibs modules
[3.450s]   are removed.  Run "cmake --help-policy CMP0148" for policy details.  Use
[3.450s]   the cmake_policy command to set the policy and suppress this warning.
[3.450s] 
[3.450s] Call Stack (most recent call first):
[3.450s]   /opt/ros/humble/share/rosidl_generator_py/cmake/rosidl_generator_py_generate_interfaces.cmake:23 (find_package)
[3.450s]   /opt/ros/humble/share/ament_cmake_core/cmake/core/ament_execute_extensions.cmake:48 (include)
[3.450s]   /opt/ros/humble/share/rosidl_cmake/cmake/rosidl_generate_interfaces.cmake:286 (ament_execute_extensions)
[3.450s]   CMakeLists.txt:48 (rosidl_generate_interfaces)
[3.450s] This warning is for project developers.  Use -Wno-dev to suppress it.
[3.450s] [0m
[3.474s] [33mCMake Warning (dev) at /opt/ros/humble/share/python_cmake_module/cmake/Modules/FindPythonExtra.cmake:140 (find_package):
[3.474s]   Policy CMP0148 is not set: The FindPythonInterp and FindPythonLibs modules
[3.474s]   are removed.  Run "cmake --help-policy CMP0148" for policy details.  Use
[3.474s]   the cmake_policy command to set the policy and suppress this warning.
[3.474s] 
[3.474s] Call Stack (most recent call first):
[3.474s]   /opt/ros/humble/share/rosidl_generator_py/cmake/rosidl_generator_py_generate_interfaces.cmake:23 (find_package)
[3.474s]   /opt/ros/humble/share/ament_cmake_core/cmake/core/ament_execute_extensions.cmake:48 (include)
[3.474s]   /opt/ros/humble/share/rosidl_cmake/cmake/rosidl_generate_interfaces.cmake:286 (ament_execute_extensions)
[3.474s]   CMakeLists.txt:48 (rosidl_generate_interfaces)
[3.474s] This warning is for project developers.  Use -Wno-dev to suppress it.
[3.475s] [0m
[3.481s] -- Found PythonLibs: /usr/lib/x86_64-linux-gnu/libpython3.10.so (found suitable version "3.10.12", minimum required is "3.5") 
[3.481s] -- Using PYTHON_EXECUTABLE: /usr/bin/python3
[3.481s] -- Using PYTHON_INCLUDE_DIRS: /usr/include/python3.10
[3.481s] -- Using PYTHON_LIBRARIES: /usr/lib/x86_64-linux-gnu/libpython3.10.so
[3.509s] -- Found PythonExtra: .so  
[3.607s] -- Added test 'copyright' to check source files copyright and LICENSE
[3.610s] -- Added test 'lint_cmake' to check CMake code style
[3.612s] -- Added test 'xmllint' to check XML markup files
[3.619s] -- Configuring done (3.2s)
[3.679s] -- Generating done (0.0s)
[3.683s] -- Build files have been written to: /home/weng/work/build/isaac_ros2_messages
[3.698s] Invoked command in '/home/weng/work/build/isaac_ros2_messages' returned '0': CMAKE_PREFIX_PATH=/opt/ros/humble /usr/local/bin/cmake /home/weng/work/src/isaac_ros2_messages -DCMAKE_INSTALL_PREFIX=/home/weng/work/install/isaac_ros2_messages
[3.700s] Invoking command in '/home/weng/work/build/isaac_ros2_messages': CMAKE_PREFIX_PATH=/opt/ros/humble /usr/local/bin/cmake --build /home/weng/work/build/isaac_ros2_messages -- -j16 -l16
[3.758s] [  3%] [34m[1mGenerating C code for ROS interfaces[0m
[3.760s] [  6%] [34m[1mGenerating C++ code for ROS interfaces[0m
[3.765s] [  6%] Built target ament_cmake_python_copy_isaac_ros2_messages
[4.076s] running egg_info
[4.077s] creating isaac_ros2_messages.egg-info
[4.078s] writing isaac_ros2_messages.egg-info/PKG-INFO
[4.078s] writing dependency_links to isaac_ros2_messages.egg-info/dependency_links.txt
[4.078s] writing top-level names to isaac_ros2_messages.egg-info/top_level.txt
[4.078s] writing manifest file 'isaac_ros2_messages.egg-info/SOURCES.txt'
[4.081s] reading manifest file 'isaac_ros2_messages.egg-info/SOURCES.txt'
[4.082s] writing manifest file 'isaac_ros2_messages.egg-info/SOURCES.txt'
[4.125s] [  6%] Built target isaac_ros2_messages__cpp
[4.126s] [  6%] Built target ament_cmake_python_build_isaac_ros2_messages_egg
[4.135s] [  9%] [34m[1mGenerating C++ type support for eProsima Fast-RTPS[0m
[4.140s] [ 12%] [34m[1mGenerating C++ introspection for ROS interfaces[0m
[4.140s] [ 16%] [34m[1mGenerating C++ type support dispatch for ROS interfaces[0m
[4.142s] [ 19%] [32mBuilding C object CMakeFiles/isaac_ros2_messages__rosidl_generator_c.dir/rosidl_generator_c/isaac_ros2_messages/srv/detail/isaac_pose__functions.c.o[0m
[4.267s] [ 22%] [32m[1mLinking C shared library libisaac_ros2_messages__rosidl_generator_c.so[0m
[4.340s] [ 22%] Built target isaac_ros2_messages__rosidl_generator_c
[4.362s] [ 25%] [34m[1mGenerating C introspection for ROS interfaces[0m
[4.371s] [ 29%] [34m[1mGenerating C type support for eProsima Fast-RTPS[0m
[4.385s] [ 32%] [34m[1mGenerating C type support dispatch for ROS interfaces[0m
[4.508s] [ 35%] [32mBuilding CXX object CMakeFiles/isaac_ros2_messages__rosidl_typesupport_cpp.dir/rosidl_typesupport_cpp/isaac_ros2_messages/srv/isaac_pose__type_support.cpp.o[0m
[4.528s] [ 38%] [32mBuilding CXX object CMakeFiles/isaac_ros2_messages__rosidl_typesupport_introspection_cpp.dir/rosidl_typesupport_introspection_cpp/isaac_ros2_messages/srv/detail/isaac_pose__type_support.cpp.o[0m
[4.616s] [ 41%] [32mBuilding CXX object CMakeFiles/isaac_ros2_messages__rosidl_typesupport_fastrtps_cpp.dir/rosidl_typesupport_fastrtps_cpp/isaac_ros2_messages/srv/detail/dds_fastrtps/isaac_pose__type_support.cpp.o[0m
[4.699s] [ 45%] [32mBuilding C object CMakeFiles/isaac_ros2_messages__rosidl_typesupport_introspection_c.dir/rosidl_typesupport_introspection_c/isaac_ros2_messages/srv/detail/isaac_pose__type_support.c.o[0m
[4.805s] [ 48%] [32mBuilding CXX object CMakeFiles/isaac_ros2_messages__rosidl_typesupport_fastrtps_c.dir/rosidl_typesupport_fastrtps_c/isaac_ros2_messages/srv/detail/isaac_pose__type_support_c.cpp.o[0m
[4.816s] [ 51%] [32m[1mLinking C shared library libisaac_ros2_messages__rosidl_typesupport_introspection_c.so[0m
[4.849s] [ 54%] [32mBuilding CXX object CMakeFiles/isaac_ros2_messages__rosidl_typesupport_c.dir/rosidl_typesupport_c/isaac_ros2_messages/srv/isaac_pose__type_support.cpp.o[0m
[4.855s] [ 54%] Built target isaac_ros2_messages__rosidl_typesupport_introspection_c
[4.921s] [ 58%] [32m[1mLinking CXX shared library libisaac_ros2_messages__rosidl_typesupport_c.so[0m
[4.937s] [ 61%] [32m[1mLinking CXX shared library libisaac_ros2_messages__rosidl_typesupport_cpp.so[0m
[5.083s] [ 61%] Built target isaac_ros2_messages__rosidl_typesupport_c
[5.096s] [ 61%] Built target isaac_ros2_messages__rosidl_typesupport_cpp
[5.908s] [ 64%] [32m[1mLinking CXX shared library libisaac_ros2_messages__rosidl_typesupport_fastrtps_c.so[0m
[6.012s] [ 67%] [32m[1mLinking CXX shared library libisaac_ros2_messages__rosidl_typesupport_introspection_cpp.so[0m
[6.229s] [ 70%] [32m[1mLinking CXX shared library libisaac_ros2_messages__rosidl_typesupport_fastrtps_cpp.so[0m
[6.230s] [ 70%] Built target isaac_ros2_messages__rosidl_typesupport_fastrtps_c
[6.304s] [ 70%] Built target isaac_ros2_messages__rosidl_typesupport_introspection_cpp
[6.523s] [ 70%] Built target isaac_ros2_messages__rosidl_typesupport_fastrtps_cpp
[6.547s] [ 70%] Built target isaac_ros2_messages
[6.562s] [ 74%] [34m[1mGenerating Python code for ROS interfaces[0m
[6.944s] [ 74%] Built target isaac_ros2_messages__py
[6.958s] [ 77%] [32mBuilding C object CMakeFiles/isaac_ros2_messages__rosidl_generator_py.dir/rosidl_generator_py/isaac_ros2_messages/srv/_isaac_pose_s.c.o[0m
[7.088s] [ 80%] [32m[1mLinking C shared library rosidl_generator_py/isaac_ros2_messages/libisaac_ros2_messages__rosidl_generator_py.so[0m
[7.121s] [ 80%] Built target isaac_ros2_messages__rosidl_generator_py
[7.134s] [ 83%] [32mBuilding C object CMakeFiles/isaac_ros2_messages__rosidl_typesupport_introspection_c__pyext.dir/rosidl_generator_py/isaac_ros2_messages/_isaac_ros2_messages_s.ep.rosidl_typesupport_introspection_c.c.o[0m
[7.134s] [ 87%] [32mBuilding C object CMakeFiles/isaac_ros2_messages__rosidl_typesupport_fastrtps_c__pyext.dir/rosidl_generator_py/isaac_ros2_messages/_isaac_ros2_messages_s.ep.rosidl_typesupport_fastrtps_c.c.o[0m
[7.137s] [ 90%] [32mBuilding C object CMakeFiles/isaac_ros2_messages__rosidl_typesupport_c__pyext.dir/rosidl_generator_py/isaac_ros2_messages/_isaac_ros2_messages_s.ep.rosidl_typesupport_c.c.o[0m
[7.262s] [ 93%] [32m[1mLinking C shared library rosidl_generator_py/isaac_ros2_messages/isaac_ros2_messages_s__rosidl_typesupport_c.cpython-310-x86_64-linux-gnu.so[0m
[7.283s] [ 96%] [32m[1mLinking C shared library rosidl_generator_py/isaac_ros2_messages/isaac_ros2_messages_s__rosidl_typesupport_fastrtps_c.cpython-310-x86_64-linux-gnu.so[0m
[7.283s] [100%] [32m[1mLinking C shared library rosidl_generator_py/isaac_ros2_messages/isaac_ros2_messages_s__rosidl_typesupport_introspection_c.cpython-310-x86_64-linux-gnu.so[0m
[7.298s] [100%] Built target isaac_ros2_messages__rosidl_typesupport_c__pyext
[7.316s] [100%] Built target isaac_ros2_messages__rosidl_typesupport_fastrtps_c__pyext
[7.316s] [100%] Built target isaac_ros2_messages__rosidl_typesupport_introspection_c__pyext
[7.325s] Invoked command in '/home/weng/work/build/isaac_ros2_messages' returned '0': CMAKE_PREFIX_PATH=/opt/ros/humble /usr/local/bin/cmake --build /home/weng/work/build/isaac_ros2_messages -- -j16 -l16
[7.408s] Invoking command in '/home/weng/work/build/isaac_ros2_messages': CMAKE_PREFIX_PATH=/opt/ros/humble /usr/local/bin/cmake --install /home/weng/work/build/isaac_ros2_messages
[7.430s] -- Install configuration: ""
[7.430s] -- Installing: /home/weng/work/install/isaac_ros2_messages/share/ament_index/resource_index/rosidl_interfaces/isaac_ros2_messages
[7.430s] -- Installing: /home/weng/work/install/isaac_ros2_messages/include/isaac_ros2_messages/isaac_ros2_messages
[7.431s] -- Installing: /home/weng/work/install/isaac_ros2_messages/include/isaac_ros2_messages/isaac_ros2_messages/srv
[7.431s] -- Installing: /home/weng/work/install/isaac_ros2_messages/include/isaac_ros2_messages/isaac_ros2_messages/srv/isaac_pose.h
[7.431s] -- Installing: /home/weng/work/install/isaac_ros2_messages/include/isaac_ros2_messages/isaac_ros2_messages/srv/detail
[7.431s] -- Installing: /home/weng/work/install/isaac_ros2_messages/include/isaac_ros2_messages/isaac_ros2_messages/srv/detail/isaac_pose__type_support.h
[7.431s] -- Installing: /home/weng/work/install/isaac_ros2_messages/include/isaac_ros2_messages/isaac_ros2_messages/srv/detail/isaac_pose__functions.h
[7.431s] -- Installing: /home/weng/work/install/isaac_ros2_messages/include/isaac_ros2_messages/isaac_ros2_messages/srv/detail/isaac_pose__struct.h
[7.432s] -- Installing: /home/weng/work/install/isaac_ros2_messages/include/isaac_ros2_messages/isaac_ros2_messages/srv/detail/isaac_pose__functions.c
[7.432s] -- Installing: /home/weng/work/install/isaac_ros2_messages/include/isaac_ros2_messages/isaac_ros2_messages/msg
[7.432s] -- Installing: /home/weng/work/install/isaac_ros2_messages/include/isaac_ros2_messages/isaac_ros2_messages/msg/rosidl_generator_c__visibility_control.h
[7.432s] -- Installing: /home/weng/work/install/isaac_ros2_messages/share/isaac_ros2_messages/environment/library_path.sh
[7.432s] -- Installing: /home/weng/work/install/isaac_ros2_messages/share/isaac_ros2_messages/environment/library_path.dsv
[7.433s] -- Installing: /home/weng/work/install/isaac_ros2_messages/lib/libisaac_ros2_messages__rosidl_generator_c.so
[7.433s] -- Set non-toolchain portion of runtime path of "/home/weng/work/install/isaac_ros2_messages/lib/libisaac_ros2_messages__rosidl_generator_c.so" to ""
[7.433s] -- Up-to-date: /home/weng/work/install/isaac_ros2_messages/include/isaac_ros2_messages/isaac_ros2_messages
[7.433s] -- Up-to-date: /home/weng/work/install/isaac_ros2_messages/include/isaac_ros2_messages/isaac_ros2_messages/srv
[7.433s] -- Up-to-date: /home/weng/work/install/isaac_ros2_messages/include/isaac_ros2_messages/isaac_ros2_messages/srv/detail
[7.433s] -- Installing: /home/weng/work/install/isaac_ros2_messages/include/isaac_ros2_messages/isaac_ros2_messages/srv/detail/isaac_pose__rosidl_typesupport_fastrtps_c.h
[7.434s] -- Up-to-date: /home/weng/work/install/isaac_ros2_messages/include/isaac_ros2_messages/isaac_ros2_messages/msg
[7.434s] -- Installing: /home/weng/work/install/isaac_ros2_messages/include/isaac_ros2_messages/isaac_ros2_messages/msg/rosidl_typesupport_fastrtps_c__visibility_control.h
[7.434s] -- Installing: /home/weng/work/install/isaac_ros2_messages/lib/libisaac_ros2_messages__rosidl_typesupport_fastrtps_c.so
[7.434s] -- Set non-toolchain portion of runtime path of "/home/weng/work/install/isaac_ros2_messages/lib/libisaac_ros2_messages__rosidl_typesupport_fastrtps_c.so" to ""
[7.434s] -- Up-to-date: /home/weng/work/install/isaac_ros2_messages/include/isaac_ros2_messages/isaac_ros2_messages
[7.434s] -- Up-to-date: /home/weng/work/install/isaac_ros2_messages/include/isaac_ros2_messages/isaac_ros2_messages/srv
[7.434s] -- Up-to-date: /home/weng/work/install/isaac_ros2_messages/include/isaac_ros2_messages/isaac_ros2_messages/srv/detail
[7.434s] -- Installing: /home/weng/work/install/isaac_ros2_messages/include/isaac_ros2_messages/isaac_ros2_messages/srv/detail/isaac_pose__struct.hpp
[7.435s] -- Installing: /home/weng/work/install/isaac_ros2_messages/include/isaac_ros2_messages/isaac_ros2_messages/srv/detail/isaac_pose__traits.hpp
[7.435s] -- Installing: /home/weng/work/install/isaac_ros2_messages/include/isaac_ros2_messages/isaac_ros2_messages/srv/detail/isaac_pose__builder.hpp
[7.435s] -- Installing: /home/weng/work/install/isaac_ros2_messages/include/isaac_ros2_messages/isaac_ros2_messages/srv/isaac_pose.hpp
[7.435s] -- Up-to-date: /home/weng/work/install/isaac_ros2_messages/include/isaac_ros2_messages/isaac_ros2_messages
[7.435s] -- Up-to-date: /home/weng/work/install/isaac_ros2_messages/include/isaac_ros2_messages/isaac_ros2_messages/srv
[7.435s] -- Up-to-date: /home/weng/work/install/isaac_ros2_messages/include/isaac_ros2_messages/isaac_ros2_messages/srv/detail
[7.435s] -- Installing: /home/weng/work/install/isaac_ros2_messages/include/isaac_ros2_messages/isaac_ros2_messages/srv/detail/isaac_pose__rosidl_typesupport_fastrtps_cpp.hpp
[7.435s] -- Installing: /home/weng/work/install/isaac_ros2_messages/include/isaac_ros2_messages/isaac_ros2_messages/srv/detail/dds_fastrtps
[7.436s] -- Up-to-date: /home/weng/work/install/isaac_ros2_messages/include/isaac_ros2_messages/isaac_ros2_messages/msg
[7.436s] -- Installing: /home/weng/work/install/isaac_ros2_messages/include/isaac_ros2_messages/isaac_ros2_messages/msg/rosidl_typesupport_fastrtps_cpp__visibility_control.h
[7.436s] -- Installing: /home/weng/work/install/isaac_ros2_messages/lib/libisaac_ros2_messages__rosidl_typesupport_fastrtps_cpp.so
[7.436s] -- Set non-toolchain portion of runtime path of "/home/weng/work/install/isaac_ros2_messages/lib/libisaac_ros2_messages__rosidl_typesupport_fastrtps_cpp.so" to ""
[7.436s] -- Up-to-date: /home/weng/work/install/isaac_ros2_messages/include/isaac_ros2_messages/isaac_ros2_messages
[7.437s] -- Up-to-date: /home/weng/work/install/isaac_ros2_messages/include/isaac_ros2_messages/isaac_ros2_messages/srv
[7.437s] -- Up-to-date: /home/weng/work/install/isaac_ros2_messages/include/isaac_ros2_messages/isaac_ros2_messages/srv/detail
[7.437s] -- Installing: /home/weng/work/install/isaac_ros2_messages/include/isaac_ros2_messages/isaac_ros2_messages/srv/detail/isaac_pose__rosidl_typesupport_introspection_c.h
[7.437s] -- Installing: /home/weng/work/install/isaac_ros2_messages/include/isaac_ros2_messages/isaac_ros2_messages/srv/detail/isaac_pose__type_support.c
[7.437s] -- Up-to-date: /home/weng/work/install/isaac_ros2_messages/include/isaac_ros2_messages/isaac_ros2_messages/msg
[7.437s] -- Installing: /home/weng/work/install/isaac_ros2_messages/include/isaac_ros2_messages/isaac_ros2_messages/msg/rosidl_typesupport_introspection_c__visibility_control.h
[7.437s] -- Installing: /home/weng/work/install/isaac_ros2_messages/lib/libisaac_ros2_messages__rosidl_typesupport_introspection_c.so
[7.438s] -- Set non-toolchain portion of runtime path of "/home/weng/work/install/isaac_ros2_messages/lib/libisaac_ros2_messages__rosidl_typesupport_introspection_c.so" to ""
[7.438s] -- Installing: /home/weng/work/install/isaac_ros2_messages/lib/libisaac_ros2_messages__rosidl_typesupport_c.so
[7.438s] -- Set non-toolchain portion of runtime path of "/home/weng/work/install/isaac_ros2_messages/lib/libisaac_ros2_messages__rosidl_typesupport_c.so" to ""
[7.438s] -- Up-to-date: /home/weng/work/install/isaac_ros2_messages/include/isaac_ros2_messages/isaac_ros2_messages
[7.438s] -- Up-to-date: /home/weng/work/install/isaac_ros2_messages/include/isaac_ros2_messages/isaac_ros2_messages/srv
[7.438s] -- Up-to-date: /home/weng/work/install/isaac_ros2_messages/include/isaac_ros2_messages/isaac_ros2_messages/srv/detail
[7.438s] -- Installing: /home/weng/work/install/isaac_ros2_messages/include/isaac_ros2_messages/isaac_ros2_messages/srv/detail/isaac_pose__rosidl_typesupport_introspection_cpp.hpp
[7.438s] -- Installing: /home/weng/work/install/isaac_ros2_messages/include/isaac_ros2_messages/isaac_ros2_messages/srv/detail/isaac_pose__type_support.cpp
[7.439s] -- Installing: /home/weng/work/install/isaac_ros2_messages/lib/libisaac_ros2_messages__rosidl_typesupport_introspection_cpp.so
[7.439s] -- Set non-toolchain portion of runtime path of "/home/weng/work/install/isaac_ros2_messages/lib/libisaac_ros2_messages__rosidl_typesupport_introspection_cpp.so" to ""
[7.439s] -- Installing: /home/weng/work/install/isaac_ros2_messages/lib/libisaac_ros2_messages__rosidl_typesupport_cpp.so
[7.440s] -- Set non-toolchain portion of runtime path of "/home/weng/work/install/isaac_ros2_messages/lib/libisaac_ros2_messages__rosidl_typesupport_cpp.so" to ""
[7.440s] -- Installing: /home/weng/work/install/isaac_ros2_messages/share/isaac_ros2_messages/environment/pythonpath.sh
[7.440s] -- Installing: /home/weng/work/install/isaac_ros2_messages/share/isaac_ros2_messages/environment/pythonpath.dsv
[7.440s] -- Installing: /home/weng/work/install/isaac_ros2_messages/local/lib/python3.10/dist-packages/isaac_ros2_messages-0.1.0-py3.10.egg-info
[7.440s] -- Installing: /home/weng/work/install/isaac_ros2_messages/local/lib/python3.10/dist-packages/isaac_ros2_messages-0.1.0-py3.10.egg-info/SOURCES.txt
[7.440s] -- Installing: /home/weng/work/install/isaac_ros2_messages/local/lib/python3.10/dist-packages/isaac_ros2_messages-0.1.0-py3.10.egg-info/dependency_links.txt
[7.441s] -- Installing: /home/weng/work/install/isaac_ros2_messages/local/lib/python3.10/dist-packages/isaac_ros2_messages-0.1.0-py3.10.egg-info/PKG-INFO
[7.441s] -- Installing: /home/weng/work/install/isaac_ros2_messages/local/lib/python3.10/dist-packages/isaac_ros2_messages-0.1.0-py3.10.egg-info/top_level.txt
[7.441s] -- Installing: /home/weng/work/install/isaac_ros2_messages/local/lib/python3.10/dist-packages/isaac_ros2_messages
[7.441s] -- Installing: /home/weng/work/install/isaac_ros2_messages/local/lib/python3.10/dist-packages/isaac_ros2_messages/_isaac_ros2_messages_s.ep.rosidl_typesupport_introspection_c.c
[7.441s] -- Installing: /home/weng/work/install/isaac_ros2_messages/local/lib/python3.10/dist-packages/isaac_ros2_messages/__init__.py
[7.441s] -- Installing: /home/weng/work/install/isaac_ros2_messages/local/lib/python3.10/dist-packages/isaac_ros2_messages/srv
[7.441s] -- Installing: /home/weng/work/install/isaac_ros2_messages/local/lib/python3.10/dist-packages/isaac_ros2_messages/srv/__init__.py
[7.442s] -- Installing: /home/weng/work/install/isaac_ros2_messages/local/lib/python3.10/dist-packages/isaac_ros2_messages/srv/_isaac_pose.py
[7.442s] -- Installing: /home/weng/work/install/isaac_ros2_messages/local/lib/python3.10/dist-packages/isaac_ros2_messages/srv/_isaac_pose_s.c
[7.442s] -- Installing: /home/weng/work/install/isaac_ros2_messages/local/lib/python3.10/dist-packages/isaac_ros2_messages/_isaac_ros2_messages_s.ep.rosidl_typesupport_fastrtps_c.c
[7.442s] -- Installing: /home/weng/work/install/isaac_ros2_messages/local/lib/python3.10/dist-packages/isaac_ros2_messages/libisaac_ros2_messages__rosidl_generator_py.so
[7.442s] -- Installing: /home/weng/work/install/isaac_ros2_messages/local/lib/python3.10/dist-packages/isaac_ros2_messages/isaac_ros2_messages_s__rosidl_typesupport_introspection_c.cpython-310-x86_64-linux-gnu.so
[7.442s] -- Installing: /home/weng/work/install/isaac_ros2_messages/local/lib/python3.10/dist-packages/isaac_ros2_messages/isaac_ros2_messages_s__rosidl_typesupport_fastrtps_c.cpython-310-x86_64-linux-gnu.so
[7.443s] -- Installing: /home/weng/work/install/isaac_ros2_messages/local/lib/python3.10/dist-packages/isaac_ros2_messages/isaac_ros2_messages_s__rosidl_typesupport_c.cpython-310-x86_64-linux-gnu.so
[7.443s] -- Installing: /home/weng/work/install/isaac_ros2_messages/local/lib/python3.10/dist-packages/isaac_ros2_messages/_isaac_ros2_messages_s.ep.rosidl_typesupport_c.c
[7.472s] Listing '/home/weng/work/install/isaac_ros2_messages/local/lib/python3.10/dist-packages/isaac_ros2_messages'...
[7.472s] Compiling '/home/weng/work/install/isaac_ros2_messages/local/lib/python3.10/dist-packages/isaac_ros2_messages/__init__.py'...
[7.472s] Listing '/home/weng/work/install/isaac_ros2_messages/local/lib/python3.10/dist-packages/isaac_ros2_messages/srv'...
[7.472s] Compiling '/home/weng/work/install/isaac_ros2_messages/local/lib/python3.10/dist-packages/isaac_ros2_messages/srv/__init__.py'...
[7.472s] Compiling '/home/weng/work/install/isaac_ros2_messages/local/lib/python3.10/dist-packages/isaac_ros2_messages/srv/_isaac_pose.py'...
[7.476s] -- Installing: /home/weng/work/install/isaac_ros2_messages/local/lib/python3.10/dist-packages/isaac_ros2_messages/isaac_ros2_messages_s__rosidl_typesupport_fastrtps_c.cpython-310-x86_64-linux-gnu.so
[7.477s] -- Set non-toolchain portion of runtime path of "/home/weng/work/install/isaac_ros2_messages/local/lib/python3.10/dist-packages/isaac_ros2_messages/isaac_ros2_messages_s__rosidl_typesupport_fastrtps_c.cpython-310-x86_64-linux-gnu.so" to ""
[7.477s] -- Installing: /home/weng/work/install/isaac_ros2_messages/local/lib/python3.10/dist-packages/isaac_ros2_messages/isaac_ros2_messages_s__rosidl_typesupport_introspection_c.cpython-310-x86_64-linux-gnu.so
[7.477s] -- Set non-toolchain portion of runtime path of "/home/weng/work/install/isaac_ros2_messages/local/lib/python3.10/dist-packages/isaac_ros2_messages/isaac_ros2_messages_s__rosidl_typesupport_introspection_c.cpython-310-x86_64-linux-gnu.so" to ""
[7.478s] -- Installing: /home/weng/work/install/isaac_ros2_messages/local/lib/python3.10/dist-packages/isaac_ros2_messages/isaac_ros2_messages_s__rosidl_typesupport_c.cpython-310-x86_64-linux-gnu.so
[7.478s] -- Set non-toolchain portion of runtime path of "/home/weng/work/install/isaac_ros2_messages/local/lib/python3.10/dist-packages/isaac_ros2_messages/isaac_ros2_messages_s__rosidl_typesupport_c.cpython-310-x86_64-linux-gnu.so" to ""
[7.478s] -- Installing: /home/weng/work/install/isaac_ros2_messages/lib/libisaac_ros2_messages__rosidl_generator_py.so
[7.478s] -- Set non-toolchain portion of runtime path of "/home/weng/work/install/isaac_ros2_messages/lib/libisaac_ros2_messages__rosidl_generator_py.so" to ""
[7.479s] -- Installing: /home/weng/work/install/isaac_ros2_messages/share/isaac_ros2_messages/srv/IsaacPose.idl
[7.479s] -- Installing: /home/weng/work/install/isaac_ros2_messages/share/isaac_ros2_messages/srv/IsaacPose.srv
[7.479s] -- Installing: /home/weng/work/install/isaac_ros2_messages/share/isaac_ros2_messages/srv/IsaacPose_Request.msg
[7.479s] -- Installing: /home/weng/work/install/isaac_ros2_messages/share/isaac_ros2_messages/srv/IsaacPose_Response.msg
[7.479s] -- Installing: /home/weng/work/install/isaac_ros2_messages/share/ament_index/resource_index/package_run_dependencies/isaac_ros2_messages
[7.480s] -- Installing: /home/weng/work/install/isaac_ros2_messages/share/ament_index/resource_index/parent_prefix_path/isaac_ros2_messages
[7.480s] -- Installing: /home/weng/work/install/isaac_ros2_messages/share/isaac_ros2_messages/environment/ament_prefix_path.sh
[7.480s] -- Installing: /home/weng/work/install/isaac_ros2_messages/share/isaac_ros2_messages/environment/ament_prefix_path.dsv
[7.480s] -- Installing: /home/weng/work/install/isaac_ros2_messages/share/isaac_ros2_messages/environment/path.sh
[7.481s] -- Installing: /home/weng/work/install/isaac_ros2_messages/share/isaac_ros2_messages/environment/path.dsv
[7.481s] -- Installing: /home/weng/work/install/isaac_ros2_messages/share/isaac_ros2_messages/local_setup.bash
[7.481s] -- Installing: /home/weng/work/install/isaac_ros2_messages/share/isaac_ros2_messages/local_setup.sh
[7.481s] -- Installing: /home/weng/work/install/isaac_ros2_messages/share/isaac_ros2_messages/local_setup.zsh
[7.481s] -- Installing: /home/weng/work/install/isaac_ros2_messages/share/isaac_ros2_messages/local_setup.dsv
[7.482s] -- Installing: /home/weng/work/install/isaac_ros2_messages/share/isaac_ros2_messages/package.dsv
[7.482s] -- Installing: /home/weng/work/install/isaac_ros2_messages/share/ament_index/resource_index/packages/isaac_ros2_messages
[7.482s] -- Installing: /home/weng/work/install/isaac_ros2_messages/share/isaac_ros2_messages/cmake/export_isaac_ros2_messages__rosidl_generator_cExport.cmake
[7.482s] -- Installing: /home/weng/work/install/isaac_ros2_messages/share/isaac_ros2_messages/cmake/export_isaac_ros2_messages__rosidl_generator_cExport-noconfig.cmake
[7.483s] -- Installing: /home/weng/work/install/isaac_ros2_messages/share/isaac_ros2_messages/cmake/export_isaac_ros2_messages__rosidl_typesupport_fastrtps_cExport.cmake
[7.483s] -- Installing: /home/weng/work/install/isaac_ros2_messages/share/isaac_ros2_messages/cmake/export_isaac_ros2_messages__rosidl_typesupport_fastrtps_cExport-noconfig.cmake
[7.483s] -- Installing: /home/weng/work/install/isaac_ros2_messages/share/isaac_ros2_messages/cmake/export_isaac_ros2_messages__rosidl_generator_cppExport.cmake
[7.483s] -- Installing: /home/weng/work/install/isaac_ros2_messages/share/isaac_ros2_messages/cmake/export_isaac_ros2_messages__rosidl_typesupport_fastrtps_cppExport.cmake
[7.483s] -- Installing: /home/weng/work/install/isaac_ros2_messages/share/isaac_ros2_messages/cmake/export_isaac_ros2_messages__rosidl_typesupport_fastrtps_cppExport-noconfig.cmake
[7.484s] -- Installing: /home/weng/work/install/isaac_ros2_messages/share/isaac_ros2_messages/cmake/isaac_ros2_messages__rosidl_typesupport_introspection_cExport.cmake
[7.484s] -- Installing: /home/weng/work/install/isaac_ros2_messages/share/isaac_ros2_messages/cmake/isaac_ros2_messages__rosidl_typesupport_introspection_cExport-noconfig.cmake
[7.484s] -- Installing: /home/weng/work/install/isaac_ros2_messages/share/isaac_ros2_messages/cmake/isaac_ros2_messages__rosidl_typesupport_cExport.cmake
[7.484s] -- Installing: /home/weng/work/install/isaac_ros2_messages/share/isaac_ros2_messages/cmake/isaac_ros2_messages__rosidl_typesupport_cExport-noconfig.cmake
[7.484s] -- Installing: /home/weng/work/install/isaac_ros2_messages/share/isaac_ros2_messages/cmake/isaac_ros2_messages__rosidl_typesupport_introspection_cppExport.cmake
[7.485s] -- Installing: /home/weng/work/install/isaac_ros2_messages/share/isaac_ros2_messages/cmake/isaac_ros2_messages__rosidl_typesupport_introspection_cppExport-noconfig.cmake
[7.485s] -- Installing: /home/weng/work/install/isaac_ros2_messages/share/isaac_ros2_messages/cmake/isaac_ros2_messages__rosidl_typesupport_cppExport.cmake
[7.485s] -- Installing: /home/weng/work/install/isaac_ros2_messages/share/isaac_ros2_messages/cmake/isaac_ros2_messages__rosidl_typesupport_cppExport-noconfig.cmake
[7.485s] -- Installing: /home/weng/work/install/isaac_ros2_messages/share/isaac_ros2_messages/cmake/export_isaac_ros2_messages__rosidl_generator_pyExport.cmake
[7.486s] -- Installing: /home/weng/work/install/isaac_ros2_messages/share/isaac_ros2_messages/cmake/export_isaac_ros2_messages__rosidl_generator_pyExport-noconfig.cmake
[7.486s] -- Installing: /home/weng/work/install/isaac_ros2_messages/share/isaac_ros2_messages/cmake/rosidl_cmake-extras.cmake
[7.486s] -- Installing: /home/weng/work/install/isaac_ros2_messages/share/isaac_ros2_messages/cmake/ament_cmake_export_dependencies-extras.cmake
[7.486s] -- Installing: /home/weng/work/install/isaac_ros2_messages/share/isaac_ros2_messages/cmake/ament_cmake_export_include_directories-extras.cmake
[7.486s] -- Installing: /home/weng/work/install/isaac_ros2_messages/share/isaac_ros2_messages/cmake/ament_cmake_export_libraries-extras.cmake
[7.487s] -- Installing: /home/weng/work/install/isaac_ros2_messages/share/isaac_ros2_messages/cmake/ament_cmake_export_targets-extras.cmake
[7.487s] -- Installing: /home/weng/work/install/isaac_ros2_messages/share/isaac_ros2_messages/cmake/rosidl_cmake_export_typesupport_targets-extras.cmake
[7.487s] -- Installing: /home/weng/work/install/isaac_ros2_messages/share/isaac_ros2_messages/cmake/rosidl_cmake_export_typesupport_libraries-extras.cmake
[7.487s] -- Installing: /home/weng/work/install/isaac_ros2_messages/share/isaac_ros2_messages/cmake/isaac_ros2_messagesConfig.cmake
[7.487s] -- Installing: /home/weng/work/install/isaac_ros2_messages/share/isaac_ros2_messages/cmake/isaac_ros2_messagesConfig-version.cmake
[7.488s] -- Installing: /home/weng/work/install/isaac_ros2_messages/share/isaac_ros2_messages/package.xml
[7.492s] Invoked command in '/home/weng/work/build/isaac_ros2_messages' returned '0': CMAKE_PREFIX_PATH=/opt/ros/humble /usr/local/bin/cmake --install /home/weng/work/build/isaac_ros2_messages
