[0.135s] Invoking command in '/home/weng/work/humble_ws/build/realsense2_camera': CMAKE_PREFIX_PATH=/home/weng/work/humble_ws/install/realsense2_camera_msgs:/home/weng/work/humble_ws/install/turtlebot3:/home/weng/work/humble_ws/install/turtlebot3_bringup:/home/weng/work/humble_ws/install/turtlebot3_node:/home/weng/work/humble_ws/install/turtlebot3_navigation2:/home/weng/work/humble_ws/install/turtlebot3_msgs:/home/weng/work/humble_ws/install/turtlebot3_description:/home/weng/work/humble_ws/install/turtlebot3_cartographer:/home/weng/work/humble_ws/install/realsense2_description:/home/weng/work/humble_ws/install/realsense2_camera:/home/weng/work/humble_ws/install/isaac_tutorials:/home/weng/work/humble_ws/install/isaac_ros2_messages:/home/weng/work/humble_ws/install/custom_message:/home/weng/work/humble_ws/install/carter_navigation:/home/weng/work/humble_ws/install/turtlebot3_teleop:/home/weng/work/humble_ws/install/turtlebot3_example:/home/weng/work/humble_ws/install/isaac_ros_navigation_goal:/opt/ros/humble LD_LIBRARY_PATH=/home/weng/work/humble_ws/install/realsense2_camera_msgs/lib:/home/weng/work/humble_ws/install/turtlebot3_msgs/lib:/home/weng/work/humble_ws/install/realsense2_camera/lib:/home/weng/work/humble_ws/install/isaac_ros2_messages/lib:/home/weng/work/humble_ws/install/custom_message/lib:/opt/ros/humble/opt/rviz_ogre_vendor/lib:/opt/ros/humble/lib/x86_64-linux-gnu:/opt/ros/humble/lib:/usr/local/nvidia/lib:/usr/local/nvidia/lib64 /usr/local/bin/cmake --build /home/weng/work/humble_ws/build/realsense2_camera -- -j24 -l24
[0.169s] [  9%] Built target gtest_main
[0.170s] [ 18%] Built target gtest
[0.171s] [ 27%] Built target realsense2_camera_node
[0.180s] [ 36%] Built target gtest_template
[0.180s] [100%] Built target realsense2_camera
[0.274s] Invoked command in '/home/weng/work/humble_ws/build/realsense2_camera' returned '0': CMAKE_PREFIX_PATH=/home/weng/work/humble_ws/install/realsense2_camera_msgs:/home/weng/work/humble_ws/install/turtlebot3:/home/weng/work/humble_ws/install/turtlebot3_bringup:/home/weng/work/humble_ws/install/turtlebot3_node:/home/weng/work/humble_ws/install/turtlebot3_navigation2:/home/weng/work/humble_ws/install/turtlebot3_msgs:/home/weng/work/humble_ws/install/turtlebot3_description:/home/weng/work/humble_ws/install/turtlebot3_cartographer:/home/weng/work/humble_ws/install/realsense2_description:/home/weng/work/humble_ws/install/realsense2_camera:/home/weng/work/humble_ws/install/isaac_tutorials:/home/weng/work/humble_ws/install/isaac_ros2_messages:/home/weng/work/humble_ws/install/custom_message:/home/weng/work/humble_ws/install/carter_navigation:/home/weng/work/humble_ws/install/turtlebot3_teleop:/home/weng/work/humble_ws/install/turtlebot3_example:/home/weng/work/humble_ws/install/isaac_ros_navigation_goal:/opt/ros/humble LD_LIBRARY_PATH=/home/weng/work/humble_ws/install/realsense2_camera_msgs/lib:/home/weng/work/humble_ws/install/turtlebot3_msgs/lib:/home/weng/work/humble_ws/install/realsense2_camera/lib:/home/weng/work/humble_ws/install/isaac_ros2_messages/lib:/home/weng/work/humble_ws/install/custom_message/lib:/opt/ros/humble/opt/rviz_ogre_vendor/lib:/opt/ros/humble/lib/x86_64-linux-gnu:/opt/ros/humble/lib:/usr/local/nvidia/lib:/usr/local/nvidia/lib64 /usr/local/bin/cmake --build /home/weng/work/humble_ws/build/realsense2_camera -- -j24 -l24
[0.311s] Invoking command in '/home/weng/work/humble_ws/build/realsense2_camera': CMAKE_PREFIX_PATH=/home/weng/work/humble_ws/install/realsense2_camera_msgs:/home/weng/work/humble_ws/install/turtlebot3:/home/weng/work/humble_ws/install/turtlebot3_bringup:/home/weng/work/humble_ws/install/turtlebot3_node:/home/weng/work/humble_ws/install/turtlebot3_navigation2:/home/weng/work/humble_ws/install/turtlebot3_msgs:/home/weng/work/humble_ws/install/turtlebot3_description:/home/weng/work/humble_ws/install/turtlebot3_cartographer:/home/weng/work/humble_ws/install/realsense2_description:/home/weng/work/humble_ws/install/realsense2_camera:/home/weng/work/humble_ws/install/isaac_tutorials:/home/weng/work/humble_ws/install/isaac_ros2_messages:/home/weng/work/humble_ws/install/custom_message:/home/weng/work/humble_ws/install/carter_navigation:/home/weng/work/humble_ws/install/turtlebot3_teleop:/home/weng/work/humble_ws/install/turtlebot3_example:/home/weng/work/humble_ws/install/isaac_ros_navigation_goal:/opt/ros/humble LD_LIBRARY_PATH=/home/weng/work/humble_ws/install/realsense2_camera_msgs/lib:/home/weng/work/humble_ws/install/turtlebot3_msgs/lib:/home/weng/work/humble_ws/install/realsense2_camera/lib:/home/weng/work/humble_ws/install/isaac_ros2_messages/lib:/home/weng/work/humble_ws/install/custom_message/lib:/opt/ros/humble/opt/rviz_ogre_vendor/lib:/opt/ros/humble/lib/x86_64-linux-gnu:/opt/ros/humble/lib:/usr/local/nvidia/lib:/usr/local/nvidia/lib64 /usr/local/bin/cmake --install /home/weng/work/humble_ws/build/realsense2_camera
[0.324s] -- Install configuration: "Release"
[0.324s] -- Up-to-date: /home/weng/work/humble_ws/install/realsense2_camera/lib/realsense2_camera/realsense2_camera_node
[0.324s] -- Up-to-date: /home/weng/work/humble_ws/install/realsense2_camera/lib/librealsense2_camera.so
[0.324s] -- Up-to-date: /home/weng/work/humble_ws/install/realsense2_camera/include
[0.324s] -- Up-to-date: /home/weng/work/humble_ws/install/realsense2_camera/include/ros_param_backend.h
[0.324s] -- Up-to-date: /home/weng/work/humble_ws/install/realsense2_camera/include/image_publisher.h
[0.324s] -- Up-to-date: /home/weng/work/humble_ws/install/realsense2_camera/include/profile_manager.h
[0.324s] -- Up-to-date: /home/weng/work/humble_ws/install/realsense2_camera/include/base_realsense_node.h
[0.324s] -- Up-to-date: /home/weng/work/humble_ws/install/realsense2_camera/include/ros_sensor.h
[0.324s] -- Up-to-date: /home/weng/work/humble_ws/install/realsense2_camera/include/dynamic_params.h
[0.324s] -- Up-to-date: /home/weng/work/humble_ws/install/realsense2_camera/include/sensor_params.h
[0.324s] -- Up-to-date: /home/weng/work/humble_ws/install/realsense2_camera/include/realsense_node_factory.h
[0.324s] -- Up-to-date: /home/weng/work/humble_ws/install/realsense2_camera/include/constants.h
[0.324s] -- Up-to-date: /home/weng/work/humble_ws/install/realsense2_camera/include/named_filter.h
[0.324s] -- Up-to-date: /home/weng/work/humble_ws/install/realsense2_camera/include/gl_window.h
[0.324s] -- Up-to-date: /home/weng/work/humble_ws/install/realsense2_camera/include/ros_utils.h
[0.325s] -- Up-to-date: /home/weng/work/humble_ws/install/realsense2_camera/share/realsense2_camera/launch
[0.325s] -- Up-to-date: /home/weng/work/humble_ws/install/realsense2_camera/share/realsense2_camera/launch/default.rviz
[0.325s] -- Up-to-date: /home/weng/work/humble_ws/install/realsense2_camera/share/realsense2_camera/launch/rs_intra_process_demo_launch.py
[0.325s] -- Up-to-date: /home/weng/work/humble_ws/install/realsense2_camera/share/realsense2_camera/launch/rs_launch.py
[0.325s] -- Up-to-date: /home/weng/work/humble_ws/install/realsense2_camera/share/realsense2_camera/launch/rs_multi_camera_launch.py
[0.325s] -- Up-to-date: /home/weng/work/humble_ws/install/realsense2_camera/share/realsense2_camera/examples
[0.325s] -- Up-to-date: /home/weng/work/humble_ws/install/realsense2_camera/share/realsense2_camera/examples/dual_camera
[0.325s] -- Up-to-date: /home/weng/work/humble_ws/install/realsense2_camera/share/realsense2_camera/examples/dual_camera/README.md
[0.325s] -- Up-to-date: /home/weng/work/humble_ws/install/realsense2_camera/share/realsense2_camera/examples/dual_camera/rviz
[0.325s] -- Up-to-date: /home/weng/work/humble_ws/install/realsense2_camera/share/realsense2_camera/examples/dual_camera/rviz/dual_camera_pointcloud.rviz
[0.325s] -- Up-to-date: /home/weng/work/humble_ws/install/realsense2_camera/share/realsense2_camera/examples/dual_camera/rs_dual_camera_launch.py
[0.325s] -- Up-to-date: /home/weng/work/humble_ws/install/realsense2_camera/share/realsense2_camera/examples/launch_params_from_file
[0.325s] -- Up-to-date: /home/weng/work/humble_ws/install/realsense2_camera/share/realsense2_camera/examples/launch_params_from_file/config
[0.325s] -- Up-to-date: /home/weng/work/humble_ws/install/realsense2_camera/share/realsense2_camera/examples/launch_params_from_file/config/config.yaml
[0.325s] -- Up-to-date: /home/weng/work/humble_ws/install/realsense2_camera/share/realsense2_camera/examples/launch_params_from_file/README.md
[0.325s] -- Up-to-date: /home/weng/work/humble_ws/install/realsense2_camera/share/realsense2_camera/examples/launch_params_from_file/rs_launch_get_params_from_yaml.py
[0.325s] -- Up-to-date: /home/weng/work/humble_ws/install/realsense2_camera/share/realsense2_camera/examples/launch_from_rosbag
[0.325s] -- Up-to-date: /home/weng/work/humble_ws/install/realsense2_camera/share/realsense2_camera/examples/launch_from_rosbag/README.md
[0.325s] -- Up-to-date: /home/weng/work/humble_ws/install/realsense2_camera/share/realsense2_camera/examples/launch_from_rosbag/rs_launch_from_rosbag.py
[0.325s] -- Up-to-date: /home/weng/work/humble_ws/install/realsense2_camera/share/realsense2_camera/examples/align_depth
[0.325s] -- Up-to-date: /home/weng/work/humble_ws/install/realsense2_camera/share/realsense2_camera/examples/align_depth/README.md
[0.325s] -- Up-to-date: /home/weng/work/humble_ws/install/realsense2_camera/share/realsense2_camera/examples/align_depth/rs_align_depth_launch.py
[0.325s] -- Up-to-date: /home/weng/work/humble_ws/install/realsense2_camera/share/realsense2_camera/examples/pointcloud
[0.325s] -- Up-to-date: /home/weng/work/humble_ws/install/realsense2_camera/share/realsense2_camera/examples/pointcloud/rs_d455_pointcloud_launch.py
[0.325s] -- Up-to-date: /home/weng/work/humble_ws/install/realsense2_camera/share/realsense2_camera/examples/pointcloud/rs_pointcloud_launch.py
[0.325s] -- Up-to-date: /home/weng/work/humble_ws/install/realsense2_camera/share/realsense2_camera/examples/pointcloud/README.md
[0.325s] -- Up-to-date: /home/weng/work/humble_ws/install/realsense2_camera/share/realsense2_camera/examples/pointcloud/rviz
[0.325s] -- Up-to-date: /home/weng/work/humble_ws/install/realsense2_camera/share/realsense2_camera/examples/pointcloud/rviz/pointcloud.rviz
[0.325s] -- Up-to-date: /home/weng/work/humble_ws/install/realsense2_camera/share/realsense2_camera/examples/pointcloud/rviz/urdf_pointcloud.rviz
[0.325s] -- Up-to-date: /home/weng/work/humble_ws/install/realsense2_camera/share/realsense2_camera/examples/pointcloud/rs_d405_pointcloud_launch.py
[0.325s] -- Up-to-date: /home/weng/work/humble_ws/install/realsense2_camera/share/realsense2_camera/environment/library_path.sh
[0.325s] -- Up-to-date: /home/weng/work/humble_ws/install/realsense2_camera/share/realsense2_camera/environment/library_path.dsv
[0.325s] -- Up-to-date: /home/weng/work/humble_ws/install/realsense2_camera/share/ament_index/resource_index/package_run_dependencies/realsense2_camera
[0.325s] -- Up-to-date: /home/weng/work/humble_ws/install/realsense2_camera/share/ament_index/resource_index/parent_prefix_path/realsense2_camera
[0.325s] -- Up-to-date: /home/weng/work/humble_ws/install/realsense2_camera/share/realsense2_camera/environment/ament_prefix_path.sh
[0.325s] -- Up-to-date: /home/weng/work/humble_ws/install/realsense2_camera/share/realsense2_camera/environment/ament_prefix_path.dsv
[0.325s] -- Up-to-date: /home/weng/work/humble_ws/install/realsense2_camera/share/realsense2_camera/environment/path.sh
[0.326s] -- Up-to-date: /home/weng/work/humble_ws/install/realsense2_camera/share/realsense2_camera/environment/path.dsv
[0.326s] -- Up-to-date: /home/weng/work/humble_ws/install/realsense2_camera/share/realsense2_camera/local_setup.bash
[0.326s] -- Up-to-date: /home/weng/work/humble_ws/install/realsense2_camera/share/realsense2_camera/local_setup.sh
[0.326s] -- Up-to-date: /home/weng/work/humble_ws/install/realsense2_camera/share/realsense2_camera/local_setup.zsh
[0.326s] -- Up-to-date: /home/weng/work/humble_ws/install/realsense2_camera/share/realsense2_camera/local_setup.dsv
[0.326s] -- Installing: /home/weng/work/humble_ws/install/realsense2_camera/share/realsense2_camera/package.dsv
[0.326s] -- Up-to-date: /home/weng/work/humble_ws/install/realsense2_camera/share/ament_index/resource_index/packages/realsense2_camera
[0.326s] -- Up-to-date: /home/weng/work/humble_ws/install/realsense2_camera/share/ament_index/resource_index/rclcpp_components/realsense2_camera
[0.326s] -- Up-to-date: /home/weng/work/humble_ws/install/realsense2_camera/share/realsense2_camera/cmake/ament_cmake_export_include_directories-extras.cmake
[0.326s] -- Up-to-date: /home/weng/work/humble_ws/install/realsense2_camera/share/realsense2_camera/cmake/ament_cmake_export_libraries-extras.cmake
[0.326s] -- Up-to-date: /home/weng/work/humble_ws/install/realsense2_camera/share/realsense2_camera/cmake/ament_cmake_export_dependencies-extras.cmake
[0.326s] -- Up-to-date: /home/weng/work/humble_ws/install/realsense2_camera/share/realsense2_camera/cmake/realsense2_cameraConfig.cmake
[0.326s] -- Up-to-date: /home/weng/work/humble_ws/install/realsense2_camera/share/realsense2_camera/cmake/realsense2_cameraConfig-version.cmake
[0.326s] -- Up-to-date: /home/weng/work/humble_ws/install/realsense2_camera/share/realsense2_camera/package.xml
[0.337s] Invoked command in '/home/weng/work/humble_ws/build/realsense2_camera' returned '0': CMAKE_PREFIX_PATH=/home/weng/work/humble_ws/install/realsense2_camera_msgs:/home/weng/work/humble_ws/install/turtlebot3:/home/weng/work/humble_ws/install/turtlebot3_bringup:/home/weng/work/humble_ws/install/turtlebot3_node:/home/weng/work/humble_ws/install/turtlebot3_navigation2:/home/weng/work/humble_ws/install/turtlebot3_msgs:/home/weng/work/humble_ws/install/turtlebot3_description:/home/weng/work/humble_ws/install/turtlebot3_cartographer:/home/weng/work/humble_ws/install/realsense2_description:/home/weng/work/humble_ws/install/realsense2_camera:/home/weng/work/humble_ws/install/isaac_tutorials:/home/weng/work/humble_ws/install/isaac_ros2_messages:/home/weng/work/humble_ws/install/custom_message:/home/weng/work/humble_ws/install/carter_navigation:/home/weng/work/humble_ws/install/turtlebot3_teleop:/home/weng/work/humble_ws/install/turtlebot3_example:/home/weng/work/humble_ws/install/isaac_ros_navigation_goal:/opt/ros/humble LD_LIBRARY_PATH=/home/weng/work/humble_ws/install/realsense2_camera_msgs/lib:/home/weng/work/humble_ws/install/turtlebot3_msgs/lib:/home/weng/work/humble_ws/install/realsense2_camera/lib:/home/weng/work/humble_ws/install/isaac_ros2_messages/lib:/home/weng/work/humble_ws/install/custom_message/lib:/opt/ros/humble/opt/rviz_ogre_vendor/lib:/opt/ros/humble/lib/x86_64-linux-gnu:/opt/ros/humble/lib:/usr/local/nvidia/lib:/usr/local/nvidia/lib64 /usr/local/bin/cmake --install /home/weng/work/humble_ws/build/realsense2_camera
