[0.356s] Invoking command in '/home/weng/work/build/turtlebot3_cartographer': CMAKE_PREFIX_PATH=/opt/ros/humble /usr/local/bin/cmake /home/weng/work/src/turtlebot3/turtlebot3_cartographer -DCMAKE_INSTALL_PREFIX=/home/weng/work/install/turtlebot3_cartographer
[0.965s] -- The C compiler identification is GNU 11.4.0
[0.965s] -- The CXX compiler identification is GNU 11.4.0
[0.966s] -- Detecting C compiler ABI info
[0.966s] -- Detecting C compiler ABI info - done
[0.966s] -- Check for working C compiler: /usr/bin/cc - skipped
[0.966s] -- Detecting C compile features
[0.966s] -- Detecting C compile features - done
[0.967s] -- Detecting CXX compiler ABI info
[0.967s] -- Detecting CXX compiler ABI info - done
[0.967s] -- Check for working CXX compiler: /usr/bin/c++ - skipped
[0.967s] -- Detecting CXX compile features
[0.967s] -- Detecting CXX compile features - done
[0.967s] -- Found ament_cmake: 1.3.6 (/opt/ros/humble/share/ament_cmake/cmake)
[1.166s] -- Found Python3: /usr/bin/python3.10 (found version "3.10.12") found components: Interpreter 
[1.356s] -- Configuring done (1.0s)
[1.361s] -- Generating done (0.0s)
[1.363s] -- Build files have been written to: /home/weng/work/build/turtlebot3_cartographer
[1.374s] Invoked command in '/home/weng/work/build/turtlebot3_cartographer' returned '0': CMAKE_PREFIX_PATH=/opt/ros/humble /usr/local/bin/cmake /home/weng/work/src/turtlebot3/turtlebot3_cartographer -DCMAKE_INSTALL_PREFIX=/home/weng/work/install/turtlebot3_cartographer
[1.377s] Invoking command in '/home/weng/work/build/turtlebot3_cartographer': CMAKE_PREFIX_PATH=/opt/ros/humble /usr/local/bin/cmake --build /home/weng/work/build/turtlebot3_cartographer -- -j16 -l16
[1.430s] Invoked command in '/home/weng/work/build/turtlebot3_cartographer' returned '0': CMAKE_PREFIX_PATH=/opt/ros/humble /usr/local/bin/cmake --build /home/weng/work/build/turtlebot3_cartographer -- -j16 -l16
[1.521s] Invoking command in '/home/weng/work/build/turtlebot3_cartographer': CMAKE_PREFIX_PATH=/opt/ros/humble /usr/local/bin/cmake --install /home/weng/work/build/turtlebot3_cartographer
[1.552s] -- Install configuration: ""
[1.553s] -- Installing: /home/weng/work/install/turtlebot3_cartographer/share/turtlebot3_cartographer/config
[1.553s] -- Installing: /home/weng/work/install/turtlebot3_cartographer/share/turtlebot3_cartographer/config/turtlebot3_lds_2d.lua
[1.553s] -- Installing: /home/weng/work/install/turtlebot3_cartographer/share/turtlebot3_cartographer/launch
[1.553s] -- Installing: /home/weng/work/install/turtlebot3_cartographer/share/turtlebot3_cartographer/launch/cartographer.launch.py
[1.553s] -- Installing: /home/weng/work/install/turtlebot3_cartographer/share/turtlebot3_cartographer/launch/occupancy_grid.launch.py
[1.554s] -- Installing: /home/weng/work/install/turtlebot3_cartographer/share/turtlebot3_cartographer/rviz
[1.554s] -- Installing: /home/weng/work/install/turtlebot3_cartographer/share/turtlebot3_cartographer/rviz/tb3_cartographer.rviz
[1.554s] -- Installing: /home/weng/work/install/turtlebot3_cartographer/share/ament_index/resource_index/package_run_dependencies/turtlebot3_cartographer
[1.555s] -- Installing: /home/weng/work/install/turtlebot3_cartographer/share/ament_index/resource_index/parent_prefix_path/turtlebot3_cartographer
[1.555s] -- Installing: /home/weng/work/install/turtlebot3_cartographer/share/turtlebot3_cartographer/environment/ament_prefix_path.sh
[1.556s] -- Installing: /home/weng/work/install/turtlebot3_cartographer/share/turtlebot3_cartographer/environment/ament_prefix_path.dsv
[1.556s] -- Installing: /home/weng/work/install/turtlebot3_cartographer/share/turtlebot3_cartographer/environment/path.sh
[1.556s] -- Installing: /home/weng/work/install/turtlebot3_cartographer/share/turtlebot3_cartographer/environment/path.dsv
[1.556s] -- Installing: /home/weng/work/install/turtlebot3_cartographer/share/turtlebot3_cartographer/local_setup.bash
[1.557s] -- Installing: /home/weng/work/install/turtlebot3_cartographer/share/turtlebot3_cartographer/local_setup.sh
[1.557s] -- Installing: /home/weng/work/install/turtlebot3_cartographer/share/turtlebot3_cartographer/local_setup.zsh
[1.558s] -- Installing: /home/weng/work/install/turtlebot3_cartographer/share/turtlebot3_cartographer/local_setup.dsv
[1.558s] -- Installing: /home/weng/work/install/turtlebot3_cartographer/share/turtlebot3_cartographer/package.dsv
[1.559s] -- Installing: /home/weng/work/install/turtlebot3_cartographer/share/ament_index/resource_index/packages/turtlebot3_cartographer
[1.559s] -- Installing: /home/weng/work/install/turtlebot3_cartographer/share/turtlebot3_cartographer/cmake/turtlebot3_cartographerConfig.cmake
[1.559s] -- Installing: /home/weng/work/install/turtlebot3_cartographer/share/turtlebot3_cartographer/cmake/turtlebot3_cartographerConfig-version.cmake
[1.559s] -- Installing: /home/weng/work/install/turtlebot3_cartographer/share/turtlebot3_cartographer/package.xml
[1.622s] Invoked command in '/home/weng/work/build/turtlebot3_cartographer' returned '0': CMAKE_PREFIX_PATH=/opt/ros/humble /usr/local/bin/cmake --install /home/weng/work/build/turtlebot3_cartographer
