[0.036s] Invoking command in '/home/weng/work/humble_ws/build/turtlebot3_node': AMENT_PREFIX_PATH=/home/weng/work/humble_ws/install/turtlebot3_msgs:${AMENT_PREFIX_PATH} CMAKE_PREFIX_PATH=/home/weng/work/humble_ws/install/turtlebot3_msgs:/opt/ros/humble LD_LIBRARY_PATH=/home/weng/work/humble_ws/install/turtlebot3_msgs/lib:${LD_LIBRARY_PATH} PYTHONPATH=/home/weng/work/humble_ws/install/turtlebot3_msgs/local/lib/python3.10/dist-packages:${PYTHONPATH} /usr/bin/cmake /home/weng/work/humble_ws/src/turtlebot3/turtlebot3_node -DCMAKE_INSTALL_PREFIX=/home/weng/work/humble_ws/install/turtlebot3_node
[0.060s] -- The C compiler identification is GNU 11.4.0
[0.086s] -- The CXX compiler identification is GNU 11.4.0
[0.089s] -- Detecting C compiler ABI info
[0.120s] -- Detecting C compiler ABI info - done
[0.123s] -- Check for working C compiler: /usr/bin/cc - skipped
[0.123s] -- Detecting C compile features
[0.123s] -- Detecting C compile features - done
[0.125s] -- Detecting CXX compiler ABI info
[0.161s] -- Detecting CXX compiler ABI info - done
[0.164s] -- Check for working CXX compiler: /usr/bin/c++ - skipped
[0.164s] -- Detecting CXX compile features
[0.165s] -- Detecting CXX compile features - done
[0.166s] -- Found ament_cmake: 1.3.8 (/opt/ros/humble/share/ament_cmake/cmake)
[0.235s] -- Found Python3: /usr/bin/python3 (found version "3.10.12") found components: Interpreter 
[0.275s] -- Found dynamixel_sdk: 3.7.60 (/opt/ros/humble/share/dynamixel_sdk/cmake)
[0.276s] -- Found geometry_msgs: 4.2.3 (/opt/ros/humble/share/geometry_msgs/cmake)
[0.294s] -- Found rosidl_generator_c: 3.1.5 (/opt/ros/humble/share/rosidl_generator_c/cmake)
[0.296s] -- Found rosidl_adapter: 3.1.5 (/opt/ros/humble/share/rosidl_adapter/cmake)
[0.300s] -- Found rosidl_generator_cpp: 3.1.5 (/opt/ros/humble/share/rosidl_generator_cpp/cmake)
[0.306s] -- Using all available rosidl_typesupport_c: rosidl_typesupport_fastrtps_c;rosidl_typesupport_introspection_c
[0.315s] -- Using all available rosidl_typesupport_cpp: rosidl_typesupport_fastrtps_cpp;rosidl_typesupport_introspection_cpp
[0.372s] -- Found message_filters: 4.3.3 (/opt/ros/humble/share/message_filters/cmake)
[0.401s] -- Found rmw_implementation_cmake: 6.1.1 (/opt/ros/humble/share/rmw_implementation_cmake/cmake)
[0.402s] -- Found rmw_fastrtps_cpp: 6.2.6 (/opt/ros/humble/share/rmw_fastrtps_cpp/cmake)
[0.448s] -- Found OpenSSL: /usr/lib/x86_64-linux-gnu/libcrypto.so (found version "3.0.2")  
[0.462s] -- Found FastRTPS: /opt/ros/humble/include  
[0.488s] -- Using RMW implementation 'rmw_fastrtps_cpp' as default
[0.492s] -- Looking for pthread.h
[0.525s] -- Looking for pthread.h - found
[0.525s] -- Performing Test CMAKE_HAVE_LIBC_PTHREAD
[0.558s] -- Performing Test CMAKE_HAVE_LIBC_PTHREAD - Success
[0.559s] -- Found Threads: TRUE  
[0.624s] -- Found nav_msgs: 4.2.3 (/opt/ros/humble/share/nav_msgs/cmake)
[0.663s] -- Found sensor_msgs: 4.2.3 (/opt/ros/humble/share/sensor_msgs/cmake)
[0.703s] -- Found std_srvs: 4.2.3 (/opt/ros/humble/share/std_srvs/cmake)
[0.711s] -- Found tf2: 0.25.6 (/opt/ros/humble/share/tf2/cmake)
[0.719s] -- Found tf2_ros: 0.25.6 (/opt/ros/humble/share/tf2_ros/cmake)
[0.875s] -- Found turtlebot3_msgs: 2.2.3 (/home/weng/work/humble_ws/install/turtlebot3_msgs/share/turtlebot3_msgs/cmake)
[0.946s] -- Configuring done
[0.955s] -- Generating done
[0.956s] -- Build files have been written to: /home/weng/work/humble_ws/build/turtlebot3_node
[0.960s] Invoked command in '/home/weng/work/humble_ws/build/turtlebot3_node' returned '0': AMENT_PREFIX_PATH=/home/weng/work/humble_ws/install/turtlebot3_msgs:${AMENT_PREFIX_PATH} CMAKE_PREFIX_PATH=/home/weng/work/humble_ws/install/turtlebot3_msgs:/opt/ros/humble LD_LIBRARY_PATH=/home/weng/work/humble_ws/install/turtlebot3_msgs/lib:${LD_LIBRARY_PATH} PYTHONPATH=/home/weng/work/humble_ws/install/turtlebot3_msgs/local/lib/python3.10/dist-packages:${PYTHONPATH} /usr/bin/cmake /home/weng/work/humble_ws/src/turtlebot3/turtlebot3_node -DCMAKE_INSTALL_PREFIX=/home/weng/work/humble_ws/install/turtlebot3_node
[0.961s] Invoking command in '/home/weng/work/humble_ws/build/turtlebot3_node': AMENT_PREFIX_PATH=/home/weng/work/humble_ws/install/turtlebot3_msgs:${AMENT_PREFIX_PATH} CMAKE_PREFIX_PATH=/home/weng/work/humble_ws/install/turtlebot3_msgs:/opt/ros/humble LD_LIBRARY_PATH=/home/weng/work/humble_ws/install/turtlebot3_msgs/lib:${LD_LIBRARY_PATH} PYTHONPATH=/home/weng/work/humble_ws/install/turtlebot3_msgs/local/lib/python3.10/dist-packages:${PYTHONPATH} /usr/bin/cmake --build /home/weng/work/humble_ws/build/turtlebot3_node -- -j24 -l24
[0.985s] [ 14%] [32mBuilding CXX object CMakeFiles/turtlebot3_node_lib.dir/src/devices/sound.cpp.o[0m
[0.985s] [ 14%] [32mBuilding CXX object CMakeFiles/turtlebot3_node_lib.dir/src/devices/reset.cpp.o[0m
[0.985s] [ 28%] [32mBuilding CXX object CMakeFiles/turtlebot3_node_lib.dir/src/diff_drive_controller.cpp.o[0m
[0.985s] [ 28%] [32mBuilding CXX object CMakeFiles/turtlebot3_node_lib.dir/src/devices/motor_power.cpp.o[0m
[0.985s] [ 35%] [32mBuilding CXX object CMakeFiles/turtlebot3_node_lib.dir/src/dynamixel_sdk_wrapper.cpp.o[0m
[0.985s] [ 42%] [32mBuilding CXX object CMakeFiles/turtlebot3_node_lib.dir/src/odometry.cpp.o[0m
[0.985s] [ 50%] [32mBuilding CXX object CMakeFiles/turtlebot3_node_lib.dir/src/turtlebot3.cpp.o[0m
[0.986s] [ 57%] [32mBuilding CXX object CMakeFiles/turtlebot3_node_lib.dir/src/sensors/sensor_state.cpp.o[0m
[0.987s] [ 71%] [32mBuilding CXX object CMakeFiles/turtlebot3_node_lib.dir/src/sensors/imu.cpp.o[0m
[0.987s] [ 71%] [32mBuilding CXX object CMakeFiles/turtlebot3_node_lib.dir/src/sensors/battery_state.cpp.o[0m
[0.987s] [ 78%] [32mBuilding CXX object CMakeFiles/turtlebot3_node_lib.dir/src/sensors/joint_state.cpp.o[0m
[8.677s] [ 85%] [32m[1mLinking CXX static library libturtlebot3_node_lib.a[0m
[8.924s] [ 85%] Built target turtlebot3_node_lib
[8.933s] [ 92%] [32mBuilding CXX object CMakeFiles/turtlebot3_ros.dir/src/node_main.cpp.o[0m
[10.402s] [100%] [32m[1mLinking CXX executable turtlebot3_ros[0m
[11.156s] [100%] Built target turtlebot3_ros
[11.161s] Invoked command in '/home/weng/work/humble_ws/build/turtlebot3_node' returned '0': AMENT_PREFIX_PATH=/home/weng/work/humble_ws/install/turtlebot3_msgs:${AMENT_PREFIX_PATH} CMAKE_PREFIX_PATH=/home/weng/work/humble_ws/install/turtlebot3_msgs:/opt/ros/humble LD_LIBRARY_PATH=/home/weng/work/humble_ws/install/turtlebot3_msgs/lib:${LD_LIBRARY_PATH} PYTHONPATH=/home/weng/work/humble_ws/install/turtlebot3_msgs/local/lib/python3.10/dist-packages:${PYTHONPATH} /usr/bin/cmake --build /home/weng/work/humble_ws/build/turtlebot3_node -- -j24 -l24
[11.182s] Invoking command in '/home/weng/work/humble_ws/build/turtlebot3_node': AMENT_PREFIX_PATH=/home/weng/work/humble_ws/install/turtlebot3_msgs:${AMENT_PREFIX_PATH} CMAKE_PREFIX_PATH=/home/weng/work/humble_ws/install/turtlebot3_msgs:/opt/ros/humble LD_LIBRARY_PATH=/home/weng/work/humble_ws/install/turtlebot3_msgs/lib:${LD_LIBRARY_PATH} PYTHONPATH=/home/weng/work/humble_ws/install/turtlebot3_msgs/local/lib/python3.10/dist-packages:${PYTHONPATH} /usr/bin/cmake --install /home/weng/work/humble_ws/build/turtlebot3_node
[11.185s] -- Install configuration: ""
[11.185s] -- Installing: /home/weng/work/humble_ws/install/turtlebot3_node/share/turtlebot3_node/param
[11.185s] -- Installing: /home/weng/work/humble_ws/install/turtlebot3_node/share/turtlebot3_node/param/waffle_pi.yaml
[11.185s] -- Installing: /home/weng/work/humble_ws/install/turtlebot3_node/share/turtlebot3_node/param/waffle.yaml
[11.185s] -- Installing: /home/weng/work/humble_ws/install/turtlebot3_node/share/turtlebot3_node/param/burger.yaml
[11.185s] -- Installing: /home/weng/work/humble_ws/install/turtlebot3_node/lib/turtlebot3_node/turtlebot3_ros
[11.191s] -- Set runtime path of "/home/weng/work/humble_ws/install/turtlebot3_node/lib/turtlebot3_node/turtlebot3_ros" to ""
[11.191s] -- Installing: /home/weng/work/humble_ws/install/turtlebot3_node/share/ament_index/resource_index/package_run_dependencies/turtlebot3_node
[11.191s] -- Installing: /home/weng/work/humble_ws/install/turtlebot3_node/share/ament_index/resource_index/parent_prefix_path/turtlebot3_node
[11.191s] -- Installing: /home/weng/work/humble_ws/install/turtlebot3_node/share/turtlebot3_node/environment/ament_prefix_path.sh
[11.191s] -- Installing: /home/weng/work/humble_ws/install/turtlebot3_node/share/turtlebot3_node/environment/ament_prefix_path.dsv
[11.191s] -- Installing: /home/weng/work/humble_ws/install/turtlebot3_node/share/turtlebot3_node/environment/path.sh
[11.191s] -- Installing: /home/weng/work/humble_ws/install/turtlebot3_node/share/turtlebot3_node/environment/path.dsv
[11.191s] -- Installing: /home/weng/work/humble_ws/install/turtlebot3_node/share/turtlebot3_node/local_setup.bash
[11.191s] -- Installing: /home/weng/work/humble_ws/install/turtlebot3_node/share/turtlebot3_node/local_setup.sh
[11.191s] -- Installing: /home/weng/work/humble_ws/install/turtlebot3_node/share/turtlebot3_node/local_setup.zsh
[11.191s] -- Installing: /home/weng/work/humble_ws/install/turtlebot3_node/share/turtlebot3_node/local_setup.dsv
[11.191s] -- Installing: /home/weng/work/humble_ws/install/turtlebot3_node/share/turtlebot3_node/package.dsv
[11.191s] -- Installing: /home/weng/work/humble_ws/install/turtlebot3_node/share/ament_index/resource_index/packages/turtlebot3_node
[11.191s] -- Installing: /home/weng/work/humble_ws/install/turtlebot3_node/share/turtlebot3_node/cmake/ament_cmake_export_include_directories-extras.cmake
[11.191s] -- Installing: /home/weng/work/humble_ws/install/turtlebot3_node/share/turtlebot3_node/cmake/turtlebot3_nodeConfig.cmake
[11.191s] -- Installing: /home/weng/work/humble_ws/install/turtlebot3_node/share/turtlebot3_node/cmake/turtlebot3_nodeConfig-version.cmake
[11.191s] -- Installing: /home/weng/work/humble_ws/install/turtlebot3_node/share/turtlebot3_node/package.xml
[11.192s] Invoked command in '/home/weng/work/humble_ws/build/turtlebot3_node' returned '0': AMENT_PREFIX_PATH=/home/weng/work/humble_ws/install/turtlebot3_msgs:${AMENT_PREFIX_PATH} CMAKE_PREFIX_PATH=/home/weng/work/humble_ws/install/turtlebot3_msgs:/opt/ros/humble LD_LIBRARY_PATH=/home/weng/work/humble_ws/install/turtlebot3_msgs/lib:${LD_LIBRARY_PATH} PYTHONPATH=/home/weng/work/humble_ws/install/turtlebot3_msgs/local/lib/python3.10/dist-packages:${PYTHONPATH} /usr/bin/cmake --install /home/weng/work/humble_ws/build/turtlebot3_node
