[0.182s] Invoking command in '/home/weng/work/build/turtlebot3_node': AMENT_PREFIX_PATH=/home/weng/work/install/turtlebot3_msgs:${AMENT_PREFIX_PATH} CMAKE_PREFIX_PATH=/home/weng/work/install/turtlebot3_msgs:/opt/ros/humble LD_LIBRARY_PATH=/home/weng/work/install/turtlebot3_msgs/lib:${LD_LIBRARY_PATH} PYTHONPATH=/home/weng/work/install/turtlebot3_msgs/local/lib/python3.10/dist-packages:${PYTHONPATH} /usr/local/bin/cmake /home/weng/work/src/turtlebot3/turtlebot3_node -DCMAKE_INSTALL_PREFIX=/home/weng/work/install/turtlebot3_node
[0.438s] -- Found ament_cmake: 1.3.6 (/opt/ros/humble/share/ament_cmake/cmake)
[0.439s] -- Found dynamixel_sdk: 3.7.60 (/opt/ros/humble/share/dynamixel_sdk/cmake)
[0.439s] -- Found geometry_msgs: 4.2.3 (/opt/ros/humble/share/geometry_msgs/cmake)
[0.452s] -- Found rosidl_generator_c: 3.1.5 (/opt/ros/humble/share/rosidl_generator_c/cmake)
[0.459s] -- Found rosidl_adapter: 3.1.5 (/opt/ros/humble/share/rosidl_adapter/cmake)
[0.471s] -- Found rosidl_generator_cpp: 3.1.5 (/opt/ros/humble/share/rosidl_generator_cpp/cmake)
[0.489s] -- Using all available rosidl_typesupport_c: rosidl_typesupport_fastrtps_c;rosidl_typesupport_introspection_c
[0.514s] -- Using all available rosidl_typesupport_cpp: rosidl_typesupport_fastrtps_cpp;rosidl_typesupport_introspection_cpp
[0.656s] -- Found message_filters: 4.3.3 (/opt/ros/humble/share/message_filters/cmake)
[0.741s] -- Found rmw_implementation_cmake: 6.1.1 (/opt/ros/humble/share/rmw_implementation_cmake/cmake)
[0.745s] -- Found rmw_fastrtps_cpp: 6.2.5 (/opt/ros/humble/share/rmw_fastrtps_cpp/cmake)
[0.857s] -- Found OpenSSL: /usr/lib/x86_64-linux-gnu/libcrypto.so (found version "3.0.2")  
[0.892s] -- Found FastRTPS: /opt/ros/humble/include  
[0.957s] -- Using RMW implementation 'rmw_fastrtps_cpp' as default
[0.969s] -- Performing Test CMAKE_HAVE_LIBC_PTHREAD
[1.033s] -- Performing Test CMAKE_HAVE_LIBC_PTHREAD - Success
[1.034s] -- Found Threads: TRUE  
[1.188s] -- Found nav_msgs: 4.2.3 (/opt/ros/humble/share/nav_msgs/cmake)
[1.278s] -- Found sensor_msgs: 4.2.3 (/opt/ros/humble/share/sensor_msgs/cmake)
[1.369s] -- Found std_srvs: 4.2.3 (/opt/ros/humble/share/std_srvs/cmake)
[1.394s] -- Found tf2: 0.25.5 (/opt/ros/humble/share/tf2/cmake)
[1.412s] -- Found tf2_ros: 0.25.5 (/opt/ros/humble/share/tf2_ros/cmake)
[1.776s] -- Found turtlebot3_msgs: 2.2.3 (/home/weng/work/install/turtlebot3_msgs/share/turtlebot3_msgs/cmake)
[1.924s] -- Configuring done (1.7s)
[1.950s] -- Generating done (0.0s)
[1.952s] -- Build files have been written to: /home/weng/work/build/turtlebot3_node
[1.963s] Invoked command in '/home/weng/work/build/turtlebot3_node' returned '0': AMENT_PREFIX_PATH=/home/weng/work/install/turtlebot3_msgs:${AMENT_PREFIX_PATH} CMAKE_PREFIX_PATH=/home/weng/work/install/turtlebot3_msgs:/opt/ros/humble LD_LIBRARY_PATH=/home/weng/work/install/turtlebot3_msgs/lib:${LD_LIBRARY_PATH} PYTHONPATH=/home/weng/work/install/turtlebot3_msgs/local/lib/python3.10/dist-packages:${PYTHONPATH} /usr/local/bin/cmake /home/weng/work/src/turtlebot3/turtlebot3_node -DCMAKE_INSTALL_PREFIX=/home/weng/work/install/turtlebot3_node
[1.964s] Invoking command in '/home/weng/work/build/turtlebot3_node': AMENT_PREFIX_PATH=/home/weng/work/install/turtlebot3_msgs:${AMENT_PREFIX_PATH} CMAKE_PREFIX_PATH=/home/weng/work/install/turtlebot3_msgs:/opt/ros/humble LD_LIBRARY_PATH=/home/weng/work/install/turtlebot3_msgs/lib:${LD_LIBRARY_PATH} PYTHONPATH=/home/weng/work/install/turtlebot3_msgs/local/lib/python3.10/dist-packages:${PYTHONPATH} /usr/local/bin/cmake --build /home/weng/work/build/turtlebot3_node -- -j16 -l16
[2.011s] [  7%] [32mBuilding CXX object CMakeFiles/turtlebot3_node_lib.dir/src/devices/motor_power.cpp.o[0m
[2.011s] [ 14%] [32mBuilding CXX object CMakeFiles/turtlebot3_node_lib.dir/src/devices/sound.cpp.o[0m
[2.011s] [ 21%] [32mBuilding CXX object CMakeFiles/turtlebot3_node_lib.dir/src/devices/reset.cpp.o[0m
[2.011s] [ 28%] [32mBuilding CXX object CMakeFiles/turtlebot3_node_lib.dir/src/diff_drive_controller.cpp.o[0m
[2.012s] [ 35%] [32mBuilding CXX object CMakeFiles/turtlebot3_node_lib.dir/src/dynamixel_sdk_wrapper.cpp.o[0m
[2.012s] [ 50%] [32mBuilding CXX object CMakeFiles/turtlebot3_node_lib.dir/src/turtlebot3.cpp.o[0m
[2.012s] [ 50%] [32mBuilding CXX object CMakeFiles/turtlebot3_node_lib.dir/src/odometry.cpp.o[0m
[2.013s] [ 57%] [32mBuilding CXX object CMakeFiles/turtlebot3_node_lib.dir/src/sensors/imu.cpp.o[0m
[2.013s] [ 64%] [32mBuilding CXX object CMakeFiles/turtlebot3_node_lib.dir/src/sensors/battery_state.cpp.o[0m
[2.014s] [ 71%] [32mBuilding CXX object CMakeFiles/turtlebot3_node_lib.dir/src/sensors/joint_state.cpp.o[0m
[2.014s] [ 78%] [32mBuilding CXX object CMakeFiles/turtlebot3_node_lib.dir/src/sensors/sensor_state.cpp.o[0m
[15.479s] [ 85%] [32m[1mLinking CXX static library libturtlebot3_node_lib.a[0m
[16.063s] [ 85%] Built target turtlebot3_node_lib
[16.075s] [ 92%] [32mBuilding CXX object CMakeFiles/turtlebot3_ros.dir/src/node_main.cpp.o[0m
[19.106s] [100%] [32m[1mLinking CXX executable turtlebot3_ros[0m
[20.595s] [100%] Built target turtlebot3_ros
