[0.149s] Invoking command in '/home/weng/work/humble_ws/build/turtlebot3_description': CMAKE_PREFIX_PATH=/opt/ros/humble /usr/bin/cmake /home/weng/work/humble_ws/src/turtlebot3/turtlebot3_description -DCMAKE_INSTALL_PREFIX=/home/weng/work/humble_ws/install/turtlebot3_description
[0.397s] -- The C compiler identification is GNU 11.4.0
[0.398s] -- The CXX compiler identification is GNU 11.4.0
[0.398s] -- Detecting C compiler ABI info
[0.398s] -- Detecting C compiler ABI info - done
[0.398s] -- Check for working C compiler: /usr/bin/cc - skipped
[0.398s] -- Detecting C compile features
[0.398s] -- Detecting C compile features - done
[0.398s] -- Detecting CXX compiler ABI info
[0.398s] -- Detecting CXX compiler ABI info - done
[0.398s] -- Check for working CXX compiler: /usr/bin/c++ - skipped
[0.398s] -- Detecting CXX compile features
[0.398s] -- Detecting CXX compile features - done
[0.398s] -- Found ament_cmake: 1.3.8 (/opt/ros/humble/share/ament_cmake/cmake)
[0.398s] -- Found Python3: /usr/bin/python3 (found version "3.10.12") found components: Interpreter 
[0.402s] -- Found urdf: 2.6.0 (/opt/ros/humble/share/urdf/cmake)
[0.471s] -- Configuring done
[0.472s] -- Generating done
[0.472s] -- Build files have been written to: /home/weng/work/humble_ws/build/turtlebot3_description
[0.476s] Invoked command in '/home/weng/work/humble_ws/build/turtlebot3_description' returned '0': CMAKE_PREFIX_PATH=/opt/ros/humble /usr/bin/cmake /home/weng/work/humble_ws/src/turtlebot3/turtlebot3_description -DCMAKE_INSTALL_PREFIX=/home/weng/work/humble_ws/install/turtlebot3_description
[0.477s] Invoking command in '/home/weng/work/humble_ws/build/turtlebot3_description': CMAKE_PREFIX_PATH=/opt/ros/humble /usr/bin/cmake --build /home/weng/work/humble_ws/build/turtlebot3_description -- -j24 -l24
[0.534s] Invoked command in '/home/weng/work/humble_ws/build/turtlebot3_description' returned '0': CMAKE_PREFIX_PATH=/opt/ros/humble /usr/bin/cmake --build /home/weng/work/humble_ws/build/turtlebot3_description -- -j24 -l24
[0.595s] Invoking command in '/home/weng/work/humble_ws/build/turtlebot3_description': CMAKE_PREFIX_PATH=/opt/ros/humble /usr/bin/cmake --install /home/weng/work/humble_ws/build/turtlebot3_description
[0.599s] -- Install configuration: ""
[0.599s] -- Installing: /home/weng/work/humble_ws/install/turtlebot3_description/share/turtlebot3_description/meshes
[0.599s] -- Installing: /home/weng/work/humble_ws/install/turtlebot3_description/share/turtlebot3_description/meshes/wheels
[0.599s] -- Installing: /home/weng/work/humble_ws/install/turtlebot3_description/share/turtlebot3_description/meshes/wheels/left_tire.stl
[0.599s] -- Installing: /home/weng/work/humble_ws/install/turtlebot3_description/share/turtlebot3_description/meshes/wheels/right_tire.stl
[0.600s] -- Installing: /home/weng/work/humble_ws/install/turtlebot3_description/share/turtlebot3_description/meshes/bases
[0.600s] -- Installing: /home/weng/work/humble_ws/install/turtlebot3_description/share/turtlebot3_description/meshes/bases/waffle_pi_base.stl
[0.603s] -- Installing: /home/weng/work/humble_ws/install/turtlebot3_description/share/turtlebot3_description/meshes/bases/waffle_base.stl
[0.610s] -- Installing: /home/weng/work/humble_ws/install/turtlebot3_description/share/turtlebot3_description/meshes/bases/burger_base.stl
[0.612s] -- Installing: /home/weng/work/humble_ws/install/turtlebot3_description/share/turtlebot3_description/meshes/sensors
[0.612s] -- Installing: /home/weng/work/humble_ws/install/turtlebot3_description/share/turtlebot3_description/meshes/sensors/lds.stl
[0.612s] -- Installing: /home/weng/work/humble_ws/install/turtlebot3_description/share/turtlebot3_description/meshes/sensors/r200.dae
[0.613s] -- Installing: /home/weng/work/humble_ws/install/turtlebot3_description/share/turtlebot3_description/meshes/sensors/astra.dae
[0.616s] -- Installing: /home/weng/work/humble_ws/install/turtlebot3_description/share/turtlebot3_description/meshes/sensors/astra.jpg
[0.616s] -- Installing: /home/weng/work/humble_ws/install/turtlebot3_description/share/turtlebot3_description/meshes/sensors/r200.jpg
[0.616s] -- Installing: /home/weng/work/humble_ws/install/turtlebot3_description/share/turtlebot3_description/rviz
[0.617s] -- Installing: /home/weng/work/humble_ws/install/turtlebot3_description/share/turtlebot3_description/rviz/model.rviz
[0.617s] -- Installing: /home/weng/work/humble_ws/install/turtlebot3_description/share/turtlebot3_description/urdf
[0.617s] -- Installing: /home/weng/work/humble_ws/install/turtlebot3_description/share/turtlebot3_description/urdf/turtlebot3_waffle_pi.urdf
[0.617s] -- Installing: /home/weng/work/humble_ws/install/turtlebot3_description/share/turtlebot3_description/urdf/turtlebot3_waffle.urdf
[0.617s] -- Installing: /home/weng/work/humble_ws/install/turtlebot3_description/share/turtlebot3_description/urdf/turtlebot3_burger.urdf
[0.617s] -- Installing: /home/weng/work/humble_ws/install/turtlebot3_description/share/turtlebot3_description/urdf/common_properties.urdf
[0.617s] -- Installing: /home/weng/work/humble_ws/install/turtlebot3_description/share/ament_index/resource_index/package_run_dependencies/turtlebot3_description
[0.617s] -- Installing: /home/weng/work/humble_ws/install/turtlebot3_description/share/ament_index/resource_index/parent_prefix_path/turtlebot3_description
[0.617s] -- Installing: /home/weng/work/humble_ws/install/turtlebot3_description/share/turtlebot3_description/environment/ament_prefix_path.sh
[0.617s] -- Installing: /home/weng/work/humble_ws/install/turtlebot3_description/share/turtlebot3_description/environment/ament_prefix_path.dsv
[0.617s] -- Installing: /home/weng/work/humble_ws/install/turtlebot3_description/share/turtlebot3_description/environment/path.sh
[0.617s] -- Installing: /home/weng/work/humble_ws/install/turtlebot3_description/share/turtlebot3_description/environment/path.dsv
[0.617s] -- Installing: /home/weng/work/humble_ws/install/turtlebot3_description/share/turtlebot3_description/local_setup.bash
[0.617s] -- Installing: /home/weng/work/humble_ws/install/turtlebot3_description/share/turtlebot3_description/local_setup.sh
[0.617s] -- Installing: /home/weng/work/humble_ws/install/turtlebot3_description/share/turtlebot3_description/local_setup.zsh
[0.617s] -- Installing: /home/weng/work/humble_ws/install/turtlebot3_description/share/turtlebot3_description/local_setup.dsv
[0.617s] -- Installing: /home/weng/work/humble_ws/install/turtlebot3_description/share/turtlebot3_description/package.dsv
[0.617s] -- Installing: /home/weng/work/humble_ws/install/turtlebot3_description/share/ament_index/resource_index/packages/turtlebot3_description
[0.618s] -- Installing: /home/weng/work/humble_ws/install/turtlebot3_description/share/turtlebot3_description/cmake/turtlebot3_descriptionConfig.cmake
[0.618s] -- Installing: /home/weng/work/humble_ws/install/turtlebot3_description/share/turtlebot3_description/cmake/turtlebot3_descriptionConfig-version.cmake
[0.618s] -- Installing: /home/weng/work/humble_ws/install/turtlebot3_description/share/turtlebot3_description/package.xml
[0.618s] Invoked command in '/home/weng/work/humble_ws/build/turtlebot3_description' returned '0': CMAKE_PREFIX_PATH=/opt/ros/humble /usr/bin/cmake --install /home/weng/work/humble_ws/build/turtlebot3_description
