[0.177s] Invoking command in '/home/weng/work/humble_ws/build/turtlebot3_cartographer': CMAKE_PREFIX_PATH=/opt/ros/humble /usr/bin/cmake /home/weng/work/humble_ws/src/turtlebot3/turtlebot3_cartographer -DCMAKE_INSTALL_PREFIX=/home/weng/work/humble_ws/install/turtlebot3_cartographer
[0.596s] -- The C compiler identification is GNU 11.4.0
[0.596s] -- The CXX compiler identification is GNU 11.4.0
[0.596s] -- Detecting C compiler ABI info
[0.596s] -- Detecting C compiler ABI info - done
[0.596s] -- Check for working C compiler: /usr/bin/cc - skipped
[0.596s] -- Detecting C compile features
[0.596s] -- Detecting C compile features - done
[0.596s] -- Detecting CXX compiler ABI info
[0.596s] -- Detecting CXX compiler ABI info - done
[0.596s] -- Check for working CXX compiler: /usr/bin/c++ - skipped
[0.596s] -- Detecting CXX compile features
[0.596s] -- Detecting CXX compile features - done
[0.596s] -- Found ament_cmake: 1.3.8 (/opt/ros/humble/share/ament_cmake/cmake)
[0.596s] -- Found Python3: /usr/bin/python3 (found version "3.10.12") found components: Interpreter 
[0.597s] -- Configuring done
[0.597s] -- Generating done
[0.597s] -- Build files have been written to: /home/weng/work/humble_ws/build/turtlebot3_cartographer
[0.607s] Invoked command in '/home/weng/work/humble_ws/build/turtlebot3_cartographer' returned '0': CMAKE_PREFIX_PATH=/opt/ros/humble /usr/bin/cmake /home/weng/work/humble_ws/src/turtlebot3/turtlebot3_cartographer -DCMAKE_INSTALL_PREFIX=/home/weng/work/humble_ws/install/turtlebot3_cartographer
[0.608s] Invoking command in '/home/weng/work/humble_ws/build/turtlebot3_cartographer': CMAKE_PREFIX_PATH=/opt/ros/humble /usr/bin/cmake --build /home/weng/work/humble_ws/build/turtlebot3_cartographer -- -j24 -l24
[0.625s] Invoked command in '/home/weng/work/humble_ws/build/turtlebot3_cartographer' returned '0': CMAKE_PREFIX_PATH=/opt/ros/humble /usr/bin/cmake --build /home/weng/work/humble_ws/build/turtlebot3_cartographer -- -j24 -l24
[0.636s] Invoking command in '/home/weng/work/humble_ws/build/turtlebot3_cartographer': CMAKE_PREFIX_PATH=/opt/ros/humble /usr/bin/cmake --install /home/weng/work/humble_ws/build/turtlebot3_cartographer
[0.640s] -- Install configuration: ""
[0.640s] -- Installing: /home/weng/work/humble_ws/install/turtlebot3_cartographer/share/turtlebot3_cartographer/config
[0.640s] -- Installing: /home/weng/work/humble_ws/install/turtlebot3_cartographer/share/turtlebot3_cartographer/config/turtlebot3_lds_2d.lua
[0.640s] -- Installing: /home/weng/work/humble_ws/install/turtlebot3_cartographer/share/turtlebot3_cartographer/launch
[0.640s] -- Installing: /home/weng/work/humble_ws/install/turtlebot3_cartographer/share/turtlebot3_cartographer/launch/occupancy_grid.launch.py
[0.640s] -- Installing: /home/weng/work/humble_ws/install/turtlebot3_cartographer/share/turtlebot3_cartographer/launch/cartographer.launch.py
[0.640s] -- Installing: /home/weng/work/humble_ws/install/turtlebot3_cartographer/share/turtlebot3_cartographer/rviz
[0.640s] -- Installing: /home/weng/work/humble_ws/install/turtlebot3_cartographer/share/turtlebot3_cartographer/rviz/tb3_cartographer.rviz
[0.640s] -- Installing: /home/weng/work/humble_ws/install/turtlebot3_cartographer/share/ament_index/resource_index/package_run_dependencies/turtlebot3_cartographer
[0.640s] -- Installing: /home/weng/work/humble_ws/install/turtlebot3_cartographer/share/ament_index/resource_index/parent_prefix_path/turtlebot3_cartographer
[0.640s] -- Installing: /home/weng/work/humble_ws/install/turtlebot3_cartographer/share/turtlebot3_cartographer/environment/ament_prefix_path.sh
[0.640s] -- Installing: /home/weng/work/humble_ws/install/turtlebot3_cartographer/share/turtlebot3_cartographer/environment/ament_prefix_path.dsv
[0.640s] -- Installing: /home/weng/work/humble_ws/install/turtlebot3_cartographer/share/turtlebot3_cartographer/environment/path.sh
[0.640s] -- Installing: /home/weng/work/humble_ws/install/turtlebot3_cartographer/share/turtlebot3_cartographer/environment/path.dsv
[0.640s] -- Installing: /home/weng/work/humble_ws/install/turtlebot3_cartographer/share/turtlebot3_cartographer/local_setup.bash
[0.640s] -- Installing: /home/weng/work/humble_ws/install/turtlebot3_cartographer/share/turtlebot3_cartographer/local_setup.sh
[0.641s] -- Installing: /home/weng/work/humble_ws/install/turtlebot3_cartographer/share/turtlebot3_cartographer/local_setup.zsh
[0.641s] -- Installing: /home/weng/work/humble_ws/install/turtlebot3_cartographer/share/turtlebot3_cartographer/local_setup.dsv
[0.641s] -- Installing: /home/weng/work/humble_ws/install/turtlebot3_cartographer/share/turtlebot3_cartographer/package.dsv
[0.641s] -- Installing: /home/weng/work/humble_ws/install/turtlebot3_cartographer/share/ament_index/resource_index/packages/turtlebot3_cartographer
[0.641s] -- Installing: /home/weng/work/humble_ws/install/turtlebot3_cartographer/share/turtlebot3_cartographer/cmake/turtlebot3_cartographerConfig.cmake
[0.641s] -- Installing: /home/weng/work/humble_ws/install/turtlebot3_cartographer/share/turtlebot3_cartographer/cmake/turtlebot3_cartographerConfig-version.cmake
[0.641s] -- Installing: /home/weng/work/humble_ws/install/turtlebot3_cartographer/share/turtlebot3_cartographer/package.xml
[0.666s] Invoked command in '/home/weng/work/humble_ws/build/turtlebot3_cartographer' returned '0': CMAKE_PREFIX_PATH=/opt/ros/humble /usr/bin/cmake --install /home/weng/work/humble_ws/build/turtlebot3_cartographer
