[0.236s] Invoking command in '/home/weng/work/humble_ws/src/build/custom_message': CMAKE_PREFIX_PATH=/opt/ros/humble /usr/local/bin/cmake /home/weng/work/humble_ws/src/custom_message -DCMAKE_INSTALL_PREFIX=/home/weng/work/humble_ws/src/install/custom_message
[0.503s] -- The C compiler identification is GNU 11.4.0
[0.503s] -- The CXX compiler identification is GNU 11.4.0
[0.503s] -- Detecting C compiler ABI info
[0.503s] -- Detecting C compiler ABI info - done
[0.503s] -- Check for working C compiler: /usr/bin/cc - skipped
[0.503s] -- Detecting C compile features
[0.503s] -- Detecting C compile features - done
[0.503s] -- Detecting CXX compiler ABI info
[0.503s] -- Detecting CXX compiler ABI info - done
[0.503s] -- Check for working CXX compiler: /usr/bin/c++ - skipped
[0.503s] -- Detecting CXX compile features
[0.503s] -- Detecting CXX compile features - done
[0.503s] -- Found ament_cmake: 1.3.8 (/opt/ros/humble/share/ament_cmake/cmake)
[0.503s] -- Found Python3: /usr/bin/python3 (found version "3.10.12") found components: Interpreter 
[0.509s] -- Found std_msgs: 4.2.3 (/opt/ros/humble/share/std_msgs/cmake)
[0.542s] -- Found rosidl_generator_c: 3.1.5 (/opt/ros/humble/share/rosidl_generator_c/cmake)
[0.546s] -- Found rosidl_adapter: 3.1.5 (/opt/ros/humble/share/rosidl_adapter/cmake)
[0.554s] -- Found rosidl_generator_cpp: 3.1.5 (/opt/ros/humble/share/rosidl_generator_cpp/cmake)
[0.563s] -- Using all available rosidl_typesupport_c: rosidl_typesupport_fastrtps_c;rosidl_typesupport_introspection_c
[0.575s] -- Using all available rosidl_typesupport_cpp: rosidl_typesupport_fastrtps_cpp;rosidl_typesupport_introspection_cpp
[0.610s] -- Found rosidl_default_generators: 1.2.0 (/opt/ros/humble/share/rosidl_default_generators/cmake)
[0.840s] -- Found ament_cmake_ros: 0.10.0 (/opt/ros/humble/share/ament_cmake_ros/cmake)
[1.196s] -- Using all available rosidl_typesupport_c: rosidl_typesupport_fastrtps_c;rosidl_typesupport_introspection_c
[1.338s] -- Using all available rosidl_typesupport_cpp: rosidl_typesupport_fastrtps_cpp;rosidl_typesupport_introspection_cpp
[1.339s] [33mCMake Warning (dev) at /opt/ros/humble/share/rosidl_generator_py/cmake/rosidl_generator_py_generate_interfaces.cmake:20 (find_package):
[1.339s]   Policy CMP0148 is not set: The FindPythonInterp and FindPythonLibs modules
[1.339s]   are removed.  Run "cmake --help-policy CMP0148" for policy details.  Use
[1.339s]   the cmake_policy command to set the policy and suppress this warning.
[1.339s] 
[1.339s] Call Stack (most recent call first):
[1.339s]   /opt/ros/humble/share/ament_cmake_core/cmake/core/ament_execute_extensions.cmake:48 (include)
[1.339s]   /opt/ros/humble/share/rosidl_cmake/cmake/rosidl_generate_interfaces.cmake:286 (ament_execute_extensions)
[1.339s]   CMakeLists.txt:23 (rosidl_generate_interfaces)
[1.339s] This warning is for project developers.  Use -Wno-dev to suppress it.
[1.339s] [0m
[1.349s] -- Found PythonInterp: /usr/bin/python3 (found suitable version "3.10.12", minimum required is "3.6") 
[1.350s] -- Found python_cmake_module: 0.10.0 (/opt/ros/humble/share/python_cmake_module/cmake)
[1.350s] [33mCMake Warning (dev) at /opt/ros/humble/share/python_cmake_module/cmake/Modules/FindPythonExtra.cmake:52 (find_package):
[1.351s]   Policy CMP0148 is not set: The FindPythonInterp and FindPythonLibs modules
[1.351s]   are removed.  Run "cmake --help-policy CMP0148" for policy details.  Use
[1.351s]   the cmake_policy command to set the policy and suppress this warning.
[1.351s] 
[1.351s] Call Stack (most recent call first):
[1.351s]   /opt/ros/humble/share/rosidl_generator_py/cmake/rosidl_generator_py_generate_interfaces.cmake:23 (find_package)
[1.351s]   /opt/ros/humble/share/ament_cmake_core/cmake/core/ament_execute_extensions.cmake:48 (include)
[1.351s]   /opt/ros/humble/share/rosidl_cmake/cmake/rosidl_generate_interfaces.cmake:286 (ament_execute_extensions)
[1.351s]   CMakeLists.txt:23 (rosidl_generate_interfaces)
[1.351s] This warning is for project developers.  Use -Wno-dev to suppress it.
[1.351s] [0m
[1.360s] [33mCMake Warning (dev) at /opt/ros/humble/share/python_cmake_module/cmake/Modules/FindPythonExtra.cmake:140 (find_package):
[1.360s]   Policy CMP0148 is not set: The FindPythonInterp and FindPythonLibs modules
[1.360s]   are removed.  Run "cmake --help-policy CMP0148" for policy details.  Use
[1.360s]   the cmake_policy command to set the policy and suppress this warning.
[1.361s] 
[1.361s] Call Stack (most recent call first):
[1.361s]   /opt/ros/humble/share/rosidl_generator_py/cmake/rosidl_generator_py_generate_interfaces.cmake:23 (find_package)
[1.361s]   /opt/ros/humble/share/ament_cmake_core/cmake/core/ament_execute_extensions.cmake:48 (include)
[1.361s]   /opt/ros/humble/share/rosidl_cmake/cmake/rosidl_generate_interfaces.cmake:286 (ament_execute_extensions)
[1.361s]   CMakeLists.txt:23 (rosidl_generate_interfaces)
[1.361s] This warning is for project developers.  Use -Wno-dev to suppress it.
[1.361s] [0m
[1.364s] -- Found PythonLibs: /usr/lib/x86_64-linux-gnu/libpython3.10.so (found suitable version "3.10.12", minimum required is "3.5") 
[1.364s] -- Using PYTHON_EXECUTABLE: /usr/bin/python3
[1.364s] -- Using PYTHON_INCLUDE_DIRS: /usr/include/python3.10
[1.364s] -- Using PYTHON_LIBRARIES: /usr/lib/x86_64-linux-gnu/libpython3.10.so
[1.374s] -- Found PythonExtra: .so  
[1.401s] -- Found ament_lint_auto: 0.12.10 (/opt/ros/humble/share/ament_lint_auto/cmake)
[1.412s] -- Added test 'copyright' to check source files copyright and LICENSE
[1.414s] -- Added test 'lint_cmake' to check CMake code style
[1.414s] -- Added test 'xmllint' to check XML markup files
[1.415s] -- Configuring done (1.2s)
[1.432s] -- Generating done (0.0s)
[1.433s] -- Build files have been written to: /home/weng/work/humble_ws/src/build/custom_message
[1.439s] Invoked command in '/home/weng/work/humble_ws/src/build/custom_message' returned '0': CMAKE_PREFIX_PATH=/opt/ros/humble /usr/local/bin/cmake /home/weng/work/humble_ws/src/custom_message -DCMAKE_INSTALL_PREFIX=/home/weng/work/humble_ws/src/install/custom_message
[1.440s] Invoking command in '/home/weng/work/humble_ws/src/build/custom_message': CMAKE_PREFIX_PATH=/opt/ros/humble /usr/local/bin/cmake --build /home/weng/work/humble_ws/src/build/custom_message -- -j24 -l24
[1.459s] [  3%] [34m[1mGenerating C code for ROS interfaces[0m
[1.461s] [  6%] [34m[1mGenerating C++ code for ROS interfaces[0m
[1.462s] [  6%] Built target ament_cmake_python_copy_custom_message
[1.565s] [  6%] Built target custom_message__cpp
[1.565s] running egg_info
[1.566s] creating custom_message.egg-info
[1.566s] writing custom_message.egg-info/PKG-INFO
[1.566s] writing dependency_links to custom_message.egg-info/dependency_links.txt
[1.566s] writing top-level names to custom_message.egg-info/top_level.txt
[1.566s] writing manifest file 'custom_message.egg-info/SOURCES.txt'
[1.567s] reading manifest file 'custom_message.egg-info/SOURCES.txt'
[1.567s] [  9%] [34m[1mGenerating C++ type support dispatch for ROS interfaces[0m
[1.567s] writing manifest file 'custom_message.egg-info/SOURCES.txt'
[1.568s] [ 12%] [34m[1mGenerating C++ type support for eProsima Fast-RTPS[0m
[1.568s] [ 16%] [34m[1mGenerating C++ introspection for ROS interfaces[0m
[1.579s] [ 16%] Built target ament_cmake_python_build_custom_message_egg
[1.582s] [ 19%] [32mBuilding C object CMakeFiles/custom_message__rosidl_generator_c.dir/rosidl_generator_c/custom_message/msg/detail/sample_msg__functions.c.o[0m
[1.610s] [ 22%] [32m[1mLinking C shared library libcustom_message__rosidl_generator_c.so[0m
[1.623s] [ 22%] Built target custom_message__rosidl_generator_c
[1.625s] [ 25%] [34m[1mGenerating C type support for eProsima Fast-RTPS[0m
[1.626s] [ 29%] [34m[1mGenerating C introspection for ROS interfaces[0m
[1.626s] [ 32%] [34m[1mGenerating C type support dispatch for ROS interfaces[0m
[1.661s] [ 35%] [32mBuilding CXX object CMakeFiles/custom_message__rosidl_typesupport_cpp.dir/rosidl_typesupport_cpp/custom_message/msg/sample_msg__type_support.cpp.o[0m
[1.727s] [ 38%] [32mBuilding C object CMakeFiles/custom_message__rosidl_typesupport_introspection_c.dir/rosidl_typesupport_introspection_c/custom_message/msg/detail/sample_msg__type_support.c.o[0m
[1.738s] [ 41%] [32mBuilding CXX object CMakeFiles/custom_message__rosidl_typesupport_introspection_cpp.dir/rosidl_typesupport_introspection_cpp/custom_message/msg/detail/sample_msg__type_support.cpp.o[0m
[1.740s] [ 45%] [32mBuilding CXX object CMakeFiles/custom_message__rosidl_typesupport_fastrtps_cpp.dir/rosidl_typesupport_fastrtps_cpp/custom_message/msg/detail/dds_fastrtps/sample_msg__type_support.cpp.o[0m
[1.742s] [ 48%] [32mBuilding CXX object CMakeFiles/custom_message__rosidl_typesupport_fastrtps_c.dir/rosidl_typesupport_fastrtps_c/custom_message/msg/detail/sample_msg__type_support_c.cpp.o[0m
[1.743s] [ 51%] [32m[1mLinking C shared library libcustom_message__rosidl_typesupport_introspection_c.so[0m
[1.757s] [ 54%] [32mBuilding CXX object CMakeFiles/custom_message__rosidl_typesupport_c.dir/rosidl_typesupport_c/custom_message/msg/sample_msg__type_support.cpp.o[0m
[1.758s] [ 54%] Built target custom_message__rosidl_typesupport_introspection_c
[1.770s] [ 58%] [32m[1mLinking CXX shared library libcustom_message__rosidl_typesupport_c.so[0m
[1.785s] [ 58%] Built target custom_message__rosidl_typesupport_c
[1.816s] [ 61%] [32m[1mLinking CXX shared library libcustom_message__rosidl_typesupport_cpp.so[0m
[1.837s] [ 61%] Built target custom_message__rosidl_typesupport_cpp
[1.909s] [ 64%] [32m[1mLinking CXX shared library libcustom_message__rosidl_typesupport_fastrtps_c.so[0m
[1.918s] [ 67%] [32m[1mLinking CXX shared library libcustom_message__rosidl_typesupport_introspection_cpp.so[0m
[1.957s] [ 67%] Built target custom_message__rosidl_typesupport_introspection_cpp
[1.958s] [ 67%] Built target custom_message__rosidl_typesupport_fastrtps_c
[2.032s] [ 70%] [32m[1mLinking CXX shared library libcustom_message__rosidl_typesupport_fastrtps_cpp.so[0m
[2.083s] [ 70%] Built target custom_message__rosidl_typesupport_fastrtps_cpp
[2.089s] [ 70%] Built target custom_message
[2.095s] [ 74%] [34m[1mGenerating Python code for ROS interfaces[0m
[2.321s] [ 74%] Built target custom_message__py
[2.328s] [ 77%] [32mBuilding C object CMakeFiles/custom_message__rosidl_generator_py.dir/rosidl_generator_py/custom_message/msg/_sample_msg_s.c.o[0m
[2.422s] [ 80%] [32m[1mLinking C shared library rosidl_generator_py/custom_message/libcustom_message__rosidl_generator_py.so[0m
[2.454s] [ 80%] Built target custom_message__rosidl_generator_py
[2.482s] [ 83%] [32mBuilding C object CMakeFiles/custom_message__rosidl_typesupport_introspection_c__pyext.dir/rosidl_generator_py/custom_message/_custom_message_s.ep.rosidl_typesupport_introspection_c.c.o[0m
[2.486s] [ 87%] [32mBuilding C object CMakeFiles/custom_message__rosidl_typesupport_c__pyext.dir/rosidl_generator_py/custom_message/_custom_message_s.ep.rosidl_typesupport_c.c.o[0m
[2.489s] [ 90%] [32mBuilding C object CMakeFiles/custom_message__rosidl_typesupport_fastrtps_c__pyext.dir/rosidl_generator_py/custom_message/_custom_message_s.ep.rosidl_typesupport_fastrtps_c.c.o[0m
[2.574s] [ 93%] [32m[1mLinking C shared library rosidl_generator_py/custom_message/custom_message_s__rosidl_typesupport_c.cpython-310-x86_64-linux-gnu.so[0m
[2.586s] [ 96%] [32m[1mLinking C shared library rosidl_generator_py/custom_message/custom_message_s__rosidl_typesupport_introspection_c.cpython-310-x86_64-linux-gnu.so[0m
[2.596s] [100%] [32m[1mLinking C shared library rosidl_generator_py/custom_message/custom_message_s__rosidl_typesupport_fastrtps_c.cpython-310-x86_64-linux-gnu.so[0m
[2.636s] [100%] Built target custom_message__rosidl_typesupport_c__pyext
[2.651s] [100%] Built target custom_message__rosidl_typesupport_fastrtps_c__pyext
[2.660s] [100%] Built target custom_message__rosidl_typesupport_introspection_c__pyext
[2.668s] Invoked command in '/home/weng/work/humble_ws/src/build/custom_message' returned '0': CMAKE_PREFIX_PATH=/opt/ros/humble /usr/local/bin/cmake --build /home/weng/work/humble_ws/src/build/custom_message -- -j24 -l24
[2.814s] Invoking command in '/home/weng/work/humble_ws/src/build/custom_message': CMAKE_PREFIX_PATH=/opt/ros/humble /usr/local/bin/cmake --install /home/weng/work/humble_ws/src/build/custom_message
[2.835s] -- Install configuration: ""
[2.835s] -- Installing: /home/weng/work/humble_ws/src/install/custom_message/share/ament_index/resource_index/rosidl_interfaces/custom_message
[2.835s] -- Installing: /home/weng/work/humble_ws/src/install/custom_message/include/custom_message/custom_message
[2.835s] -- Installing: /home/weng/work/humble_ws/src/install/custom_message/include/custom_message/custom_message/msg
[2.835s] -- Installing: /home/weng/work/humble_ws/src/install/custom_message/include/custom_message/custom_message/msg/rosidl_generator_c__visibility_control.h
[2.835s] -- Installing: /home/weng/work/humble_ws/src/install/custom_message/include/custom_message/custom_message/msg/sample_msg.h
[2.835s] -- Installing: /home/weng/work/humble_ws/src/install/custom_message/include/custom_message/custom_message/msg/detail
[2.835s] -- Installing: /home/weng/work/humble_ws/src/install/custom_message/include/custom_message/custom_message/msg/detail/sample_msg__functions.c
[2.835s] -- Installing: /home/weng/work/humble_ws/src/install/custom_message/include/custom_message/custom_message/msg/detail/sample_msg__struct.h
[2.835s] -- Installing: /home/weng/work/humble_ws/src/install/custom_message/include/custom_message/custom_message/msg/detail/sample_msg__functions.h
[2.836s] -- Installing: /home/weng/work/humble_ws/src/install/custom_message/include/custom_message/custom_message/msg/detail/sample_msg__type_support.h
[2.836s] -- Installing: /home/weng/work/humble_ws/src/install/custom_message/share/custom_message/environment/library_path.sh
[2.836s] -- Installing: /home/weng/work/humble_ws/src/install/custom_message/share/custom_message/environment/library_path.dsv
[2.836s] -- Installing: /home/weng/work/humble_ws/src/install/custom_message/lib/libcustom_message__rosidl_generator_c.so
[2.836s] -- Set non-toolchain portion of runtime path of "/home/weng/work/humble_ws/src/install/custom_message/lib/libcustom_message__rosidl_generator_c.so" to ""
[2.836s] -- Up-to-date: /home/weng/work/humble_ws/src/install/custom_message/include/custom_message/custom_message
[2.836s] -- Up-to-date: /home/weng/work/humble_ws/src/install/custom_message/include/custom_message/custom_message/msg
[2.836s] -- Installing: /home/weng/work/humble_ws/src/install/custom_message/include/custom_message/custom_message/msg/rosidl_typesupport_fastrtps_c__visibility_control.h
[2.836s] -- Up-to-date: /home/weng/work/humble_ws/src/install/custom_message/include/custom_message/custom_message/msg/detail
[2.836s] -- Installing: /home/weng/work/humble_ws/src/install/custom_message/include/custom_message/custom_message/msg/detail/sample_msg__rosidl_typesupport_fastrtps_c.h
[2.837s] -- Installing: /home/weng/work/humble_ws/src/install/custom_message/lib/libcustom_message__rosidl_typesupport_fastrtps_c.so
[2.837s] -- Set non-toolchain portion of runtime path of "/home/weng/work/humble_ws/src/install/custom_message/lib/libcustom_message__rosidl_typesupport_fastrtps_c.so" to ""
[2.837s] -- Up-to-date: /home/weng/work/humble_ws/src/install/custom_message/include/custom_message/custom_message
[2.837s] -- Up-to-date: /home/weng/work/humble_ws/src/install/custom_message/include/custom_message/custom_message/msg
[2.837s] -- Installing: /home/weng/work/humble_ws/src/install/custom_message/include/custom_message/custom_message/msg/sample_msg.hpp
[2.837s] -- Up-to-date: /home/weng/work/humble_ws/src/install/custom_message/include/custom_message/custom_message/msg/detail
[2.837s] -- Installing: /home/weng/work/humble_ws/src/install/custom_message/include/custom_message/custom_message/msg/detail/sample_msg__traits.hpp
[2.837s] -- Installing: /home/weng/work/humble_ws/src/install/custom_message/include/custom_message/custom_message/msg/detail/sample_msg__struct.hpp
[2.837s] -- Installing: /home/weng/work/humble_ws/src/install/custom_message/include/custom_message/custom_message/msg/detail/sample_msg__builder.hpp
[2.837s] -- Up-to-date: /home/weng/work/humble_ws/src/install/custom_message/include/custom_message/custom_message
[2.837s] -- Up-to-date: /home/weng/work/humble_ws/src/install/custom_message/include/custom_message/custom_message/msg
[2.837s] -- Installing: /home/weng/work/humble_ws/src/install/custom_message/include/custom_message/custom_message/msg/rosidl_typesupport_fastrtps_cpp__visibility_control.h
[2.837s] -- Up-to-date: /home/weng/work/humble_ws/src/install/custom_message/include/custom_message/custom_message/msg/detail
[2.837s] -- Installing: /home/weng/work/humble_ws/src/install/custom_message/include/custom_message/custom_message/msg/detail/dds_fastrtps
[2.837s] -- Installing: /home/weng/work/humble_ws/src/install/custom_message/include/custom_message/custom_message/msg/detail/sample_msg__rosidl_typesupport_fastrtps_cpp.hpp
[2.837s] -- Installing: /home/weng/work/humble_ws/src/install/custom_message/lib/libcustom_message__rosidl_typesupport_fastrtps_cpp.so
[2.838s] -- Set non-toolchain portion of runtime path of "/home/weng/work/humble_ws/src/install/custom_message/lib/libcustom_message__rosidl_typesupport_fastrtps_cpp.so" to ""
[2.838s] -- Up-to-date: /home/weng/work/humble_ws/src/install/custom_message/include/custom_message/custom_message
[2.838s] -- Up-to-date: /home/weng/work/humble_ws/src/install/custom_message/include/custom_message/custom_message/msg
[2.838s] -- Installing: /home/weng/work/humble_ws/src/install/custom_message/include/custom_message/custom_message/msg/rosidl_typesupport_introspection_c__visibility_control.h
[2.838s] -- Up-to-date: /home/weng/work/humble_ws/src/install/custom_message/include/custom_message/custom_message/msg/detail
[2.838s] -- Installing: /home/weng/work/humble_ws/src/install/custom_message/include/custom_message/custom_message/msg/detail/sample_msg__type_support.c
[2.838s] -- Installing: /home/weng/work/humble_ws/src/install/custom_message/include/custom_message/custom_message/msg/detail/sample_msg__rosidl_typesupport_introspection_c.h
[2.838s] -- Installing: /home/weng/work/humble_ws/src/install/custom_message/lib/libcustom_message__rosidl_typesupport_introspection_c.so
[2.838s] -- Set non-toolchain portion of runtime path of "/home/weng/work/humble_ws/src/install/custom_message/lib/libcustom_message__rosidl_typesupport_introspection_c.so" to ""
[2.838s] -- Installing: /home/weng/work/humble_ws/src/install/custom_message/lib/libcustom_message__rosidl_typesupport_c.so
[2.838s] -- Set non-toolchain portion of runtime path of "/home/weng/work/humble_ws/src/install/custom_message/lib/libcustom_message__rosidl_typesupport_c.so" to ""
[2.838s] -- Up-to-date: /home/weng/work/humble_ws/src/install/custom_message/include/custom_message/custom_message
[2.839s] -- Up-to-date: /home/weng/work/humble_ws/src/install/custom_message/include/custom_message/custom_message/msg
[2.839s] -- Up-to-date: /home/weng/work/humble_ws/src/install/custom_message/include/custom_message/custom_message/msg/detail
[2.839s] -- Installing: /home/weng/work/humble_ws/src/install/custom_message/include/custom_message/custom_message/msg/detail/sample_msg__type_support.cpp
[2.839s] -- Installing: /home/weng/work/humble_ws/src/install/custom_message/include/custom_message/custom_message/msg/detail/sample_msg__rosidl_typesupport_introspection_cpp.hpp
[2.839s] -- Installing: /home/weng/work/humble_ws/src/install/custom_message/lib/libcustom_message__rosidl_typesupport_introspection_cpp.so
[2.839s] -- Set non-toolchain portion of runtime path of "/home/weng/work/humble_ws/src/install/custom_message/lib/libcustom_message__rosidl_typesupport_introspection_cpp.so" to ""
[2.839s] -- Installing: /home/weng/work/humble_ws/src/install/custom_message/lib/libcustom_message__rosidl_typesupport_cpp.so
[2.839s] -- Set non-toolchain portion of runtime path of "/home/weng/work/humble_ws/src/install/custom_message/lib/libcustom_message__rosidl_typesupport_cpp.so" to ""
[2.839s] -- Installing: /home/weng/work/humble_ws/src/install/custom_message/share/custom_message/environment/pythonpath.sh
[2.839s] -- Installing: /home/weng/work/humble_ws/src/install/custom_message/share/custom_message/environment/pythonpath.dsv
[2.839s] -- Installing: /home/weng/work/humble_ws/src/install/custom_message/local/lib/python3.10/dist-packages/custom_message-0.0.0-py3.10.egg-info
[2.839s] -- Installing: /home/weng/work/humble_ws/src/install/custom_message/local/lib/python3.10/dist-packages/custom_message-0.0.0-py3.10.egg-info/dependency_links.txt
[2.839s] -- Installing: /home/weng/work/humble_ws/src/install/custom_message/local/lib/python3.10/dist-packages/custom_message-0.0.0-py3.10.egg-info/PKG-INFO
[2.840s] -- Installing: /home/weng/work/humble_ws/src/install/custom_message/local/lib/python3.10/dist-packages/custom_message-0.0.0-py3.10.egg-info/top_level.txt
[2.840s] -- Installing: /home/weng/work/humble_ws/src/install/custom_message/local/lib/python3.10/dist-packages/custom_message-0.0.0-py3.10.egg-info/SOURCES.txt
[2.840s] -- Installing: /home/weng/work/humble_ws/src/install/custom_message/local/lib/python3.10/dist-packages/custom_message
[2.840s] -- Installing: /home/weng/work/humble_ws/src/install/custom_message/local/lib/python3.10/dist-packages/custom_message/_custom_message_s.ep.rosidl_typesupport_introspection_c.c
[2.840s] -- Installing: /home/weng/work/humble_ws/src/install/custom_message/local/lib/python3.10/dist-packages/custom_message/_custom_message_s.ep.rosidl_typesupport_fastrtps_c.c
[2.840s] -- Installing: /home/weng/work/humble_ws/src/install/custom_message/local/lib/python3.10/dist-packages/custom_message/custom_message_s__rosidl_typesupport_fastrtps_c.cpython-310-x86_64-linux-gnu.so
[2.840s] -- Installing: /home/weng/work/humble_ws/src/install/custom_message/local/lib/python3.10/dist-packages/custom_message/libcustom_message__rosidl_generator_py.so
[2.840s] -- Installing: /home/weng/work/humble_ws/src/install/custom_message/local/lib/python3.10/dist-packages/custom_message/custom_message_s__rosidl_typesupport_introspection_c.cpython-310-x86_64-linux-gnu.so
[2.840s] -- Installing: /home/weng/work/humble_ws/src/install/custom_message/local/lib/python3.10/dist-packages/custom_message/_custom_message_s.ep.rosidl_typesupport_c.c
[2.840s] -- Installing: /home/weng/work/humble_ws/src/install/custom_message/local/lib/python3.10/dist-packages/custom_message/custom_message_s__rosidl_typesupport_c.cpython-310-x86_64-linux-gnu.so
[2.840s] -- Installing: /home/weng/work/humble_ws/src/install/custom_message/local/lib/python3.10/dist-packages/custom_message/msg
[2.840s] -- Installing: /home/weng/work/humble_ws/src/install/custom_message/local/lib/python3.10/dist-packages/custom_message/msg/_sample_msg_s.c
[2.840s] -- Installing: /home/weng/work/humble_ws/src/install/custom_message/local/lib/python3.10/dist-packages/custom_message/msg/_sample_msg.py
[2.840s] -- Installing: /home/weng/work/humble_ws/src/install/custom_message/local/lib/python3.10/dist-packages/custom_message/msg/__init__.py
[2.840s] -- Installing: /home/weng/work/humble_ws/src/install/custom_message/local/lib/python3.10/dist-packages/custom_message/__init__.py
[2.877s] Listing '/home/weng/work/humble_ws/src/install/custom_message/local/lib/python3.10/dist-packages/custom_message'...
[2.877s] Compiling '/home/weng/work/humble_ws/src/install/custom_message/local/lib/python3.10/dist-packages/custom_message/__init__.py'...
[2.877s] Listing '/home/weng/work/humble_ws/src/install/custom_message/local/lib/python3.10/dist-packages/custom_message/msg'...
[2.877s] Compiling '/home/weng/work/humble_ws/src/install/custom_message/local/lib/python3.10/dist-packages/custom_message/msg/__init__.py'...
[2.877s] Compiling '/home/weng/work/humble_ws/src/install/custom_message/local/lib/python3.10/dist-packages/custom_message/msg/_sample_msg.py'...
[2.879s] -- Installing: /home/weng/work/humble_ws/src/install/custom_message/local/lib/python3.10/dist-packages/custom_message/custom_message_s__rosidl_typesupport_fastrtps_c.cpython-310-x86_64-linux-gnu.so
[2.879s] -- Set non-toolchain portion of runtime path of "/home/weng/work/humble_ws/src/install/custom_message/local/lib/python3.10/dist-packages/custom_message/custom_message_s__rosidl_typesupport_fastrtps_c.cpython-310-x86_64-linux-gnu.so" to ""
[2.879s] -- Installing: /home/weng/work/humble_ws/src/install/custom_message/local/lib/python3.10/dist-packages/custom_message/custom_message_s__rosidl_typesupport_introspection_c.cpython-310-x86_64-linux-gnu.so
[2.880s] -- Set non-toolchain portion of runtime path of "/home/weng/work/humble_ws/src/install/custom_message/local/lib/python3.10/dist-packages/custom_message/custom_message_s__rosidl_typesupport_introspection_c.cpython-310-x86_64-linux-gnu.so" to ""
[2.880s] -- Installing: /home/weng/work/humble_ws/src/install/custom_message/local/lib/python3.10/dist-packages/custom_message/custom_message_s__rosidl_typesupport_c.cpython-310-x86_64-linux-gnu.so
[2.880s] -- Set non-toolchain portion of runtime path of "/home/weng/work/humble_ws/src/install/custom_message/local/lib/python3.10/dist-packages/custom_message/custom_message_s__rosidl_typesupport_c.cpython-310-x86_64-linux-gnu.so" to ""
[2.880s] -- Installing: /home/weng/work/humble_ws/src/install/custom_message/lib/libcustom_message__rosidl_generator_py.so
[2.880s] -- Set non-toolchain portion of runtime path of "/home/weng/work/humble_ws/src/install/custom_message/lib/libcustom_message__rosidl_generator_py.so" to ""
[2.880s] -- Installing: /home/weng/work/humble_ws/src/install/custom_message/share/custom_message/msg/SampleMsg.idl
[2.880s] -- Installing: /home/weng/work/humble_ws/src/install/custom_message/share/custom_message/msg/SampleMsg.msg
[2.880s] -- Installing: /home/weng/work/humble_ws/src/install/custom_message/share/ament_index/resource_index/package_run_dependencies/custom_message
[2.880s] -- Installing: /home/weng/work/humble_ws/src/install/custom_message/share/ament_index/resource_index/parent_prefix_path/custom_message
[2.880s] -- Installing: /home/weng/work/humble_ws/src/install/custom_message/share/custom_message/environment/ament_prefix_path.sh
[2.880s] -- Installing: /home/weng/work/humble_ws/src/install/custom_message/share/custom_message/environment/ament_prefix_path.dsv
[2.881s] -- Installing: /home/weng/work/humble_ws/src/install/custom_message/share/custom_message/environment/path.sh
[2.881s] -- Installing: /home/weng/work/humble_ws/src/install/custom_message/share/custom_message/environment/path.dsv
[2.881s] -- Installing: /home/weng/work/humble_ws/src/install/custom_message/share/custom_message/local_setup.bash
[2.881s] -- Installing: /home/weng/work/humble_ws/src/install/custom_message/share/custom_message/local_setup.sh
[2.881s] -- Installing: /home/weng/work/humble_ws/src/install/custom_message/share/custom_message/local_setup.zsh
[2.881s] -- Installing: /home/weng/work/humble_ws/src/install/custom_message/share/custom_message/local_setup.dsv
[2.881s] -- Installing: /home/weng/work/humble_ws/src/install/custom_message/share/custom_message/package.dsv
[2.881s] -- Installing: /home/weng/work/humble_ws/src/install/custom_message/share/ament_index/resource_index/packages/custom_message
[2.881s] -- Installing: /home/weng/work/humble_ws/src/install/custom_message/share/custom_message/cmake/export_custom_message__rosidl_generator_cExport.cmake
[2.881s] -- Installing: /home/weng/work/humble_ws/src/install/custom_message/share/custom_message/cmake/export_custom_message__rosidl_generator_cExport-noconfig.cmake
[2.881s] -- Installing: /home/weng/work/humble_ws/src/install/custom_message/share/custom_message/cmake/export_custom_message__rosidl_typesupport_fastrtps_cExport.cmake
[2.881s] -- Installing: /home/weng/work/humble_ws/src/install/custom_message/share/custom_message/cmake/export_custom_message__rosidl_typesupport_fastrtps_cExport-noconfig.cmake
[2.881s] -- Installing: /home/weng/work/humble_ws/src/install/custom_message/share/custom_message/cmake/export_custom_message__rosidl_generator_cppExport.cmake
[2.882s] -- Installing: /home/weng/work/humble_ws/src/install/custom_message/share/custom_message/cmake/export_custom_message__rosidl_typesupport_fastrtps_cppExport.cmake
[2.882s] -- Installing: /home/weng/work/humble_ws/src/install/custom_message/share/custom_message/cmake/export_custom_message__rosidl_typesupport_fastrtps_cppExport-noconfig.cmake
[2.882s] -- Installing: /home/weng/work/humble_ws/src/install/custom_message/share/custom_message/cmake/custom_message__rosidl_typesupport_introspection_cExport.cmake
[2.882s] -- Installing: /home/weng/work/humble_ws/src/install/custom_message/share/custom_message/cmake/custom_message__rosidl_typesupport_introspection_cExport-noconfig.cmake
[2.882s] -- Installing: /home/weng/work/humble_ws/src/install/custom_message/share/custom_message/cmake/custom_message__rosidl_typesupport_cExport.cmake
[2.882s] -- Installing: /home/weng/work/humble_ws/src/install/custom_message/share/custom_message/cmake/custom_message__rosidl_typesupport_cExport-noconfig.cmake
[2.882s] -- Installing: /home/weng/work/humble_ws/src/install/custom_message/share/custom_message/cmake/custom_message__rosidl_typesupport_introspection_cppExport.cmake
[2.882s] -- Installing: /home/weng/work/humble_ws/src/install/custom_message/share/custom_message/cmake/custom_message__rosidl_typesupport_introspection_cppExport-noconfig.cmake
[2.883s] -- Installing: /home/weng/work/humble_ws/src/install/custom_message/share/custom_message/cmake/custom_message__rosidl_typesupport_cppExport.cmake
[2.883s] -- Installing: /home/weng/work/humble_ws/src/install/custom_message/share/custom_message/cmake/custom_message__rosidl_typesupport_cppExport-noconfig.cmake
[2.883s] -- Installing: /home/weng/work/humble_ws/src/install/custom_message/share/custom_message/cmake/export_custom_message__rosidl_generator_pyExport.cmake
[2.883s] -- Installing: /home/weng/work/humble_ws/src/install/custom_message/share/custom_message/cmake/export_custom_message__rosidl_generator_pyExport-noconfig.cmake
[2.883s] -- Installing: /home/weng/work/humble_ws/src/install/custom_message/share/custom_message/cmake/rosidl_cmake-extras.cmake
[2.883s] -- Installing: /home/weng/work/humble_ws/src/install/custom_message/share/custom_message/cmake/ament_cmake_export_dependencies-extras.cmake
[2.883s] -- Installing: /home/weng/work/humble_ws/src/install/custom_message/share/custom_message/cmake/ament_cmake_export_include_directories-extras.cmake
[2.883s] -- Installing: /home/weng/work/humble_ws/src/install/custom_message/share/custom_message/cmake/ament_cmake_export_libraries-extras.cmake
[2.883s] -- Installing: /home/weng/work/humble_ws/src/install/custom_message/share/custom_message/cmake/ament_cmake_export_targets-extras.cmake
[2.884s] -- Installing: /home/weng/work/humble_ws/src/install/custom_message/share/custom_message/cmake/rosidl_cmake_export_typesupport_targets-extras.cmake
[2.884s] -- Installing: /home/weng/work/humble_ws/src/install/custom_message/share/custom_message/cmake/rosidl_cmake_export_typesupport_libraries-extras.cmake
[2.884s] -- Installing: /home/weng/work/humble_ws/src/install/custom_message/share/custom_message/cmake/custom_messageConfig.cmake
[2.884s] -- Installing: /home/weng/work/humble_ws/src/install/custom_message/share/custom_message/cmake/custom_messageConfig-version.cmake
[2.884s] -- Installing: /home/weng/work/humble_ws/src/install/custom_message/share/custom_message/package.xml
[2.887s] Invoked command in '/home/weng/work/humble_ws/src/build/custom_message' returned '0': CMAKE_PREFIX_PATH=/opt/ros/humble /usr/local/bin/cmake --install /home/weng/work/humble_ws/src/build/custom_message
