[0.163s] Invoking command in '/home/weng/work/humble_ws/src/build/turtlebot3_navigation2': CMAKE_PREFIX_PATH=/opt/ros/humble /usr/local/bin/cmake /home/weng/work/humble_ws/src/turtlebot3/turtlebot3_navigation2 -DCMAKE_INSTALL_PREFIX=/home/weng/work/humble_ws/src/install/turtlebot3_navigation2
[0.560s] -- The C compiler identification is GNU 11.4.0
[0.560s] -- The CXX compiler identification is GNU 11.4.0
[0.560s] -- Detecting C compiler ABI info
[0.560s] -- Detecting C compiler ABI info - done
[0.560s] -- Check for working C compiler: /usr/bin/cc - skipped
[0.560s] -- Detecting C compile features
[0.560s] -- Detecting C compile features - done
[0.560s] -- Detecting CXX compiler ABI info
[0.560s] -- Detecting CXX compiler ABI info - done
[0.560s] -- Check for working CXX compiler: /usr/bin/c++ - skipped
[0.560s] -- Detecting CXX compile features
[0.561s] -- Detecting CXX compile features - done
[0.561s] -- Found ament_cmake: 1.3.8 (/opt/ros/humble/share/ament_cmake/cmake)
[0.561s] -- Found Python3: /usr/bin/python3 (found version "3.10.12") found components: Interpreter 
[0.561s] -- Configuring done (0.3s)
[0.561s] -- Generating done (0.0s)
[0.561s] -- Build files have been written to: /home/weng/work/humble_ws/src/build/turtlebot3_navigation2
[0.563s] Invoked command in '/home/weng/work/humble_ws/src/build/turtlebot3_navigation2' returned '0': CMAKE_PREFIX_PATH=/opt/ros/humble /usr/local/bin/cmake /home/weng/work/humble_ws/src/turtlebot3/turtlebot3_navigation2 -DCMAKE_INSTALL_PREFIX=/home/weng/work/humble_ws/src/install/turtlebot3_navigation2
[0.563s] Invoking command in '/home/weng/work/humble_ws/src/build/turtlebot3_navigation2': CMAKE_PREFIX_PATH=/opt/ros/humble /usr/local/bin/cmake --build /home/weng/work/humble_ws/src/build/turtlebot3_navigation2 -- -j24 -l24
[0.583s] Invoked command in '/home/weng/work/humble_ws/src/build/turtlebot3_navigation2' returned '0': CMAKE_PREFIX_PATH=/opt/ros/humble /usr/local/bin/cmake --build /home/weng/work/humble_ws/src/build/turtlebot3_navigation2 -- -j24 -l24
[0.620s] Invoking command in '/home/weng/work/humble_ws/src/build/turtlebot3_navigation2': CMAKE_PREFIX_PATH=/opt/ros/humble /usr/local/bin/cmake --install /home/weng/work/humble_ws/src/build/turtlebot3_navigation2
[0.631s] -- Install configuration: ""
[0.631s] -- Installing: /home/weng/work/humble_ws/src/install/turtlebot3_navigation2/share/turtlebot3_navigation2/launch
[0.631s] -- Installing: /home/weng/work/humble_ws/src/install/turtlebot3_navigation2/share/turtlebot3_navigation2/launch/navigation2.launch.py
[0.631s] -- Installing: /home/weng/work/humble_ws/src/install/turtlebot3_navigation2/share/turtlebot3_navigation2/map
[0.631s] -- Installing: /home/weng/work/humble_ws/src/install/turtlebot3_navigation2/share/turtlebot3_navigation2/map/map.pgm
[0.632s] -- Installing: /home/weng/work/humble_ws/src/install/turtlebot3_navigation2/share/turtlebot3_navigation2/map/map.yaml
[0.632s] -- Installing: /home/weng/work/humble_ws/src/install/turtlebot3_navigation2/share/turtlebot3_navigation2/param
[0.632s] -- Installing: /home/weng/work/humble_ws/src/install/turtlebot3_navigation2/share/turtlebot3_navigation2/param/waffle_pi.yaml
[0.632s] -- Installing: /home/weng/work/humble_ws/src/install/turtlebot3_navigation2/share/turtlebot3_navigation2/param/waffle.yaml
[0.632s] -- Installing: /home/weng/work/humble_ws/src/install/turtlebot3_navigation2/share/turtlebot3_navigation2/param/burger.yaml
[0.632s] -- Installing: /home/weng/work/humble_ws/src/install/turtlebot3_navigation2/share/turtlebot3_navigation2/rviz
[0.632s] -- Installing: /home/weng/work/humble_ws/src/install/turtlebot3_navigation2/share/turtlebot3_navigation2/rviz/tb3_navigation2.rviz
[0.632s] -- Installing: /home/weng/work/humble_ws/src/install/turtlebot3_navigation2/share/ament_index/resource_index/package_run_dependencies/turtlebot3_navigation2
[0.633s] -- Installing: /home/weng/work/humble_ws/src/install/turtlebot3_navigation2/share/ament_index/resource_index/parent_prefix_path/turtlebot3_navigation2
[0.633s] -- Installing: /home/weng/work/humble_ws/src/install/turtlebot3_navigation2/share/turtlebot3_navigation2/environment/ament_prefix_path.sh
[0.633s] -- Installing: /home/weng/work/humble_ws/src/install/turtlebot3_navigation2/share/turtlebot3_navigation2/environment/ament_prefix_path.dsv
[0.633s] -- Installing: /home/weng/work/humble_ws/src/install/turtlebot3_navigation2/share/turtlebot3_navigation2/environment/path.sh
[0.633s] -- Installing: /home/weng/work/humble_ws/src/install/turtlebot3_navigation2/share/turtlebot3_navigation2/environment/path.dsv
[0.633s] -- Installing: /home/weng/work/humble_ws/src/install/turtlebot3_navigation2/share/turtlebot3_navigation2/local_setup.bash
[0.633s] -- Installing: /home/weng/work/humble_ws/src/install/turtlebot3_navigation2/share/turtlebot3_navigation2/local_setup.sh
[0.633s] -- Installing: /home/weng/work/humble_ws/src/install/turtlebot3_navigation2/share/turtlebot3_navigation2/local_setup.zsh
[0.633s] -- Installing: /home/weng/work/humble_ws/src/install/turtlebot3_navigation2/share/turtlebot3_navigation2/local_setup.dsv
[0.633s] -- Installing: /home/weng/work/humble_ws/src/install/turtlebot3_navigation2/share/turtlebot3_navigation2/package.dsv
[0.633s] -- Installing: /home/weng/work/humble_ws/src/install/turtlebot3_navigation2/share/ament_index/resource_index/packages/turtlebot3_navigation2
[0.633s] -- Installing: /home/weng/work/humble_ws/src/install/turtlebot3_navigation2/share/turtlebot3_navigation2/cmake/turtlebot3_navigation2Config.cmake
[0.633s] -- Installing: /home/weng/work/humble_ws/src/install/turtlebot3_navigation2/share/turtlebot3_navigation2/cmake/turtlebot3_navigation2Config-version.cmake
[0.633s] -- Installing: /home/weng/work/humble_ws/src/install/turtlebot3_navigation2/share/turtlebot3_navigation2/package.xml
[0.661s] Invoked command in '/home/weng/work/humble_ws/src/build/turtlebot3_navigation2' returned '0': CMAKE_PREFIX_PATH=/opt/ros/humble /usr/local/bin/cmake --install /home/weng/work/humble_ws/src/build/turtlebot3_navigation2
