[0.327s] Invoking command in '/home/weng/work/build/turtlebot3_navigation2': CMAKE_PREFIX_PATH=/opt/ros/humble /usr/local/bin/cmake --build /home/weng/work/build/turtlebot3_navigation2 -- -j16 -l16
[0.897s] Invoked command in '/home/weng/work/build/turtlebot3_navigation2' returned '0': CMAKE_PREFIX_PATH=/opt/ros/humble /usr/local/bin/cmake --build /home/weng/work/build/turtlebot3_navigation2 -- -j16 -l16
[0.962s] Invoking command in '/home/weng/work/build/turtlebot3_navigation2': CMAKE_PREFIX_PATH=/opt/ros/humble /usr/local/bin/cmake --install /home/weng/work/build/turtlebot3_navigation2
[0.992s] -- Install configuration: ""
[0.993s] -- Up-to-date: /home/weng/work/install/turtlebot3_navigation2/share/turtlebot3_navigation2/launch
[0.993s] -- Up-to-date: /home/weng/work/install/turtlebot3_navigation2/share/turtlebot3_navigation2/launch/navigation2.launch.py
[0.993s] -- Up-to-date: /home/weng/work/install/turtlebot3_navigation2/share/turtlebot3_navigation2/map
[0.995s] -- Up-to-date: /home/weng/work/install/turtlebot3_navigation2/share/turtlebot3_navigation2/map/map.yaml
[0.995s] -- Up-to-date: /home/weng/work/install/turtlebot3_navigation2/share/turtlebot3_navigation2/map/map.pgm
[0.995s] -- Up-to-date: /home/weng/work/install/turtlebot3_navigation2/share/turtlebot3_navigation2/param
[0.995s] -- Up-to-date: /home/weng/work/install/turtlebot3_navigation2/share/turtlebot3_navigation2/param/waffle_pi.yaml
[0.995s] -- Up-to-date: /home/weng/work/install/turtlebot3_navigation2/share/turtlebot3_navigation2/param/waffle.yaml
[0.996s] -- Up-to-date: /home/weng/work/install/turtlebot3_navigation2/share/turtlebot3_navigation2/param/burger.yaml
[0.996s] -- Up-to-date: /home/weng/work/install/turtlebot3_navigation2/share/turtlebot3_navigation2/rviz
[0.996s] -- Up-to-date: /home/weng/work/install/turtlebot3_navigation2/share/turtlebot3_navigation2/rviz/tb3_navigation2.rviz
[0.997s] -- Up-to-date: /home/weng/work/install/turtlebot3_navigation2/share/ament_index/resource_index/package_run_dependencies/turtlebot3_navigation2
[0.998s] -- Up-to-date: /home/weng/work/install/turtlebot3_navigation2/share/ament_index/resource_index/parent_prefix_path/turtlebot3_navigation2
[0.998s] -- Up-to-date: /home/weng/work/install/turtlebot3_navigation2/share/turtlebot3_navigation2/environment/ament_prefix_path.sh
[0.998s] -- Up-to-date: /home/weng/work/install/turtlebot3_navigation2/share/turtlebot3_navigation2/environment/ament_prefix_path.dsv
[0.998s] -- Up-to-date: /home/weng/work/install/turtlebot3_navigation2/share/turtlebot3_navigation2/environment/path.sh
[0.998s] -- Up-to-date: /home/weng/work/install/turtlebot3_navigation2/share/turtlebot3_navigation2/environment/path.dsv
[0.998s] -- Up-to-date: /home/weng/work/install/turtlebot3_navigation2/share/turtlebot3_navigation2/local_setup.bash
[0.999s] -- Up-to-date: /home/weng/work/install/turtlebot3_navigation2/share/turtlebot3_navigation2/local_setup.sh
[0.999s] -- Up-to-date: /home/weng/work/install/turtlebot3_navigation2/share/turtlebot3_navigation2/local_setup.zsh
[0.999s] -- Up-to-date: /home/weng/work/install/turtlebot3_navigation2/share/turtlebot3_navigation2/local_setup.dsv
[0.999s] -- Installing: /home/weng/work/install/turtlebot3_navigation2/share/turtlebot3_navigation2/package.dsv
[1.001s] -- Up-to-date: /home/weng/work/install/turtlebot3_navigation2/share/ament_index/resource_index/packages/turtlebot3_navigation2
[1.001s] -- Up-to-date: /home/weng/work/install/turtlebot3_navigation2/share/turtlebot3_navigation2/cmake/turtlebot3_navigation2Config.cmake
[1.002s] -- Up-to-date: /home/weng/work/install/turtlebot3_navigation2/share/turtlebot3_navigation2/cmake/turtlebot3_navigation2Config-version.cmake
[1.002s] -- Up-to-date: /home/weng/work/install/turtlebot3_navigation2/share/turtlebot3_navigation2/package.xml
[1.082s] Invoked command in '/home/weng/work/build/turtlebot3_navigation2' returned '0': CMAKE_PREFIX_PATH=/opt/ros/humble /usr/local/bin/cmake --install /home/weng/work/build/turtlebot3_navigation2
