[0.155s] Invoking command in '/home/weng/work/build/turtlebot3_node': AMENT_PREFIX_PATH=/home/weng/work/install/turtlebot3_msgs:${AMENT_PREFIX_PATH} CMAKE_PREFIX_PATH=/home/weng/work/install/turtlebot3_msgs:/opt/ros/humble LD_LIBRARY_PATH=/home/weng/work/install/turtlebot3_msgs/lib:${LD_LIBRARY_PATH} PYTHONPATH=/home/weng/work/install/turtlebot3_msgs/local/lib/python3.10/dist-packages:${PYTHONPATH} /usr/local/bin/cmake /home/weng/work/src/turtlebot3/turtlebot3_node -DCMAKE_INSTALL_PREFIX=/home/weng/work/install/turtlebot3_node
[0.223s] -- The C compiler identification is GNU 11.4.0
[0.278s] -- The CXX compiler identification is GNU 11.4.0
[0.294s] -- Detecting C compiler ABI info
[0.359s] -- Detecting C compiler ABI info - done
[0.370s] -- Check for working C compiler: /usr/bin/cc - skipped
[0.370s] -- Detecting C compile features
[0.370s] -- Detecting C compile features - done
[0.380s] -- Detecting CXX compiler ABI info
[0.455s] -- Detecting CXX compiler ABI info - done
[0.466s] -- Check for working CXX compiler: /usr/bin/c++ - skipped
[0.466s] -- Detecting CXX compile features
[0.467s] -- Detecting CXX compile features - done
[0.470s] -- Found ament_cmake: 1.3.6 (/opt/ros/humble/share/ament_cmake/cmake)
[0.861s] -- Found Python3: /usr/bin/python3.10 (found version "3.10.12") found components: Interpreter 
[0.958s] [31mCMake Error at CMakeLists.txt:19 (find_package):
[0.959s]   By not providing "Finddynamixel_sdk.cmake" in CMAKE_MODULE_PATH this
[0.959s]   project has asked CMake to find a package configuration file provided by
[0.959s]   "dynamixel_sdk", but CMake did not find one.
[0.959s] 
[0.960s]   Could not find a package configuration file provided by "dynamixel_sdk"
[0.960s]   with any of the following names:
[0.960s] 
[0.960s]     dynamixel_sdkConfig.cmake
[0.961s]     dynamixel_sdk-config.cmake
[0.961s] 
[0.961s]   Add the installation prefix of "dynamixel_sdk" to CMAKE_PREFIX_PATH or set
[0.962s]   "dynamixel_sdk_DIR" to a directory containing one of the above files.  If
[0.962s]   "dynamixel_sdk" provides a separate development package or SDK, be sure it
[0.962s]   has been installed.
[0.962s] 
[0.963s] [0m
[0.963s] -- Configuring incomplete, errors occurred!
[0.986s] Invoked command in '/home/weng/work/build/turtlebot3_node' returned '1': AMENT_PREFIX_PATH=/home/weng/work/install/turtlebot3_msgs:${AMENT_PREFIX_PATH} CMAKE_PREFIX_PATH=/home/weng/work/install/turtlebot3_msgs:/opt/ros/humble LD_LIBRARY_PATH=/home/weng/work/install/turtlebot3_msgs/lib:${LD_LIBRARY_PATH} PYTHONPATH=/home/weng/work/install/turtlebot3_msgs/local/lib/python3.10/dist-packages:${PYTHONPATH} /usr/local/bin/cmake /home/weng/work/src/turtlebot3/turtlebot3_node -DCMAKE_INSTALL_PREFIX=/home/weng/work/install/turtlebot3_node
