[0.038s] Invoking command in '/home/weng/work/humble_ws/build/turtlebot3_node': AMENT_PREFIX_PATH=/home/weng/work/humble_ws/install/turtlebot3_msgs:${AMENT_PREFIX_PATH} CMAKE_PREFIX_PATH=/home/weng/work/humble_ws/install/turtlebot3_msgs:/opt/ros/humble LD_LIBRARY_PATH=/home/weng/work/humble_ws/install/turtlebot3_msgs/lib:${LD_LIBRARY_PATH} PYTHONPATH=/home/weng/work/humble_ws/install/turtlebot3_msgs/local/lib/python3.10/dist-packages:${PYTHONPATH} /usr/bin/cmake /home/weng/work/humble_ws/src/turtlebot3/turtlebot3_node -DCMAKE_INSTALL_PREFIX=/home/weng/work/humble_ws/install/turtlebot3_node
[0.065s] -- The C compiler identification is GNU 11.4.0
[0.091s] -- The CXX compiler identification is GNU 11.4.0
[0.094s] -- Detecting C compiler ABI info
[0.128s] -- Detecting C compiler ABI info - done
[0.131s] -- Check for working C compiler: /usr/bin/cc - skipped
[0.131s] -- Detecting C compile features
[0.131s] -- Detecting C compile features - done
[0.133s] -- Detecting CXX compiler ABI info
[0.170s] -- Detecting CXX compiler ABI info - done
[0.174s] -- Check for working CXX compiler: /usr/bin/c++ - skipped
[0.174s] -- Detecting CXX compile features
[0.174s] -- Detecting CXX compile features - done
[0.176s] -- Found ament_cmake: 1.3.8 (/opt/ros/humble/share/ament_cmake/cmake)
[0.247s] -- Found Python3: /usr/bin/python3 (found version "3.10.12") found components: Interpreter 
[0.291s] -- Found dynamixel_sdk: 3.7.60 (/opt/ros/humble/share/dynamixel_sdk/cmake)
[0.293s] -- Found geometry_msgs: 4.2.3 (/opt/ros/humble/share/geometry_msgs/cmake)
[0.312s] -- Found rosidl_generator_c: 3.1.5 (/opt/ros/humble/share/rosidl_generator_c/cmake)
[0.315s] -- Found rosidl_adapter: 3.1.5 (/opt/ros/humble/share/rosidl_adapter/cmake)
[0.319s] -- Found rosidl_generator_cpp: 3.1.5 (/opt/ros/humble/share/rosidl_generator_cpp/cmake)
[0.326s] -- Using all available rosidl_typesupport_c: rosidl_typesupport_fastrtps_c;rosidl_typesupport_introspection_c
[0.336s] -- Using all available rosidl_typesupport_cpp: rosidl_typesupport_fastrtps_cpp;rosidl_typesupport_introspection_cpp
[0.393s] -- Found message_filters: 4.3.3 (/opt/ros/humble/share/message_filters/cmake)
[0.425s] -- Found rmw_implementation_cmake: 6.1.1 (/opt/ros/humble/share/rmw_implementation_cmake/cmake)
[0.426s] -- Found rmw_fastrtps_cpp: 6.2.6 (/opt/ros/humble/share/rmw_fastrtps_cpp/cmake)
[0.473s] -- Found OpenSSL: /usr/lib/x86_64-linux-gnu/libcrypto.so (found version "3.0.2")  
[0.488s] -- Found FastRTPS: /opt/ros/humble/include  
[0.516s] -- Using RMW implementation 'rmw_fastrtps_cpp' as default
[0.521s] -- Looking for pthread.h
[0.553s] -- Looking for pthread.h - found
[0.553s] -- Performing Test CMAKE_HAVE_LIBC_PTHREAD
[0.586s] -- Performing Test CMAKE_HAVE_LIBC_PTHREAD - Success
[0.586s] -- Found Threads: TRUE  
[0.653s] -- Found nav_msgs: 4.2.3 (/opt/ros/humble/share/nav_msgs/cmake)
[0.693s] -- Found sensor_msgs: 4.2.3 (/opt/ros/humble/share/sensor_msgs/cmake)
[0.735s] -- Found std_srvs: 4.2.3 (/opt/ros/humble/share/std_srvs/cmake)
[0.745s] -- Found tf2: 0.25.6 (/opt/ros/humble/share/tf2/cmake)
[0.753s] -- Found tf2_ros: 0.25.6 (/opt/ros/humble/share/tf2_ros/cmake)
[0.916s] -- Found turtlebot3_msgs: 2.2.3 (/home/weng/work/humble_ws/install/turtlebot3_msgs/share/turtlebot3_msgs/cmake)
[0.987s] -- Configuring done
[0.995s] -- Generating done
[0.996s] -- Build files have been written to: /home/weng/work/humble_ws/build/turtlebot3_node
[1.001s] Invoked command in '/home/weng/work/humble_ws/build/turtlebot3_node' returned '0': AMENT_PREFIX_PATH=/home/weng/work/humble_ws/install/turtlebot3_msgs:${AMENT_PREFIX_PATH} CMAKE_PREFIX_PATH=/home/weng/work/humble_ws/install/turtlebot3_msgs:/opt/ros/humble LD_LIBRARY_PATH=/home/weng/work/humble_ws/install/turtlebot3_msgs/lib:${LD_LIBRARY_PATH} PYTHONPATH=/home/weng/work/humble_ws/install/turtlebot3_msgs/local/lib/python3.10/dist-packages:${PYTHONPATH} /usr/bin/cmake /home/weng/work/humble_ws/src/turtlebot3/turtlebot3_node -DCMAKE_INSTALL_PREFIX=/home/weng/work/humble_ws/install/turtlebot3_node
[1.002s] Invoking command in '/home/weng/work/humble_ws/build/turtlebot3_node': AMENT_PREFIX_PATH=/home/weng/work/humble_ws/install/turtlebot3_msgs:${AMENT_PREFIX_PATH} CMAKE_PREFIX_PATH=/home/weng/work/humble_ws/install/turtlebot3_msgs:/opt/ros/humble LD_LIBRARY_PATH=/home/weng/work/humble_ws/install/turtlebot3_msgs/lib:${LD_LIBRARY_PATH} PYTHONPATH=/home/weng/work/humble_ws/install/turtlebot3_msgs/local/lib/python3.10/dist-packages:${PYTHONPATH} /usr/bin/cmake --build /home/weng/work/humble_ws/build/turtlebot3_node -- -j24 -l24
[1.025s] [ 14%] [32mBuilding CXX object CMakeFiles/turtlebot3_node_lib.dir/src/devices/sound.cpp.o[0m
[1.025s] [ 14%] [32mBuilding CXX object CMakeFiles/turtlebot3_node_lib.dir/src/devices/reset.cpp.o[0m
[1.025s] [ 21%] [32mBuilding CXX object CMakeFiles/turtlebot3_node_lib.dir/src/diff_drive_controller.cpp.o[0m
[1.025s] [ 28%] [32mBuilding CXX object CMakeFiles/turtlebot3_node_lib.dir/src/devices/motor_power.cpp.o[0m
[1.025s] [ 35%] [32mBuilding CXX object CMakeFiles/turtlebot3_node_lib.dir/src/dynamixel_sdk_wrapper.cpp.o[0m
[1.025s] [ 42%] [32mBuilding CXX object CMakeFiles/turtlebot3_node_lib.dir/src/odometry.cpp.o[0m
[1.027s] [ 50%] [32mBuilding CXX object CMakeFiles/turtlebot3_node_lib.dir/src/sensors/joint_state.cpp.o[0m
[1.027s] [ 57%] [32mBuilding CXX object CMakeFiles/turtlebot3_node_lib.dir/src/sensors/battery_state.cpp.o[0m
[1.027s] [ 64%] [32mBuilding CXX object CMakeFiles/turtlebot3_node_lib.dir/src/turtlebot3.cpp.o[0m
[1.027s] [ 71%] [32mBuilding CXX object CMakeFiles/turtlebot3_node_lib.dir/src/sensors/imu.cpp.o[0m
[1.028s] [ 78%] [32mBuilding CXX object CMakeFiles/turtlebot3_node_lib.dir/src/sensors/sensor_state.cpp.o[0m
[9.582s] [ 85%] [32m[1mLinking CXX static library libturtlebot3_node_lib.a[0m
[9.835s] [ 85%] Built target turtlebot3_node_lib
[9.844s] [ 92%] [32mBuilding CXX object CMakeFiles/turtlebot3_ros.dir/src/node_main.cpp.o[0m
[11.323s] [100%] [32m[1mLinking CXX executable turtlebot3_ros[0m
[12.056s] [100%] Built target turtlebot3_ros
[12.062s] Invoked command in '/home/weng/work/humble_ws/build/turtlebot3_node' returned '0': AMENT_PREFIX_PATH=/home/weng/work/humble_ws/install/turtlebot3_msgs:${AMENT_PREFIX_PATH} CMAKE_PREFIX_PATH=/home/weng/work/humble_ws/install/turtlebot3_msgs:/opt/ros/humble LD_LIBRARY_PATH=/home/weng/work/humble_ws/install/turtlebot3_msgs/lib:${LD_LIBRARY_PATH} PYTHONPATH=/home/weng/work/humble_ws/install/turtlebot3_msgs/local/lib/python3.10/dist-packages:${PYTHONPATH} /usr/bin/cmake --build /home/weng/work/humble_ws/build/turtlebot3_node -- -j24 -l24
[12.081s] Invoking command in '/home/weng/work/humble_ws/build/turtlebot3_node': AMENT_PREFIX_PATH=/home/weng/work/humble_ws/install/turtlebot3_msgs:${AMENT_PREFIX_PATH} CMAKE_PREFIX_PATH=/home/weng/work/humble_ws/install/turtlebot3_msgs:/opt/ros/humble LD_LIBRARY_PATH=/home/weng/work/humble_ws/install/turtlebot3_msgs/lib:${LD_LIBRARY_PATH} PYTHONPATH=/home/weng/work/humble_ws/install/turtlebot3_msgs/local/lib/python3.10/dist-packages:${PYTHONPATH} /usr/bin/cmake --install /home/weng/work/humble_ws/build/turtlebot3_node
[12.084s] -- Install configuration: ""
[12.084s] -- Installing: /home/weng/work/humble_ws/install/turtlebot3_node/share/turtlebot3_node/param
[12.084s] -- Installing: /home/weng/work/humble_ws/install/turtlebot3_node/share/turtlebot3_node/param/waffle_pi.yaml
[12.084s] -- Installing: /home/weng/work/humble_ws/install/turtlebot3_node/share/turtlebot3_node/param/waffle.yaml
[12.084s] -- Installing: /home/weng/work/humble_ws/install/turtlebot3_node/share/turtlebot3_node/param/burger.yaml
[12.084s] -- Installing: /home/weng/work/humble_ws/install/turtlebot3_node/lib/turtlebot3_node/turtlebot3_ros
[12.090s] -- Set runtime path of "/home/weng/work/humble_ws/install/turtlebot3_node/lib/turtlebot3_node/turtlebot3_ros" to ""
[12.090s] -- Installing: /home/weng/work/humble_ws/install/turtlebot3_node/share/ament_index/resource_index/package_run_dependencies/turtlebot3_node
[12.090s] -- Installing: /home/weng/work/humble_ws/install/turtlebot3_node/share/ament_index/resource_index/parent_prefix_path/turtlebot3_node
[12.090s] -- Installing: /home/weng/work/humble_ws/install/turtlebot3_node/share/turtlebot3_node/environment/ament_prefix_path.sh
[12.090s] -- Installing: /home/weng/work/humble_ws/install/turtlebot3_node/share/turtlebot3_node/environment/ament_prefix_path.dsv
[12.090s] -- Installing: /home/weng/work/humble_ws/install/turtlebot3_node/share/turtlebot3_node/environment/path.sh
[12.090s] -- Installing: /home/weng/work/humble_ws/install/turtlebot3_node/share/turtlebot3_node/environment/path.dsv
[12.090s] -- Installing: /home/weng/work/humble_ws/install/turtlebot3_node/share/turtlebot3_node/local_setup.bash
[12.090s] -- Installing: /home/weng/work/humble_ws/install/turtlebot3_node/share/turtlebot3_node/local_setup.sh
[12.091s] -- Installing: /home/weng/work/humble_ws/install/turtlebot3_node/share/turtlebot3_node/local_setup.zsh
[12.091s] -- Installing: /home/weng/work/humble_ws/install/turtlebot3_node/share/turtlebot3_node/local_setup.dsv
[12.091s] -- Installing: /home/weng/work/humble_ws/install/turtlebot3_node/share/turtlebot3_node/package.dsv
[12.091s] -- Installing: /home/weng/work/humble_ws/install/turtlebot3_node/share/ament_index/resource_index/packages/turtlebot3_node
[12.091s] -- Installing: /home/weng/work/humble_ws/install/turtlebot3_node/share/turtlebot3_node/cmake/ament_cmake_export_include_directories-extras.cmake
[12.091s] -- Installing: /home/weng/work/humble_ws/install/turtlebot3_node/share/turtlebot3_node/cmake/turtlebot3_nodeConfig.cmake
[12.091s] -- Installing: /home/weng/work/humble_ws/install/turtlebot3_node/share/turtlebot3_node/cmake/turtlebot3_nodeConfig-version.cmake
[12.091s] -- Installing: /home/weng/work/humble_ws/install/turtlebot3_node/share/turtlebot3_node/package.xml
[12.092s] Invoked command in '/home/weng/work/humble_ws/build/turtlebot3_node' returned '0': AMENT_PREFIX_PATH=/home/weng/work/humble_ws/install/turtlebot3_msgs:${AMENT_PREFIX_PATH} CMAKE_PREFIX_PATH=/home/weng/work/humble_ws/install/turtlebot3_msgs:/opt/ros/humble LD_LIBRARY_PATH=/home/weng/work/humble_ws/install/turtlebot3_msgs/lib:${LD_LIBRARY_PATH} PYTHONPATH=/home/weng/work/humble_ws/install/turtlebot3_msgs/local/lib/python3.10/dist-packages:${PYTHONPATH} /usr/bin/cmake --install /home/weng/work/humble_ws/build/turtlebot3_node
