[0.221s] Invoking command in '/home/weng/work/humble_ws/build/turtlebot3_navigation2': CMAKE_PREFIX_PATH=${CMAKE_PREFIX_PATH}:/home/weng/work/humble_ws/install/wit_ros2_imu:/home/weng/work/humble_ws/install/turtlebot3_teleop:/home/weng/work/humble_ws/install/turtlebot3_example:/home/weng/work/humble_ws/install/isaac_ros_navigation_goal:/opt/ros/humble /usr/bin/cmake --build /home/weng/work/humble_ws/build/turtlebot3_navigation2 -- -j24 -l24
[0.659s] Invoked command in '/home/weng/work/humble_ws/build/turtlebot3_navigation2' returned '0': CMAKE_PREFIX_PATH=${CMAKE_PREFIX_PATH}:/home/weng/work/humble_ws/install/wit_ros2_imu:/home/weng/work/humble_ws/install/turtlebot3_teleop:/home/weng/work/humble_ws/install/turtlebot3_example:/home/weng/work/humble_ws/install/isaac_ros_navigation_goal:/opt/ros/humble /usr/bin/cmake --build /home/weng/work/humble_ws/build/turtlebot3_navigation2 -- -j24 -l24
[0.677s] Invoking command in '/home/weng/work/humble_ws/build/turtlebot3_navigation2': CMAKE_PREFIX_PATH=${CMAKE_PREFIX_PATH}:/home/weng/work/humble_ws/install/wit_ros2_imu:/home/weng/work/humble_ws/install/turtlebot3_teleop:/home/weng/work/humble_ws/install/turtlebot3_example:/home/weng/work/humble_ws/install/isaac_ros_navigation_goal:/opt/ros/humble /usr/bin/cmake --install /home/weng/work/humble_ws/build/turtlebot3_navigation2
[0.681s] -- Install configuration: ""
[0.682s] -- Up-to-date: /home/weng/work/humble_ws/install/turtlebot3_navigation2/share/turtlebot3_navigation2/launch
[0.683s] -- Up-to-date: /home/weng/work/humble_ws/install/turtlebot3_navigation2/share/turtlebot3_navigation2/launch/navigation2.launch.py
[0.683s] -- Up-to-date: /home/weng/work/humble_ws/install/turtlebot3_navigation2/share/turtlebot3_navigation2/map
[0.684s] -- Up-to-date: /home/weng/work/humble_ws/install/turtlebot3_navigation2/share/turtlebot3_navigation2/map/map.pgm
[0.684s] -- Up-to-date: /home/weng/work/humble_ws/install/turtlebot3_navigation2/share/turtlebot3_navigation2/map/map.yaml
[0.685s] -- Up-to-date: /home/weng/work/humble_ws/install/turtlebot3_navigation2/share/turtlebot3_navigation2/param
[0.685s] -- Up-to-date: /home/weng/work/humble_ws/install/turtlebot3_navigation2/share/turtlebot3_navigation2/param/waffle_pi.yaml
[0.685s] -- Up-to-date: /home/weng/work/humble_ws/install/turtlebot3_navigation2/share/turtlebot3_navigation2/param/waffle.yaml
[0.685s] -- Up-to-date: /home/weng/work/humble_ws/install/turtlebot3_navigation2/share/turtlebot3_navigation2/param/burger.yaml
[0.685s] -- Up-to-date: /home/weng/work/humble_ws/install/turtlebot3_navigation2/share/turtlebot3_navigation2/rviz
[0.685s] -- Up-to-date: /home/weng/work/humble_ws/install/turtlebot3_navigation2/share/turtlebot3_navigation2/rviz/tb3_navigation2.rviz
[0.686s] -- Up-to-date: /home/weng/work/humble_ws/install/turtlebot3_navigation2/share/ament_index/resource_index/package_run_dependencies/turtlebot3_navigation2
[0.686s] -- Up-to-date: /home/weng/work/humble_ws/install/turtlebot3_navigation2/share/ament_index/resource_index/parent_prefix_path/turtlebot3_navigation2
[0.686s] -- Up-to-date: /home/weng/work/humble_ws/install/turtlebot3_navigation2/share/turtlebot3_navigation2/environment/ament_prefix_path.sh
[0.686s] -- Up-to-date: /home/weng/work/humble_ws/install/turtlebot3_navigation2/share/turtlebot3_navigation2/environment/ament_prefix_path.dsv
[0.686s] -- Up-to-date: /home/weng/work/humble_ws/install/turtlebot3_navigation2/share/turtlebot3_navigation2/environment/path.sh
[0.686s] -- Up-to-date: /home/weng/work/humble_ws/install/turtlebot3_navigation2/share/turtlebot3_navigation2/environment/path.dsv
[0.686s] -- Up-to-date: /home/weng/work/humble_ws/install/turtlebot3_navigation2/share/turtlebot3_navigation2/local_setup.bash
[0.686s] -- Up-to-date: /home/weng/work/humble_ws/install/turtlebot3_navigation2/share/turtlebot3_navigation2/local_setup.sh
[0.687s] -- Up-to-date: /home/weng/work/humble_ws/install/turtlebot3_navigation2/share/turtlebot3_navigation2/local_setup.zsh
[0.687s] -- Up-to-date: /home/weng/work/humble_ws/install/turtlebot3_navigation2/share/turtlebot3_navigation2/local_setup.dsv
[0.687s] -- Up-to-date: /home/weng/work/humble_ws/install/turtlebot3_navigation2/share/turtlebot3_navigation2/package.dsv
[0.687s] -- Up-to-date: /home/weng/work/humble_ws/install/turtlebot3_navigation2/share/ament_index/resource_index/packages/turtlebot3_navigation2
[0.687s] -- Up-to-date: /home/weng/work/humble_ws/install/turtlebot3_navigation2/share/turtlebot3_navigation2/cmake/turtlebot3_navigation2Config.cmake
[0.687s] -- Up-to-date: /home/weng/work/humble_ws/install/turtlebot3_navigation2/share/turtlebot3_navigation2/cmake/turtlebot3_navigation2Config-version.cmake
[0.687s] -- Up-to-date: /home/weng/work/humble_ws/install/turtlebot3_navigation2/share/turtlebot3_navigation2/package.xml
[0.691s] Invoked command in '/home/weng/work/humble_ws/build/turtlebot3_navigation2' returned '0': CMAKE_PREFIX_PATH=${CMAKE_PREFIX_PATH}:/home/weng/work/humble_ws/install/wit_ros2_imu:/home/weng/work/humble_ws/install/turtlebot3_teleop:/home/weng/work/humble_ws/install/turtlebot3_example:/home/weng/work/humble_ws/install/isaac_ros_navigation_goal:/opt/ros/humble /usr/bin/cmake --install /home/weng/work/humble_ws/build/turtlebot3_navigation2
