[0.042s] Invoking command in '/home/weng/work/humble_ws/src/build/turtlebot3_node': AMENT_PREFIX_PATH=/home/weng/work/humble_ws/src/install/turtlebot3_msgs:${AMENT_PREFIX_PATH} CMAKE_PREFIX_PATH=/home/weng/work/humble_ws/src/install/turtlebot3_msgs:/opt/ros/humble LD_LIBRARY_PATH=/home/weng/work/humble_ws/src/install/turtlebot3_msgs/lib:${LD_LIBRARY_PATH} PYTHONPATH=/home/weng/work/humble_ws/src/install/turtlebot3_msgs/local/lib/python3.10/dist-packages:${PYTHONPATH} /usr/local/bin/cmake /home/weng/work/humble_ws/src/turtlebot3/turtlebot3_node -DCMAKE_INSTALL_PREFIX=/home/weng/work/humble_ws/src/install/turtlebot3_node
[0.073s] -- The C compiler identification is GNU 11.4.0
[0.099s] -- The CXX compiler identification is GNU 11.4.0
[0.106s] -- Detecting C compiler ABI info
[0.133s] -- Detecting C compiler ABI info - done
[0.138s] -- Check for working C compiler: /usr/bin/cc - skipped
[0.139s] -- Detecting C compile features
[0.139s] -- Detecting C compile features - done
[0.143s] -- Detecting CXX compiler ABI info
[0.176s] -- Detecting CXX compiler ABI info - done
[0.182s] -- Check for working CXX compiler: /usr/bin/c++ - skipped
[0.182s] -- Detecting CXX compile features
[0.182s] -- Detecting CXX compile features - done
[0.183s] -- Found ament_cmake: 1.3.8 (/opt/ros/humble/share/ament_cmake/cmake)
[0.244s] -- Found Python3: /usr/bin/python3 (found version "3.10.12") found components: Interpreter 
[0.287s] -- Found dynamixel_sdk: 3.7.60 (/opt/ros/humble/share/dynamixel_sdk/cmake)
[0.289s] -- Found geometry_msgs: 4.2.3 (/opt/ros/humble/share/geometry_msgs/cmake)
[0.312s] -- Found rosidl_generator_c: 3.1.5 (/opt/ros/humble/share/rosidl_generator_c/cmake)
[0.316s] -- Found rosidl_adapter: 3.1.5 (/opt/ros/humble/share/rosidl_adapter/cmake)
[0.321s] -- Found rosidl_generator_cpp: 3.1.5 (/opt/ros/humble/share/rosidl_generator_cpp/cmake)
[0.329s] -- Using all available rosidl_typesupport_c: rosidl_typesupport_fastrtps_c;rosidl_typesupport_introspection_c
[0.341s] -- Using all available rosidl_typesupport_cpp: rosidl_typesupport_fastrtps_cpp;rosidl_typesupport_introspection_cpp
[0.410s] -- Found message_filters: 4.3.3 (/opt/ros/humble/share/message_filters/cmake)
[0.446s] -- Found rmw_implementation_cmake: 6.1.1 (/opt/ros/humble/share/rmw_implementation_cmake/cmake)
[0.448s] -- Found rmw_fastrtps_cpp: 6.2.6 (/opt/ros/humble/share/rmw_fastrtps_cpp/cmake)
[0.498s] -- Found OpenSSL: /usr/lib/x86_64-linux-gnu/libcrypto.so (found version "3.0.2")  
[0.513s] -- Found FastRTPS: /opt/ros/humble/include  
[0.541s] -- Using RMW implementation 'rmw_fastrtps_cpp' as default
[0.547s] -- Performing Test CMAKE_HAVE_LIBC_PTHREAD
[0.574s] -- Performing Test CMAKE_HAVE_LIBC_PTHREAD - Success
[0.575s] -- Found Threads: TRUE  
[0.656s] -- Found nav_msgs: 4.2.3 (/opt/ros/humble/share/nav_msgs/cmake)
[0.704s] -- Found sensor_msgs: 4.2.3 (/opt/ros/humble/share/sensor_msgs/cmake)
[0.754s] -- Found std_srvs: 4.2.3 (/opt/ros/humble/share/std_srvs/cmake)
[0.766s] -- Found tf2: 0.25.6 (/opt/ros/humble/share/tf2/cmake)
[0.775s] -- Found tf2_ros: 0.25.6 (/opt/ros/humble/share/tf2_ros/cmake)
[0.966s] -- Found turtlebot3_msgs: 2.2.3 (/home/weng/work/humble_ws/src/install/turtlebot3_msgs/share/turtlebot3_msgs/cmake)
[1.045s] -- Configuring done (1.0s)
[1.057s] -- Generating done (0.0s)
[1.058s] -- Build files have been written to: /home/weng/work/humble_ws/src/build/turtlebot3_node
[1.065s] Invoked command in '/home/weng/work/humble_ws/src/build/turtlebot3_node' returned '0': AMENT_PREFIX_PATH=/home/weng/work/humble_ws/src/install/turtlebot3_msgs:${AMENT_PREFIX_PATH} CMAKE_PREFIX_PATH=/home/weng/work/humble_ws/src/install/turtlebot3_msgs:/opt/ros/humble LD_LIBRARY_PATH=/home/weng/work/humble_ws/src/install/turtlebot3_msgs/lib:${LD_LIBRARY_PATH} PYTHONPATH=/home/weng/work/humble_ws/src/install/turtlebot3_msgs/local/lib/python3.10/dist-packages:${PYTHONPATH} /usr/local/bin/cmake /home/weng/work/humble_ws/src/turtlebot3/turtlebot3_node -DCMAKE_INSTALL_PREFIX=/home/weng/work/humble_ws/src/install/turtlebot3_node
[1.066s] Invoking command in '/home/weng/work/humble_ws/src/build/turtlebot3_node': AMENT_PREFIX_PATH=/home/weng/work/humble_ws/src/install/turtlebot3_msgs:${AMENT_PREFIX_PATH} CMAKE_PREFIX_PATH=/home/weng/work/humble_ws/src/install/turtlebot3_msgs:/opt/ros/humble LD_LIBRARY_PATH=/home/weng/work/humble_ws/src/install/turtlebot3_msgs/lib:${LD_LIBRARY_PATH} PYTHONPATH=/home/weng/work/humble_ws/src/install/turtlebot3_msgs/local/lib/python3.10/dist-packages:${PYTHONPATH} /usr/local/bin/cmake --build /home/weng/work/humble_ws/src/build/turtlebot3_node -- -j24 -l24
[1.089s] [  7%] [32mBuilding CXX object CMakeFiles/turtlebot3_node_lib.dir/src/devices/motor_power.cpp.o[0m
[1.089s] [ 14%] [32mBuilding CXX object CMakeFiles/turtlebot3_node_lib.dir/src/devices/sound.cpp.o[0m
[1.089s] [ 21%] [32mBuilding CXX object CMakeFiles/turtlebot3_node_lib.dir/src/devices/reset.cpp.o[0m
[1.089s] [ 28%] [32mBuilding CXX object CMakeFiles/turtlebot3_node_lib.dir/src/diff_drive_controller.cpp.o[0m
[1.089s] [ 35%] [32mBuilding CXX object CMakeFiles/turtlebot3_node_lib.dir/src/odometry.cpp.o[0m
[1.089s] [ 42%] [32mBuilding CXX object CMakeFiles/turtlebot3_node_lib.dir/src/turtlebot3.cpp.o[0m
[1.089s] [ 50%] [32mBuilding CXX object CMakeFiles/turtlebot3_node_lib.dir/src/dynamixel_sdk_wrapper.cpp.o[0m
[1.090s] [ 57%] [32mBuilding CXX object CMakeFiles/turtlebot3_node_lib.dir/src/sensors/battery_state.cpp.o[0m
[1.090s] [ 64%] [32mBuilding CXX object CMakeFiles/turtlebot3_node_lib.dir/src/sensors/imu.cpp.o[0m
[1.090s] [ 71%] [32mBuilding CXX object CMakeFiles/turtlebot3_node_lib.dir/src/sensors/joint_state.cpp.o[0m
[1.092s] [ 78%] [32mBuilding CXX object CMakeFiles/turtlebot3_node_lib.dir/src/sensors/sensor_state.cpp.o[0m
[9.945s] [ 85%] [32m[1mLinking CXX static library libturtlebot3_node_lib.a[0m
[10.165s] [ 85%] Built target turtlebot3_node_lib
[10.170s] [ 92%] [32mBuilding CXX object CMakeFiles/turtlebot3_ros.dir/src/node_main.cpp.o[0m
[11.708s] [100%] [32m[1mLinking CXX executable turtlebot3_ros[0m
[12.488s] [100%] Built target turtlebot3_ros
[12.492s] Invoked command in '/home/weng/work/humble_ws/src/build/turtlebot3_node' returned '0': AMENT_PREFIX_PATH=/home/weng/work/humble_ws/src/install/turtlebot3_msgs:${AMENT_PREFIX_PATH} CMAKE_PREFIX_PATH=/home/weng/work/humble_ws/src/install/turtlebot3_msgs:/opt/ros/humble LD_LIBRARY_PATH=/home/weng/work/humble_ws/src/install/turtlebot3_msgs/lib:${LD_LIBRARY_PATH} PYTHONPATH=/home/weng/work/humble_ws/src/install/turtlebot3_msgs/local/lib/python3.10/dist-packages:${PYTHONPATH} /usr/local/bin/cmake --build /home/weng/work/humble_ws/src/build/turtlebot3_node -- -j24 -l24
[12.521s] Invoking command in '/home/weng/work/humble_ws/src/build/turtlebot3_node': AMENT_PREFIX_PATH=/home/weng/work/humble_ws/src/install/turtlebot3_msgs:${AMENT_PREFIX_PATH} CMAKE_PREFIX_PATH=/home/weng/work/humble_ws/src/install/turtlebot3_msgs:/opt/ros/humble LD_LIBRARY_PATH=/home/weng/work/humble_ws/src/install/turtlebot3_msgs/lib:${LD_LIBRARY_PATH} PYTHONPATH=/home/weng/work/humble_ws/src/install/turtlebot3_msgs/local/lib/python3.10/dist-packages:${PYTHONPATH} /usr/local/bin/cmake --install /home/weng/work/humble_ws/src/build/turtlebot3_node
[12.534s] -- Install configuration: ""
[12.534s] -- Installing: /home/weng/work/humble_ws/src/install/turtlebot3_node/share/turtlebot3_node/param
[12.534s] -- Installing: /home/weng/work/humble_ws/src/install/turtlebot3_node/share/turtlebot3_node/param/waffle_pi.yaml
[12.534s] -- Installing: /home/weng/work/humble_ws/src/install/turtlebot3_node/share/turtlebot3_node/param/waffle.yaml
[12.534s] -- Installing: /home/weng/work/humble_ws/src/install/turtlebot3_node/share/turtlebot3_node/param/burger.yaml
[12.534s] -- Installing: /home/weng/work/humble_ws/src/install/turtlebot3_node/lib/turtlebot3_node/turtlebot3_ros
[12.540s] -- Set non-toolchain portion of runtime path of "/home/weng/work/humble_ws/src/install/turtlebot3_node/lib/turtlebot3_node/turtlebot3_ros" to ""
[12.540s] -- Installing: /home/weng/work/humble_ws/src/install/turtlebot3_node/share/ament_index/resource_index/package_run_dependencies/turtlebot3_node
[12.540s] -- Installing: /home/weng/work/humble_ws/src/install/turtlebot3_node/share/ament_index/resource_index/parent_prefix_path/turtlebot3_node
[12.540s] -- Installing: /home/weng/work/humble_ws/src/install/turtlebot3_node/share/turtlebot3_node/environment/ament_prefix_path.sh
[12.540s] -- Installing: /home/weng/work/humble_ws/src/install/turtlebot3_node/share/turtlebot3_node/environment/ament_prefix_path.dsv
[12.540s] -- Installing: /home/weng/work/humble_ws/src/install/turtlebot3_node/share/turtlebot3_node/environment/path.sh
[12.540s] -- Installing: /home/weng/work/humble_ws/src/install/turtlebot3_node/share/turtlebot3_node/environment/path.dsv
[12.540s] -- Installing: /home/weng/work/humble_ws/src/install/turtlebot3_node/share/turtlebot3_node/local_setup.bash
[12.540s] -- Installing: /home/weng/work/humble_ws/src/install/turtlebot3_node/share/turtlebot3_node/local_setup.sh
[12.540s] -- Installing: /home/weng/work/humble_ws/src/install/turtlebot3_node/share/turtlebot3_node/local_setup.zsh
[12.540s] -- Installing: /home/weng/work/humble_ws/src/install/turtlebot3_node/share/turtlebot3_node/local_setup.dsv
[12.540s] -- Installing: /home/weng/work/humble_ws/src/install/turtlebot3_node/share/turtlebot3_node/package.dsv
[12.540s] -- Installing: /home/weng/work/humble_ws/src/install/turtlebot3_node/share/ament_index/resource_index/packages/turtlebot3_node
[12.540s] -- Installing: /home/weng/work/humble_ws/src/install/turtlebot3_node/share/turtlebot3_node/cmake/ament_cmake_export_include_directories-extras.cmake
[12.540s] -- Installing: /home/weng/work/humble_ws/src/install/turtlebot3_node/share/turtlebot3_node/cmake/turtlebot3_nodeConfig.cmake
[12.540s] -- Installing: /home/weng/work/humble_ws/src/install/turtlebot3_node/share/turtlebot3_node/cmake/turtlebot3_nodeConfig-version.cmake
[12.540s] -- Installing: /home/weng/work/humble_ws/src/install/turtlebot3_node/share/turtlebot3_node/package.xml
[12.543s] Invoked command in '/home/weng/work/humble_ws/src/build/turtlebot3_node' returned '0': AMENT_PREFIX_PATH=/home/weng/work/humble_ws/src/install/turtlebot3_msgs:${AMENT_PREFIX_PATH} CMAKE_PREFIX_PATH=/home/weng/work/humble_ws/src/install/turtlebot3_msgs:/opt/ros/humble LD_LIBRARY_PATH=/home/weng/work/humble_ws/src/install/turtlebot3_msgs/lib:${LD_LIBRARY_PATH} PYTHONPATH=/home/weng/work/humble_ws/src/install/turtlebot3_msgs/local/lib/python3.10/dist-packages:${PYTHONPATH} /usr/local/bin/cmake --install /home/weng/work/humble_ws/src/build/turtlebot3_node
