[0.258s] Invoking command in '/home/weng/work/build/realsense2_camera': AMENT_PREFIX_PATH=/home/weng/work/install/realsense2_camera_msgs:${AMENT_PREFIX_PATH} CMAKE_PREFIX_PATH=/home/weng/work/install/realsense2_camera_msgs:/opt/ros/humble LD_LIBRARY_PATH=/home/weng/work/install/realsense2_camera_msgs/lib:${LD_LIBRARY_PATH} PYTHONPATH=/home/weng/work/install/realsense2_camera_msgs/local/lib/python3.10/dist-packages:${PYTHONPATH} /usr/local/bin/cmake /home/weng/work/src/realsense-ros/realsense2_camera -DCMAKE_INSTALL_PREFIX=/home/weng/work/install/realsense2_camera
[0.292s] -- Create Release Build.
[0.293s] -- Found ament_cmake: 1.3.6 (/opt/ros/humble/share/ament_cmake/cmake)
[0.492s] -- Found builtin_interfaces: 1.2.1 (/opt/ros/humble/share/builtin_interfaces/cmake)
[0.533s] -- Found rosidl_generator_c: 3.1.5 (/opt/ros/humble/share/rosidl_generator_c/cmake)
[0.536s] -- Found rosidl_adapter: 3.1.5 (/opt/ros/humble/share/rosidl_adapter/cmake)
[0.546s] -- Found rosidl_generator_cpp: 3.1.5 (/opt/ros/humble/share/rosidl_generator_cpp/cmake)
[0.563s] -- Using all available rosidl_typesupport_c: rosidl_typesupport_fastrtps_c;rosidl_typesupport_introspection_c
[0.589s] -- Using all available rosidl_typesupport_cpp: rosidl_typesupport_fastrtps_cpp;rosidl_typesupport_introspection_cpp
[0.618s] -- Found cv_bridge: 3.2.1 (/opt/ros/humble/share/cv_bridge/cmake)
[0.886s] -- Found image_transport: 3.1.7 (/opt/ros/humble/share/image_transport/cmake)
[0.957s] -- Found rmw_implementation_cmake: 6.1.1 (/opt/ros/humble/share/rmw_implementation_cmake/cmake)
[0.959s] -- Found rmw_fastrtps_cpp: 6.2.5 (/opt/ros/humble/share/rmw_fastrtps_cpp/cmake)
[1.148s] -- Using RMW implementation 'rmw_fastrtps_cpp' as default
[1.364s] -- Found rclcpp_components: 16.0.7 (/opt/ros/humble/share/rclcpp_components/cmake)
[1.430s] -- Found realsense2_camera_msgs: 4.54.1 (/home/weng/work/install/realsense2_camera_msgs/share/realsense2_camera_msgs/cmake)
[1.535s] -- Found nav_msgs: 4.2.3 (/opt/ros/humble/share/nav_msgs/cmake)
[1.626s] -- Found tf2_ros: 0.25.5 (/opt/ros/humble/share/tf2_ros/cmake)
[1.919s] -- Found diagnostic_updater: 3.1.2 (/opt/ros/humble/share/diagnostic_updater/cmake)
[2.000s] -- Build for ROS2 Humble
[2.007s] -- Found ament_cmake_gtest: 1.3.6 (/opt/ros/humble/share/ament_cmake_gtest/cmake)
[2.011s] -- Found gtest sources under '/opt/ros/humble/src/gtest_vendor': C++ tests using 'Google Test' will be built
[2.018s] -- Found ament_cmake_pytest: 1.3.6 (/opt/ros/humble/share/ament_cmake_pytest/cmake)
[4.512s] -- rs_device_info:
[4.512s] -- No device detected. Is it plugged in?
[4.512s] 
[4.572s] -- Configuring done (4.3s)
[4.608s] -- Generating done (0.0s)
[4.611s] -- Build files have been written to: /home/weng/work/build/realsense2_camera
[4.623s] Invoked command in '/home/weng/work/build/realsense2_camera' returned '0': AMENT_PREFIX_PATH=/home/weng/work/install/realsense2_camera_msgs:${AMENT_PREFIX_PATH} CMAKE_PREFIX_PATH=/home/weng/work/install/realsense2_camera_msgs:/opt/ros/humble LD_LIBRARY_PATH=/home/weng/work/install/realsense2_camera_msgs/lib:${LD_LIBRARY_PATH} PYTHONPATH=/home/weng/work/install/realsense2_camera_msgs/local/lib/python3.10/dist-packages:${PYTHONPATH} /usr/local/bin/cmake /home/weng/work/src/realsense-ros/realsense2_camera -DCMAKE_INSTALL_PREFIX=/home/weng/work/install/realsense2_camera
[4.624s] Invoking command in '/home/weng/work/build/realsense2_camera': AMENT_PREFIX_PATH=/home/weng/work/install/realsense2_camera_msgs:${AMENT_PREFIX_PATH} CMAKE_PREFIX_PATH=/home/weng/work/install/realsense2_camera_msgs:/opt/ros/humble LD_LIBRARY_PATH=/home/weng/work/install/realsense2_camera_msgs/lib:${LD_LIBRARY_PATH} PYTHONPATH=/home/weng/work/install/realsense2_camera_msgs/local/lib/python3.10/dist-packages:${PYTHONPATH} /usr/local/bin/cmake --build /home/weng/work/build/realsense2_camera -- -j16 -l16
[4.672s] [  4%] [32mBuilding CXX object gtest/CMakeFiles/gtest_main.dir/src/gtest_main.cc.o[0m
[4.673s] [  9%] [32mBuilding CXX object CMakeFiles/realsense2_camera_node.dir/rclcpp_components/node_main_realsense2_camera_node.cpp.o[0m
[4.673s] [ 13%] [32mBuilding CXX object CMakeFiles/realsense2_camera.dir/src/realsense_node_factory.cpp.o[0m
[4.673s] [ 22%] [32mBuilding CXX object CMakeFiles/realsense2_camera.dir/src/base_realsense_node.cpp.o[0m
[4.673s] [ 22%] [32mBuilding CXX object gtest/CMakeFiles/gtest.dir/src/gtest-all.cc.o[0m
[4.673s] [ 27%] [32mBuilding CXX object CMakeFiles/realsense2_camera.dir/src/parameters.cpp.o[0m
[4.674s] [ 31%] [32mBuilding CXX object CMakeFiles/realsense2_camera.dir/src/rs_node_setup.cpp.o[0m
[4.674s] [ 36%] [32mBuilding CXX object CMakeFiles/realsense2_camera.dir/src/ros_sensor.cpp.o[0m
[4.675s] [ 40%] [32mBuilding CXX object CMakeFiles/realsense2_camera.dir/src/ros_utils.cpp.o[0m
[4.675s] [ 50%] [32mBuilding CXX object CMakeFiles/realsense2_camera.dir/src/dynamic_params.cpp.o[0m
[4.675s] [ 50%] [32mBuilding CXX object CMakeFiles/realsense2_camera.dir/src/sensor_params.cpp.o[0m
[4.675s] [ 54%] [32mBuilding CXX object CMakeFiles/realsense2_camera.dir/src/named_filter.cpp.o[0m
[4.675s] [ 59%] [32mBuilding CXX object CMakeFiles/realsense2_camera.dir/src/profile_manager.cpp.o[0m
[4.676s] [ 63%] [32mBuilding CXX object CMakeFiles/realsense2_camera.dir/src/image_publisher.cpp.o[0m
[4.677s] [ 68%] [32mBuilding CXX object CMakeFiles/realsense2_camera.dir/src/tfs.cpp.o[0m
[4.677s] [ 72%] [32mBuilding CXX object CMakeFiles/realsense2_camera.dir/src/ros_param_backend.cpp.o[0m
[5.434s] [ 77%] [32m[1mLinking CXX static library libgtest_main.a[0m
[5.477s] [ 77%] Built target gtest_main
[10.003s] [ 81%] [32m[1mLinking CXX executable realsense2_camera_node[0m
[10.244s] [ 81%] Built target realsense2_camera_node
[13.464s] [ 86%] [32m[1mLinking CXX static library libgtest.a[0m
[13.491s] [ 86%] Built target gtest
[13.503s] [ 90%] [32mBuilding CXX object CMakeFiles/gtest_template.dir/test/gtest_template.cpp.o[0m
[14.221s] [ 95%] [32m[1mLinking CXX executable gtest_template[0m
[14.325s] [ 95%] Built target gtest_template
[19.837s] [100%] [32m[1mLinking CXX shared library librealsense2_camera.so[0m
[20.140s] [100%] Built target realsense2_camera
[20.149s] Invoked command in '/home/weng/work/build/realsense2_camera' returned '0': AMENT_PREFIX_PATH=/home/weng/work/install/realsense2_camera_msgs:${AMENT_PREFIX_PATH} CMAKE_PREFIX_PATH=/home/weng/work/install/realsense2_camera_msgs:/opt/ros/humble LD_LIBRARY_PATH=/home/weng/work/install/realsense2_camera_msgs/lib:${LD_LIBRARY_PATH} PYTHONPATH=/home/weng/work/install/realsense2_camera_msgs/local/lib/python3.10/dist-packages:${PYTHONPATH} /usr/local/bin/cmake --build /home/weng/work/build/realsense2_camera -- -j16 -l16
[20.233s] Invoking command in '/home/weng/work/build/realsense2_camera': AMENT_PREFIX_PATH=/home/weng/work/install/realsense2_camera_msgs:${AMENT_PREFIX_PATH} CMAKE_PREFIX_PATH=/home/weng/work/install/realsense2_camera_msgs:/opt/ros/humble LD_LIBRARY_PATH=/home/weng/work/install/realsense2_camera_msgs/lib:${LD_LIBRARY_PATH} PYTHONPATH=/home/weng/work/install/realsense2_camera_msgs/local/lib/python3.10/dist-packages:${PYTHONPATH} /usr/local/bin/cmake --install /home/weng/work/build/realsense2_camera
[20.255s] -- Install configuration: "Release"
[20.255s] -- Installing: /home/weng/work/install/realsense2_camera/lib/realsense2_camera/realsense2_camera_node
[20.256s] -- Set non-toolchain portion of runtime path of "/home/weng/work/install/realsense2_camera/lib/realsense2_camera/realsense2_camera_node" to ""
[20.256s] -- Installing: /home/weng/work/install/realsense2_camera/lib/librealsense2_camera.so
[20.260s] -- Set non-toolchain portion of runtime path of "/home/weng/work/install/realsense2_camera/lib/librealsense2_camera.so" to ""
[20.260s] -- Installing: /home/weng/work/install/realsense2_camera/include
[20.260s] -- Installing: /home/weng/work/install/realsense2_camera/include/realsense_node_factory.h
[20.260s] -- Installing: /home/weng/work/install/realsense2_camera/include/ros_utils.h
[20.260s] -- Installing: /home/weng/work/install/realsense2_camera/include/constants.h
[20.260s] -- Installing: /home/weng/work/install/realsense2_camera/include/sensor_params.h
[20.260s] -- Installing: /home/weng/work/install/realsense2_camera/include/ros_param_backend.h
[20.260s] -- Installing: /home/weng/work/install/realsense2_camera/include/named_filter.h
[20.260s] -- Installing: /home/weng/work/install/realsense2_camera/include/image_publisher.h
[20.261s] -- Installing: /home/weng/work/install/realsense2_camera/include/ros_sensor.h
[20.261s] -- Installing: /home/weng/work/install/realsense2_camera/include/dynamic_params.h
[20.261s] -- Installing: /home/weng/work/install/realsense2_camera/include/gl_window.h
[20.261s] -- Installing: /home/weng/work/install/realsense2_camera/include/profile_manager.h
[20.261s] -- Installing: /home/weng/work/install/realsense2_camera/include/base_realsense_node.h
[20.261s] -- Installing: /home/weng/work/install/realsense2_camera/share/realsense2_camera/launch
[20.262s] -- Installing: /home/weng/work/install/realsense2_camera/share/realsense2_camera/launch/rs_launch.py
[20.262s] -- Installing: /home/weng/work/install/realsense2_camera/share/realsense2_camera/launch/default.rviz
[20.262s] -- Installing: /home/weng/work/install/realsense2_camera/share/realsense2_camera/launch/rs_multi_camera_launch.py
[20.262s] -- Installing: /home/weng/work/install/realsense2_camera/share/realsense2_camera/launch/rs_intra_process_demo_launch.py
[20.262s] -- Installing: /home/weng/work/install/realsense2_camera/share/realsense2_camera/examples
[20.263s] -- Installing: /home/weng/work/install/realsense2_camera/share/realsense2_camera/examples/pointcloud
[20.263s] -- Installing: /home/weng/work/install/realsense2_camera/share/realsense2_camera/examples/pointcloud/rviz
[20.263s] -- Installing: /home/weng/work/install/realsense2_camera/share/realsense2_camera/examples/pointcloud/rviz/urdf_pointcloud.rviz
[20.263s] -- Installing: /home/weng/work/install/realsense2_camera/share/realsense2_camera/examples/pointcloud/rviz/pointcloud.rviz
[20.263s] -- Installing: /home/weng/work/install/realsense2_camera/share/realsense2_camera/examples/pointcloud/README.md
[20.264s] -- Installing: /home/weng/work/install/realsense2_camera/share/realsense2_camera/examples/pointcloud/rs_d455_pointcloud_launch.py
[20.264s] -- Installing: /home/weng/work/install/realsense2_camera/share/realsense2_camera/examples/pointcloud/rs_pointcloud_launch.py
[20.264s] -- Installing: /home/weng/work/install/realsense2_camera/share/realsense2_camera/examples/pointcloud/rs_d405_pointcloud_launch.py
[20.264s] -- Installing: /home/weng/work/install/realsense2_camera/share/realsense2_camera/examples/dual_camera
[20.264s] -- Installing: /home/weng/work/install/realsense2_camera/share/realsense2_camera/examples/dual_camera/rviz
[20.264s] -- Installing: /home/weng/work/install/realsense2_camera/share/realsense2_camera/examples/dual_camera/rviz/dual_camera_pointcloud.rviz
[20.265s] -- Installing: /home/weng/work/install/realsense2_camera/share/realsense2_camera/examples/dual_camera/README.md
[20.265s] -- Installing: /home/weng/work/install/realsense2_camera/share/realsense2_camera/examples/dual_camera/rs_dual_camera_launch.py
[20.265s] -- Installing: /home/weng/work/install/realsense2_camera/share/realsense2_camera/examples/launch_params_from_file
[20.266s] -- Installing: /home/weng/work/install/realsense2_camera/share/realsense2_camera/examples/launch_params_from_file/README.md
[20.266s] -- Installing: /home/weng/work/install/realsense2_camera/share/realsense2_camera/examples/launch_params_from_file/config
[20.266s] -- Installing: /home/weng/work/install/realsense2_camera/share/realsense2_camera/examples/launch_params_from_file/config/config.yaml
[20.266s] -- Installing: /home/weng/work/install/realsense2_camera/share/realsense2_camera/examples/launch_params_from_file/rs_launch_get_params_from_yaml.py
[20.266s] -- Installing: /home/weng/work/install/realsense2_camera/share/realsense2_camera/examples/launch_from_rosbag
[20.266s] -- Installing: /home/weng/work/install/realsense2_camera/share/realsense2_camera/examples/launch_from_rosbag/README.md
[20.267s] -- Installing: /home/weng/work/install/realsense2_camera/share/realsense2_camera/examples/launch_from_rosbag/rs_launch_from_rosbag.py
[20.267s] -- Installing: /home/weng/work/install/realsense2_camera/share/realsense2_camera/examples/align_depth
[20.267s] -- Installing: /home/weng/work/install/realsense2_camera/share/realsense2_camera/examples/align_depth/README.md
[20.267s] -- Installing: /home/weng/work/install/realsense2_camera/share/realsense2_camera/examples/align_depth/rs_align_depth_launch.py
[20.267s] -- Installing: /home/weng/work/install/realsense2_camera/share/realsense2_camera/environment/library_path.sh
[20.268s] -- Installing: /home/weng/work/install/realsense2_camera/share/realsense2_camera/environment/library_path.dsv
[20.268s] -- Installing: /home/weng/work/install/realsense2_camera/share/ament_index/resource_index/package_run_dependencies/realsense2_camera
[20.268s] -- Installing: /home/weng/work/install/realsense2_camera/share/ament_index/resource_index/parent_prefix_path/realsense2_camera
[20.268s] -- Installing: /home/weng/work/install/realsense2_camera/share/realsense2_camera/environment/ament_prefix_path.sh
[20.268s] -- Installing: /home/weng/work/install/realsense2_camera/share/realsense2_camera/environment/ament_prefix_path.dsv
[20.269s] -- Installing: /home/weng/work/install/realsense2_camera/share/realsense2_camera/environment/path.sh
[20.269s] -- Installing: /home/weng/work/install/realsense2_camera/share/realsense2_camera/environment/path.dsv
[20.269s] -- Installing: /home/weng/work/install/realsense2_camera/share/realsense2_camera/local_setup.bash
[20.269s] -- Installing: /home/weng/work/install/realsense2_camera/share/realsense2_camera/local_setup.sh
[20.269s] -- Installing: /home/weng/work/install/realsense2_camera/share/realsense2_camera/local_setup.zsh
[20.269s] -- Installing: /home/weng/work/install/realsense2_camera/share/realsense2_camera/local_setup.dsv
[20.270s] -- Installing: /home/weng/work/install/realsense2_camera/share/realsense2_camera/package.dsv
[20.270s] -- Installing: /home/weng/work/install/realsense2_camera/share/ament_index/resource_index/packages/realsense2_camera
[20.270s] -- Installing: /home/weng/work/install/realsense2_camera/share/ament_index/resource_index/rclcpp_components/realsense2_camera
[20.270s] -- Installing: /home/weng/work/install/realsense2_camera/share/realsense2_camera/cmake/ament_cmake_export_include_directories-extras.cmake
[20.270s] -- Installing: /home/weng/work/install/realsense2_camera/share/realsense2_camera/cmake/ament_cmake_export_libraries-extras.cmake
[20.270s] -- Installing: /home/weng/work/install/realsense2_camera/share/realsense2_camera/cmake/ament_cmake_export_dependencies-extras.cmake
[20.271s] -- Installing: /home/weng/work/install/realsense2_camera/share/realsense2_camera/cmake/realsense2_cameraConfig.cmake
[20.271s] -- Installing: /home/weng/work/install/realsense2_camera/share/realsense2_camera/cmake/realsense2_cameraConfig-version.cmake
[20.271s] -- Installing: /home/weng/work/install/realsense2_camera/share/realsense2_camera/package.xml
[20.276s] Invoked command in '/home/weng/work/build/realsense2_camera' returned '0': AMENT_PREFIX_PATH=/home/weng/work/install/realsense2_camera_msgs:${AMENT_PREFIX_PATH} CMAKE_PREFIX_PATH=/home/weng/work/install/realsense2_camera_msgs:/opt/ros/humble LD_LIBRARY_PATH=/home/weng/work/install/realsense2_camera_msgs/lib:${LD_LIBRARY_PATH} PYTHONPATH=/home/weng/work/install/realsense2_camera_msgs/local/lib/python3.10/dist-packages:${PYTHONPATH} /usr/local/bin/cmake --install /home/weng/work/build/realsense2_camera
