[0.032s] Invoking command in '/home/weng/work/humble_ws/build/realsense2_camera': AMENT_PREFIX_PATH=/home/weng/work/humble_ws/install/realsense2_camera_msgs:${AMENT_PREFIX_PATH} CMAKE_PREFIX_PATH=/home/weng/work/humble_ws/install/realsense2_camera_msgs:/opt/ros/humble LD_LIBRARY_PATH=/home/weng/work/humble_ws/install/realsense2_camera_msgs/lib:${LD_LIBRARY_PATH} PYTHONPATH=/home/weng/work/humble_ws/install/realsense2_camera_msgs/local/lib/python3.10/dist-packages:${PYTHONPATH} /usr/bin/cmake /home/weng/work/humble_ws/src/realsense-ros/realsense2_camera -DCMAKE_INSTALL_PREFIX=/home/weng/work/humble_ws/install/realsense2_camera
[0.058s] -- The C compiler identification is GNU 11.4.0
[0.083s] -- The CXX compiler identification is GNU 11.4.0
[0.086s] -- Detecting C compiler ABI info
[0.118s] -- Detecting C compiler ABI info - done
[0.121s] -- Check for working C compiler: /usr/bin/cc - skipped
[0.121s] -- Detecting C compile features
[0.121s] -- Detecting C compile features - done
[0.123s] -- Detecting CXX compiler ABI info
[0.158s] -- Detecting CXX compiler ABI info - done
[0.164s] -- Check for working CXX compiler: /usr/bin/c++ - skipped
[0.164s] -- Detecting CXX compile features
[0.164s] -- Detecting CXX compile features - done
[0.164s] -- Create Release Build.
[0.165s] -- Found ament_cmake: 1.3.8 (/opt/ros/humble/share/ament_cmake/cmake)
[0.237s] -- Found Python3: /usr/bin/python3 (found version "3.10.12") found components: Interpreter 
[0.280s] -- Found builtin_interfaces: 1.2.1 (/opt/ros/humble/share/builtin_interfaces/cmake)
[0.300s] -- Found rosidl_generator_c: 3.1.5 (/opt/ros/humble/share/rosidl_generator_c/cmake)
[0.303s] -- Found rosidl_adapter: 3.1.5 (/opt/ros/humble/share/rosidl_adapter/cmake)
[0.307s] -- Found rosidl_generator_cpp: 3.1.5 (/opt/ros/humble/share/rosidl_generator_cpp/cmake)
[0.314s] -- Using all available rosidl_typesupport_c: rosidl_typesupport_fastrtps_c;rosidl_typesupport_introspection_c
[0.325s] -- Using all available rosidl_typesupport_cpp: rosidl_typesupport_fastrtps_cpp;rosidl_typesupport_introspection_cpp
[0.338s] -- Found cv_bridge: 3.2.1 (/opt/ros/humble/share/cv_bridge/cmake)
[0.446s] -- Found image_transport: 3.1.8 (/opt/ros/humble/share/image_transport/cmake)
[0.493s] -- Found rmw_implementation_cmake: 6.1.1 (/opt/ros/humble/share/rmw_implementation_cmake/cmake)
[0.495s] -- Found rmw_fastrtps_cpp: 6.2.6 (/opt/ros/humble/share/rmw_fastrtps_cpp/cmake)
[0.546s] -- Found OpenSSL: /usr/lib/x86_64-linux-gnu/libcrypto.so (found version "3.0.2")  
[0.561s] -- Found FastRTPS: /opt/ros/humble/include  
[0.588s] -- Using RMW implementation 'rmw_fastrtps_cpp' as default
[0.595s] -- Looking for pthread.h
[0.628s] -- Looking for pthread.h - found
[0.628s] -- Performing Test CMAKE_HAVE_LIBC_PTHREAD
[0.660s] -- Performing Test CMAKE_HAVE_LIBC_PTHREAD - Success
[0.660s] -- Found Threads: TRUE  
[0.758s] -- Found rclcpp_components: 16.0.8 (/opt/ros/humble/share/rclcpp_components/cmake)
[0.787s] -- Found realsense2_camera_msgs: 4.54.1 (/home/weng/work/humble_ws/install/realsense2_camera_msgs/share/realsense2_camera_msgs/cmake)
[0.836s] -- Found nav_msgs: 4.2.3 (/opt/ros/humble/share/nav_msgs/cmake)
[0.879s] -- Found tf2_ros: 0.25.6 (/opt/ros/humble/share/tf2_ros/cmake)
[1.013s] -- Found diagnostic_updater: 3.1.2 (/opt/ros/humble/share/diagnostic_updater/cmake)
[1.050s] -- Build for ROS2 Humble
[1.053s] -- Found ament_cmake_gtest: 1.3.8 (/opt/ros/humble/share/ament_cmake_gtest/cmake)
[1.055s] -- Found gtest sources under '/opt/ros/humble/src/gtest_vendor': C++ tests using 'Google Test' will be built
[1.058s] -- Found ament_cmake_pytest: 1.3.8 (/opt/ros/humble/share/ament_cmake_pytest/cmake)
[2.562s] -- rs_device_info:
[2.562s] -- No device detected. Is it plugged in?
[2.562s] 
[2.620s] -- Configuring done
[2.641s] -- Generating done
[2.642s] -- Build files have been written to: /home/weng/work/humble_ws/build/realsense2_camera
[2.653s] Invoked command in '/home/weng/work/humble_ws/build/realsense2_camera' returned '0': AMENT_PREFIX_PATH=/home/weng/work/humble_ws/install/realsense2_camera_msgs:${AMENT_PREFIX_PATH} CMAKE_PREFIX_PATH=/home/weng/work/humble_ws/install/realsense2_camera_msgs:/opt/ros/humble LD_LIBRARY_PATH=/home/weng/work/humble_ws/install/realsense2_camera_msgs/lib:${LD_LIBRARY_PATH} PYTHONPATH=/home/weng/work/humble_ws/install/realsense2_camera_msgs/local/lib/python3.10/dist-packages:${PYTHONPATH} /usr/bin/cmake /home/weng/work/humble_ws/src/realsense-ros/realsense2_camera -DCMAKE_INSTALL_PREFIX=/home/weng/work/humble_ws/install/realsense2_camera
[2.653s] Invoking command in '/home/weng/work/humble_ws/build/realsense2_camera': AMENT_PREFIX_PATH=/home/weng/work/humble_ws/install/realsense2_camera_msgs:${AMENT_PREFIX_PATH} CMAKE_PREFIX_PATH=/home/weng/work/humble_ws/install/realsense2_camera_msgs:/opt/ros/humble LD_LIBRARY_PATH=/home/weng/work/humble_ws/install/realsense2_camera_msgs/lib:${LD_LIBRARY_PATH} PYTHONPATH=/home/weng/work/humble_ws/install/realsense2_camera_msgs/local/lib/python3.10/dist-packages:${PYTHONPATH} /usr/bin/cmake --build /home/weng/work/humble_ws/build/realsense2_camera -- -j24 -l24
[2.695s] [ 31%] [32mBuilding CXX object CMakeFiles/realsense2_camera.dir/src/realsense_node_factory.cpp.o[0m
[2.695s] [ 31%] [32mBuilding CXX object CMakeFiles/realsense2_camera.dir/src/rs_node_setup.cpp.o[0m
[2.695s] [ 31%] [32mBuilding CXX object gtest/CMakeFiles/gtest.dir/src/gtest-all.cc.o[0m
[2.695s] [ 31%] [32mBuilding CXX object gtest/CMakeFiles/gtest_main.dir/src/gtest_main.cc.o[0m
[2.695s] [ 31%] [32mBuilding CXX object CMakeFiles/realsense2_camera.dir/src/base_realsense_node.cpp.o[0m
[2.695s] [ 36%] [32mBuilding CXX object CMakeFiles/realsense2_camera.dir/src/ros_sensor.cpp.o[0m
[2.695s] [ 40%] [32mBuilding CXX object CMakeFiles/realsense2_camera.dir/src/ros_utils.cpp.o[0m
[2.695s] [ 31%] [32mBuilding CXX object CMakeFiles/realsense2_camera.dir/src/parameters.cpp.o[0m
[2.695s] [ 31%] [32mBuilding CXX object CMakeFiles/realsense2_camera_node.dir/rclcpp_components/node_main_realsense2_camera_node.cpp.o[0m
[2.696s] [ 45%] [32mBuilding CXX object CMakeFiles/realsense2_camera.dir/src/dynamic_params.cpp.o[0m
[2.698s] [ 50%] [32mBuilding CXX object CMakeFiles/realsense2_camera.dir/src/sensor_params.cpp.o[0m
[2.702s] [ 59%] [32mBuilding CXX object CMakeFiles/realsense2_camera.dir/src/named_filter.cpp.o[0m
[2.702s] [ 59%] [32mBuilding CXX object CMakeFiles/realsense2_camera.dir/src/profile_manager.cpp.o[0m
[2.705s] [ 63%] [32mBuilding CXX object CMakeFiles/realsense2_camera.dir/src/image_publisher.cpp.o[0m
[2.705s] [ 68%] [32mBuilding CXX object CMakeFiles/realsense2_camera.dir/src/ros_param_backend.cpp.o[0m
[2.706s] [ 72%] [32mBuilding CXX object CMakeFiles/realsense2_camera.dir/src/tfs.cpp.o[0m
[3.414s] [ 77%] [32m[1mLinking CXX static library libgtest_main.a[0m
[3.537s] [ 77%] Built target gtest_main
[5.452s] [ 81%] [32m[1mLinking CXX executable realsense2_camera_node[0m
[5.543s] [ 81%] Built target realsense2_camera_node
[7.519s] [ 86%] [32m[1mLinking CXX static library libgtest.a[0m
[7.548s] [ 86%] Built target gtest
[7.563s] [ 90%] [32mBuilding CXX object CMakeFiles/gtest_template.dir/test/gtest_template.cpp.o[0m
[8.171s] [ 95%] [32m[1mLinking CXX executable gtest_template[0m
[8.241s] [ 95%] Built target gtest_template
[10.928s] [100%] [32m[1mLinking CXX shared library librealsense2_camera.so[0m
[11.106s] [100%] Built target realsense2_camera
[11.111s] Invoked command in '/home/weng/work/humble_ws/build/realsense2_camera' returned '0': AMENT_PREFIX_PATH=/home/weng/work/humble_ws/install/realsense2_camera_msgs:${AMENT_PREFIX_PATH} CMAKE_PREFIX_PATH=/home/weng/work/humble_ws/install/realsense2_camera_msgs:/opt/ros/humble LD_LIBRARY_PATH=/home/weng/work/humble_ws/install/realsense2_camera_msgs/lib:${LD_LIBRARY_PATH} PYTHONPATH=/home/weng/work/humble_ws/install/realsense2_camera_msgs/local/lib/python3.10/dist-packages:${PYTHONPATH} /usr/bin/cmake --build /home/weng/work/humble_ws/build/realsense2_camera -- -j24 -l24
[11.136s] Invoking command in '/home/weng/work/humble_ws/build/realsense2_camera': AMENT_PREFIX_PATH=/home/weng/work/humble_ws/install/realsense2_camera_msgs:${AMENT_PREFIX_PATH} CMAKE_PREFIX_PATH=/home/weng/work/humble_ws/install/realsense2_camera_msgs:/opt/ros/humble LD_LIBRARY_PATH=/home/weng/work/humble_ws/install/realsense2_camera_msgs/lib:${LD_LIBRARY_PATH} PYTHONPATH=/home/weng/work/humble_ws/install/realsense2_camera_msgs/local/lib/python3.10/dist-packages:${PYTHONPATH} /usr/bin/cmake --install /home/weng/work/humble_ws/build/realsense2_camera
[11.140s] -- Install configuration: "Release"
[11.140s] -- Installing: /home/weng/work/humble_ws/install/realsense2_camera/lib/realsense2_camera/realsense2_camera_node
[11.140s] -- Set runtime path of "/home/weng/work/humble_ws/install/realsense2_camera/lib/realsense2_camera/realsense2_camera_node" to ""
[11.140s] -- Installing: /home/weng/work/humble_ws/install/realsense2_camera/lib/librealsense2_camera.so
[11.142s] -- Set runtime path of "/home/weng/work/humble_ws/install/realsense2_camera/lib/librealsense2_camera.so" to ""
[11.142s] -- Installing: /home/weng/work/humble_ws/install/realsense2_camera/include
[11.142s] -- Installing: /home/weng/work/humble_ws/install/realsense2_camera/include/ros_param_backend.h
[11.142s] -- Installing: /home/weng/work/humble_ws/install/realsense2_camera/include/image_publisher.h
[11.142s] -- Installing: /home/weng/work/humble_ws/install/realsense2_camera/include/profile_manager.h
[11.142s] -- Installing: /home/weng/work/humble_ws/install/realsense2_camera/include/base_realsense_node.h
[11.143s] -- Installing: /home/weng/work/humble_ws/install/realsense2_camera/include/ros_sensor.h
[11.143s] -- Installing: /home/weng/work/humble_ws/install/realsense2_camera/include/dynamic_params.h
[11.143s] -- Installing: /home/weng/work/humble_ws/install/realsense2_camera/include/sensor_params.h
[11.143s] -- Installing: /home/weng/work/humble_ws/install/realsense2_camera/include/realsense_node_factory.h
[11.143s] -- Installing: /home/weng/work/humble_ws/install/realsense2_camera/include/constants.h
[11.143s] -- Installing: /home/weng/work/humble_ws/install/realsense2_camera/include/named_filter.h
[11.143s] -- Installing: /home/weng/work/humble_ws/install/realsense2_camera/include/gl_window.h
[11.143s] -- Installing: /home/weng/work/humble_ws/install/realsense2_camera/include/ros_utils.h
[11.143s] -- Installing: /home/weng/work/humble_ws/install/realsense2_camera/share/realsense2_camera/launch
[11.143s] -- Installing: /home/weng/work/humble_ws/install/realsense2_camera/share/realsense2_camera/launch/default.rviz
[11.143s] -- Installing: /home/weng/work/humble_ws/install/realsense2_camera/share/realsense2_camera/launch/rs_intra_process_demo_launch.py
[11.143s] -- Installing: /home/weng/work/humble_ws/install/realsense2_camera/share/realsense2_camera/launch/rs_launch.py
[11.143s] -- Installing: /home/weng/work/humble_ws/install/realsense2_camera/share/realsense2_camera/launch/rs_multi_camera_launch.py
[11.143s] -- Installing: /home/weng/work/humble_ws/install/realsense2_camera/share/realsense2_camera/examples
[11.143s] -- Installing: /home/weng/work/humble_ws/install/realsense2_camera/share/realsense2_camera/examples/dual_camera
[11.143s] -- Installing: /home/weng/work/humble_ws/install/realsense2_camera/share/realsense2_camera/examples/dual_camera/README.md
[11.144s] -- Installing: /home/weng/work/humble_ws/install/realsense2_camera/share/realsense2_camera/examples/dual_camera/rviz
[11.144s] -- Installing: /home/weng/work/humble_ws/install/realsense2_camera/share/realsense2_camera/examples/dual_camera/rviz/dual_camera_pointcloud.rviz
[11.144s] -- Installing: /home/weng/work/humble_ws/install/realsense2_camera/share/realsense2_camera/examples/dual_camera/rs_dual_camera_launch.py
[11.144s] -- Installing: /home/weng/work/humble_ws/install/realsense2_camera/share/realsense2_camera/examples/launch_params_from_file
[11.144s] -- Installing: /home/weng/work/humble_ws/install/realsense2_camera/share/realsense2_camera/examples/launch_params_from_file/config
[11.144s] -- Installing: /home/weng/work/humble_ws/install/realsense2_camera/share/realsense2_camera/examples/launch_params_from_file/config/config.yaml
[11.144s] -- Installing: /home/weng/work/humble_ws/install/realsense2_camera/share/realsense2_camera/examples/launch_params_from_file/README.md
[11.144s] -- Installing: /home/weng/work/humble_ws/install/realsense2_camera/share/realsense2_camera/examples/launch_params_from_file/rs_launch_get_params_from_yaml.py
[11.144s] -- Installing: /home/weng/work/humble_ws/install/realsense2_camera/share/realsense2_camera/examples/launch_from_rosbag
[11.144s] -- Installing: /home/weng/work/humble_ws/install/realsense2_camera/share/realsense2_camera/examples/launch_from_rosbag/README.md
[11.144s] -- Installing: /home/weng/work/humble_ws/install/realsense2_camera/share/realsense2_camera/examples/launch_from_rosbag/rs_launch_from_rosbag.py
[11.144s] -- Installing: /home/weng/work/humble_ws/install/realsense2_camera/share/realsense2_camera/examples/align_depth
[11.144s] -- Installing: /home/weng/work/humble_ws/install/realsense2_camera/share/realsense2_camera/examples/align_depth/README.md
[11.145s] -- Installing: /home/weng/work/humble_ws/install/realsense2_camera/share/realsense2_camera/examples/align_depth/rs_align_depth_launch.py
[11.145s] -- Installing: /home/weng/work/humble_ws/install/realsense2_camera/share/realsense2_camera/examples/pointcloud
[11.145s] -- Installing: /home/weng/work/humble_ws/install/realsense2_camera/share/realsense2_camera/examples/pointcloud/rs_d455_pointcloud_launch.py
[11.145s] -- Installing: /home/weng/work/humble_ws/install/realsense2_camera/share/realsense2_camera/examples/pointcloud/rs_pointcloud_launch.py
[11.145s] -- Installing: /home/weng/work/humble_ws/install/realsense2_camera/share/realsense2_camera/examples/pointcloud/README.md
[11.145s] -- Installing: /home/weng/work/humble_ws/install/realsense2_camera/share/realsense2_camera/examples/pointcloud/rviz
[11.145s] -- Installing: /home/weng/work/humble_ws/install/realsense2_camera/share/realsense2_camera/examples/pointcloud/rviz/pointcloud.rviz
[11.145s] -- Installing: /home/weng/work/humble_ws/install/realsense2_camera/share/realsense2_camera/examples/pointcloud/rviz/urdf_pointcloud.rviz
[11.145s] -- Installing: /home/weng/work/humble_ws/install/realsense2_camera/share/realsense2_camera/examples/pointcloud/rs_d405_pointcloud_launch.py
[11.145s] -- Installing: /home/weng/work/humble_ws/install/realsense2_camera/share/realsense2_camera/environment/library_path.sh
[11.146s] -- Installing: /home/weng/work/humble_ws/install/realsense2_camera/share/realsense2_camera/environment/library_path.dsv
[11.146s] -- Installing: /home/weng/work/humble_ws/install/realsense2_camera/share/ament_index/resource_index/package_run_dependencies/realsense2_camera
[11.146s] -- Installing: /home/weng/work/humble_ws/install/realsense2_camera/share/ament_index/resource_index/parent_prefix_path/realsense2_camera
[11.146s] -- Installing: /home/weng/work/humble_ws/install/realsense2_camera/share/realsense2_camera/environment/ament_prefix_path.sh
[11.146s] -- Installing: /home/weng/work/humble_ws/install/realsense2_camera/share/realsense2_camera/environment/ament_prefix_path.dsv
[11.146s] -- Installing: /home/weng/work/humble_ws/install/realsense2_camera/share/realsense2_camera/environment/path.sh
[11.146s] -- Installing: /home/weng/work/humble_ws/install/realsense2_camera/share/realsense2_camera/environment/path.dsv
[11.146s] -- Installing: /home/weng/work/humble_ws/install/realsense2_camera/share/realsense2_camera/local_setup.bash
[11.146s] -- Installing: /home/weng/work/humble_ws/install/realsense2_camera/share/realsense2_camera/local_setup.sh
[11.146s] -- Installing: /home/weng/work/humble_ws/install/realsense2_camera/share/realsense2_camera/local_setup.zsh
[11.147s] -- Installing: /home/weng/work/humble_ws/install/realsense2_camera/share/realsense2_camera/local_setup.dsv
[11.147s] -- Installing: /home/weng/work/humble_ws/install/realsense2_camera/share/realsense2_camera/package.dsv
[11.147s] -- Installing: /home/weng/work/humble_ws/install/realsense2_camera/share/ament_index/resource_index/packages/realsense2_camera
[11.147s] -- Installing: /home/weng/work/humble_ws/install/realsense2_camera/share/ament_index/resource_index/rclcpp_components/realsense2_camera
[11.147s] -- Installing: /home/weng/work/humble_ws/install/realsense2_camera/share/realsense2_camera/cmake/ament_cmake_export_include_directories-extras.cmake
[11.147s] -- Installing: /home/weng/work/humble_ws/install/realsense2_camera/share/realsense2_camera/cmake/ament_cmake_export_libraries-extras.cmake
[11.147s] -- Installing: /home/weng/work/humble_ws/install/realsense2_camera/share/realsense2_camera/cmake/ament_cmake_export_dependencies-extras.cmake
[11.147s] -- Installing: /home/weng/work/humble_ws/install/realsense2_camera/share/realsense2_camera/cmake/realsense2_cameraConfig.cmake
[11.147s] -- Installing: /home/weng/work/humble_ws/install/realsense2_camera/share/realsense2_camera/cmake/realsense2_cameraConfig-version.cmake
[11.147s] -- Installing: /home/weng/work/humble_ws/install/realsense2_camera/share/realsense2_camera/package.xml
[11.148s] Invoked command in '/home/weng/work/humble_ws/build/realsense2_camera' returned '0': AMENT_PREFIX_PATH=/home/weng/work/humble_ws/install/realsense2_camera_msgs:${AMENT_PREFIX_PATH} CMAKE_PREFIX_PATH=/home/weng/work/humble_ws/install/realsense2_camera_msgs:/opt/ros/humble LD_LIBRARY_PATH=/home/weng/work/humble_ws/install/realsense2_camera_msgs/lib:${LD_LIBRARY_PATH} PYTHONPATH=/home/weng/work/humble_ws/install/realsense2_camera_msgs/local/lib/python3.10/dist-packages:${PYTHONPATH} /usr/bin/cmake --install /home/weng/work/humble_ws/build/realsense2_camera
