[0.265s] Invoking command in '/home/weng/work/humble_ws/build/isaac_ros2_messages': CMAKE_PREFIX_PATH=${CMAKE_PREFIX_PATH}:/home/weng/work/humble_ws/install/turtlebot3_teleop:/home/weng/work/humble_ws/install/turtlebot3_example:/home/weng/work/humble_ws/install/isaac_ros_navigation_goal:/opt/ros/humble /usr/local/bin/cmake --build /home/weng/work/humble_ws/build/isaac_ros2_messages -- -j24 -l24
[0.416s] [  3%] Built target isaac_ros2_messages__cpp
[0.416s] [ 12%] Built target isaac_ros2_messages__rosidl_generator_c
[0.416s] [ 12%] Built target ament_cmake_python_copy_isaac_ros2_messages
[0.416s] [ 22%] Built target isaac_ros2_messages__rosidl_typesupport_introspection_cpp
[0.416s] [ 32%] Built target isaac_ros2_messages__rosidl_typesupport_cpp
[0.416s] [ 41%] Built target isaac_ros2_messages__rosidl_typesupport_fastrtps_cpp
[0.416s] [ 51%] Built target isaac_ros2_messages__rosidl_typesupport_c
[0.416s] [ 61%] Built target isaac_ros2_messages__rosidl_typesupport_introspection_c
[0.416s] [ 70%] Built target isaac_ros2_messages__rosidl_typesupport_fastrtps_c
[0.416s] [ 70%] Built target isaac_ros2_messages
[0.416s] [ 74%] Built target isaac_ros2_messages__py
[0.416s] [ 80%] Built target isaac_ros2_messages__rosidl_generator_py
[0.416s] [ 93%] Built target isaac_ros2_messages__rosidl_typesupport_introspection_c__pyext
[0.416s] [ 93%] Built target isaac_ros2_messages__rosidl_typesupport_fastrtps_c__pyext
[0.416s] [100%] Built target isaac_ros2_messages__rosidl_typesupport_c__pyext
[0.416s] running egg_info
[0.416s] writing isaac_ros2_messages.egg-info/PKG-INFO
[0.416s] writing dependency_links to isaac_ros2_messages.egg-info/dependency_links.txt
[0.416s] writing top-level names to isaac_ros2_messages.egg-info/top_level.txt
[0.417s] reading manifest file 'isaac_ros2_messages.egg-info/SOURCES.txt'
[0.417s] writing manifest file 'isaac_ros2_messages.egg-info/SOURCES.txt'
[0.429s] [100%] Built target ament_cmake_python_build_isaac_ros2_messages_egg
[0.553s] Invoked command in '/home/weng/work/humble_ws/build/isaac_ros2_messages' returned '0': CMAKE_PREFIX_PATH=${CMAKE_PREFIX_PATH}:/home/weng/work/humble_ws/install/turtlebot3_teleop:/home/weng/work/humble_ws/install/turtlebot3_example:/home/weng/work/humble_ws/install/isaac_ros_navigation_goal:/opt/ros/humble /usr/local/bin/cmake --build /home/weng/work/humble_ws/build/isaac_ros2_messages -- -j24 -l24
[0.596s] Invoking command in '/home/weng/work/humble_ws/build/isaac_ros2_messages': CMAKE_PREFIX_PATH=${CMAKE_PREFIX_PATH}:/home/weng/work/humble_ws/install/turtlebot3_teleop:/home/weng/work/humble_ws/install/turtlebot3_example:/home/weng/work/humble_ws/install/isaac_ros_navigation_goal:/opt/ros/humble /usr/local/bin/cmake --install /home/weng/work/humble_ws/build/isaac_ros2_messages
[0.617s] -- Install configuration: ""
[0.617s] -- Up-to-date: /home/weng/work/humble_ws/install/isaac_ros2_messages/share/ament_index/resource_index/rosidl_interfaces/isaac_ros2_messages
[0.617s] -- Up-to-date: /home/weng/work/humble_ws/install/isaac_ros2_messages/include/isaac_ros2_messages/isaac_ros2_messages
[0.618s] -- Up-to-date: /home/weng/work/humble_ws/install/isaac_ros2_messages/include/isaac_ros2_messages/isaac_ros2_messages/srv
[0.618s] -- Up-to-date: /home/weng/work/humble_ws/install/isaac_ros2_messages/include/isaac_ros2_messages/isaac_ros2_messages/srv/isaac_pose.h
[0.618s] -- Up-to-date: /home/weng/work/humble_ws/install/isaac_ros2_messages/include/isaac_ros2_messages/isaac_ros2_messages/srv/detail
[0.618s] -- Up-to-date: /home/weng/work/humble_ws/install/isaac_ros2_messages/include/isaac_ros2_messages/isaac_ros2_messages/srv/detail/isaac_pose__functions.c
[0.618s] -- Up-to-date: /home/weng/work/humble_ws/install/isaac_ros2_messages/include/isaac_ros2_messages/isaac_ros2_messages/srv/detail/isaac_pose__functions.h
[0.618s] -- Up-to-date: /home/weng/work/humble_ws/install/isaac_ros2_messages/include/isaac_ros2_messages/isaac_ros2_messages/srv/detail/isaac_pose__struct.h
[0.618s] -- Up-to-date: /home/weng/work/humble_ws/install/isaac_ros2_messages/include/isaac_ros2_messages/isaac_ros2_messages/srv/detail/isaac_pose__type_support.h
[0.618s] -- Up-to-date: /home/weng/work/humble_ws/install/isaac_ros2_messages/include/isaac_ros2_messages/isaac_ros2_messages/msg
[0.618s] -- Up-to-date: /home/weng/work/humble_ws/install/isaac_ros2_messages/include/isaac_ros2_messages/isaac_ros2_messages/msg/rosidl_generator_c__visibility_control.h
[0.618s] -- Up-to-date: /home/weng/work/humble_ws/install/isaac_ros2_messages/share/isaac_ros2_messages/environment/library_path.sh
[0.618s] -- Up-to-date: /home/weng/work/humble_ws/install/isaac_ros2_messages/share/isaac_ros2_messages/environment/library_path.dsv
[0.618s] -- Up-to-date: /home/weng/work/humble_ws/install/isaac_ros2_messages/lib/libisaac_ros2_messages__rosidl_generator_c.so
[0.618s] -- Up-to-date: /home/weng/work/humble_ws/install/isaac_ros2_messages/include/isaac_ros2_messages/isaac_ros2_messages
[0.618s] -- Up-to-date: /home/weng/work/humble_ws/install/isaac_ros2_messages/include/isaac_ros2_messages/isaac_ros2_messages/srv
[0.618s] -- Up-to-date: /home/weng/work/humble_ws/install/isaac_ros2_messages/include/isaac_ros2_messages/isaac_ros2_messages/srv/detail
[0.619s] -- Up-to-date: /home/weng/work/humble_ws/install/isaac_ros2_messages/include/isaac_ros2_messages/isaac_ros2_messages/srv/detail/isaac_pose__rosidl_typesupport_fastrtps_c.h
[0.619s] -- Up-to-date: /home/weng/work/humble_ws/install/isaac_ros2_messages/include/isaac_ros2_messages/isaac_ros2_messages/msg
[0.619s] -- Up-to-date: /home/weng/work/humble_ws/install/isaac_ros2_messages/include/isaac_ros2_messages/isaac_ros2_messages/msg/rosidl_typesupport_fastrtps_c__visibility_control.h
[0.619s] -- Up-to-date: /home/weng/work/humble_ws/install/isaac_ros2_messages/lib/libisaac_ros2_messages__rosidl_typesupport_fastrtps_c.so
[0.619s] -- Up-to-date: /home/weng/work/humble_ws/install/isaac_ros2_messages/include/isaac_ros2_messages/isaac_ros2_messages
[0.620s] -- Up-to-date: /home/weng/work/humble_ws/install/isaac_ros2_messages/include/isaac_ros2_messages/isaac_ros2_messages/srv
[0.620s] -- Up-to-date: /home/weng/work/humble_ws/install/isaac_ros2_messages/include/isaac_ros2_messages/isaac_ros2_messages/srv/isaac_pose.hpp
[0.620s] -- Up-to-date: /home/weng/work/humble_ws/install/isaac_ros2_messages/include/isaac_ros2_messages/isaac_ros2_messages/srv/detail
[0.620s] -- Up-to-date: /home/weng/work/humble_ws/install/isaac_ros2_messages/include/isaac_ros2_messages/isaac_ros2_messages/srv/detail/isaac_pose__builder.hpp
[0.620s] -- Up-to-date: /home/weng/work/humble_ws/install/isaac_ros2_messages/include/isaac_ros2_messages/isaac_ros2_messages/srv/detail/isaac_pose__traits.hpp
[0.620s] -- Up-to-date: /home/weng/work/humble_ws/install/isaac_ros2_messages/include/isaac_ros2_messages/isaac_ros2_messages/srv/detail/isaac_pose__struct.hpp
[0.621s] -- Up-to-date: /home/weng/work/humble_ws/install/isaac_ros2_messages/include/isaac_ros2_messages/isaac_ros2_messages
[0.621s] -- Up-to-date: /home/weng/work/humble_ws/install/isaac_ros2_messages/include/isaac_ros2_messages/isaac_ros2_messages/srv
[0.621s] -- Up-to-date: /home/weng/work/humble_ws/install/isaac_ros2_messages/include/isaac_ros2_messages/isaac_ros2_messages/srv/detail
[0.621s] -- Up-to-date: /home/weng/work/humble_ws/install/isaac_ros2_messages/include/isaac_ros2_messages/isaac_ros2_messages/srv/detail/isaac_pose__rosidl_typesupport_fastrtps_cpp.hpp
[0.621s] -- Up-to-date: /home/weng/work/humble_ws/install/isaac_ros2_messages/include/isaac_ros2_messages/isaac_ros2_messages/srv/detail/dds_fastrtps
[0.622s] -- Up-to-date: /home/weng/work/humble_ws/install/isaac_ros2_messages/include/isaac_ros2_messages/isaac_ros2_messages/msg
[0.622s] -- Up-to-date: /home/weng/work/humble_ws/install/isaac_ros2_messages/include/isaac_ros2_messages/isaac_ros2_messages/msg/rosidl_typesupport_fastrtps_cpp__visibility_control.h
[0.622s] -- Up-to-date: /home/weng/work/humble_ws/install/isaac_ros2_messages/lib/libisaac_ros2_messages__rosidl_typesupport_fastrtps_cpp.so
[0.624s] -- Up-to-date: /home/weng/work/humble_ws/install/isaac_ros2_messages/include/isaac_ros2_messages/isaac_ros2_messages
[0.624s] -- Up-to-date: /home/weng/work/humble_ws/install/isaac_ros2_messages/include/isaac_ros2_messages/isaac_ros2_messages/srv
[0.624s] -- Up-to-date: /home/weng/work/humble_ws/install/isaac_ros2_messages/include/isaac_ros2_messages/isaac_ros2_messages/srv/detail
[0.624s] -- Up-to-date: /home/weng/work/humble_ws/install/isaac_ros2_messages/include/isaac_ros2_messages/isaac_ros2_messages/srv/detail/isaac_pose__rosidl_typesupport_introspection_c.h
[0.624s] -- Up-to-date: /home/weng/work/humble_ws/install/isaac_ros2_messages/include/isaac_ros2_messages/isaac_ros2_messages/srv/detail/isaac_pose__type_support.c
[0.624s] -- Up-to-date: /home/weng/work/humble_ws/install/isaac_ros2_messages/include/isaac_ros2_messages/isaac_ros2_messages/msg
[0.624s] -- Up-to-date: /home/weng/work/humble_ws/install/isaac_ros2_messages/include/isaac_ros2_messages/isaac_ros2_messages/msg/rosidl_typesupport_introspection_c__visibility_control.h
[0.624s] -- Up-to-date: /home/weng/work/humble_ws/install/isaac_ros2_messages/lib/libisaac_ros2_messages__rosidl_typesupport_introspection_c.so
[0.624s] -- Up-to-date: /home/weng/work/humble_ws/install/isaac_ros2_messages/lib/libisaac_ros2_messages__rosidl_typesupport_c.so
[0.625s] -- Up-to-date: /home/weng/work/humble_ws/install/isaac_ros2_messages/include/isaac_ros2_messages/isaac_ros2_messages
[0.625s] -- Up-to-date: /home/weng/work/humble_ws/install/isaac_ros2_messages/include/isaac_ros2_messages/isaac_ros2_messages/srv
[0.625s] -- Up-to-date: /home/weng/work/humble_ws/install/isaac_ros2_messages/include/isaac_ros2_messages/isaac_ros2_messages/srv/detail
[0.625s] -- Up-to-date: /home/weng/work/humble_ws/install/isaac_ros2_messages/include/isaac_ros2_messages/isaac_ros2_messages/srv/detail/isaac_pose__rosidl_typesupport_introspection_cpp.hpp
[0.625s] -- Up-to-date: /home/weng/work/humble_ws/install/isaac_ros2_messages/include/isaac_ros2_messages/isaac_ros2_messages/srv/detail/isaac_pose__type_support.cpp
[0.625s] -- Up-to-date: /home/weng/work/humble_ws/install/isaac_ros2_messages/lib/libisaac_ros2_messages__rosidl_typesupport_introspection_cpp.so
[0.625s] -- Up-to-date: /home/weng/work/humble_ws/install/isaac_ros2_messages/lib/libisaac_ros2_messages__rosidl_typesupport_cpp.so
[0.625s] -- Up-to-date: /home/weng/work/humble_ws/install/isaac_ros2_messages/share/isaac_ros2_messages/environment/pythonpath.sh
[0.625s] -- Up-to-date: /home/weng/work/humble_ws/install/isaac_ros2_messages/share/isaac_ros2_messages/environment/pythonpath.dsv
[0.625s] -- Up-to-date: /home/weng/work/humble_ws/install/isaac_ros2_messages/local/lib/python3.10/dist-packages/isaac_ros2_messages-0.1.0-py3.10.egg-info
[0.625s] -- Installing: /home/weng/work/humble_ws/install/isaac_ros2_messages/local/lib/python3.10/dist-packages/isaac_ros2_messages-0.1.0-py3.10.egg-info/dependency_links.txt
[0.625s] -- Installing: /home/weng/work/humble_ws/install/isaac_ros2_messages/local/lib/python3.10/dist-packages/isaac_ros2_messages-0.1.0-py3.10.egg-info/PKG-INFO
[0.625s] -- Installing: /home/weng/work/humble_ws/install/isaac_ros2_messages/local/lib/python3.10/dist-packages/isaac_ros2_messages-0.1.0-py3.10.egg-info/top_level.txt
[0.625s] -- Installing: /home/weng/work/humble_ws/install/isaac_ros2_messages/local/lib/python3.10/dist-packages/isaac_ros2_messages-0.1.0-py3.10.egg-info/SOURCES.txt
[0.626s] -- Up-to-date: /home/weng/work/humble_ws/install/isaac_ros2_messages/local/lib/python3.10/dist-packages/isaac_ros2_messages
[0.626s] -- Up-to-date: /home/weng/work/humble_ws/install/isaac_ros2_messages/local/lib/python3.10/dist-packages/isaac_ros2_messages/_isaac_ros2_messages_s.ep.rosidl_typesupport_c.c
[0.626s] -- Up-to-date: /home/weng/work/humble_ws/install/isaac_ros2_messages/local/lib/python3.10/dist-packages/isaac_ros2_messages/_isaac_ros2_messages_s.ep.rosidl_typesupport_introspection_c.c
[0.626s] -- Up-to-date: /home/weng/work/humble_ws/install/isaac_ros2_messages/local/lib/python3.10/dist-packages/isaac_ros2_messages/libisaac_ros2_messages__rosidl_generator_py.so
[0.626s] -- Up-to-date: /home/weng/work/humble_ws/install/isaac_ros2_messages/local/lib/python3.10/dist-packages/isaac_ros2_messages/_isaac_ros2_messages_s.ep.rosidl_typesupport_fastrtps_c.c
[0.626s] -- Up-to-date: /home/weng/work/humble_ws/install/isaac_ros2_messages/local/lib/python3.10/dist-packages/isaac_ros2_messages/isaac_ros2_messages_s__rosidl_typesupport_c.cpython-310-x86_64-linux-gnu.so
[0.626s] -- Up-to-date: /home/weng/work/humble_ws/install/isaac_ros2_messages/local/lib/python3.10/dist-packages/isaac_ros2_messages/isaac_ros2_messages_s__rosidl_typesupport_fastrtps_c.cpython-310-x86_64-linux-gnu.so
[0.626s] -- Up-to-date: /home/weng/work/humble_ws/install/isaac_ros2_messages/local/lib/python3.10/dist-packages/isaac_ros2_messages/srv
[0.626s] -- Up-to-date: /home/weng/work/humble_ws/install/isaac_ros2_messages/local/lib/python3.10/dist-packages/isaac_ros2_messages/srv/_isaac_pose.py
[0.626s] -- Up-to-date: /home/weng/work/humble_ws/install/isaac_ros2_messages/local/lib/python3.10/dist-packages/isaac_ros2_messages/srv/__init__.py
[0.626s] -- Up-to-date: /home/weng/work/humble_ws/install/isaac_ros2_messages/local/lib/python3.10/dist-packages/isaac_ros2_messages/srv/_isaac_pose_s.c
[0.626s] -- Up-to-date: /home/weng/work/humble_ws/install/isaac_ros2_messages/local/lib/python3.10/dist-packages/isaac_ros2_messages/isaac_ros2_messages_s__rosidl_typesupport_introspection_c.cpython-310-x86_64-linux-gnu.so
[0.626s] -- Up-to-date: /home/weng/work/humble_ws/install/isaac_ros2_messages/local/lib/python3.10/dist-packages/isaac_ros2_messages/__init__.py
[0.638s] Listing '/home/weng/work/humble_ws/install/isaac_ros2_messages/local/lib/python3.10/dist-packages/isaac_ros2_messages'...
[0.638s] Listing '/home/weng/work/humble_ws/install/isaac_ros2_messages/local/lib/python3.10/dist-packages/isaac_ros2_messages/srv'...
[0.642s] -- Up-to-date: /home/weng/work/humble_ws/install/isaac_ros2_messages/local/lib/python3.10/dist-packages/isaac_ros2_messages/isaac_ros2_messages_s__rosidl_typesupport_fastrtps_c.cpython-310-x86_64-linux-gnu.so
[0.643s] -- Up-to-date: /home/weng/work/humble_ws/install/isaac_ros2_messages/local/lib/python3.10/dist-packages/isaac_ros2_messages/isaac_ros2_messages_s__rosidl_typesupport_introspection_c.cpython-310-x86_64-linux-gnu.so
[0.643s] -- Up-to-date: /home/weng/work/humble_ws/install/isaac_ros2_messages/local/lib/python3.10/dist-packages/isaac_ros2_messages/isaac_ros2_messages_s__rosidl_typesupport_c.cpython-310-x86_64-linux-gnu.so
[0.643s] -- Up-to-date: /home/weng/work/humble_ws/install/isaac_ros2_messages/lib/libisaac_ros2_messages__rosidl_generator_py.so
[0.644s] -- Up-to-date: /home/weng/work/humble_ws/install/isaac_ros2_messages/share/isaac_ros2_messages/srv/IsaacPose.idl
[0.644s] -- Up-to-date: /home/weng/work/humble_ws/install/isaac_ros2_messages/share/isaac_ros2_messages/srv/IsaacPose.srv
[0.644s] -- Up-to-date: /home/weng/work/humble_ws/install/isaac_ros2_messages/share/isaac_ros2_messages/srv/IsaacPose_Request.msg
[0.644s] -- Up-to-date: /home/weng/work/humble_ws/install/isaac_ros2_messages/share/isaac_ros2_messages/srv/IsaacPose_Response.msg
[0.644s] -- Up-to-date: /home/weng/work/humble_ws/install/isaac_ros2_messages/share/ament_index/resource_index/package_run_dependencies/isaac_ros2_messages
[0.644s] -- Up-to-date: /home/weng/work/humble_ws/install/isaac_ros2_messages/share/ament_index/resource_index/parent_prefix_path/isaac_ros2_messages
[0.644s] -- Up-to-date: /home/weng/work/humble_ws/install/isaac_ros2_messages/share/isaac_ros2_messages/environment/ament_prefix_path.sh
[0.644s] -- Up-to-date: /home/weng/work/humble_ws/install/isaac_ros2_messages/share/isaac_ros2_messages/environment/ament_prefix_path.dsv
[0.644s] -- Up-to-date: /home/weng/work/humble_ws/install/isaac_ros2_messages/share/isaac_ros2_messages/environment/path.sh
[0.644s] -- Up-to-date: /home/weng/work/humble_ws/install/isaac_ros2_messages/share/isaac_ros2_messages/environment/path.dsv
[0.644s] -- Up-to-date: /home/weng/work/humble_ws/install/isaac_ros2_messages/share/isaac_ros2_messages/local_setup.bash
[0.644s] -- Up-to-date: /home/weng/work/humble_ws/install/isaac_ros2_messages/share/isaac_ros2_messages/local_setup.sh
[0.645s] -- Up-to-date: /home/weng/work/humble_ws/install/isaac_ros2_messages/share/isaac_ros2_messages/local_setup.zsh
[0.645s] -- Up-to-date: /home/weng/work/humble_ws/install/isaac_ros2_messages/share/isaac_ros2_messages/local_setup.dsv
[0.645s] -- Installing: /home/weng/work/humble_ws/install/isaac_ros2_messages/share/isaac_ros2_messages/package.dsv
[0.645s] -- Up-to-date: /home/weng/work/humble_ws/install/isaac_ros2_messages/share/ament_index/resource_index/packages/isaac_ros2_messages
[0.645s] -- Up-to-date: /home/weng/work/humble_ws/install/isaac_ros2_messages/share/isaac_ros2_messages/cmake/export_isaac_ros2_messages__rosidl_generator_cExport.cmake
[0.645s] -- Up-to-date: /home/weng/work/humble_ws/install/isaac_ros2_messages/share/isaac_ros2_messages/cmake/export_isaac_ros2_messages__rosidl_generator_cExport-noconfig.cmake
[0.645s] -- Up-to-date: /home/weng/work/humble_ws/install/isaac_ros2_messages/share/isaac_ros2_messages/cmake/export_isaac_ros2_messages__rosidl_typesupport_fastrtps_cExport.cmake
[0.645s] -- Up-to-date: /home/weng/work/humble_ws/install/isaac_ros2_messages/share/isaac_ros2_messages/cmake/export_isaac_ros2_messages__rosidl_typesupport_fastrtps_cExport-noconfig.cmake
[0.645s] -- Up-to-date: /home/weng/work/humble_ws/install/isaac_ros2_messages/share/isaac_ros2_messages/cmake/export_isaac_ros2_messages__rosidl_generator_cppExport.cmake
[0.645s] -- Up-to-date: /home/weng/work/humble_ws/install/isaac_ros2_messages/share/isaac_ros2_messages/cmake/export_isaac_ros2_messages__rosidl_typesupport_fastrtps_cppExport.cmake
[0.645s] -- Up-to-date: /home/weng/work/humble_ws/install/isaac_ros2_messages/share/isaac_ros2_messages/cmake/export_isaac_ros2_messages__rosidl_typesupport_fastrtps_cppExport-noconfig.cmake
[0.645s] -- Up-to-date: /home/weng/work/humble_ws/install/isaac_ros2_messages/share/isaac_ros2_messages/cmake/isaac_ros2_messages__rosidl_typesupport_introspection_cExport.cmake
[0.645s] -- Up-to-date: /home/weng/work/humble_ws/install/isaac_ros2_messages/share/isaac_ros2_messages/cmake/isaac_ros2_messages__rosidl_typesupport_introspection_cExport-noconfig.cmake
[0.645s] -- Up-to-date: /home/weng/work/humble_ws/install/isaac_ros2_messages/share/isaac_ros2_messages/cmake/isaac_ros2_messages__rosidl_typesupport_cExport.cmake
[0.645s] -- Up-to-date: /home/weng/work/humble_ws/install/isaac_ros2_messages/share/isaac_ros2_messages/cmake/isaac_ros2_messages__rosidl_typesupport_cExport-noconfig.cmake
[0.645s] -- Up-to-date: /home/weng/work/humble_ws/install/isaac_ros2_messages/share/isaac_ros2_messages/cmake/isaac_ros2_messages__rosidl_typesupport_introspection_cppExport.cmake
[0.645s] -- Up-to-date: /home/weng/work/humble_ws/install/isaac_ros2_messages/share/isaac_ros2_messages/cmake/isaac_ros2_messages__rosidl_typesupport_introspection_cppExport-noconfig.cmake
[0.645s] -- Up-to-date: /home/weng/work/humble_ws/install/isaac_ros2_messages/share/isaac_ros2_messages/cmake/isaac_ros2_messages__rosidl_typesupport_cppExport.cmake
[0.645s] -- Up-to-date: /home/weng/work/humble_ws/install/isaac_ros2_messages/share/isaac_ros2_messages/cmake/isaac_ros2_messages__rosidl_typesupport_cppExport-noconfig.cmake
[0.645s] -- Up-to-date: /home/weng/work/humble_ws/install/isaac_ros2_messages/share/isaac_ros2_messages/cmake/export_isaac_ros2_messages__rosidl_generator_pyExport.cmake
[0.645s] -- Up-to-date: /home/weng/work/humble_ws/install/isaac_ros2_messages/share/isaac_ros2_messages/cmake/export_isaac_ros2_messages__rosidl_generator_pyExport-noconfig.cmake
[0.645s] -- Up-to-date: /home/weng/work/humble_ws/install/isaac_ros2_messages/share/isaac_ros2_messages/cmake/rosidl_cmake-extras.cmake
[0.645s] -- Up-to-date: /home/weng/work/humble_ws/install/isaac_ros2_messages/share/isaac_ros2_messages/cmake/ament_cmake_export_dependencies-extras.cmake
[0.645s] -- Up-to-date: /home/weng/work/humble_ws/install/isaac_ros2_messages/share/isaac_ros2_messages/cmake/ament_cmake_export_include_directories-extras.cmake
[0.645s] -- Up-to-date: /home/weng/work/humble_ws/install/isaac_ros2_messages/share/isaac_ros2_messages/cmake/ament_cmake_export_libraries-extras.cmake
[0.645s] -- Up-to-date: /home/weng/work/humble_ws/install/isaac_ros2_messages/share/isaac_ros2_messages/cmake/ament_cmake_export_targets-extras.cmake
[0.645s] -- Up-to-date: /home/weng/work/humble_ws/install/isaac_ros2_messages/share/isaac_ros2_messages/cmake/rosidl_cmake_export_typesupport_targets-extras.cmake
[0.645s] -- Up-to-date: /home/weng/work/humble_ws/install/isaac_ros2_messages/share/isaac_ros2_messages/cmake/rosidl_cmake_export_typesupport_libraries-extras.cmake
[0.645s] -- Up-to-date: /home/weng/work/humble_ws/install/isaac_ros2_messages/share/isaac_ros2_messages/cmake/isaac_ros2_messagesConfig.cmake
[0.645s] -- Up-to-date: /home/weng/work/humble_ws/install/isaac_ros2_messages/share/isaac_ros2_messages/cmake/isaac_ros2_messagesConfig-version.cmake
[0.645s] -- Up-to-date: /home/weng/work/humble_ws/install/isaac_ros2_messages/share/isaac_ros2_messages/package.xml
[0.717s] Invoked command in '/home/weng/work/humble_ws/build/isaac_ros2_messages' returned '0': CMAKE_PREFIX_PATH=${CMAKE_PREFIX_PATH}:/home/weng/work/humble_ws/install/turtlebot3_teleop:/home/weng/work/humble_ws/install/turtlebot3_example:/home/weng/work/humble_ws/install/isaac_ros_navigation_goal:/opt/ros/humble /usr/local/bin/cmake --install /home/weng/work/humble_ws/build/isaac_ros2_messages
