[0.345s] Invoking command in '/home/weng/work/build/turtlebot3_navigation2': CMAKE_PREFIX_PATH=/opt/ros/humble /usr/local/bin/cmake --build /home/weng/work/build/turtlebot3_navigation2 -- -j16 -l16
[0.899s] Invoked command in '/home/weng/work/build/turtlebot3_navigation2' returned '0': CMAKE_PREFIX_PATH=/opt/ros/humble /usr/local/bin/cmake --build /home/weng/work/build/turtlebot3_navigation2 -- -j16 -l16
[0.979s] Invoking command in '/home/weng/work/build/turtlebot3_navigation2': CMAKE_PREFIX_PATH=/opt/ros/humble /usr/local/bin/cmake --install /home/weng/work/build/turtlebot3_navigation2
[1.008s] -- Install configuration: ""
[1.008s] -- Up-to-date: /home/weng/work/install/turtlebot3_navigation2/share/turtlebot3_navigation2/launch
[1.008s] -- Up-to-date: /home/weng/work/install/turtlebot3_navigation2/share/turtlebot3_navigation2/launch/navigation2.launch.py
[1.008s] -- Up-to-date: /home/weng/work/install/turtlebot3_navigation2/share/turtlebot3_navigation2/map
[1.008s] -- Up-to-date: /home/weng/work/install/turtlebot3_navigation2/share/turtlebot3_navigation2/map/map.yaml
[1.008s] -- Up-to-date: /home/weng/work/install/turtlebot3_navigation2/share/turtlebot3_navigation2/map/map.pgm
[1.008s] -- Up-to-date: /home/weng/work/install/turtlebot3_navigation2/share/turtlebot3_navigation2/param
[1.008s] -- Up-to-date: /home/weng/work/install/turtlebot3_navigation2/share/turtlebot3_navigation2/param/waffle_pi.yaml
[1.008s] -- Up-to-date: /home/weng/work/install/turtlebot3_navigation2/share/turtlebot3_navigation2/param/waffle.yaml
[1.008s] -- Up-to-date: /home/weng/work/install/turtlebot3_navigation2/share/turtlebot3_navigation2/param/burger.yaml
[1.008s] -- Up-to-date: /home/weng/work/install/turtlebot3_navigation2/share/turtlebot3_navigation2/rviz
[1.008s] -- Up-to-date: /home/weng/work/install/turtlebot3_navigation2/share/turtlebot3_navigation2/rviz/tb3_navigation2.rviz
[1.008s] -- Up-to-date: /home/weng/work/install/turtlebot3_navigation2/share/ament_index/resource_index/package_run_dependencies/turtlebot3_navigation2
[1.008s] -- Up-to-date: /home/weng/work/install/turtlebot3_navigation2/share/ament_index/resource_index/parent_prefix_path/turtlebot3_navigation2
[1.010s] -- Up-to-date: /home/weng/work/install/turtlebot3_navigation2/share/turtlebot3_navigation2/environment/ament_prefix_path.sh
[1.010s] -- Up-to-date: /home/weng/work/install/turtlebot3_navigation2/share/turtlebot3_navigation2/environment/ament_prefix_path.dsv
[1.010s] -- Up-to-date: /home/weng/work/install/turtlebot3_navigation2/share/turtlebot3_navigation2/environment/path.sh
[1.010s] -- Up-to-date: /home/weng/work/install/turtlebot3_navigation2/share/turtlebot3_navigation2/environment/path.dsv
[1.010s] -- Up-to-date: /home/weng/work/install/turtlebot3_navigation2/share/turtlebot3_navigation2/local_setup.bash
[1.010s] -- Up-to-date: /home/weng/work/install/turtlebot3_navigation2/share/turtlebot3_navigation2/local_setup.sh
[1.011s] -- Up-to-date: /home/weng/work/install/turtlebot3_navigation2/share/turtlebot3_navigation2/local_setup.zsh
[1.011s] -- Up-to-date: /home/weng/work/install/turtlebot3_navigation2/share/turtlebot3_navigation2/local_setup.dsv
[1.012s] -- Up-to-date: /home/weng/work/install/turtlebot3_navigation2/share/turtlebot3_navigation2/package.dsv
[1.014s] -- Up-to-date: /home/weng/work/install/turtlebot3_navigation2/share/ament_index/resource_index/packages/turtlebot3_navigation2
[1.014s] -- Up-to-date: /home/weng/work/install/turtlebot3_navigation2/share/turtlebot3_navigation2/cmake/turtlebot3_navigation2Config.cmake
[1.014s] -- Up-to-date: /home/weng/work/install/turtlebot3_navigation2/share/turtlebot3_navigation2/cmake/turtlebot3_navigation2Config-version.cmake
[1.014s] -- Up-to-date: /home/weng/work/install/turtlebot3_navigation2/share/turtlebot3_navigation2/package.xml
[1.066s] Invoked command in '/home/weng/work/build/turtlebot3_navigation2' returned '0': CMAKE_PREFIX_PATH=/opt/ros/humble /usr/local/bin/cmake --install /home/weng/work/build/turtlebot3_navigation2
