[0.196s] Invoking command in '/home/weng/work/humble_ws/src/build/turtlebot3_description': CMAKE_PREFIX_PATH=/opt/ros/humble /usr/local/bin/cmake /home/weng/work/humble_ws/src/turtlebot3/turtlebot3_description -DCMAKE_INSTALL_PREFIX=/home/weng/work/humble_ws/src/install/turtlebot3_description
[0.591s] -- The C compiler identification is GNU 11.4.0
[0.591s] -- The CXX compiler identification is GNU 11.4.0
[0.592s] -- Detecting C compiler ABI info
[0.592s] -- Detecting C compiler ABI info - done
[0.592s] -- Check for working C compiler: /usr/bin/cc - skipped
[0.592s] -- Detecting C compile features
[0.593s] -- Detecting C compile features - done
[0.593s] -- Detecting CXX compiler ABI info
[0.593s] -- Detecting CXX compiler ABI info - done
[0.593s] -- Check for working CXX compiler: /usr/bin/c++ - skipped
[0.593s] -- Detecting CXX compile features
[0.593s] -- Detecting CXX compile features - done
[0.593s] -- Found ament_cmake: 1.3.8 (/opt/ros/humble/share/ament_cmake/cmake)
[0.593s] -- Found Python3: /usr/bin/python3 (found version "3.10.12") found components: Interpreter 
[0.593s] -- Found urdf: 2.6.0 (/opt/ros/humble/share/urdf/cmake)
[0.617s] -- Configuring done (0.4s)
[0.618s] -- Generating done (0.0s)
[0.619s] -- Build files have been written to: /home/weng/work/humble_ws/src/build/turtlebot3_description
[0.625s] Invoked command in '/home/weng/work/humble_ws/src/build/turtlebot3_description' returned '0': CMAKE_PREFIX_PATH=/opt/ros/humble /usr/local/bin/cmake /home/weng/work/humble_ws/src/turtlebot3/turtlebot3_description -DCMAKE_INSTALL_PREFIX=/home/weng/work/humble_ws/src/install/turtlebot3_description
[0.626s] Invoking command in '/home/weng/work/humble_ws/src/build/turtlebot3_description': CMAKE_PREFIX_PATH=/opt/ros/humble /usr/local/bin/cmake --build /home/weng/work/humble_ws/src/build/turtlebot3_description -- -j24 -l24
[0.655s] Invoked command in '/home/weng/work/humble_ws/src/build/turtlebot3_description' returned '0': CMAKE_PREFIX_PATH=/opt/ros/humble /usr/local/bin/cmake --build /home/weng/work/humble_ws/src/build/turtlebot3_description -- -j24 -l24
[0.695s] Invoking command in '/home/weng/work/humble_ws/src/build/turtlebot3_description': CMAKE_PREFIX_PATH=/opt/ros/humble /usr/local/bin/cmake --install /home/weng/work/humble_ws/src/build/turtlebot3_description
[0.706s] -- Install configuration: ""
[0.706s] -- Installing: /home/weng/work/humble_ws/src/install/turtlebot3_description/share/turtlebot3_description/meshes
[0.707s] -- Installing: /home/weng/work/humble_ws/src/install/turtlebot3_description/share/turtlebot3_description/meshes/wheels
[0.707s] -- Installing: /home/weng/work/humble_ws/src/install/turtlebot3_description/share/turtlebot3_description/meshes/wheels/left_tire.stl
[0.708s] -- Installing: /home/weng/work/humble_ws/src/install/turtlebot3_description/share/turtlebot3_description/meshes/wheels/right_tire.stl
[0.709s] -- Installing: /home/weng/work/humble_ws/src/install/turtlebot3_description/share/turtlebot3_description/meshes/bases
[0.709s] -- Installing: /home/weng/work/humble_ws/src/install/turtlebot3_description/share/turtlebot3_description/meshes/bases/waffle_pi_base.stl
[0.715s] -- Installing: /home/weng/work/humble_ws/src/install/turtlebot3_description/share/turtlebot3_description/meshes/bases/waffle_base.stl
[0.730s] -- Installing: /home/weng/work/humble_ws/src/install/turtlebot3_description/share/turtlebot3_description/meshes/bases/burger_base.stl
[0.735s] -- Installing: /home/weng/work/humble_ws/src/install/turtlebot3_description/share/turtlebot3_description/meshes/sensors
[0.735s] -- Installing: /home/weng/work/humble_ws/src/install/turtlebot3_description/share/turtlebot3_description/meshes/sensors/lds.stl
[0.736s] -- Installing: /home/weng/work/humble_ws/src/install/turtlebot3_description/share/turtlebot3_description/meshes/sensors/r200.dae
[0.736s] -- Installing: /home/weng/work/humble_ws/src/install/turtlebot3_description/share/turtlebot3_description/meshes/sensors/astra.dae
[0.746s] -- Installing: /home/weng/work/humble_ws/src/install/turtlebot3_description/share/turtlebot3_description/meshes/sensors/astra.jpg
[0.746s] -- Installing: /home/weng/work/humble_ws/src/install/turtlebot3_description/share/turtlebot3_description/meshes/sensors/r200.jpg
[0.746s] -- Installing: /home/weng/work/humble_ws/src/install/turtlebot3_description/share/turtlebot3_description/rviz
[0.747s] -- Installing: /home/weng/work/humble_ws/src/install/turtlebot3_description/share/turtlebot3_description/rviz/model.rviz
[0.747s] -- Installing: /home/weng/work/humble_ws/src/install/turtlebot3_description/share/turtlebot3_description/urdf
[0.747s] -- Installing: /home/weng/work/humble_ws/src/install/turtlebot3_description/share/turtlebot3_description/urdf/turtlebot3_waffle_pi.urdf
[0.747s] -- Installing: /home/weng/work/humble_ws/src/install/turtlebot3_description/share/turtlebot3_description/urdf/turtlebot3_waffle.urdf
[0.747s] -- Installing: /home/weng/work/humble_ws/src/install/turtlebot3_description/share/turtlebot3_description/urdf/turtlebot3_burger.urdf
[0.747s] -- Installing: /home/weng/work/humble_ws/src/install/turtlebot3_description/share/turtlebot3_description/urdf/common_properties.urdf
[0.747s] -- Installing: /home/weng/work/humble_ws/src/install/turtlebot3_description/share/ament_index/resource_index/package_run_dependencies/turtlebot3_description
[0.748s] -- Installing: /home/weng/work/humble_ws/src/install/turtlebot3_description/share/ament_index/resource_index/parent_prefix_path/turtlebot3_description
[0.748s] -- Installing: /home/weng/work/humble_ws/src/install/turtlebot3_description/share/turtlebot3_description/environment/ament_prefix_path.sh
[0.748s] -- Installing: /home/weng/work/humble_ws/src/install/turtlebot3_description/share/turtlebot3_description/environment/ament_prefix_path.dsv
[0.748s] -- Installing: /home/weng/work/humble_ws/src/install/turtlebot3_description/share/turtlebot3_description/environment/path.sh
[0.748s] -- Installing: /home/weng/work/humble_ws/src/install/turtlebot3_description/share/turtlebot3_description/environment/path.dsv
[0.749s] -- Installing: /home/weng/work/humble_ws/src/install/turtlebot3_description/share/turtlebot3_description/local_setup.bash
[0.749s] -- Installing: /home/weng/work/humble_ws/src/install/turtlebot3_description/share/turtlebot3_description/local_setup.sh
[0.749s] -- Installing: /home/weng/work/humble_ws/src/install/turtlebot3_description/share/turtlebot3_description/local_setup.zsh
[0.749s] -- Installing: /home/weng/work/humble_ws/src/install/turtlebot3_description/share/turtlebot3_description/local_setup.dsv
[0.749s] -- Installing: /home/weng/work/humble_ws/src/install/turtlebot3_description/share/turtlebot3_description/package.dsv
[0.749s] -- Installing: /home/weng/work/humble_ws/src/install/turtlebot3_description/share/ament_index/resource_index/packages/turtlebot3_description
[0.749s] -- Installing: /home/weng/work/humble_ws/src/install/turtlebot3_description/share/turtlebot3_description/cmake/turtlebot3_descriptionConfig.cmake
[0.749s] -- Installing: /home/weng/work/humble_ws/src/install/turtlebot3_description/share/turtlebot3_description/cmake/turtlebot3_descriptionConfig-version.cmake
[0.749s] -- Installing: /home/weng/work/humble_ws/src/install/turtlebot3_description/share/turtlebot3_description/package.xml
[0.782s] Invoked command in '/home/weng/work/humble_ws/src/build/turtlebot3_description' returned '0': CMAKE_PREFIX_PATH=/opt/ros/humble /usr/local/bin/cmake --install /home/weng/work/humble_ws/src/build/turtlebot3_description
