[0.424s] Invoking command in '/home/weng/work/build/isaac_ros2_messages': CMAKE_PREFIX_PATH=/opt/ros/humble /usr/local/bin/cmake --build /home/weng/work/build/isaac_ros2_messages -- -j16 -l16
[0.716s] [  3%] Built target isaac_ros2_messages__cpp
[0.717s] [ 12%] Built target isaac_ros2_messages__rosidl_generator_c
[0.717s] [ 12%] Built target ament_cmake_python_copy_isaac_ros2_messages
[0.717s] [ 22%] Built target isaac_ros2_messages__rosidl_typesupport_cpp
[0.717s] [ 32%] Built target isaac_ros2_messages__rosidl_typesupport_fastrtps_cpp
[0.717s] [ 51%] Built target isaac_ros2_messages__rosidl_typesupport_introspection_cpp
[0.718s] [ 51%] Built target isaac_ros2_messages__rosidl_typesupport_c
[0.718s] [ 61%] Built target isaac_ros2_messages__rosidl_typesupport_introspection_c
[0.718s] [ 70%] Built target isaac_ros2_messages__rosidl_typesupport_fastrtps_c
[0.718s] [ 70%] Built target isaac_ros2_messages
[0.718s] [ 74%] Built target isaac_ros2_messages__py
[0.718s] [ 80%] Built target isaac_ros2_messages__rosidl_generator_py
[0.718s] [ 93%] Built target isaac_ros2_messages__rosidl_typesupport_c__pyext
[0.718s] [ 93%] Built target isaac_ros2_messages__rosidl_typesupport_introspection_c__pyext
[0.718s] [100%] Built target isaac_ros2_messages__rosidl_typesupport_fastrtps_c__pyext
[0.718s] running egg_info
[0.718s] writing isaac_ros2_messages.egg-info/PKG-INFO
[0.719s] writing dependency_links to isaac_ros2_messages.egg-info/dependency_links.txt
[0.720s] writing top-level names to isaac_ros2_messages.egg-info/top_level.txt
[0.720s] reading manifest file 'isaac_ros2_messages.egg-info/SOURCES.txt'
[0.720s] writing manifest file 'isaac_ros2_messages.egg-info/SOURCES.txt'
[0.720s] [100%] Built target ament_cmake_python_build_isaac_ros2_messages_egg
[0.730s] Invoked command in '/home/weng/work/build/isaac_ros2_messages' returned '0': CMAKE_PREFIX_PATH=/opt/ros/humble /usr/local/bin/cmake --build /home/weng/work/build/isaac_ros2_messages -- -j16 -l16
[1.020s] Invoking command in '/home/weng/work/build/isaac_ros2_messages': CMAKE_PREFIX_PATH=/opt/ros/humble /usr/local/bin/cmake --install /home/weng/work/build/isaac_ros2_messages
[1.099s] -- Install configuration: ""
[1.099s] -- Up-to-date: /home/weng/work/install/isaac_ros2_messages/share/ament_index/resource_index/rosidl_interfaces/isaac_ros2_messages
[1.099s] -- Up-to-date: /home/weng/work/install/isaac_ros2_messages/include/isaac_ros2_messages/isaac_ros2_messages
[1.099s] -- Up-to-date: /home/weng/work/install/isaac_ros2_messages/include/isaac_ros2_messages/isaac_ros2_messages/srv
[1.099s] -- Up-to-date: /home/weng/work/install/isaac_ros2_messages/include/isaac_ros2_messages/isaac_ros2_messages/srv/isaac_pose.h
[1.099s] -- Up-to-date: /home/weng/work/install/isaac_ros2_messages/include/isaac_ros2_messages/isaac_ros2_messages/srv/detail
[1.099s] -- Up-to-date: /home/weng/work/install/isaac_ros2_messages/include/isaac_ros2_messages/isaac_ros2_messages/srv/detail/isaac_pose__type_support.h
[1.099s] -- Up-to-date: /home/weng/work/install/isaac_ros2_messages/include/isaac_ros2_messages/isaac_ros2_messages/srv/detail/isaac_pose__functions.h
[1.099s] -- Up-to-date: /home/weng/work/install/isaac_ros2_messages/include/isaac_ros2_messages/isaac_ros2_messages/srv/detail/isaac_pose__struct.h
[1.099s] -- Up-to-date: /home/weng/work/install/isaac_ros2_messages/include/isaac_ros2_messages/isaac_ros2_messages/srv/detail/isaac_pose__functions.c
[1.100s] -- Up-to-date: /home/weng/work/install/isaac_ros2_messages/include/isaac_ros2_messages/isaac_ros2_messages/msg
[1.100s] -- Up-to-date: /home/weng/work/install/isaac_ros2_messages/include/isaac_ros2_messages/isaac_ros2_messages/msg/rosidl_generator_c__visibility_control.h
[1.100s] -- Up-to-date: /home/weng/work/install/isaac_ros2_messages/share/isaac_ros2_messages/environment/library_path.sh
[1.100s] -- Up-to-date: /home/weng/work/install/isaac_ros2_messages/share/isaac_ros2_messages/environment/library_path.dsv
[1.100s] -- Up-to-date: /home/weng/work/install/isaac_ros2_messages/lib/libisaac_ros2_messages__rosidl_generator_c.so
[1.100s] -- Up-to-date: /home/weng/work/install/isaac_ros2_messages/include/isaac_ros2_messages/isaac_ros2_messages
[1.101s] -- Up-to-date: /home/weng/work/install/isaac_ros2_messages/include/isaac_ros2_messages/isaac_ros2_messages/srv
[1.101s] -- Up-to-date: /home/weng/work/install/isaac_ros2_messages/include/isaac_ros2_messages/isaac_ros2_messages/srv/detail
[1.101s] -- Up-to-date: /home/weng/work/install/isaac_ros2_messages/include/isaac_ros2_messages/isaac_ros2_messages/srv/detail/isaac_pose__rosidl_typesupport_fastrtps_c.h
[1.101s] -- Up-to-date: /home/weng/work/install/isaac_ros2_messages/include/isaac_ros2_messages/isaac_ros2_messages/msg
[1.101s] -- Up-to-date: /home/weng/work/install/isaac_ros2_messages/include/isaac_ros2_messages/isaac_ros2_messages/msg/rosidl_typesupport_fastrtps_c__visibility_control.h
[1.101s] -- Up-to-date: /home/weng/work/install/isaac_ros2_messages/lib/libisaac_ros2_messages__rosidl_typesupport_fastrtps_c.so
[1.102s] -- Up-to-date: /home/weng/work/install/isaac_ros2_messages/include/isaac_ros2_messages/isaac_ros2_messages
[1.102s] -- Up-to-date: /home/weng/work/install/isaac_ros2_messages/include/isaac_ros2_messages/isaac_ros2_messages/srv
[1.102s] -- Up-to-date: /home/weng/work/install/isaac_ros2_messages/include/isaac_ros2_messages/isaac_ros2_messages/srv/detail
[1.102s] -- Up-to-date: /home/weng/work/install/isaac_ros2_messages/include/isaac_ros2_messages/isaac_ros2_messages/srv/detail/isaac_pose__struct.hpp
[1.102s] -- Up-to-date: /home/weng/work/install/isaac_ros2_messages/include/isaac_ros2_messages/isaac_ros2_messages/srv/detail/isaac_pose__traits.hpp
[1.102s] -- Up-to-date: /home/weng/work/install/isaac_ros2_messages/include/isaac_ros2_messages/isaac_ros2_messages/srv/detail/isaac_pose__builder.hpp
[1.102s] -- Up-to-date: /home/weng/work/install/isaac_ros2_messages/include/isaac_ros2_messages/isaac_ros2_messages/srv/isaac_pose.hpp
[1.102s] -- Up-to-date: /home/weng/work/install/isaac_ros2_messages/include/isaac_ros2_messages/isaac_ros2_messages
[1.102s] -- Up-to-date: /home/weng/work/install/isaac_ros2_messages/include/isaac_ros2_messages/isaac_ros2_messages/srv
[1.102s] -- Up-to-date: /home/weng/work/install/isaac_ros2_messages/include/isaac_ros2_messages/isaac_ros2_messages/srv/detail
[1.103s] -- Up-to-date: /home/weng/work/install/isaac_ros2_messages/include/isaac_ros2_messages/isaac_ros2_messages/srv/detail/isaac_pose__rosidl_typesupport_fastrtps_cpp.hpp
[1.103s] -- Up-to-date: /home/weng/work/install/isaac_ros2_messages/include/isaac_ros2_messages/isaac_ros2_messages/srv/detail/dds_fastrtps
[1.103s] -- Up-to-date: /home/weng/work/install/isaac_ros2_messages/include/isaac_ros2_messages/isaac_ros2_messages/msg
[1.104s] -- Up-to-date: /home/weng/work/install/isaac_ros2_messages/include/isaac_ros2_messages/isaac_ros2_messages/msg/rosidl_typesupport_fastrtps_cpp__visibility_control.h
[1.104s] -- Up-to-date: /home/weng/work/install/isaac_ros2_messages/lib/libisaac_ros2_messages__rosidl_typesupport_fastrtps_cpp.so
[1.104s] -- Up-to-date: /home/weng/work/install/isaac_ros2_messages/include/isaac_ros2_messages/isaac_ros2_messages
[1.104s] -- Up-to-date: /home/weng/work/install/isaac_ros2_messages/include/isaac_ros2_messages/isaac_ros2_messages/srv
[1.104s] -- Up-to-date: /home/weng/work/install/isaac_ros2_messages/include/isaac_ros2_messages/isaac_ros2_messages/srv/detail
[1.104s] -- Up-to-date: /home/weng/work/install/isaac_ros2_messages/include/isaac_ros2_messages/isaac_ros2_messages/srv/detail/isaac_pose__rosidl_typesupport_introspection_c.h
[1.104s] -- Up-to-date: /home/weng/work/install/isaac_ros2_messages/include/isaac_ros2_messages/isaac_ros2_messages/srv/detail/isaac_pose__type_support.c
[1.104s] -- Up-to-date: /home/weng/work/install/isaac_ros2_messages/include/isaac_ros2_messages/isaac_ros2_messages/msg
[1.104s] -- Up-to-date: /home/weng/work/install/isaac_ros2_messages/include/isaac_ros2_messages/isaac_ros2_messages/msg/rosidl_typesupport_introspection_c__visibility_control.h
[1.104s] -- Up-to-date: /home/weng/work/install/isaac_ros2_messages/lib/libisaac_ros2_messages__rosidl_typesupport_introspection_c.so
[1.104s] -- Up-to-date: /home/weng/work/install/isaac_ros2_messages/lib/libisaac_ros2_messages__rosidl_typesupport_c.so
[1.104s] -- Up-to-date: /home/weng/work/install/isaac_ros2_messages/include/isaac_ros2_messages/isaac_ros2_messages
[1.105s] -- Up-to-date: /home/weng/work/install/isaac_ros2_messages/include/isaac_ros2_messages/isaac_ros2_messages/srv
[1.105s] -- Up-to-date: /home/weng/work/install/isaac_ros2_messages/include/isaac_ros2_messages/isaac_ros2_messages/srv/detail
[1.105s] -- Up-to-date: /home/weng/work/install/isaac_ros2_messages/include/isaac_ros2_messages/isaac_ros2_messages/srv/detail/isaac_pose__rosidl_typesupport_introspection_cpp.hpp
[1.105s] -- Up-to-date: /home/weng/work/install/isaac_ros2_messages/include/isaac_ros2_messages/isaac_ros2_messages/srv/detail/isaac_pose__type_support.cpp
[1.105s] -- Up-to-date: /home/weng/work/install/isaac_ros2_messages/lib/libisaac_ros2_messages__rosidl_typesupport_introspection_cpp.so
[1.105s] -- Up-to-date: /home/weng/work/install/isaac_ros2_messages/lib/libisaac_ros2_messages__rosidl_typesupport_cpp.so
[1.105s] -- Up-to-date: /home/weng/work/install/isaac_ros2_messages/share/isaac_ros2_messages/environment/pythonpath.sh
[1.105s] -- Up-to-date: /home/weng/work/install/isaac_ros2_messages/share/isaac_ros2_messages/environment/pythonpath.dsv
[1.105s] -- Up-to-date: /home/weng/work/install/isaac_ros2_messages/local/lib/python3.10/dist-packages/isaac_ros2_messages-0.1.0-py3.10.egg-info
[1.105s] -- Installing: /home/weng/work/install/isaac_ros2_messages/local/lib/python3.10/dist-packages/isaac_ros2_messages-0.1.0-py3.10.egg-info/SOURCES.txt
[1.105s] -- Installing: /home/weng/work/install/isaac_ros2_messages/local/lib/python3.10/dist-packages/isaac_ros2_messages-0.1.0-py3.10.egg-info/dependency_links.txt
[1.106s] -- Installing: /home/weng/work/install/isaac_ros2_messages/local/lib/python3.10/dist-packages/isaac_ros2_messages-0.1.0-py3.10.egg-info/PKG-INFO
[1.106s] -- Installing: /home/weng/work/install/isaac_ros2_messages/local/lib/python3.10/dist-packages/isaac_ros2_messages-0.1.0-py3.10.egg-info/top_level.txt
[1.106s] -- Up-to-date: /home/weng/work/install/isaac_ros2_messages/local/lib/python3.10/dist-packages/isaac_ros2_messages
[1.106s] -- Up-to-date: /home/weng/work/install/isaac_ros2_messages/local/lib/python3.10/dist-packages/isaac_ros2_messages/_isaac_ros2_messages_s.ep.rosidl_typesupport_introspection_c.c
[1.106s] -- Up-to-date: /home/weng/work/install/isaac_ros2_messages/local/lib/python3.10/dist-packages/isaac_ros2_messages/__init__.py
[1.111s] -- Up-to-date: /home/weng/work/install/isaac_ros2_messages/local/lib/python3.10/dist-packages/isaac_ros2_messages/srv
[1.111s] -- Up-to-date: /home/weng/work/install/isaac_ros2_messages/local/lib/python3.10/dist-packages/isaac_ros2_messages/srv/__init__.py
[1.111s] -- Up-to-date: /home/weng/work/install/isaac_ros2_messages/local/lib/python3.10/dist-packages/isaac_ros2_messages/srv/_isaac_pose.py
[1.111s] -- Up-to-date: /home/weng/work/install/isaac_ros2_messages/local/lib/python3.10/dist-packages/isaac_ros2_messages/srv/_isaac_pose_s.c
[1.111s] -- Up-to-date: /home/weng/work/install/isaac_ros2_messages/local/lib/python3.10/dist-packages/isaac_ros2_messages/_isaac_ros2_messages_s.ep.rosidl_typesupport_fastrtps_c.c
[1.111s] -- Up-to-date: /home/weng/work/install/isaac_ros2_messages/local/lib/python3.10/dist-packages/isaac_ros2_messages/libisaac_ros2_messages__rosidl_generator_py.so
[1.111s] -- Up-to-date: /home/weng/work/install/isaac_ros2_messages/local/lib/python3.10/dist-packages/isaac_ros2_messages/isaac_ros2_messages_s__rosidl_typesupport_introspection_c.cpython-310-x86_64-linux-gnu.so
[1.111s] -- Up-to-date: /home/weng/work/install/isaac_ros2_messages/local/lib/python3.10/dist-packages/isaac_ros2_messages/isaac_ros2_messages_s__rosidl_typesupport_fastrtps_c.cpython-310-x86_64-linux-gnu.so
[1.111s] -- Up-to-date: /home/weng/work/install/isaac_ros2_messages/local/lib/python3.10/dist-packages/isaac_ros2_messages/isaac_ros2_messages_s__rosidl_typesupport_c.cpython-310-x86_64-linux-gnu.so
[1.111s] -- Up-to-date: /home/weng/work/install/isaac_ros2_messages/local/lib/python3.10/dist-packages/isaac_ros2_messages/_isaac_ros2_messages_s.ep.rosidl_typesupport_c.c
[1.117s] Listing '/home/weng/work/install/isaac_ros2_messages/local/lib/python3.10/dist-packages/isaac_ros2_messages'...
[1.118s] Listing '/home/weng/work/install/isaac_ros2_messages/local/lib/python3.10/dist-packages/isaac_ros2_messages/srv'...
[1.120s] -- Up-to-date: /home/weng/work/install/isaac_ros2_messages/local/lib/python3.10/dist-packages/isaac_ros2_messages/isaac_ros2_messages_s__rosidl_typesupport_fastrtps_c.cpython-310-x86_64-linux-gnu.so
[1.120s] -- Up-to-date: /home/weng/work/install/isaac_ros2_messages/local/lib/python3.10/dist-packages/isaac_ros2_messages/isaac_ros2_messages_s__rosidl_typesupport_introspection_c.cpython-310-x86_64-linux-gnu.so
[1.120s] -- Up-to-date: /home/weng/work/install/isaac_ros2_messages/local/lib/python3.10/dist-packages/isaac_ros2_messages/isaac_ros2_messages_s__rosidl_typesupport_c.cpython-310-x86_64-linux-gnu.so
[1.120s] -- Up-to-date: /home/weng/work/install/isaac_ros2_messages/lib/libisaac_ros2_messages__rosidl_generator_py.so
[1.120s] -- Up-to-date: /home/weng/work/install/isaac_ros2_messages/share/isaac_ros2_messages/srv/IsaacPose.idl
[1.120s] -- Up-to-date: /home/weng/work/install/isaac_ros2_messages/share/isaac_ros2_messages/srv/IsaacPose.srv
[1.121s] -- Up-to-date: /home/weng/work/install/isaac_ros2_messages/share/isaac_ros2_messages/srv/IsaacPose_Request.msg
[1.121s] -- Up-to-date: /home/weng/work/install/isaac_ros2_messages/share/isaac_ros2_messages/srv/IsaacPose_Response.msg
[1.121s] -- Up-to-date: /home/weng/work/install/isaac_ros2_messages/share/ament_index/resource_index/package_run_dependencies/isaac_ros2_messages
[1.121s] -- Up-to-date: /home/weng/work/install/isaac_ros2_messages/share/ament_index/resource_index/parent_prefix_path/isaac_ros2_messages
[1.121s] -- Up-to-date: /home/weng/work/install/isaac_ros2_messages/share/isaac_ros2_messages/environment/ament_prefix_path.sh
[1.121s] -- Up-to-date: /home/weng/work/install/isaac_ros2_messages/share/isaac_ros2_messages/environment/ament_prefix_path.dsv
[1.121s] -- Up-to-date: /home/weng/work/install/isaac_ros2_messages/share/isaac_ros2_messages/environment/path.sh
[1.121s] -- Up-to-date: /home/weng/work/install/isaac_ros2_messages/share/isaac_ros2_messages/environment/path.dsv
[1.121s] -- Up-to-date: /home/weng/work/install/isaac_ros2_messages/share/isaac_ros2_messages/local_setup.bash
[1.122s] -- Up-to-date: /home/weng/work/install/isaac_ros2_messages/share/isaac_ros2_messages/local_setup.sh
[1.122s] -- Up-to-date: /home/weng/work/install/isaac_ros2_messages/share/isaac_ros2_messages/local_setup.zsh
[1.122s] -- Up-to-date: /home/weng/work/install/isaac_ros2_messages/share/isaac_ros2_messages/local_setup.dsv
[1.122s] -- Installing: /home/weng/work/install/isaac_ros2_messages/share/isaac_ros2_messages/package.dsv
[1.122s] -- Up-to-date: /home/weng/work/install/isaac_ros2_messages/share/ament_index/resource_index/packages/isaac_ros2_messages
[1.122s] -- Up-to-date: /home/weng/work/install/isaac_ros2_messages/share/isaac_ros2_messages/cmake/export_isaac_ros2_messages__rosidl_generator_cExport.cmake
[1.122s] -- Up-to-date: /home/weng/work/install/isaac_ros2_messages/share/isaac_ros2_messages/cmake/export_isaac_ros2_messages__rosidl_generator_cExport-noconfig.cmake
[1.122s] -- Up-to-date: /home/weng/work/install/isaac_ros2_messages/share/isaac_ros2_messages/cmake/export_isaac_ros2_messages__rosidl_typesupport_fastrtps_cExport.cmake
[1.122s] -- Up-to-date: /home/weng/work/install/isaac_ros2_messages/share/isaac_ros2_messages/cmake/export_isaac_ros2_messages__rosidl_typesupport_fastrtps_cExport-noconfig.cmake
[1.122s] -- Up-to-date: /home/weng/work/install/isaac_ros2_messages/share/isaac_ros2_messages/cmake/export_isaac_ros2_messages__rosidl_generator_cppExport.cmake
[1.122s] -- Up-to-date: /home/weng/work/install/isaac_ros2_messages/share/isaac_ros2_messages/cmake/export_isaac_ros2_messages__rosidl_typesupport_fastrtps_cppExport.cmake
[1.122s] -- Up-to-date: /home/weng/work/install/isaac_ros2_messages/share/isaac_ros2_messages/cmake/export_isaac_ros2_messages__rosidl_typesupport_fastrtps_cppExport-noconfig.cmake
[1.123s] -- Up-to-date: /home/weng/work/install/isaac_ros2_messages/share/isaac_ros2_messages/cmake/isaac_ros2_messages__rosidl_typesupport_introspection_cExport.cmake
[1.123s] -- Up-to-date: /home/weng/work/install/isaac_ros2_messages/share/isaac_ros2_messages/cmake/isaac_ros2_messages__rosidl_typesupport_introspection_cExport-noconfig.cmake
[1.123s] -- Up-to-date: /home/weng/work/install/isaac_ros2_messages/share/isaac_ros2_messages/cmake/isaac_ros2_messages__rosidl_typesupport_cExport.cmake
[1.123s] -- Up-to-date: /home/weng/work/install/isaac_ros2_messages/share/isaac_ros2_messages/cmake/isaac_ros2_messages__rosidl_typesupport_cExport-noconfig.cmake
[1.123s] -- Up-to-date: /home/weng/work/install/isaac_ros2_messages/share/isaac_ros2_messages/cmake/isaac_ros2_messages__rosidl_typesupport_introspection_cppExport.cmake
[1.123s] -- Up-to-date: /home/weng/work/install/isaac_ros2_messages/share/isaac_ros2_messages/cmake/isaac_ros2_messages__rosidl_typesupport_introspection_cppExport-noconfig.cmake
[1.123s] -- Up-to-date: /home/weng/work/install/isaac_ros2_messages/share/isaac_ros2_messages/cmake/isaac_ros2_messages__rosidl_typesupport_cppExport.cmake
[1.123s] -- Up-to-date: /home/weng/work/install/isaac_ros2_messages/share/isaac_ros2_messages/cmake/isaac_ros2_messages__rosidl_typesupport_cppExport-noconfig.cmake
[1.123s] -- Up-to-date: /home/weng/work/install/isaac_ros2_messages/share/isaac_ros2_messages/cmake/export_isaac_ros2_messages__rosidl_generator_pyExport.cmake
[1.123s] -- Up-to-date: /home/weng/work/install/isaac_ros2_messages/share/isaac_ros2_messages/cmake/export_isaac_ros2_messages__rosidl_generator_pyExport-noconfig.cmake
[1.123s] -- Up-to-date: /home/weng/work/install/isaac_ros2_messages/share/isaac_ros2_messages/cmake/rosidl_cmake-extras.cmake
[1.123s] -- Up-to-date: /home/weng/work/install/isaac_ros2_messages/share/isaac_ros2_messages/cmake/ament_cmake_export_dependencies-extras.cmake
[1.124s] -- Up-to-date: /home/weng/work/install/isaac_ros2_messages/share/isaac_ros2_messages/cmake/ament_cmake_export_include_directories-extras.cmake
[1.124s] -- Up-to-date: /home/weng/work/install/isaac_ros2_messages/share/isaac_ros2_messages/cmake/ament_cmake_export_libraries-extras.cmake
[1.124s] -- Up-to-date: /home/weng/work/install/isaac_ros2_messages/share/isaac_ros2_messages/cmake/ament_cmake_export_targets-extras.cmake
[1.124s] -- Up-to-date: /home/weng/work/install/isaac_ros2_messages/share/isaac_ros2_messages/cmake/rosidl_cmake_export_typesupport_targets-extras.cmake
[1.124s] -- Up-to-date: /home/weng/work/install/isaac_ros2_messages/share/isaac_ros2_messages/cmake/rosidl_cmake_export_typesupport_libraries-extras.cmake
[1.124s] -- Up-to-date: /home/weng/work/install/isaac_ros2_messages/share/isaac_ros2_messages/cmake/isaac_ros2_messagesConfig.cmake
[1.124s] -- Up-to-date: /home/weng/work/install/isaac_ros2_messages/share/isaac_ros2_messages/cmake/isaac_ros2_messagesConfig-version.cmake
[1.124s] -- Up-to-date: /home/weng/work/install/isaac_ros2_messages/share/isaac_ros2_messages/package.xml
[1.440s] Invoked command in '/home/weng/work/build/isaac_ros2_messages' returned '0': CMAKE_PREFIX_PATH=/opt/ros/humble /usr/local/bin/cmake --install /home/weng/work/build/isaac_ros2_messages
