[0.551s] Invoking command in '/home/weng/work/humble_ws/src/turtlebot3/turtlebot3_teleop': PYTHONPATH=/home/weng/work/humble_ws/build/turtlebot3_teleop/prefix_override:/home/weng/work/humble_ws/install/turtlebot3_teleop/lib/python3.10/site-packages:${PYTHONPATH} /usr/bin/python3 setup.py egg_info --egg-base ../../../build/turtlebot3_teleop build --build-base /home/weng/work/humble_ws/build/turtlebot3_teleop/build install --record /home/weng/work/humble_ws/build/turtlebot3_teleop/install.log --single-version-externally-managed
[0.663s] running egg_info
[0.663s] creating ../../../build/turtlebot3_teleop/turtlebot3_teleop.egg-info
[0.663s] writing ../../../build/turtlebot3_teleop/turtlebot3_teleop.egg-info/PKG-INFO
[0.663s] writing dependency_links to ../../../build/turtlebot3_teleop/turtlebot3_teleop.egg-info/dependency_links.txt
[0.663s] writing entry points to ../../../build/turtlebot3_teleop/turtlebot3_teleop.egg-info/entry_points.txt
[0.663s] writing requirements to ../../../build/turtlebot3_teleop/turtlebot3_teleop.egg-info/requires.txt
[0.663s] writing top-level names to ../../../build/turtlebot3_teleop/turtlebot3_teleop.egg-info/top_level.txt
[0.663s] writing manifest file '../../../build/turtlebot3_teleop/turtlebot3_teleop.egg-info/SOURCES.txt'
[0.663s] reading manifest file '../../../build/turtlebot3_teleop/turtlebot3_teleop.egg-info/SOURCES.txt'
[0.663s] writing manifest file '../../../build/turtlebot3_teleop/turtlebot3_teleop.egg-info/SOURCES.txt'
[0.663s] running build
[0.663s] running build_py
[0.663s] creating /home/weng/work/humble_ws/build/turtlebot3_teleop/build
[0.664s] creating /home/weng/work/humble_ws/build/turtlebot3_teleop/build/lib
[0.664s] creating /home/weng/work/humble_ws/build/turtlebot3_teleop/build/lib/turtlebot3_teleop
[0.664s] copying turtlebot3_teleop/__init__.py -> /home/weng/work/humble_ws/build/turtlebot3_teleop/build/lib/turtlebot3_teleop
[0.664s] creating /home/weng/work/humble_ws/build/turtlebot3_teleop/build/lib/turtlebot3_teleop/script
[0.664s] copying turtlebot3_teleop/script/teleop_keyboard.py -> /home/weng/work/humble_ws/build/turtlebot3_teleop/build/lib/turtlebot3_teleop/script
[0.664s] copying turtlebot3_teleop/script/__init__.py -> /home/weng/work/humble_ws/build/turtlebot3_teleop/build/lib/turtlebot3_teleop/script
[0.664s] running install
[0.664s] /usr/lib/python3/dist-packages/setuptools/command/install.py:34: SetuptoolsDeprecationWarning: setup.py install is deprecated. Use build and pip and other standards-based tools.
[0.664s]   warnings.warn(
[0.664s] running install_lib
[0.664s] creating /home/weng/work/humble_ws/install/turtlebot3_teleop/lib/python3.10/site-packages/turtlebot3_teleop
[0.664s] creating /home/weng/work/humble_ws/install/turtlebot3_teleop/lib/python3.10/site-packages/turtlebot3_teleop/script
[0.664s] copying /home/weng/work/humble_ws/build/turtlebot3_teleop/build/lib/turtlebot3_teleop/script/teleop_keyboard.py -> /home/weng/work/humble_ws/install/turtlebot3_teleop/lib/python3.10/site-packages/turtlebot3_teleop/script
[0.664s] copying /home/weng/work/humble_ws/build/turtlebot3_teleop/build/lib/turtlebot3_teleop/script/__init__.py -> /home/weng/work/humble_ws/install/turtlebot3_teleop/lib/python3.10/site-packages/turtlebot3_teleop/script
[0.664s] copying /home/weng/work/humble_ws/build/turtlebot3_teleop/build/lib/turtlebot3_teleop/__init__.py -> /home/weng/work/humble_ws/install/turtlebot3_teleop/lib/python3.10/site-packages/turtlebot3_teleop
[0.665s] byte-compiling /home/weng/work/humble_ws/install/turtlebot3_teleop/lib/python3.10/site-packages/turtlebot3_teleop/script/teleop_keyboard.py to teleop_keyboard.cpython-310.pyc
[0.665s] byte-compiling /home/weng/work/humble_ws/install/turtlebot3_teleop/lib/python3.10/site-packages/turtlebot3_teleop/script/__init__.py to __init__.cpython-310.pyc
[0.665s] byte-compiling /home/weng/work/humble_ws/install/turtlebot3_teleop/lib/python3.10/site-packages/turtlebot3_teleop/__init__.py to __init__.cpython-310.pyc
[0.665s] running install_data
[0.665s] creating /home/weng/work/humble_ws/install/turtlebot3_teleop/share/ament_index
[0.666s] creating /home/weng/work/humble_ws/install/turtlebot3_teleop/share/ament_index/resource_index
[0.666s] creating /home/weng/work/humble_ws/install/turtlebot3_teleop/share/ament_index/resource_index/packages
[0.666s] copying resource/turtlebot3_teleop -> /home/weng/work/humble_ws/install/turtlebot3_teleop/share/ament_index/resource_index/packages
[0.666s] copying package.xml -> /home/weng/work/humble_ws/install/turtlebot3_teleop/share/turtlebot3_teleop
[0.666s] running install_egg_info
[0.667s] Copying ../../../build/turtlebot3_teleop/turtlebot3_teleop.egg-info to /home/weng/work/humble_ws/install/turtlebot3_teleop/lib/python3.10/site-packages/turtlebot3_teleop-2.1.5-py3.10.egg-info
[0.667s] running install_scripts
[0.676s] Installing teleop_keyboard script to /home/weng/work/humble_ws/install/turtlebot3_teleop/lib/turtlebot3_teleop
[0.676s] writing list of installed files to '/home/weng/work/humble_ws/build/turtlebot3_teleop/install.log'
[0.700s] Invoked command in '/home/weng/work/humble_ws/src/turtlebot3/turtlebot3_teleop' returned '0': PYTHONPATH=/home/weng/work/humble_ws/build/turtlebot3_teleop/prefix_override:/home/weng/work/humble_ws/install/turtlebot3_teleop/lib/python3.10/site-packages:${PYTHONPATH} /usr/bin/python3 setup.py egg_info --egg-base ../../../build/turtlebot3_teleop build --build-base /home/weng/work/humble_ws/build/turtlebot3_teleop/build install --record /home/weng/work/humble_ws/build/turtlebot3_teleop/install.log --single-version-externally-managed
