[0.046s] Invoking command in '/home/weng/work/build/turtlebot3_bringup': AMENT_PREFIX_PATH=/home/weng/work/install/turtlebot3_node:/home/weng/work/install/turtlebot3_msgs:/home/weng/work/install/turtlebot3_description:${AMENT_PREFIX_PATH} CMAKE_PREFIX_PATH=/home/weng/work/install/turtlebot3_node:/home/weng/work/install/turtlebot3_msgs:/home/weng/work/install/turtlebot3_description:/opt/ros/humble LD_LIBRARY_PATH=/home/weng/work/install/turtlebot3_msgs/lib:${LD_LIBRARY_PATH} PYTHONPATH=/home/weng/work/install/turtlebot3_msgs/local/lib/python3.10/dist-packages:${PYTHONPATH} /usr/local/bin/cmake /home/weng/work/src/turtlebot3/turtlebot3_bringup -DCMAKE_INSTALL_PREFIX=/home/weng/work/install/turtlebot3_bringup
[0.122s] -- The C compiler identification is GNU 11.4.0
[0.179s] -- The CXX compiler identification is GNU 11.4.0
[0.197s] -- Detecting C compiler ABI info
[0.261s] -- Detecting C compiler ABI info - done
[0.271s] -- Check for working C compiler: /usr/bin/cc - skipped
[0.272s] -- Detecting C compile features
[0.272s] -- Detecting C compile features - done
[0.282s] -- Detecting CXX compiler ABI info
[0.356s] -- Detecting CXX compiler ABI info - done
[0.367s] -- Check for working CXX compiler: /usr/bin/c++ - skipped
[0.368s] -- Detecting CXX compile features
[0.368s] -- Detecting CXX compile features - done
[0.376s] -- Found ament_cmake: 1.3.6 (/opt/ros/humble/share/ament_cmake/cmake)
[0.774s] -- Found Python3: /usr/bin/python3.10 (found version "3.10.12") found components: Interpreter 
[0.917s] -- Configuring done (0.9s)
[0.921s] -- Generating done (0.0s)
[0.922s] -- Build files have been written to: /home/weng/work/build/turtlebot3_bringup
[0.930s] Invoked command in '/home/weng/work/build/turtlebot3_bringup' returned '0': AMENT_PREFIX_PATH=/home/weng/work/install/turtlebot3_node:/home/weng/work/install/turtlebot3_msgs:/home/weng/work/install/turtlebot3_description:${AMENT_PREFIX_PATH} CMAKE_PREFIX_PATH=/home/weng/work/install/turtlebot3_node:/home/weng/work/install/turtlebot3_msgs:/home/weng/work/install/turtlebot3_description:/opt/ros/humble LD_LIBRARY_PATH=/home/weng/work/install/turtlebot3_msgs/lib:${LD_LIBRARY_PATH} PYTHONPATH=/home/weng/work/install/turtlebot3_msgs/local/lib/python3.10/dist-packages:${PYTHONPATH} /usr/local/bin/cmake /home/weng/work/src/turtlebot3/turtlebot3_bringup -DCMAKE_INSTALL_PREFIX=/home/weng/work/install/turtlebot3_bringup
[0.931s] Invoking command in '/home/weng/work/build/turtlebot3_bringup': AMENT_PREFIX_PATH=/home/weng/work/install/turtlebot3_node:/home/weng/work/install/turtlebot3_msgs:/home/weng/work/install/turtlebot3_description:${AMENT_PREFIX_PATH} CMAKE_PREFIX_PATH=/home/weng/work/install/turtlebot3_node:/home/weng/work/install/turtlebot3_msgs:/home/weng/work/install/turtlebot3_description:/opt/ros/humble LD_LIBRARY_PATH=/home/weng/work/install/turtlebot3_msgs/lib:${LD_LIBRARY_PATH} PYTHONPATH=/home/weng/work/install/turtlebot3_msgs/local/lib/python3.10/dist-packages:${PYTHONPATH} /usr/local/bin/cmake --build /home/weng/work/build/turtlebot3_bringup -- -j16 -l16
[0.970s] Invoked command in '/home/weng/work/build/turtlebot3_bringup' returned '0': AMENT_PREFIX_PATH=/home/weng/work/install/turtlebot3_node:/home/weng/work/install/turtlebot3_msgs:/home/weng/work/install/turtlebot3_description:${AMENT_PREFIX_PATH} CMAKE_PREFIX_PATH=/home/weng/work/install/turtlebot3_node:/home/weng/work/install/turtlebot3_msgs:/home/weng/work/install/turtlebot3_description:/opt/ros/humble LD_LIBRARY_PATH=/home/weng/work/install/turtlebot3_msgs/lib:${LD_LIBRARY_PATH} PYTHONPATH=/home/weng/work/install/turtlebot3_msgs/local/lib/python3.10/dist-packages:${PYTHONPATH} /usr/local/bin/cmake --build /home/weng/work/build/turtlebot3_bringup -- -j16 -l16
[1.008s] Invoking command in '/home/weng/work/build/turtlebot3_bringup': AMENT_PREFIX_PATH=/home/weng/work/install/turtlebot3_node:/home/weng/work/install/turtlebot3_msgs:/home/weng/work/install/turtlebot3_description:${AMENT_PREFIX_PATH} CMAKE_PREFIX_PATH=/home/weng/work/install/turtlebot3_node:/home/weng/work/install/turtlebot3_msgs:/home/weng/work/install/turtlebot3_description:/opt/ros/humble LD_LIBRARY_PATH=/home/weng/work/install/turtlebot3_msgs/lib:${LD_LIBRARY_PATH} PYTHONPATH=/home/weng/work/install/turtlebot3_msgs/local/lib/python3.10/dist-packages:${PYTHONPATH} /usr/local/bin/cmake --install /home/weng/work/build/turtlebot3_bringup
[1.030s] -- Install configuration: ""
[1.030s] -- Installing: /home/weng/work/install/turtlebot3_bringup/share/turtlebot3_bringup/launch
[1.030s] -- Installing: /home/weng/work/install/turtlebot3_bringup/share/turtlebot3_bringup/launch/robot.launch.py
[1.030s] -- Installing: /home/weng/work/install/turtlebot3_bringup/share/turtlebot3_bringup/launch/rviz2.launch.py
[1.030s] -- Installing: /home/weng/work/install/turtlebot3_bringup/share/turtlebot3_bringup/launch/turtlebot3_state_publisher.launch.py
[1.031s] -- Installing: /home/weng/work/install/turtlebot3_bringup/share/turtlebot3_bringup/param
[1.031s] -- Installing: /home/weng/work/install/turtlebot3_bringup/share/turtlebot3_bringup/param/waffle_pi.yaml
[1.031s] -- Installing: /home/weng/work/install/turtlebot3_bringup/share/turtlebot3_bringup/param/waffle.yaml
[1.031s] -- Installing: /home/weng/work/install/turtlebot3_bringup/share/turtlebot3_bringup/param/burger.yaml
[1.031s] -- Installing: /home/weng/work/install/turtlebot3_bringup/share/turtlebot3_bringup/script
[1.032s] -- Installing: /home/weng/work/install/turtlebot3_bringup/share/turtlebot3_bringup/script/create_udev_rules
[1.032s] -- Installing: /home/weng/work/install/turtlebot3_bringup/share/turtlebot3_bringup/script/99-turtlebot3-cdc.rules
[1.032s] -- Installing: /home/weng/work/install/turtlebot3_bringup/share/ament_index/resource_index/package_run_dependencies/turtlebot3_bringup
[1.032s] -- Installing: /home/weng/work/install/turtlebot3_bringup/share/ament_index/resource_index/parent_prefix_path/turtlebot3_bringup
[1.033s] -- Installing: /home/weng/work/install/turtlebot3_bringup/share/turtlebot3_bringup/environment/ament_prefix_path.sh
[1.033s] -- Installing: /home/weng/work/install/turtlebot3_bringup/share/turtlebot3_bringup/environment/ament_prefix_path.dsv
[1.033s] -- Installing: /home/weng/work/install/turtlebot3_bringup/share/turtlebot3_bringup/environment/path.sh
[1.033s] -- Installing: /home/weng/work/install/turtlebot3_bringup/share/turtlebot3_bringup/environment/path.dsv
[1.033s] -- Installing: /home/weng/work/install/turtlebot3_bringup/share/turtlebot3_bringup/local_setup.bash
[1.033s] -- Installing: /home/weng/work/install/turtlebot3_bringup/share/turtlebot3_bringup/local_setup.sh
[1.034s] -- Installing: /home/weng/work/install/turtlebot3_bringup/share/turtlebot3_bringup/local_setup.zsh
[1.034s] -- Installing: /home/weng/work/install/turtlebot3_bringup/share/turtlebot3_bringup/local_setup.dsv
[1.034s] -- Installing: /home/weng/work/install/turtlebot3_bringup/share/turtlebot3_bringup/package.dsv
[1.034s] -- Installing: /home/weng/work/install/turtlebot3_bringup/share/ament_index/resource_index/packages/turtlebot3_bringup
[1.034s] -- Installing: /home/weng/work/install/turtlebot3_bringup/share/turtlebot3_bringup/cmake/turtlebot3_bringupConfig.cmake
[1.034s] -- Installing: /home/weng/work/install/turtlebot3_bringup/share/turtlebot3_bringup/cmake/turtlebot3_bringupConfig-version.cmake
[1.035s] -- Installing: /home/weng/work/install/turtlebot3_bringup/share/turtlebot3_bringup/package.xml
[1.039s] Invoked command in '/home/weng/work/build/turtlebot3_bringup' returned '0': AMENT_PREFIX_PATH=/home/weng/work/install/turtlebot3_node:/home/weng/work/install/turtlebot3_msgs:/home/weng/work/install/turtlebot3_description:${AMENT_PREFIX_PATH} CMAKE_PREFIX_PATH=/home/weng/work/install/turtlebot3_node:/home/weng/work/install/turtlebot3_msgs:/home/weng/work/install/turtlebot3_description:/opt/ros/humble LD_LIBRARY_PATH=/home/weng/work/install/turtlebot3_msgs/lib:${LD_LIBRARY_PATH} PYTHONPATH=/home/weng/work/install/turtlebot3_msgs/local/lib/python3.10/dist-packages:${PYTHONPATH} /usr/local/bin/cmake --install /home/weng/work/build/turtlebot3_bringup
