[0.050s] Invoking command in '/home/weng/work/build/turtlebot3': AMENT_PREFIX_PATH=/home/weng/work/install/turtlebot3_bringup:/home/weng/work/install/turtlebot3_node:/home/weng/work/install/turtlebot3_example:/home/weng/work/install/turtlebot3_teleop:/home/weng/work/install/turtlebot3_navigation2:/home/weng/work/install/turtlebot3_msgs:/home/weng/work/install/turtlebot3_description:/home/weng/work/install/turtlebot3_cartographer:${AMENT_PREFIX_PATH} CMAKE_PREFIX_PATH=/home/weng/work/install/turtlebot3_bringup:/home/weng/work/install/turtlebot3_node:/home/weng/work/install/turtlebot3_navigation2:/home/weng/work/install/turtlebot3_msgs:/home/weng/work/install/turtlebot3_description:/home/weng/work/install/turtlebot3_cartographer:/opt/ros/humble LD_LIBRARY_PATH=/home/weng/work/install/turtlebot3_msgs/lib:${LD_LIBRARY_PATH} PYTHONPATH=/home/weng/work/install/turtlebot3_example/lib/python3.10/site-packages:/home/weng/work/install/turtlebot3_teleop/lib/python3.10/site-packages:/home/weng/work/install/turtlebot3_msgs/local/lib/python3.10/dist-packages:${PYTHONPATH} /usr/local/bin/cmake /home/weng/work/src/turtlebot3/turtlebot3 -DCMAKE_INSTALL_PREFIX=/home/weng/work/install/turtlebot3
[0.118s] -- The C compiler identification is GNU 11.4.0
[0.172s] -- The CXX compiler identification is GNU 11.4.0
[0.188s] -- Detecting C compiler ABI info
[0.251s] -- Detecting C compiler ABI info - done
[0.262s] -- Check for working C compiler: /usr/bin/cc - skipped
[0.262s] -- Detecting C compile features
[0.262s] -- Detecting C compile features - done
[0.272s] -- Detecting CXX compiler ABI info
[0.346s] -- Detecting CXX compiler ABI info - done
[0.356s] -- Check for working CXX compiler: /usr/bin/c++ - skipped
[0.357s] -- Detecting CXX compile features
[0.357s] -- Detecting CXX compile features - done
[0.361s] -- Found ament_cmake: 1.3.6 (/opt/ros/humble/share/ament_cmake/cmake)
[0.776s] -- Found Python3: /usr/bin/python3.10 (found version "3.10.12") found components: Interpreter 
[0.919s] -- Configuring done (0.8s)
[0.923s] -- Generating done (0.0s)
[0.924s] -- Build files have been written to: /home/weng/work/build/turtlebot3
[0.931s] Invoked command in '/home/weng/work/build/turtlebot3' returned '0': AMENT_PREFIX_PATH=/home/weng/work/install/turtlebot3_bringup:/home/weng/work/install/turtlebot3_node:/home/weng/work/install/turtlebot3_example:/home/weng/work/install/turtlebot3_teleop:/home/weng/work/install/turtlebot3_navigation2:/home/weng/work/install/turtlebot3_msgs:/home/weng/work/install/turtlebot3_description:/home/weng/work/install/turtlebot3_cartographer:${AMENT_PREFIX_PATH} CMAKE_PREFIX_PATH=/home/weng/work/install/turtlebot3_bringup:/home/weng/work/install/turtlebot3_node:/home/weng/work/install/turtlebot3_navigation2:/home/weng/work/install/turtlebot3_msgs:/home/weng/work/install/turtlebot3_description:/home/weng/work/install/turtlebot3_cartographer:/opt/ros/humble LD_LIBRARY_PATH=/home/weng/work/install/turtlebot3_msgs/lib:${LD_LIBRARY_PATH} PYTHONPATH=/home/weng/work/install/turtlebot3_example/lib/python3.10/site-packages:/home/weng/work/install/turtlebot3_teleop/lib/python3.10/site-packages:/home/weng/work/install/turtlebot3_msgs/local/lib/python3.10/dist-packages:${PYTHONPATH} /usr/local/bin/cmake /home/weng/work/src/turtlebot3/turtlebot3 -DCMAKE_INSTALL_PREFIX=/home/weng/work/install/turtlebot3
[0.932s] Invoking command in '/home/weng/work/build/turtlebot3': AMENT_PREFIX_PATH=/home/weng/work/install/turtlebot3_bringup:/home/weng/work/install/turtlebot3_node:/home/weng/work/install/turtlebot3_example:/home/weng/work/install/turtlebot3_teleop:/home/weng/work/install/turtlebot3_navigation2:/home/weng/work/install/turtlebot3_msgs:/home/weng/work/install/turtlebot3_description:/home/weng/work/install/turtlebot3_cartographer:${AMENT_PREFIX_PATH} CMAKE_PREFIX_PATH=/home/weng/work/install/turtlebot3_bringup:/home/weng/work/install/turtlebot3_node:/home/weng/work/install/turtlebot3_navigation2:/home/weng/work/install/turtlebot3_msgs:/home/weng/work/install/turtlebot3_description:/home/weng/work/install/turtlebot3_cartographer:/opt/ros/humble LD_LIBRARY_PATH=/home/weng/work/install/turtlebot3_msgs/lib:${LD_LIBRARY_PATH} PYTHONPATH=/home/weng/work/install/turtlebot3_example/lib/python3.10/site-packages:/home/weng/work/install/turtlebot3_teleop/lib/python3.10/site-packages:/home/weng/work/install/turtlebot3_msgs/local/lib/python3.10/dist-packages:${PYTHONPATH} /usr/local/bin/cmake --build /home/weng/work/build/turtlebot3 -- -j16 -l16
[0.972s] Invoked command in '/home/weng/work/build/turtlebot3' returned '0': AMENT_PREFIX_PATH=/home/weng/work/install/turtlebot3_bringup:/home/weng/work/install/turtlebot3_node:/home/weng/work/install/turtlebot3_example:/home/weng/work/install/turtlebot3_teleop:/home/weng/work/install/turtlebot3_navigation2:/home/weng/work/install/turtlebot3_msgs:/home/weng/work/install/turtlebot3_description:/home/weng/work/install/turtlebot3_cartographer:${AMENT_PREFIX_PATH} CMAKE_PREFIX_PATH=/home/weng/work/install/turtlebot3_bringup:/home/weng/work/install/turtlebot3_node:/home/weng/work/install/turtlebot3_navigation2:/home/weng/work/install/turtlebot3_msgs:/home/weng/work/install/turtlebot3_description:/home/weng/work/install/turtlebot3_cartographer:/opt/ros/humble LD_LIBRARY_PATH=/home/weng/work/install/turtlebot3_msgs/lib:${LD_LIBRARY_PATH} PYTHONPATH=/home/weng/work/install/turtlebot3_example/lib/python3.10/site-packages:/home/weng/work/install/turtlebot3_teleop/lib/python3.10/site-packages:/home/weng/work/install/turtlebot3_msgs/local/lib/python3.10/dist-packages:${PYTHONPATH} /usr/local/bin/cmake --build /home/weng/work/build/turtlebot3 -- -j16 -l16
[1.011s] Invoking command in '/home/weng/work/build/turtlebot3': AMENT_PREFIX_PATH=/home/weng/work/install/turtlebot3_bringup:/home/weng/work/install/turtlebot3_node:/home/weng/work/install/turtlebot3_example:/home/weng/work/install/turtlebot3_teleop:/home/weng/work/install/turtlebot3_navigation2:/home/weng/work/install/turtlebot3_msgs:/home/weng/work/install/turtlebot3_description:/home/weng/work/install/turtlebot3_cartographer:${AMENT_PREFIX_PATH} CMAKE_PREFIX_PATH=/home/weng/work/install/turtlebot3_bringup:/home/weng/work/install/turtlebot3_node:/home/weng/work/install/turtlebot3_navigation2:/home/weng/work/install/turtlebot3_msgs:/home/weng/work/install/turtlebot3_description:/home/weng/work/install/turtlebot3_cartographer:/opt/ros/humble LD_LIBRARY_PATH=/home/weng/work/install/turtlebot3_msgs/lib:${LD_LIBRARY_PATH} PYTHONPATH=/home/weng/work/install/turtlebot3_example/lib/python3.10/site-packages:/home/weng/work/install/turtlebot3_teleop/lib/python3.10/site-packages:/home/weng/work/install/turtlebot3_msgs/local/lib/python3.10/dist-packages:${PYTHONPATH} /usr/local/bin/cmake --install /home/weng/work/build/turtlebot3
[1.034s] -- Install configuration: ""
[1.034s] -- Installing: /home/weng/work/install/turtlebot3/share/ament_index/resource_index/package_run_dependencies/turtlebot3
[1.034s] -- Installing: /home/weng/work/install/turtlebot3/share/ament_index/resource_index/parent_prefix_path/turtlebot3
[1.034s] -- Installing: /home/weng/work/install/turtlebot3/share/turtlebot3/environment/ament_prefix_path.sh
[1.034s] -- Installing: /home/weng/work/install/turtlebot3/share/turtlebot3/environment/ament_prefix_path.dsv
[1.035s] -- Installing: /home/weng/work/install/turtlebot3/share/turtlebot3/environment/path.sh
[1.035s] -- Installing: /home/weng/work/install/turtlebot3/share/turtlebot3/environment/path.dsv
[1.035s] -- Installing: /home/weng/work/install/turtlebot3/share/turtlebot3/local_setup.bash
[1.035s] -- Installing: /home/weng/work/install/turtlebot3/share/turtlebot3/local_setup.sh
[1.035s] -- Installing: /home/weng/work/install/turtlebot3/share/turtlebot3/local_setup.zsh
[1.035s] -- Installing: /home/weng/work/install/turtlebot3/share/turtlebot3/local_setup.dsv
[1.036s] -- Installing: /home/weng/work/install/turtlebot3/share/turtlebot3/package.dsv
[1.036s] -- Installing: /home/weng/work/install/turtlebot3/share/ament_index/resource_index/packages/turtlebot3
[1.036s] -- Installing: /home/weng/work/install/turtlebot3/share/turtlebot3/cmake/turtlebot3Config.cmake
[1.036s] -- Installing: /home/weng/work/install/turtlebot3/share/turtlebot3/cmake/turtlebot3Config-version.cmake
[1.036s] -- Installing: /home/weng/work/install/turtlebot3/share/turtlebot3/package.xml
[1.041s] Invoked command in '/home/weng/work/build/turtlebot3' returned '0': AMENT_PREFIX_PATH=/home/weng/work/install/turtlebot3_bringup:/home/weng/work/install/turtlebot3_node:/home/weng/work/install/turtlebot3_example:/home/weng/work/install/turtlebot3_teleop:/home/weng/work/install/turtlebot3_navigation2:/home/weng/work/install/turtlebot3_msgs:/home/weng/work/install/turtlebot3_description:/home/weng/work/install/turtlebot3_cartographer:${AMENT_PREFIX_PATH} CMAKE_PREFIX_PATH=/home/weng/work/install/turtlebot3_bringup:/home/weng/work/install/turtlebot3_node:/home/weng/work/install/turtlebot3_navigation2:/home/weng/work/install/turtlebot3_msgs:/home/weng/work/install/turtlebot3_description:/home/weng/work/install/turtlebot3_cartographer:/opt/ros/humble LD_LIBRARY_PATH=/home/weng/work/install/turtlebot3_msgs/lib:${LD_LIBRARY_PATH} PYTHONPATH=/home/weng/work/install/turtlebot3_example/lib/python3.10/site-packages:/home/weng/work/install/turtlebot3_teleop/lib/python3.10/site-packages:/home/weng/work/install/turtlebot3_msgs/local/lib/python3.10/dist-packages:${PYTHONPATH} /usr/local/bin/cmake --install /home/weng/work/build/turtlebot3
