[0.467s] Invoking command in '/home/weng/work/build/custom_message': CMAKE_PREFIX_PATH=/opt/ros/humble /usr/local/bin/cmake /home/weng/work/src/custom_message -DCMAKE_INSTALL_PREFIX=/home/weng/work/install/custom_message
[0.798s] -- The C compiler identification is GNU 11.4.0
[0.798s] -- The CXX compiler identification is GNU 11.4.0
[0.798s] -- Detecting C compiler ABI info
[0.798s] -- Detecting C compiler ABI info - done
[0.798s] -- Check for working C compiler: /usr/bin/cc - skipped
[0.798s] -- Detecting C compile features
[0.798s] -- Detecting C compile features - done
[0.798s] -- Detecting CXX compiler ABI info
[0.827s] -- Detecting CXX compiler ABI info - done
[0.844s] -- Check for working CXX compiler: /usr/bin/c++ - skipped
[0.844s] -- Detecting CXX compile features
[0.845s] -- Detecting CXX compile features - done
[0.849s] -- Found ament_cmake: 1.3.6 (/opt/ros/humble/share/ament_cmake/cmake)
[1.327s] -- Found Python3: /usr/bin/python3.10 (found version "3.10.12") found components: Interpreter 
[1.443s] -- Found std_msgs: 4.2.3 (/opt/ros/humble/share/std_msgs/cmake)
[1.500s] -- Found rosidl_generator_c: 3.1.5 (/opt/ros/humble/share/rosidl_generator_c/cmake)
[1.508s] -- Found rosidl_adapter: 3.1.5 (/opt/ros/humble/share/rosidl_adapter/cmake)
[1.523s] -- Found rosidl_generator_cpp: 3.1.5 (/opt/ros/humble/share/rosidl_generator_cpp/cmake)
[1.546s] -- Using all available rosidl_typesupport_c: rosidl_typesupport_fastrtps_c;rosidl_typesupport_introspection_c
[1.580s] -- Using all available rosidl_typesupport_cpp: rosidl_typesupport_fastrtps_cpp;rosidl_typesupport_introspection_cpp
[1.654s] -- Found rosidl_default_generators: 1.2.0 (/opt/ros/humble/share/rosidl_default_generators/cmake)
[2.052s] -- Found ament_cmake_ros: 0.10.0 (/opt/ros/humble/share/ament_cmake_ros/cmake)
[2.745s] -- Using all available rosidl_typesupport_c: rosidl_typesupport_fastrtps_c;rosidl_typesupport_introspection_c
[3.024s] -- Using all available rosidl_typesupport_cpp: rosidl_typesupport_fastrtps_cpp;rosidl_typesupport_introspection_cpp
[3.027s] [33mCMake Warning (dev) at /opt/ros/humble/share/rosidl_generator_py/cmake/rosidl_generator_py_generate_interfaces.cmake:20 (find_package):
[3.027s]   Policy CMP0148 is not set: The FindPythonInterp and FindPythonLibs modules
[3.027s]   are removed.  Run "cmake --help-policy CMP0148" for policy details.  Use
[3.027s]   the cmake_policy command to set the policy and suppress this warning.
[3.027s] 
[3.027s] Call Stack (most recent call first):
[3.027s]   /opt/ros/humble/share/ament_cmake_core/cmake/core/ament_execute_extensions.cmake:48 (include)
[3.027s]   /opt/ros/humble/share/rosidl_cmake/cmake/rosidl_generate_interfaces.cmake:286 (ament_execute_extensions)
[3.027s]   CMakeLists.txt:23 (rosidl_generate_interfaces)
[3.027s] This warning is for project developers.  Use -Wno-dev to suppress it.
[3.027s] [0m
[3.047s] -- Found PythonInterp: /usr/bin/python3 (found suitable version "3.10.12", minimum required is "3.6") 
[3.049s] -- Found python_cmake_module: 0.10.0 (/opt/ros/humble/share/python_cmake_module/cmake)
[3.049s] [33mCMake Warning (dev) at /opt/ros/humble/share/python_cmake_module/cmake/Modules/FindPythonExtra.cmake:52 (find_package):
[3.050s]   Policy CMP0148 is not set: The FindPythonInterp and FindPythonLibs modules
[3.050s]   are removed.  Run "cmake --help-policy CMP0148" for policy details.  Use
[3.050s]   the cmake_policy command to set the policy and suppress this warning.
[3.050s] 
[3.050s] Call Stack (most recent call first):
[3.050s]   /opt/ros/humble/share/rosidl_generator_py/cmake/rosidl_generator_py_generate_interfaces.cmake:23 (find_package)
[3.050s]   /opt/ros/humble/share/ament_cmake_core/cmake/core/ament_execute_extensions.cmake:48 (include)
[3.050s]   /opt/ros/humble/share/rosidl_cmake/cmake/rosidl_generate_interfaces.cmake:286 (ament_execute_extensions)
[3.050s]   CMakeLists.txt:23 (rosidl_generate_interfaces)
[3.050s] This warning is for project developers.  Use -Wno-dev to suppress it.
[3.050s] [0m
[3.070s] [33mCMake Warning (dev) at /opt/ros/humble/share/python_cmake_module/cmake/Modules/FindPythonExtra.cmake:140 (find_package):
[3.070s]   Policy CMP0148 is not set: The FindPythonInterp and FindPythonLibs modules
[3.070s]   are removed.  Run "cmake --help-policy CMP0148" for policy details.  Use
[3.070s]   the cmake_policy command to set the policy and suppress this warning.
[3.071s] 
[3.071s] Call Stack (most recent call first):
[3.071s]   /opt/ros/humble/share/rosidl_generator_py/cmake/rosidl_generator_py_generate_interfaces.cmake:23 (find_package)
[3.071s]   /opt/ros/humble/share/ament_cmake_core/cmake/core/ament_execute_extensions.cmake:48 (include)
[3.071s]   /opt/ros/humble/share/rosidl_cmake/cmake/rosidl_generate_interfaces.cmake:286 (ament_execute_extensions)
[3.071s]   CMakeLists.txt:23 (rosidl_generate_interfaces)
[3.071s] This warning is for project developers.  Use -Wno-dev to suppress it.
[3.071s] [0m
[3.077s] -- Found PythonLibs: /usr/lib/x86_64-linux-gnu/libpython3.10.so (found suitable version "3.10.12", minimum required is "3.5") 
[3.077s] -- Using PYTHON_EXECUTABLE: /usr/bin/python3
[3.077s] -- Using PYTHON_INCLUDE_DIRS: /usr/include/python3.10
[3.077s] -- Using PYTHON_LIBRARIES: /usr/lib/x86_64-linux-gnu/libpython3.10.so
[3.098s] -- Found PythonExtra: .so  
[3.156s] -- Found ament_lint_auto: 0.12.9 (/opt/ros/humble/share/ament_lint_auto/cmake)
[3.180s] -- Added test 'copyright' to check source files copyright and LICENSE
[3.182s] -- Added test 'lint_cmake' to check CMake code style
[3.183s] -- Added test 'xmllint' to check XML markup files
[3.186s] -- Configuring done (2.7s)
[3.231s] -- Generating done (0.0s)
[3.236s] -- Build files have been written to: /home/weng/work/build/custom_message
[3.246s] Invoked command in '/home/weng/work/build/custom_message' returned '0': CMAKE_PREFIX_PATH=/opt/ros/humble /usr/local/bin/cmake /home/weng/work/src/custom_message -DCMAKE_INSTALL_PREFIX=/home/weng/work/install/custom_message
[3.248s] Invoking command in '/home/weng/work/build/custom_message': CMAKE_PREFIX_PATH=/opt/ros/humble /usr/local/bin/cmake --build /home/weng/work/build/custom_message -- -j16 -l16
[3.287s] [  3%] [34m[1mGenerating C code for ROS interfaces[0m
[3.293s] [  6%] [34m[1mGenerating C++ code for ROS interfaces[0m
[3.296s] [  6%] Built target ament_cmake_python_copy_custom_message
[3.500s] [  9%] [32mBuilding C object CMakeFiles/custom_message__rosidl_generator_c.dir/rosidl_generator_c/custom_message/msg/detail/sample_msg__functions.c.o[0m
[3.504s] running egg_info
[3.505s] creating custom_message.egg-info
[3.505s] writing custom_message.egg-info/PKG-INFO
[3.505s] [  9%] Built target custom_message__cpp
[3.506s] writing dependency_links to custom_message.egg-info/dependency_links.txt
[3.506s] writing top-level names to custom_message.egg-info/top_level.txt
[3.506s] writing manifest file 'custom_message.egg-info/SOURCES.txt'
[3.508s] reading manifest file 'custom_message.egg-info/SOURCES.txt'
[3.508s] writing manifest file 'custom_message.egg-info/SOURCES.txt'
[3.511s] [ 12%] [34m[1mGenerating C++ type support dispatch for ROS interfaces[0m
[3.512s] [ 16%] [34m[1mGenerating C++ type support for eProsima Fast-RTPS[0m
[3.513s] [ 19%] [34m[1mGenerating C++ introspection for ROS interfaces[0m
[3.541s] [ 19%] Built target ament_cmake_python_build_custom_message_egg
[3.554s] [ 22%] [32m[1mLinking C shared library libcustom_message__rosidl_generator_c.so[0m
[3.581s] [ 22%] Built target custom_message__rosidl_generator_c
[3.587s] [ 25%] [34m[1mGenerating C type support for eProsima Fast-RTPS[0m
[3.589s] [ 32%] [34m[1mGenerating C type support dispatch for ROS interfaces[0m
[3.589s] [ 32%] [34m[1mGenerating C introspection for ROS interfaces[0m
[3.729s] [ 35%] [32mBuilding CXX object CMakeFiles/custom_message__rosidl_typesupport_fastrtps_cpp.dir/rosidl_typesupport_fastrtps_cpp/custom_message/msg/detail/dds_fastrtps/sample_msg__type_support.cpp.o[0m
[3.780s] [ 38%] [32mBuilding CXX object CMakeFiles/custom_message__rosidl_typesupport_cpp.dir/rosidl_typesupport_cpp/custom_message/msg/sample_msg__type_support.cpp.o[0m
[3.799s] [ 41%] [32mBuilding CXX object CMakeFiles/custom_message__rosidl_typesupport_introspection_cpp.dir/rosidl_typesupport_introspection_cpp/custom_message/msg/detail/sample_msg__type_support.cpp.o[0m
[3.800s] [ 45%] [32mBuilding CXX object CMakeFiles/custom_message__rosidl_typesupport_fastrtps_c.dir/rosidl_typesupport_fastrtps_c/custom_message/msg/detail/sample_msg__type_support_c.cpp.o[0m
[3.861s] [ 48%] [32mBuilding CXX object CMakeFiles/custom_message__rosidl_typesupport_c.dir/rosidl_typesupport_c/custom_message/msg/sample_msg__type_support.cpp.o[0m
[3.895s] [ 51%] [32mBuilding C object CMakeFiles/custom_message__rosidl_typesupport_introspection_c.dir/rosidl_typesupport_introspection_c/custom_message/msg/detail/sample_msg__type_support.c.o[0m
[3.898s] [ 54%] [32m[1mLinking CXX shared library libcustom_message__rosidl_typesupport_c.so[0m
[3.933s] [ 58%] [32m[1mLinking C shared library libcustom_message__rosidl_typesupport_introspection_c.so[0m
[3.945s] [ 58%] Built target custom_message__rosidl_typesupport_c
[3.975s] [ 58%] Built target custom_message__rosidl_typesupport_introspection_c
[4.059s] [ 61%] [32m[1mLinking CXX shared library libcustom_message__rosidl_typesupport_cpp.so[0m
[4.094s] [ 61%] Built target custom_message__rosidl_typesupport_cpp
[4.185s] [ 64%] [32m[1mLinking CXX shared library libcustom_message__rosidl_typesupport_fastrtps_cpp.so[0m
[4.198s] [ 67%] [32m[1mLinking CXX shared library libcustom_message__rosidl_typesupport_fastrtps_c.so[0m
[4.313s] [ 70%] [32m[1mLinking CXX shared library libcustom_message__rosidl_typesupport_introspection_cpp.so[0m
[4.349s] [ 70%] Built target custom_message__rosidl_typesupport_fastrtps_cpp
[4.355s] [ 70%] Built target custom_message__rosidl_typesupport_fastrtps_c
[4.430s] [ 70%] Built target custom_message__rosidl_typesupport_introspection_cpp
[4.474s] [ 70%] Built target custom_message
[4.497s] [ 74%] [34m[1mGenerating Python code for ROS interfaces[0m
[5.076s] [ 74%] Built target custom_message__py
[5.164s] [ 77%] [32mBuilding C object CMakeFiles/custom_message__rosidl_generator_py.dir/rosidl_generator_py/custom_message/msg/_sample_msg_s.c.o[0m
[5.548s] [ 80%] [32m[1mLinking C shared library rosidl_generator_py/custom_message/libcustom_message__rosidl_generator_py.so[0m
[5.754s] [ 80%] Built target custom_message__rosidl_generator_py
[5.852s] [ 83%] [32mBuilding C object CMakeFiles/custom_message__rosidl_typesupport_c__pyext.dir/rosidl_generator_py/custom_message/_custom_message_s.ep.rosidl_typesupport_c.c.o[0m
[5.876s] [ 87%] [32mBuilding C object CMakeFiles/custom_message__rosidl_typesupport_introspection_c__pyext.dir/rosidl_generator_py/custom_message/_custom_message_s.ep.rosidl_typesupport_introspection_c.c.o[0m
[5.883s] [ 90%] [32mBuilding C object CMakeFiles/custom_message__rosidl_typesupport_fastrtps_c__pyext.dir/rosidl_generator_py/custom_message/_custom_message_s.ep.rosidl_typesupport_fastrtps_c.c.o[0m
[6.165s] [ 93%] [32m[1mLinking C shared library rosidl_generator_py/custom_message/custom_message_s__rosidl_typesupport_introspection_c.cpython-310-x86_64-linux-gnu.so[0m
[6.296s] [ 96%] [32m[1mLinking C shared library rosidl_generator_py/custom_message/custom_message_s__rosidl_typesupport_fastrtps_c.cpython-310-x86_64-linux-gnu.so[0m
[6.308s] [100%] [32m[1mLinking C shared library rosidl_generator_py/custom_message/custom_message_s__rosidl_typesupport_c.cpython-310-x86_64-linux-gnu.so[0m
[6.344s] [100%] Built target custom_message__rosidl_typesupport_introspection_c__pyext
[6.354s] [100%] Built target custom_message__rosidl_typesupport_fastrtps_c__pyext
[6.378s] [100%] Built target custom_message__rosidl_typesupport_c__pyext
[6.405s] Invoked command in '/home/weng/work/build/custom_message' returned '0': CMAKE_PREFIX_PATH=/opt/ros/humble /usr/local/bin/cmake --build /home/weng/work/build/custom_message -- -j16 -l16
[6.656s] Invoking command in '/home/weng/work/build/custom_message': CMAKE_PREFIX_PATH=/opt/ros/humble /usr/local/bin/cmake --install /home/weng/work/build/custom_message
[6.680s] -- Install configuration: ""
[6.681s] -- Installing: /home/weng/work/install/custom_message/share/ament_index/resource_index/rosidl_interfaces/custom_message
[6.681s] -- Installing: /home/weng/work/install/custom_message/include/custom_message/custom_message
[6.681s] -- Installing: /home/weng/work/install/custom_message/include/custom_message/custom_message/msg
[6.681s] -- Installing: /home/weng/work/install/custom_message/include/custom_message/custom_message/msg/rosidl_generator_c__visibility_control.h
[6.681s] -- Installing: /home/weng/work/install/custom_message/include/custom_message/custom_message/msg/sample_msg.h
[6.681s] -- Installing: /home/weng/work/install/custom_message/include/custom_message/custom_message/msg/detail
[6.681s] -- Installing: /home/weng/work/install/custom_message/include/custom_message/custom_message/msg/detail/sample_msg__type_support.h
[6.682s] -- Installing: /home/weng/work/install/custom_message/include/custom_message/custom_message/msg/detail/sample_msg__functions.c
[6.682s] -- Installing: /home/weng/work/install/custom_message/include/custom_message/custom_message/msg/detail/sample_msg__struct.h
[6.682s] -- Installing: /home/weng/work/install/custom_message/include/custom_message/custom_message/msg/detail/sample_msg__functions.h
[6.682s] -- Installing: /home/weng/work/install/custom_message/share/custom_message/environment/library_path.sh
[6.683s] -- Installing: /home/weng/work/install/custom_message/share/custom_message/environment/library_path.dsv
[6.683s] -- Installing: /home/weng/work/install/custom_message/lib/libcustom_message__rosidl_generator_c.so
[6.683s] -- Set non-toolchain portion of runtime path of "/home/weng/work/install/custom_message/lib/libcustom_message__rosidl_generator_c.so" to ""
[6.683s] -- Up-to-date: /home/weng/work/install/custom_message/include/custom_message/custom_message
[6.683s] -- Up-to-date: /home/weng/work/install/custom_message/include/custom_message/custom_message/msg
[6.684s] -- Installing: /home/weng/work/install/custom_message/include/custom_message/custom_message/msg/rosidl_typesupport_fastrtps_c__visibility_control.h
[6.684s] -- Up-to-date: /home/weng/work/install/custom_message/include/custom_message/custom_message/msg/detail
[6.684s] -- Installing: /home/weng/work/install/custom_message/include/custom_message/custom_message/msg/detail/sample_msg__rosidl_typesupport_fastrtps_c.h
[6.684s] -- Installing: /home/weng/work/install/custom_message/lib/libcustom_message__rosidl_typesupport_fastrtps_c.so
[6.684s] -- Set non-toolchain portion of runtime path of "/home/weng/work/install/custom_message/lib/libcustom_message__rosidl_typesupport_fastrtps_c.so" to ""
[6.684s] -- Up-to-date: /home/weng/work/install/custom_message/include/custom_message/custom_message
[6.684s] -- Up-to-date: /home/weng/work/install/custom_message/include/custom_message/custom_message/msg
[6.684s] -- Up-to-date: /home/weng/work/install/custom_message/include/custom_message/custom_message/msg/detail
[6.685s] -- Installing: /home/weng/work/install/custom_message/include/custom_message/custom_message/msg/detail/sample_msg__builder.hpp
[6.685s] -- Installing: /home/weng/work/install/custom_message/include/custom_message/custom_message/msg/detail/sample_msg__struct.hpp
[6.685s] -- Installing: /home/weng/work/install/custom_message/include/custom_message/custom_message/msg/detail/sample_msg__traits.hpp
[6.685s] -- Installing: /home/weng/work/install/custom_message/include/custom_message/custom_message/msg/sample_msg.hpp
[6.685s] -- Up-to-date: /home/weng/work/install/custom_message/include/custom_message/custom_message
[6.685s] -- Up-to-date: /home/weng/work/install/custom_message/include/custom_message/custom_message/msg
[6.685s] -- Installing: /home/weng/work/install/custom_message/include/custom_message/custom_message/msg/rosidl_typesupport_fastrtps_cpp__visibility_control.h
[6.686s] -- Up-to-date: /home/weng/work/install/custom_message/include/custom_message/custom_message/msg/detail
[6.686s] -- Installing: /home/weng/work/install/custom_message/include/custom_message/custom_message/msg/detail/sample_msg__rosidl_typesupport_fastrtps_cpp.hpp
[6.686s] -- Installing: /home/weng/work/install/custom_message/include/custom_message/custom_message/msg/detail/dds_fastrtps
[6.686s] -- Installing: /home/weng/work/install/custom_message/lib/libcustom_message__rosidl_typesupport_fastrtps_cpp.so
[6.686s] -- Set non-toolchain portion of runtime path of "/home/weng/work/install/custom_message/lib/libcustom_message__rosidl_typesupport_fastrtps_cpp.so" to ""
[6.687s] -- Up-to-date: /home/weng/work/install/custom_message/include/custom_message/custom_message
[6.687s] -- Up-to-date: /home/weng/work/install/custom_message/include/custom_message/custom_message/msg
[6.687s] -- Installing: /home/weng/work/install/custom_message/include/custom_message/custom_message/msg/rosidl_typesupport_introspection_c__visibility_control.h
[6.687s] -- Up-to-date: /home/weng/work/install/custom_message/include/custom_message/custom_message/msg/detail
[6.687s] -- Installing: /home/weng/work/install/custom_message/include/custom_message/custom_message/msg/detail/sample_msg__rosidl_typesupport_introspection_c.h
[6.687s] -- Installing: /home/weng/work/install/custom_message/include/custom_message/custom_message/msg/detail/sample_msg__type_support.c
[6.687s] -- Installing: /home/weng/work/install/custom_message/lib/libcustom_message__rosidl_typesupport_introspection_c.so
[6.688s] -- Set non-toolchain portion of runtime path of "/home/weng/work/install/custom_message/lib/libcustom_message__rosidl_typesupport_introspection_c.so" to ""
[6.688s] -- Installing: /home/weng/work/install/custom_message/lib/libcustom_message__rosidl_typesupport_c.so
[6.688s] -- Set non-toolchain portion of runtime path of "/home/weng/work/install/custom_message/lib/libcustom_message__rosidl_typesupport_c.so" to ""
[6.689s] -- Up-to-date: /home/weng/work/install/custom_message/include/custom_message/custom_message
[6.689s] -- Up-to-date: /home/weng/work/install/custom_message/include/custom_message/custom_message/msg
[6.689s] -- Up-to-date: /home/weng/work/install/custom_message/include/custom_message/custom_message/msg/detail
[6.689s] -- Installing: /home/weng/work/install/custom_message/include/custom_message/custom_message/msg/detail/sample_msg__rosidl_typesupport_introspection_cpp.hpp
[6.689s] -- Installing: /home/weng/work/install/custom_message/include/custom_message/custom_message/msg/detail/sample_msg__type_support.cpp
[6.689s] -- Installing: /home/weng/work/install/custom_message/lib/libcustom_message__rosidl_typesupport_introspection_cpp.so
[6.689s] -- Set non-toolchain portion of runtime path of "/home/weng/work/install/custom_message/lib/libcustom_message__rosidl_typesupport_introspection_cpp.so" to ""
[6.690s] -- Installing: /home/weng/work/install/custom_message/lib/libcustom_message__rosidl_typesupport_cpp.so
[6.690s] -- Set non-toolchain portion of runtime path of "/home/weng/work/install/custom_message/lib/libcustom_message__rosidl_typesupport_cpp.so" to ""
[6.690s] -- Installing: /home/weng/work/install/custom_message/share/custom_message/environment/pythonpath.sh
[6.690s] -- Installing: /home/weng/work/install/custom_message/share/custom_message/environment/pythonpath.dsv
[6.690s] -- Installing: /home/weng/work/install/custom_message/local/lib/python3.10/dist-packages/custom_message-0.0.0-py3.10.egg-info
[6.691s] -- Installing: /home/weng/work/install/custom_message/local/lib/python3.10/dist-packages/custom_message-0.0.0-py3.10.egg-info/SOURCES.txt
[6.691s] -- Installing: /home/weng/work/install/custom_message/local/lib/python3.10/dist-packages/custom_message-0.0.0-py3.10.egg-info/dependency_links.txt
[6.691s] -- Installing: /home/weng/work/install/custom_message/local/lib/python3.10/dist-packages/custom_message-0.0.0-py3.10.egg-info/PKG-INFO
[6.691s] -- Installing: /home/weng/work/install/custom_message/local/lib/python3.10/dist-packages/custom_message-0.0.0-py3.10.egg-info/top_level.txt
[6.691s] -- Installing: /home/weng/work/install/custom_message/local/lib/python3.10/dist-packages/custom_message
[6.691s] -- Installing: /home/weng/work/install/custom_message/local/lib/python3.10/dist-packages/custom_message/__init__.py
[6.691s] -- Installing: /home/weng/work/install/custom_message/local/lib/python3.10/dist-packages/custom_message/custom_message_s__rosidl_typesupport_introspection_c.cpython-310-x86_64-linux-gnu.so
[6.692s] -- Installing: /home/weng/work/install/custom_message/local/lib/python3.10/dist-packages/custom_message/libcustom_message__rosidl_generator_py.so
[6.692s] -- Installing: /home/weng/work/install/custom_message/local/lib/python3.10/dist-packages/custom_message/_custom_message_s.ep.rosidl_typesupport_fastrtps_c.c
[6.692s] -- Installing: /home/weng/work/install/custom_message/local/lib/python3.10/dist-packages/custom_message/custom_message_s__rosidl_typesupport_c.cpython-310-x86_64-linux-gnu.so
[6.692s] -- Installing: /home/weng/work/install/custom_message/local/lib/python3.10/dist-packages/custom_message/_custom_message_s.ep.rosidl_typesupport_c.c
[6.692s] -- Installing: /home/weng/work/install/custom_message/local/lib/python3.10/dist-packages/custom_message/msg
[6.692s] -- Installing: /home/weng/work/install/custom_message/local/lib/python3.10/dist-packages/custom_message/msg/__init__.py
[6.692s] -- Installing: /home/weng/work/install/custom_message/local/lib/python3.10/dist-packages/custom_message/msg/_sample_msg_s.c
[6.693s] -- Installing: /home/weng/work/install/custom_message/local/lib/python3.10/dist-packages/custom_message/msg/_sample_msg.py
[6.693s] -- Installing: /home/weng/work/install/custom_message/local/lib/python3.10/dist-packages/custom_message/custom_message_s__rosidl_typesupport_fastrtps_c.cpython-310-x86_64-linux-gnu.so
[6.693s] -- Installing: /home/weng/work/install/custom_message/local/lib/python3.10/dist-packages/custom_message/_custom_message_s.ep.rosidl_typesupport_introspection_c.c
[6.727s] Listing '/home/weng/work/install/custom_message/local/lib/python3.10/dist-packages/custom_message'...
[6.727s] Compiling '/home/weng/work/install/custom_message/local/lib/python3.10/dist-packages/custom_message/__init__.py'...
[6.727s] Listing '/home/weng/work/install/custom_message/local/lib/python3.10/dist-packages/custom_message/msg'...
[6.727s] Compiling '/home/weng/work/install/custom_message/local/lib/python3.10/dist-packages/custom_message/msg/__init__.py'...
[6.727s] Compiling '/home/weng/work/install/custom_message/local/lib/python3.10/dist-packages/custom_message/msg/_sample_msg.py'...
[6.733s] -- Installing: /home/weng/work/install/custom_message/local/lib/python3.10/dist-packages/custom_message/custom_message_s__rosidl_typesupport_fastrtps_c.cpython-310-x86_64-linux-gnu.so
[6.733s] -- Set non-toolchain portion of runtime path of "/home/weng/work/install/custom_message/local/lib/python3.10/dist-packages/custom_message/custom_message_s__rosidl_typesupport_fastrtps_c.cpython-310-x86_64-linux-gnu.so" to ""
[6.733s] -- Installing: /home/weng/work/install/custom_message/local/lib/python3.10/dist-packages/custom_message/custom_message_s__rosidl_typesupport_introspection_c.cpython-310-x86_64-linux-gnu.so
[6.734s] -- Set non-toolchain portion of runtime path of "/home/weng/work/install/custom_message/local/lib/python3.10/dist-packages/custom_message/custom_message_s__rosidl_typesupport_introspection_c.cpython-310-x86_64-linux-gnu.so" to ""
[6.734s] -- Installing: /home/weng/work/install/custom_message/local/lib/python3.10/dist-packages/custom_message/custom_message_s__rosidl_typesupport_c.cpython-310-x86_64-linux-gnu.so
[6.735s] -- Set non-toolchain portion of runtime path of "/home/weng/work/install/custom_message/local/lib/python3.10/dist-packages/custom_message/custom_message_s__rosidl_typesupport_c.cpython-310-x86_64-linux-gnu.so" to ""
[6.735s] -- Installing: /home/weng/work/install/custom_message/lib/libcustom_message__rosidl_generator_py.so
[6.735s] -- Set non-toolchain portion of runtime path of "/home/weng/work/install/custom_message/lib/libcustom_message__rosidl_generator_py.so" to ""
[6.735s] -- Installing: /home/weng/work/install/custom_message/share/custom_message/msg/SampleMsg.idl
[6.736s] -- Installing: /home/weng/work/install/custom_message/share/custom_message/msg/SampleMsg.msg
[6.736s] -- Installing: /home/weng/work/install/custom_message/share/ament_index/resource_index/package_run_dependencies/custom_message
[6.736s] -- Installing: /home/weng/work/install/custom_message/share/ament_index/resource_index/parent_prefix_path/custom_message
[6.736s] -- Installing: /home/weng/work/install/custom_message/share/custom_message/environment/ament_prefix_path.sh
[6.736s] -- Installing: /home/weng/work/install/custom_message/share/custom_message/environment/ament_prefix_path.dsv
[6.737s] -- Installing: /home/weng/work/install/custom_message/share/custom_message/environment/path.sh
[6.737s] -- Installing: /home/weng/work/install/custom_message/share/custom_message/environment/path.dsv
[6.737s] -- Installing: /home/weng/work/install/custom_message/share/custom_message/local_setup.bash
[6.737s] -- Installing: /home/weng/work/install/custom_message/share/custom_message/local_setup.sh
[6.737s] -- Installing: /home/weng/work/install/custom_message/share/custom_message/local_setup.zsh
[6.738s] -- Installing: /home/weng/work/install/custom_message/share/custom_message/local_setup.dsv
[6.738s] -- Installing: /home/weng/work/install/custom_message/share/custom_message/package.dsv
[6.738s] -- Installing: /home/weng/work/install/custom_message/share/ament_index/resource_index/packages/custom_message
[6.738s] -- Installing: /home/weng/work/install/custom_message/share/custom_message/cmake/export_custom_message__rosidl_generator_cExport.cmake
[6.738s] -- Installing: /home/weng/work/install/custom_message/share/custom_message/cmake/export_custom_message__rosidl_generator_cExport-noconfig.cmake
[6.739s] -- Installing: /home/weng/work/install/custom_message/share/custom_message/cmake/export_custom_message__rosidl_typesupport_fastrtps_cExport.cmake
[6.739s] -- Installing: /home/weng/work/install/custom_message/share/custom_message/cmake/export_custom_message__rosidl_typesupport_fastrtps_cExport-noconfig.cmake
[6.739s] -- Installing: /home/weng/work/install/custom_message/share/custom_message/cmake/export_custom_message__rosidl_generator_cppExport.cmake
[6.739s] -- Installing: /home/weng/work/install/custom_message/share/custom_message/cmake/export_custom_message__rosidl_typesupport_fastrtps_cppExport.cmake
[6.739s] -- Installing: /home/weng/work/install/custom_message/share/custom_message/cmake/export_custom_message__rosidl_typesupport_fastrtps_cppExport-noconfig.cmake
[6.740s] -- Installing: /home/weng/work/install/custom_message/share/custom_message/cmake/custom_message__rosidl_typesupport_introspection_cExport.cmake
[6.740s] -- Installing: /home/weng/work/install/custom_message/share/custom_message/cmake/custom_message__rosidl_typesupport_introspection_cExport-noconfig.cmake
[6.740s] -- Installing: /home/weng/work/install/custom_message/share/custom_message/cmake/custom_message__rosidl_typesupport_cExport.cmake
[6.740s] -- Installing: /home/weng/work/install/custom_message/share/custom_message/cmake/custom_message__rosidl_typesupport_cExport-noconfig.cmake
[6.741s] -- Installing: /home/weng/work/install/custom_message/share/custom_message/cmake/custom_message__rosidl_typesupport_introspection_cppExport.cmake
[6.741s] -- Installing: /home/weng/work/install/custom_message/share/custom_message/cmake/custom_message__rosidl_typesupport_introspection_cppExport-noconfig.cmake
[6.741s] -- Installing: /home/weng/work/install/custom_message/share/custom_message/cmake/custom_message__rosidl_typesupport_cppExport.cmake
[6.741s] -- Installing: /home/weng/work/install/custom_message/share/custom_message/cmake/custom_message__rosidl_typesupport_cppExport-noconfig.cmake
[6.741s] -- Installing: /home/weng/work/install/custom_message/share/custom_message/cmake/export_custom_message__rosidl_generator_pyExport.cmake
[6.742s] -- Installing: /home/weng/work/install/custom_message/share/custom_message/cmake/export_custom_message__rosidl_generator_pyExport-noconfig.cmake
[6.742s] -- Installing: /home/weng/work/install/custom_message/share/custom_message/cmake/rosidl_cmake-extras.cmake
[6.742s] -- Installing: /home/weng/work/install/custom_message/share/custom_message/cmake/ament_cmake_export_dependencies-extras.cmake
[6.742s] -- Installing: /home/weng/work/install/custom_message/share/custom_message/cmake/ament_cmake_export_include_directories-extras.cmake
[6.743s] -- Installing: /home/weng/work/install/custom_message/share/custom_message/cmake/ament_cmake_export_libraries-extras.cmake
[6.743s] -- Installing: /home/weng/work/install/custom_message/share/custom_message/cmake/ament_cmake_export_targets-extras.cmake
[6.744s] -- Installing: /home/weng/work/install/custom_message/share/custom_message/cmake/rosidl_cmake_export_typesupport_targets-extras.cmake
[6.744s] -- Installing: /home/weng/work/install/custom_message/share/custom_message/cmake/rosidl_cmake_export_typesupport_libraries-extras.cmake
[6.744s] -- Installing: /home/weng/work/install/custom_message/share/custom_message/cmake/custom_messageConfig.cmake
[6.744s] -- Installing: /home/weng/work/install/custom_message/share/custom_message/cmake/custom_messageConfig-version.cmake
[6.744s] -- Installing: /home/weng/work/install/custom_message/share/custom_message/package.xml
[6.751s] Invoked command in '/home/weng/work/build/custom_message' returned '0': CMAKE_PREFIX_PATH=/opt/ros/humble /usr/local/bin/cmake --install /home/weng/work/build/custom_message
