[0.319s] Invoking command in '/home/weng/work/build/turtlebot3_navigation2': CMAKE_PREFIX_PATH=/opt/ros/humble /usr/local/bin/cmake /home/weng/work/src/turtlebot3/turtlebot3_navigation2 -DCMAKE_INSTALL_PREFIX=/home/weng/work/install/turtlebot3_navigation2
[0.929s] -- The C compiler identification is GNU 11.4.0
[0.929s] -- The CXX compiler identification is GNU 11.4.0
[0.929s] -- Detecting C compiler ABI info
[0.929s] -- Detecting C compiler ABI info - done
[0.929s] -- Check for working C compiler: /usr/bin/cc - skipped
[0.929s] -- Detecting C compile features
[0.929s] -- Detecting C compile features - done
[0.930s] -- Detecting CXX compiler ABI info
[0.930s] -- Detecting CXX compiler ABI info - done
[0.930s] -- Check for working CXX compiler: /usr/bin/c++ - skipped
[0.930s] -- Detecting CXX compile features
[0.930s] -- Detecting CXX compile features - done
[0.930s] -- Found ament_cmake: 1.3.6 (/opt/ros/humble/share/ament_cmake/cmake)
[1.141s] -- Found Python3: /usr/bin/python3.10 (found version "3.10.12") found components: Interpreter 
[1.328s] -- Configuring done (1.0s)
[1.333s] -- Generating done (0.0s)
[1.335s] -- Build files have been written to: /home/weng/work/build/turtlebot3_navigation2
[1.347s] Invoked command in '/home/weng/work/build/turtlebot3_navigation2' returned '0': CMAKE_PREFIX_PATH=/opt/ros/humble /usr/local/bin/cmake /home/weng/work/src/turtlebot3/turtlebot3_navigation2 -DCMAKE_INSTALL_PREFIX=/home/weng/work/install/turtlebot3_navigation2
[1.349s] Invoking command in '/home/weng/work/build/turtlebot3_navigation2': CMAKE_PREFIX_PATH=/opt/ros/humble /usr/local/bin/cmake --build /home/weng/work/build/turtlebot3_navigation2 -- -j16 -l16
[1.394s] Invoked command in '/home/weng/work/build/turtlebot3_navigation2' returned '0': CMAKE_PREFIX_PATH=/opt/ros/humble /usr/local/bin/cmake --build /home/weng/work/build/turtlebot3_navigation2 -- -j16 -l16
[1.480s] Invoking command in '/home/weng/work/build/turtlebot3_navigation2': CMAKE_PREFIX_PATH=/opt/ros/humble /usr/local/bin/cmake --install /home/weng/work/build/turtlebot3_navigation2
[1.506s] -- Install configuration: ""
[1.506s] -- Installing: /home/weng/work/install/turtlebot3_navigation2/share/turtlebot3_navigation2/launch
[1.506s] -- Installing: /home/weng/work/install/turtlebot3_navigation2/share/turtlebot3_navigation2/launch/navigation2.launch.py
[1.506s] -- Installing: /home/weng/work/install/turtlebot3_navigation2/share/turtlebot3_navigation2/map
[1.506s] -- Installing: /home/weng/work/install/turtlebot3_navigation2/share/turtlebot3_navigation2/map/map.yaml
[1.506s] -- Installing: /home/weng/work/install/turtlebot3_navigation2/share/turtlebot3_navigation2/map/map.pgm
[1.507s] -- Installing: /home/weng/work/install/turtlebot3_navigation2/share/turtlebot3_navigation2/param
[1.507s] -- Installing: /home/weng/work/install/turtlebot3_navigation2/share/turtlebot3_navigation2/param/waffle_pi.yaml
[1.507s] -- Installing: /home/weng/work/install/turtlebot3_navigation2/share/turtlebot3_navigation2/param/waffle.yaml
[1.507s] -- Installing: /home/weng/work/install/turtlebot3_navigation2/share/turtlebot3_navigation2/param/burger.yaml
[1.507s] -- Installing: /home/weng/work/install/turtlebot3_navigation2/share/turtlebot3_navigation2/rviz
[1.507s] -- Installing: /home/weng/work/install/turtlebot3_navigation2/share/turtlebot3_navigation2/rviz/tb3_navigation2.rviz
[1.508s] -- Installing: /home/weng/work/install/turtlebot3_navigation2/share/ament_index/resource_index/package_run_dependencies/turtlebot3_navigation2
[1.508s] -- Installing: /home/weng/work/install/turtlebot3_navigation2/share/ament_index/resource_index/parent_prefix_path/turtlebot3_navigation2
[1.508s] -- Installing: /home/weng/work/install/turtlebot3_navigation2/share/turtlebot3_navigation2/environment/ament_prefix_path.sh
[1.508s] -- Installing: /home/weng/work/install/turtlebot3_navigation2/share/turtlebot3_navigation2/environment/ament_prefix_path.dsv
[1.508s] -- Installing: /home/weng/work/install/turtlebot3_navigation2/share/turtlebot3_navigation2/environment/path.sh
[1.509s] -- Installing: /home/weng/work/install/turtlebot3_navigation2/share/turtlebot3_navigation2/environment/path.dsv
[1.509s] -- Installing: /home/weng/work/install/turtlebot3_navigation2/share/turtlebot3_navigation2/local_setup.bash
[1.509s] -- Installing: /home/weng/work/install/turtlebot3_navigation2/share/turtlebot3_navigation2/local_setup.sh
[1.509s] -- Installing: /home/weng/work/install/turtlebot3_navigation2/share/turtlebot3_navigation2/local_setup.zsh
[1.510s] -- Installing: /home/weng/work/install/turtlebot3_navigation2/share/turtlebot3_navigation2/local_setup.dsv
[1.510s] -- Installing: /home/weng/work/install/turtlebot3_navigation2/share/turtlebot3_navigation2/package.dsv
[1.510s] -- Installing: /home/weng/work/install/turtlebot3_navigation2/share/ament_index/resource_index/packages/turtlebot3_navigation2
[1.510s] -- Installing: /home/weng/work/install/turtlebot3_navigation2/share/turtlebot3_navigation2/cmake/turtlebot3_navigation2Config.cmake
[1.511s] -- Installing: /home/weng/work/install/turtlebot3_navigation2/share/turtlebot3_navigation2/cmake/turtlebot3_navigation2Config-version.cmake
[1.511s] -- Installing: /home/weng/work/install/turtlebot3_navigation2/share/turtlebot3_navigation2/package.xml
[1.517s] Invoked command in '/home/weng/work/build/turtlebot3_navigation2' returned '0': CMAKE_PREFIX_PATH=/opt/ros/humble /usr/local/bin/cmake --install /home/weng/work/build/turtlebot3_navigation2
