[0.017s] Invoking command in '/home/weng/work/humble_ws/build/realsense2_description': AMENT_PREFIX_PATH=/home/weng/work/humble_ws/install/realsense2_camera_msgs:${AMENT_PREFIX_PATH} CMAKE_PREFIX_PATH=/home/weng/work/humble_ws/install/realsense2_camera_msgs:/opt/ros/humble LD_LIBRARY_PATH=/home/weng/work/humble_ws/install/realsense2_camera_msgs/lib:${LD_LIBRARY_PATH} PYTHONPATH=/home/weng/work/humble_ws/install/realsense2_camera_msgs/local/lib/python3.10/dist-packages:${PYTHONPATH} /usr/bin/cmake /home/weng/work/humble_ws/src/realsense-ros/realsense2_description -DCMAKE_INSTALL_PREFIX=/home/weng/work/humble_ws/install/realsense2_description
[0.040s] -- The C compiler identification is GNU 11.4.0
[0.065s] -- The CXX compiler identification is GNU 11.4.0
[0.068s] -- Detecting C compiler ABI info
[0.099s] -- Detecting C compiler ABI info - done
[0.102s] -- Check for working C compiler: /usr/bin/cc - skipped
[0.102s] -- Detecting C compile features
[0.102s] -- Detecting C compile features - done
[0.104s] -- Detecting CXX compiler ABI info
[0.139s] -- Detecting CXX compiler ABI info - done
[0.142s] -- Check for working CXX compiler: /usr/bin/c++ - skipped
[0.142s] -- Detecting CXX compile features
[0.142s] -- Detecting CXX compile features - done
[0.144s] -- Found ament_cmake: 1.3.8 (/opt/ros/humble/share/ament_cmake/cmake)
[0.215s] -- Found Python3: /usr/bin/python3 (found version "3.10.12") found components: Interpreter 
[0.291s] -- Configuring done
[0.292s] -- Generating done
[0.292s] -- Build files have been written to: /home/weng/work/humble_ws/build/realsense2_description
[0.295s] Invoked command in '/home/weng/work/humble_ws/build/realsense2_description' returned '0': AMENT_PREFIX_PATH=/home/weng/work/humble_ws/install/realsense2_camera_msgs:${AMENT_PREFIX_PATH} CMAKE_PREFIX_PATH=/home/weng/work/humble_ws/install/realsense2_camera_msgs:/opt/ros/humble LD_LIBRARY_PATH=/home/weng/work/humble_ws/install/realsense2_camera_msgs/lib:${LD_LIBRARY_PATH} PYTHONPATH=/home/weng/work/humble_ws/install/realsense2_camera_msgs/local/lib/python3.10/dist-packages:${PYTHONPATH} /usr/bin/cmake /home/weng/work/humble_ws/src/realsense-ros/realsense2_description -DCMAKE_INSTALL_PREFIX=/home/weng/work/humble_ws/install/realsense2_description
[0.295s] Invoking command in '/home/weng/work/humble_ws/build/realsense2_description': AMENT_PREFIX_PATH=/home/weng/work/humble_ws/install/realsense2_camera_msgs:${AMENT_PREFIX_PATH} CMAKE_PREFIX_PATH=/home/weng/work/humble_ws/install/realsense2_camera_msgs:/opt/ros/humble LD_LIBRARY_PATH=/home/weng/work/humble_ws/install/realsense2_camera_msgs/lib:${LD_LIBRARY_PATH} PYTHONPATH=/home/weng/work/humble_ws/install/realsense2_camera_msgs/local/lib/python3.10/dist-packages:${PYTHONPATH} /usr/bin/cmake --build /home/weng/work/humble_ws/build/realsense2_description -- -j24 -l24
[0.312s] Invoked command in '/home/weng/work/humble_ws/build/realsense2_description' returned '0': AMENT_PREFIX_PATH=/home/weng/work/humble_ws/install/realsense2_camera_msgs:${AMENT_PREFIX_PATH} CMAKE_PREFIX_PATH=/home/weng/work/humble_ws/install/realsense2_camera_msgs:/opt/ros/humble LD_LIBRARY_PATH=/home/weng/work/humble_ws/install/realsense2_camera_msgs/lib:${LD_LIBRARY_PATH} PYTHONPATH=/home/weng/work/humble_ws/install/realsense2_camera_msgs/local/lib/python3.10/dist-packages:${PYTHONPATH} /usr/bin/cmake --build /home/weng/work/humble_ws/build/realsense2_description -- -j24 -l24
[0.321s] Invoking command in '/home/weng/work/humble_ws/build/realsense2_description': AMENT_PREFIX_PATH=/home/weng/work/humble_ws/install/realsense2_camera_msgs:${AMENT_PREFIX_PATH} CMAKE_PREFIX_PATH=/home/weng/work/humble_ws/install/realsense2_camera_msgs:/opt/ros/humble LD_LIBRARY_PATH=/home/weng/work/humble_ws/install/realsense2_camera_msgs/lib:${LD_LIBRARY_PATH} PYTHONPATH=/home/weng/work/humble_ws/install/realsense2_camera_msgs/local/lib/python3.10/dist-packages:${PYTHONPATH} /usr/bin/cmake --install /home/weng/work/humble_ws/build/realsense2_description
[0.324s] -- Install configuration: ""
[0.324s] -- Installing: /home/weng/work/humble_ws/install/realsense2_description/share/realsense2_description/launch
[0.325s] -- Installing: /home/weng/work/humble_ws/install/realsense2_description/share/realsense2_description/launch/view_model.launch.py
[0.325s] -- Installing: /home/weng/work/humble_ws/install/realsense2_description/share/realsense2_description/launch/launch_utils.py
[0.325s] -- Installing: /home/weng/work/humble_ws/install/realsense2_description/share/realsense2_description/meshes
[0.325s] -- Installing: /home/weng/work/humble_ws/install/realsense2_description/share/realsense2_description/meshes/d415.stl
[0.334s] -- Installing: /home/weng/work/humble_ws/install/realsense2_description/share/realsense2_description/meshes/plug_collision.stl
[0.334s] -- Installing: /home/weng/work/humble_ws/install/realsense2_description/share/realsense2_description/meshes/d405.stl
[0.334s] -- Installing: /home/weng/work/humble_ws/install/realsense2_description/share/realsense2_description/meshes/d455.stl
[0.335s] -- Installing: /home/weng/work/humble_ws/install/realsense2_description/share/realsense2_description/meshes/d435.dae
[0.341s] -- Installing: /home/weng/work/humble_ws/install/realsense2_description/share/realsense2_description/meshes/l515.dae
[0.355s] -- Installing: /home/weng/work/humble_ws/install/realsense2_description/share/realsense2_description/meshes/plug.stl
[0.356s] -- Installing: /home/weng/work/humble_ws/install/realsense2_description/share/realsense2_description/rviz
[0.356s] -- Installing: /home/weng/work/humble_ws/install/realsense2_description/share/realsense2_description/rviz/urdf.rviz
[0.356s] -- Installing: /home/weng/work/humble_ws/install/realsense2_description/share/realsense2_description/urdf
[0.356s] -- Installing: /home/weng/work/humble_ws/install/realsense2_description/share/realsense2_description/urdf/_d435i.urdfc.xacro
[0.356s] -- Installing: /home/weng/work/humble_ws/install/realsense2_description/share/realsense2_description/urdf/test_r410_camera.urdf.xacro
[0.356s] -- Installing: /home/weng/work/humble_ws/install/realsense2_description/share/realsense2_description/urdf/test_r430_camera.urdf.xacro
[0.356s] -- Installing: /home/weng/work/humble_ws/install/realsense2_description/share/realsense2_description/urdf/_d435i.urdf.xacro
[0.356s] -- Installing: /home/weng/work/humble_ws/install/realsense2_description/share/realsense2_description/urdf/test_d415_camera.urdf.xacro
[0.356s] -- Installing: /home/weng/work/humble_ws/install/realsense2_description/share/realsense2_description/urdf/_materials.urdf.xacro
[0.356s] -- Installing: /home/weng/work/humble_ws/install/realsense2_description/share/realsense2_description/urdf/test_d435_camera.urdf.xacro
[0.356s] -- Installing: /home/weng/work/humble_ws/install/realsense2_description/share/realsense2_description/urdf/_d405.urdf.xacro
[0.356s] -- Installing: /home/weng/work/humble_ws/install/realsense2_description/share/realsense2_description/urdf/test_d455_camera.urdf.xacro
[0.356s] -- Installing: /home/weng/work/humble_ws/install/realsense2_description/share/realsense2_description/urdf/_r430.urdf.xacro
[0.356s] -- Installing: /home/weng/work/humble_ws/install/realsense2_description/share/realsense2_description/urdf/_usb_plug.urdf.xacro
[0.356s] -- Installing: /home/weng/work/humble_ws/install/realsense2_description/share/realsense2_description/urdf/test_d435_multiple_cameras.urdf.xacro
[0.356s] -- Installing: /home/weng/work/humble_ws/install/realsense2_description/share/realsense2_description/urdf/test_d405_camera.urdf.xacro
[0.356s] -- Installing: /home/weng/work/humble_ws/install/realsense2_description/share/realsense2_description/urdf/_d435i_imu_modules.urdf.xacro
[0.356s] -- Installing: /home/weng/work/humble_ws/install/realsense2_description/share/realsense2_description/urdf/_d455.urdf.xacro
[0.356s] -- Installing: /home/weng/work/humble_ws/install/realsense2_description/share/realsense2_description/urdf/_d415.urdf.xacro
[0.356s] -- Installing: /home/weng/work/humble_ws/install/realsense2_description/share/realsense2_description/urdf/_d435.urdf.xacro
[0.356s] -- Installing: /home/weng/work/humble_ws/install/realsense2_description/share/realsense2_description/urdf/test_d435i_camera.urdf.xacro
[0.356s] -- Installing: /home/weng/work/humble_ws/install/realsense2_description/share/realsense2_description/urdf/_r410.urdf.xacro
[0.356s] -- Installing: /home/weng/work/humble_ws/install/realsense2_description/share/ament_index/resource_index/package_run_dependencies/realsense2_description
[0.356s] -- Installing: /home/weng/work/humble_ws/install/realsense2_description/share/ament_index/resource_index/parent_prefix_path/realsense2_description
[0.356s] -- Installing: /home/weng/work/humble_ws/install/realsense2_description/share/realsense2_description/environment/ament_prefix_path.sh
[0.356s] -- Installing: /home/weng/work/humble_ws/install/realsense2_description/share/realsense2_description/environment/ament_prefix_path.dsv
[0.356s] -- Installing: /home/weng/work/humble_ws/install/realsense2_description/share/realsense2_description/environment/path.sh
[0.356s] -- Installing: /home/weng/work/humble_ws/install/realsense2_description/share/realsense2_description/environment/path.dsv
[0.356s] -- Installing: /home/weng/work/humble_ws/install/realsense2_description/share/realsense2_description/local_setup.bash
[0.356s] -- Installing: /home/weng/work/humble_ws/install/realsense2_description/share/realsense2_description/local_setup.sh
[0.356s] -- Installing: /home/weng/work/humble_ws/install/realsense2_description/share/realsense2_description/local_setup.zsh
[0.357s] -- Installing: /home/weng/work/humble_ws/install/realsense2_description/share/realsense2_description/local_setup.dsv
[0.357s] -- Installing: /home/weng/work/humble_ws/install/realsense2_description/share/realsense2_description/package.dsv
[0.357s] -- Installing: /home/weng/work/humble_ws/install/realsense2_description/share/ament_index/resource_index/packages/realsense2_description
[0.357s] -- Installing: /home/weng/work/humble_ws/install/realsense2_description/share/realsense2_description/cmake/realsense2_descriptionConfig.cmake
[0.357s] -- Installing: /home/weng/work/humble_ws/install/realsense2_description/share/realsense2_description/cmake/realsense2_descriptionConfig-version.cmake
[0.357s] -- Installing: /home/weng/work/humble_ws/install/realsense2_description/share/realsense2_description/package.xml
[0.358s] Invoked command in '/home/weng/work/humble_ws/build/realsense2_description' returned '0': AMENT_PREFIX_PATH=/home/weng/work/humble_ws/install/realsense2_camera_msgs:${AMENT_PREFIX_PATH} CMAKE_PREFIX_PATH=/home/weng/work/humble_ws/install/realsense2_camera_msgs:/opt/ros/humble LD_LIBRARY_PATH=/home/weng/work/humble_ws/install/realsense2_camera_msgs/lib:${LD_LIBRARY_PATH} PYTHONPATH=/home/weng/work/humble_ws/install/realsense2_camera_msgs/local/lib/python3.10/dist-packages:${PYTHONPATH} /usr/bin/cmake --install /home/weng/work/humble_ws/build/realsense2_description
