[1.139s] Invoking command in '/home/weng/work/src/navigation/isaac_ros_navigation_goal': PYTHONPATH=/home/weng/work/build/isaac_ros_navigation_goal/prefix_override:/home/weng/work/install/isaac_ros_navigation_goal/lib/python3.10/site-packages:${PYTHONPATH} /usr/bin/python3 setup.py egg_info --egg-base ../../../build/isaac_ros_navigation_goal build --build-base /home/weng/work/build/isaac_ros_navigation_goal/build install --record /home/weng/work/build/isaac_ros_navigation_goal/install.log --single-version-externally-managed
[1.336s] running egg_info
[1.336s] writing ../../../build/isaac_ros_navigation_goal/isaac_ros_navigation_goal.egg-info/PKG-INFO
[1.336s] writing dependency_links to ../../../build/isaac_ros_navigation_goal/isaac_ros_navigation_goal.egg-info/dependency_links.txt
[1.337s] writing entry points to ../../../build/isaac_ros_navigation_goal/isaac_ros_navigation_goal.egg-info/entry_points.txt
[1.337s] writing requirements to ../../../build/isaac_ros_navigation_goal/isaac_ros_navigation_goal.egg-info/requires.txt
[1.337s] writing top-level names to ../../../build/isaac_ros_navigation_goal/isaac_ros_navigation_goal.egg-info/top_level.txt
[1.338s] reading manifest file '../../../build/isaac_ros_navigation_goal/isaac_ros_navigation_goal.egg-info/SOURCES.txt'
[1.339s] writing manifest file '../../../build/isaac_ros_navigation_goal/isaac_ros_navigation_goal.egg-info/SOURCES.txt'
[1.340s] running build
[1.340s] running build_py
[1.340s] running install
[1.340s] /usr/lib/python3/dist-packages/setuptools/command/install.py:34: SetuptoolsDeprecationWarning: setup.py install is deprecated. Use build and pip and other standards-based tools.
[1.341s]   warnings.warn(
[1.341s] running install_lib
[1.342s] running install_data
[1.343s] running install_egg_info
[1.344s] removing '/home/weng/work/install/isaac_ros_navigation_goal/lib/python3.10/site-packages/isaac_ros_navigation_goal-0.0.1-py3.10.egg-info' (and everything under it)
[1.344s] Copying ../../../build/isaac_ros_navigation_goal/isaac_ros_navigation_goal.egg-info to /home/weng/work/install/isaac_ros_navigation_goal/lib/python3.10/site-packages/isaac_ros_navigation_goal-0.0.1-py3.10.egg-info
[1.345s] running install_scripts
[1.362s] Installing SetNavigationGoal script to /home/weng/work/install/isaac_ros_navigation_goal/lib/isaac_ros_navigation_goal
[1.363s] writing list of installed files to '/home/weng/work/build/isaac_ros_navigation_goal/install.log'
[1.668s] Invoked command in '/home/weng/work/src/navigation/isaac_ros_navigation_goal' returned '0': PYTHONPATH=/home/weng/work/build/isaac_ros_navigation_goal/prefix_override:/home/weng/work/install/isaac_ros_navigation_goal/lib/python3.10/site-packages:${PYTHONPATH} /usr/bin/python3 setup.py egg_info --egg-base ../../../build/isaac_ros_navigation_goal build --build-base /home/weng/work/build/isaac_ros_navigation_goal/build install --record /home/weng/work/build/isaac_ros_navigation_goal/install.log --single-version-externally-managed
