[0.393s] Invoking command in '/home/weng/work/build/turtlebot3_description': CMAKE_PREFIX_PATH=/opt/ros/humble /usr/local/bin/cmake /home/weng/work/src/turtlebot3/turtlebot3_description -DCMAKE_INSTALL_PREFIX=/home/weng/work/install/turtlebot3_description
[1.002s] -- The C compiler identification is GNU 11.4.0
[1.003s] -- The CXX compiler identification is GNU 11.4.0
[1.003s] -- Detecting C compiler ABI info
[1.003s] -- Detecting C compiler ABI info - done
[1.003s] -- Check for working C compiler: /usr/bin/cc - skipped
[1.003s] -- Detecting C compile features
[1.003s] -- Detecting C compile features - done
[1.003s] -- Detecting CXX compiler ABI info
[1.003s] -- Detecting CXX compiler ABI info - done
[1.004s] -- Check for working CXX compiler: /usr/bin/c++ - skipped
[1.004s] -- Detecting CXX compile features
[1.004s] -- Detecting CXX compile features - done
[1.004s] -- Found ament_cmake: 1.3.6 (/opt/ros/humble/share/ament_cmake/cmake)
[1.205s] -- Found Python3: /usr/bin/python3.10 (found version "3.10.12") found components: Interpreter 
[1.328s] -- Found urdf: 2.6.0 (/opt/ros/humble/share/urdf/cmake)
[1.501s] -- Configuring done (1.1s)
[1.506s] -- Generating done (0.0s)
[1.508s] -- Build files have been written to: /home/weng/work/build/turtlebot3_description
[1.520s] Invoked command in '/home/weng/work/build/turtlebot3_description' returned '0': CMAKE_PREFIX_PATH=/opt/ros/humble /usr/local/bin/cmake /home/weng/work/src/turtlebot3/turtlebot3_description -DCMAKE_INSTALL_PREFIX=/home/weng/work/install/turtlebot3_description
[1.523s] Invoking command in '/home/weng/work/build/turtlebot3_description': CMAKE_PREFIX_PATH=/opt/ros/humble /usr/local/bin/cmake --build /home/weng/work/build/turtlebot3_description -- -j16 -l16
[1.578s] Invoked command in '/home/weng/work/build/turtlebot3_description' returned '0': CMAKE_PREFIX_PATH=/opt/ros/humble /usr/local/bin/cmake --build /home/weng/work/build/turtlebot3_description -- -j16 -l16
[1.738s] Invoking command in '/home/weng/work/build/turtlebot3_description': CMAKE_PREFIX_PATH=/opt/ros/humble /usr/local/bin/cmake --install /home/weng/work/build/turtlebot3_description
[1.764s] -- Install configuration: ""
[1.764s] -- Installing: /home/weng/work/install/turtlebot3_description/share/turtlebot3_description/meshes
[1.765s] -- Installing: /home/weng/work/install/turtlebot3_description/share/turtlebot3_description/meshes/sensors
[1.765s] -- Installing: /home/weng/work/install/turtlebot3_description/share/turtlebot3_description/meshes/sensors/r200.dae
[1.765s] -- Installing: /home/weng/work/install/turtlebot3_description/share/turtlebot3_description/meshes/sensors/astra.dae
[1.781s] -- Installing: /home/weng/work/install/turtlebot3_description/share/turtlebot3_description/meshes/sensors/astra.jpg
[1.781s] -- Installing: /home/weng/work/install/turtlebot3_description/share/turtlebot3_description/meshes/sensors/r200.jpg
[1.781s] -- Installing: /home/weng/work/install/turtlebot3_description/share/turtlebot3_description/meshes/sensors/lds.stl
[1.782s] -- Installing: /home/weng/work/install/turtlebot3_description/share/turtlebot3_description/meshes/bases
[1.782s] -- Installing: /home/weng/work/install/turtlebot3_description/share/turtlebot3_description/meshes/bases/waffle_pi_base.stl
[1.794s] -- Installing: /home/weng/work/install/turtlebot3_description/share/turtlebot3_description/meshes/bases/burger_base.stl
[1.803s] -- Installing: /home/weng/work/install/turtlebot3_description/share/turtlebot3_description/meshes/bases/waffle_base.stl
[1.826s] -- Installing: /home/weng/work/install/turtlebot3_description/share/turtlebot3_description/meshes/wheels
[1.826s] -- Installing: /home/weng/work/install/turtlebot3_description/share/turtlebot3_description/meshes/wheels/right_tire.stl
[1.828s] -- Installing: /home/weng/work/install/turtlebot3_description/share/turtlebot3_description/meshes/wheels/left_tire.stl
[1.829s] -- Installing: /home/weng/work/install/turtlebot3_description/share/turtlebot3_description/rviz
[1.829s] -- Installing: /home/weng/work/install/turtlebot3_description/share/turtlebot3_description/rviz/model.rviz
[1.830s] -- Installing: /home/weng/work/install/turtlebot3_description/share/turtlebot3_description/urdf
[1.830s] -- Installing: /home/weng/work/install/turtlebot3_description/share/turtlebot3_description/urdf/common_properties.urdf
[1.830s] -- Installing: /home/weng/work/install/turtlebot3_description/share/turtlebot3_description/urdf/turtlebot3_waffle_pi.urdf
[1.830s] -- Installing: /home/weng/work/install/turtlebot3_description/share/turtlebot3_description/urdf/turtlebot3_burger.urdf
[1.831s] -- Installing: /home/weng/work/install/turtlebot3_description/share/turtlebot3_description/urdf/turtlebot3_waffle.urdf
[1.831s] -- Installing: /home/weng/work/install/turtlebot3_description/share/ament_index/resource_index/package_run_dependencies/turtlebot3_description
[1.831s] -- Installing: /home/weng/work/install/turtlebot3_description/share/ament_index/resource_index/parent_prefix_path/turtlebot3_description
[1.831s] -- Installing: /home/weng/work/install/turtlebot3_description/share/turtlebot3_description/environment/ament_prefix_path.sh
[1.832s] -- Installing: /home/weng/work/install/turtlebot3_description/share/turtlebot3_description/environment/ament_prefix_path.dsv
[1.832s] -- Installing: /home/weng/work/install/turtlebot3_description/share/turtlebot3_description/environment/path.sh
[1.832s] -- Installing: /home/weng/work/install/turtlebot3_description/share/turtlebot3_description/environment/path.dsv
[1.832s] -- Installing: /home/weng/work/install/turtlebot3_description/share/turtlebot3_description/local_setup.bash
[1.832s] -- Installing: /home/weng/work/install/turtlebot3_description/share/turtlebot3_description/local_setup.sh
[1.832s] -- Installing: /home/weng/work/install/turtlebot3_description/share/turtlebot3_description/local_setup.zsh
[1.833s] -- Installing: /home/weng/work/install/turtlebot3_description/share/turtlebot3_description/local_setup.dsv
[1.833s] -- Installing: /home/weng/work/install/turtlebot3_description/share/turtlebot3_description/package.dsv
[1.833s] -- Installing: /home/weng/work/install/turtlebot3_description/share/ament_index/resource_index/packages/turtlebot3_description
[1.833s] -- Installing: /home/weng/work/install/turtlebot3_description/share/turtlebot3_description/cmake/turtlebot3_descriptionConfig.cmake
[1.833s] -- Installing: /home/weng/work/install/turtlebot3_description/share/turtlebot3_description/cmake/turtlebot3_descriptionConfig-version.cmake
[1.834s] -- Installing: /home/weng/work/install/turtlebot3_description/share/turtlebot3_description/package.xml
[1.998s] Invoked command in '/home/weng/work/build/turtlebot3_description' returned '0': CMAKE_PREFIX_PATH=/opt/ros/humble /usr/local/bin/cmake --install /home/weng/work/build/turtlebot3_description
