[1.316s] Invoking command in '/home/weng/work/src/turtlebot3/turtlebot3_teleop': PYTHONPATH=/home/weng/work/build/turtlebot3_teleop/prefix_override:/home/weng/work/install/turtlebot3_teleop/lib/python3.10/site-packages:${PYTHONPATH} /usr/bin/python3 setup.py egg_info --egg-base ../../../build/turtlebot3_teleop build --build-base /home/weng/work/build/turtlebot3_teleop/build install --record /home/weng/work/build/turtlebot3_teleop/install.log --single-version-externally-managed
[1.569s] running egg_info
[1.571s] creating ../../../build/turtlebot3_teleop/turtlebot3_teleop.egg-info
[1.571s] writing ../../../build/turtlebot3_teleop/turtlebot3_teleop.egg-info/PKG-INFO
[1.572s] writing dependency_links to ../../../build/turtlebot3_teleop/turtlebot3_teleop.egg-info/dependency_links.txt
[1.572s] writing entry points to ../../../build/turtlebot3_teleop/turtlebot3_teleop.egg-info/entry_points.txt
[1.573s] writing requirements to ../../../build/turtlebot3_teleop/turtlebot3_teleop.egg-info/requires.txt
[1.573s] writing top-level names to ../../../build/turtlebot3_teleop/turtlebot3_teleop.egg-info/top_level.txt
[1.573s] writing manifest file '../../../build/turtlebot3_teleop/turtlebot3_teleop.egg-info/SOURCES.txt'
[1.573s] reading manifest file '../../../build/turtlebot3_teleop/turtlebot3_teleop.egg-info/SOURCES.txt'
[1.574s] writing manifest file '../../../build/turtlebot3_teleop/turtlebot3_teleop.egg-info/SOURCES.txt'
[1.574s] running build
[1.574s] running build_py
[1.575s] creating /home/weng/work/build/turtlebot3_teleop/build
[1.575s] creating /home/weng/work/build/turtlebot3_teleop/build/lib
[1.576s] creating /home/weng/work/build/turtlebot3_teleop/build/lib/turtlebot3_teleop
[1.576s] copying turtlebot3_teleop/__init__.py -> /home/weng/work/build/turtlebot3_teleop/build/lib/turtlebot3_teleop
[1.576s] creating /home/weng/work/build/turtlebot3_teleop/build/lib/turtlebot3_teleop/script
[1.576s] copying turtlebot3_teleop/script/__init__.py -> /home/weng/work/build/turtlebot3_teleop/build/lib/turtlebot3_teleop/script
[1.576s] copying turtlebot3_teleop/script/teleop_keyboard.py -> /home/weng/work/build/turtlebot3_teleop/build/lib/turtlebot3_teleop/script
[1.577s] running install
[1.577s] /usr/lib/python3/dist-packages/setuptools/command/install.py:34: SetuptoolsDeprecationWarning: setup.py install is deprecated. Use build and pip and other standards-based tools.
[1.578s]   warnings.warn(
[1.578s] running install_lib
[1.579s] creating /home/weng/work/install/turtlebot3_teleop/lib/python3.10/site-packages/turtlebot3_teleop
[1.579s] copying /home/weng/work/build/turtlebot3_teleop/build/lib/turtlebot3_teleop/__init__.py -> /home/weng/work/install/turtlebot3_teleop/lib/python3.10/site-packages/turtlebot3_teleop
[1.579s] creating /home/weng/work/install/turtlebot3_teleop/lib/python3.10/site-packages/turtlebot3_teleop/script
[1.579s] copying /home/weng/work/build/turtlebot3_teleop/build/lib/turtlebot3_teleop/script/__init__.py -> /home/weng/work/install/turtlebot3_teleop/lib/python3.10/site-packages/turtlebot3_teleop/script
[1.580s] copying /home/weng/work/build/turtlebot3_teleop/build/lib/turtlebot3_teleop/script/teleop_keyboard.py -> /home/weng/work/install/turtlebot3_teleop/lib/python3.10/site-packages/turtlebot3_teleop/script
[1.580s] byte-compiling /home/weng/work/install/turtlebot3_teleop/lib/python3.10/site-packages/turtlebot3_teleop/__init__.py to __init__.cpython-310.pyc
[1.580s] byte-compiling /home/weng/work/install/turtlebot3_teleop/lib/python3.10/site-packages/turtlebot3_teleop/script/__init__.py to __init__.cpython-310.pyc
[1.581s] byte-compiling /home/weng/work/install/turtlebot3_teleop/lib/python3.10/site-packages/turtlebot3_teleop/script/teleop_keyboard.py to teleop_keyboard.cpython-310.pyc
[1.581s] running install_data
[1.581s] creating /home/weng/work/install/turtlebot3_teleop/share/ament_index
[1.581s] creating /home/weng/work/install/turtlebot3_teleop/share/ament_index/resource_index
[1.581s] creating /home/weng/work/install/turtlebot3_teleop/share/ament_index/resource_index/packages
[1.581s] copying resource/turtlebot3_teleop -> /home/weng/work/install/turtlebot3_teleop/share/ament_index/resource_index/packages
[1.582s] copying package.xml -> /home/weng/work/install/turtlebot3_teleop/share/turtlebot3_teleop
[1.582s] running install_egg_info
[1.582s] Copying ../../../build/turtlebot3_teleop/turtlebot3_teleop.egg-info to /home/weng/work/install/turtlebot3_teleop/lib/python3.10/site-packages/turtlebot3_teleop-2.1.5-py3.10.egg-info
[1.584s] running install_scripts
[1.609s] Installing teleop_keyboard script to /home/weng/work/install/turtlebot3_teleop/lib/turtlebot3_teleop
[1.609s] writing list of installed files to '/home/weng/work/build/turtlebot3_teleop/install.log'
[1.826s] Invoked command in '/home/weng/work/src/turtlebot3/turtlebot3_teleop' returned '0': PYTHONPATH=/home/weng/work/build/turtlebot3_teleop/prefix_override:/home/weng/work/install/turtlebot3_teleop/lib/python3.10/site-packages:${PYTHONPATH} /usr/bin/python3 setup.py egg_info --egg-base ../../../build/turtlebot3_teleop build --build-base /home/weng/work/build/turtlebot3_teleop/build install --record /home/weng/work/build/turtlebot3_teleop/install.log --single-version-externally-managed
