[0.669s] Invoking command in '/home/weng/work/src/turtlebot3/turtlebot3_example': AMENT_PREFIX_PATH=/home/weng/work/install/turtlebot3_msgs:${AMENT_PREFIX_PATH} CMAKE_PREFIX_PATH=/home/weng/work/install/turtlebot3_msgs LD_LIBRARY_PATH=/home/weng/work/install/turtlebot3_msgs/lib:${LD_LIBRARY_PATH} PYTHONPATH=/home/weng/work/build/turtlebot3_example/prefix_override:/home/weng/work/install/turtlebot3_example/lib/python3.10/site-packages:/home/weng/work/install/turtlebot3_msgs/local/lib/python3.10/dist-packages:${PYTHONPATH} /usr/bin/python3 setup.py egg_info --egg-base ../../../build/turtlebot3_example build --build-base /home/weng/work/build/turtlebot3_example/build install --record /home/weng/work/build/turtlebot3_example/install.log --single-version-externally-managed
[0.867s] running egg_info
[0.867s] writing ../../../build/turtlebot3_example/turtlebot3_example.egg-info/PKG-INFO
[0.867s] writing dependency_links to ../../../build/turtlebot3_example/turtlebot3_example.egg-info/dependency_links.txt
[0.867s] writing entry points to ../../../build/turtlebot3_example/turtlebot3_example.egg-info/entry_points.txt
[0.867s] writing requirements to ../../../build/turtlebot3_example/turtlebot3_example.egg-info/requires.txt
[0.867s] writing top-level names to ../../../build/turtlebot3_example/turtlebot3_example.egg-info/top_level.txt
[0.869s] reading manifest file '../../../build/turtlebot3_example/turtlebot3_example.egg-info/SOURCES.txt'
[0.870s] writing manifest file '../../../build/turtlebot3_example/turtlebot3_example.egg-info/SOURCES.txt'
[0.870s] running build
[0.870s] running build_py
[0.871s] running install
[0.871s] /usr/lib/python3/dist-packages/setuptools/command/install.py:34: SetuptoolsDeprecationWarning: setup.py install is deprecated. Use build and pip and other standards-based tools.
[0.871s]   warnings.warn(
[0.872s] running install_lib
[0.873s] running install_data
[0.874s] running install_egg_info
[0.875s] removing '/home/weng/work/install/turtlebot3_example/lib/python3.10/site-packages/turtlebot3_example-2.1.5-py3.10.egg-info' (and everything under it)
[0.875s] Copying ../../../build/turtlebot3_example/turtlebot3_example.egg-info to /home/weng/work/install/turtlebot3_example/lib/python3.10/site-packages/turtlebot3_example-2.1.5-py3.10.egg-info
[0.876s] running install_scripts
[0.892s] Installing turtlebot3_obstacle_detection script to /home/weng/work/install/turtlebot3_example/lib/turtlebot3_example
[0.892s] Installing turtlebot3_patrol_client script to /home/weng/work/install/turtlebot3_example/lib/turtlebot3_example
[0.892s] Installing turtlebot3_patrol_server script to /home/weng/work/install/turtlebot3_example/lib/turtlebot3_example
[0.893s] Installing turtlebot3_position_control script to /home/weng/work/install/turtlebot3_example/lib/turtlebot3_example
[0.893s] writing list of installed files to '/home/weng/work/build/turtlebot3_example/install.log'
[0.913s] Invoked command in '/home/weng/work/src/turtlebot3/turtlebot3_example' returned '0': AMENT_PREFIX_PATH=/home/weng/work/install/turtlebot3_msgs:${AMENT_PREFIX_PATH} CMAKE_PREFIX_PATH=/home/weng/work/install/turtlebot3_msgs LD_LIBRARY_PATH=/home/weng/work/install/turtlebot3_msgs/lib:${LD_LIBRARY_PATH} PYTHONPATH=/home/weng/work/build/turtlebot3_example/prefix_override:/home/weng/work/install/turtlebot3_example/lib/python3.10/site-packages:/home/weng/work/install/turtlebot3_msgs/local/lib/python3.10/dist-packages:${PYTHONPATH} /usr/bin/python3 setup.py egg_info --egg-base ../../../build/turtlebot3_example build --build-base /home/weng/work/build/turtlebot3_example/build install --record /home/weng/work/build/turtlebot3_example/install.log --single-version-externally-managed
