[0.308s] Invoking command in '/home/weng/work/humble_ws/src/build/isaac_tutorials': CMAKE_PREFIX_PATH=/opt/ros/humble /usr/local/bin/cmake /home/weng/work/humble_ws/src/isaac_tutorials -DCMAKE_INSTALL_PREFIX=/home/weng/work/humble_ws/src/install/isaac_tutorials
[0.446s] -- The C compiler identification is GNU 11.4.0
[0.446s] -- The CXX compiler identification is GNU 11.4.0
[0.446s] -- Detecting C compiler ABI info
[0.446s] -- Detecting C compiler ABI info - done
[0.446s] -- Check for working C compiler: /usr/bin/cc - skipped
[0.446s] -- Detecting C compile features
[0.446s] -- Detecting C compile features - done
[0.446s] -- Detecting CXX compiler ABI info
[0.457s] -- Detecting CXX compiler ABI info - done
[0.462s] -- Check for working CXX compiler: /usr/bin/c++ - skipped
[0.462s] -- Detecting CXX compile features
[0.463s] -- Detecting CXX compile features - done
[0.464s] -- Found ament_cmake: 1.3.8 (/opt/ros/humble/share/ament_cmake/cmake)
[0.531s] -- Found Python3: /usr/bin/python3 (found version "3.10.12") found components: Interpreter 
[0.573s] -- Found rclpy: 3.3.12 (/opt/ros/humble/share/rclpy/cmake)
[0.605s] -- Configuring done (0.3s)
[0.606s] -- Generating done (0.0s)
[0.606s] -- Build files have been written to: /home/weng/work/humble_ws/src/build/isaac_tutorials
[0.631s] Invoked command in '/home/weng/work/humble_ws/src/build/isaac_tutorials' returned '0': CMAKE_PREFIX_PATH=/opt/ros/humble /usr/local/bin/cmake /home/weng/work/humble_ws/src/isaac_tutorials -DCMAKE_INSTALL_PREFIX=/home/weng/work/humble_ws/src/install/isaac_tutorials
[0.632s] Invoking command in '/home/weng/work/humble_ws/src/build/isaac_tutorials': CMAKE_PREFIX_PATH=/opt/ros/humble /usr/local/bin/cmake --build /home/weng/work/humble_ws/src/build/isaac_tutorials -- -j24 -l24
[0.689s] Invoked command in '/home/weng/work/humble_ws/src/build/isaac_tutorials' returned '0': CMAKE_PREFIX_PATH=/opt/ros/humble /usr/local/bin/cmake --build /home/weng/work/humble_ws/src/build/isaac_tutorials -- -j24 -l24
[0.748s] Invoking command in '/home/weng/work/humble_ws/src/build/isaac_tutorials': CMAKE_PREFIX_PATH=/opt/ros/humble /usr/local/bin/cmake --install /home/weng/work/humble_ws/src/build/isaac_tutorials
[0.759s] -- Install configuration: ""
[0.759s] -- Installing: /home/weng/work/humble_ws/src/install/isaac_tutorials/share/isaac_tutorials/rviz2
[0.759s] -- Installing: /home/weng/work/humble_ws/src/install/isaac_tutorials/share/isaac_tutorials/rviz2/rtx_lidar.rviz
[0.759s] -- Installing: /home/weng/work/humble_ws/src/install/isaac_tutorials/share/isaac_tutorials/rviz2/turtle_stereo.rviz
[0.759s] -- Installing: /home/weng/work/humble_ws/src/install/isaac_tutorials/share/isaac_tutorials/rviz2/carter_stereo.rviz
[0.759s] -- Installing: /home/weng/work/humble_ws/src/install/isaac_tutorials/share/isaac_tutorials/rviz2/camera_manual.rviz
[0.759s] -- Installing: /home/weng/work/humble_ws/src/install/isaac_tutorials/share/isaac_tutorials/rviz2/camera_lidar.rviz
[0.759s] -- Installing: /home/weng/work/humble_ws/src/install/isaac_tutorials/share/isaac_tutorials/scripts
[0.760s] -- Installing: /home/weng/work/humble_ws/src/install/isaac_tutorials/share/isaac_tutorials/scripts/ros2_publisher.py
[0.760s] -- Installing: /home/weng/work/humble_ws/src/install/isaac_tutorials/lib/isaac_tutorials/ros2_publisher.py
[0.760s] -- Installing: /home/weng/work/humble_ws/src/install/isaac_tutorials/share/ament_index/resource_index/package_run_dependencies/isaac_tutorials
[0.760s] -- Installing: /home/weng/work/humble_ws/src/install/isaac_tutorials/share/ament_index/resource_index/parent_prefix_path/isaac_tutorials
[0.760s] -- Installing: /home/weng/work/humble_ws/src/install/isaac_tutorials/share/isaac_tutorials/environment/ament_prefix_path.sh
[0.760s] -- Installing: /home/weng/work/humble_ws/src/install/isaac_tutorials/share/isaac_tutorials/environment/ament_prefix_path.dsv
[0.760s] -- Installing: /home/weng/work/humble_ws/src/install/isaac_tutorials/share/isaac_tutorials/environment/path.sh
[0.760s] -- Installing: /home/weng/work/humble_ws/src/install/isaac_tutorials/share/isaac_tutorials/environment/path.dsv
[0.760s] -- Installing: /home/weng/work/humble_ws/src/install/isaac_tutorials/share/isaac_tutorials/local_setup.bash
[0.760s] -- Installing: /home/weng/work/humble_ws/src/install/isaac_tutorials/share/isaac_tutorials/local_setup.sh
[0.760s] -- Installing: /home/weng/work/humble_ws/src/install/isaac_tutorials/share/isaac_tutorials/local_setup.zsh
[0.760s] -- Installing: /home/weng/work/humble_ws/src/install/isaac_tutorials/share/isaac_tutorials/local_setup.dsv
[0.760s] -- Installing: /home/weng/work/humble_ws/src/install/isaac_tutorials/share/isaac_tutorials/package.dsv
[0.760s] -- Installing: /home/weng/work/humble_ws/src/install/isaac_tutorials/share/ament_index/resource_index/packages/isaac_tutorials
[0.760s] -- Installing: /home/weng/work/humble_ws/src/install/isaac_tutorials/share/isaac_tutorials/cmake/isaac_tutorialsConfig.cmake
[0.761s] -- Installing: /home/weng/work/humble_ws/src/install/isaac_tutorials/share/isaac_tutorials/cmake/isaac_tutorialsConfig-version.cmake
[0.761s] -- Installing: /home/weng/work/humble_ws/src/install/isaac_tutorials/share/isaac_tutorials/package.xml
[0.795s] Invoked command in '/home/weng/work/humble_ws/src/build/isaac_tutorials' returned '0': CMAKE_PREFIX_PATH=/opt/ros/humble /usr/local/bin/cmake --install /home/weng/work/humble_ws/src/build/isaac_tutorials
