[0.689s] Invoking command in '/home/weng/work/humble_ws/src/turtlebot3/turtlebot3_teleop': PYTHONPATH=/home/weng/work/humble_ws/build/turtlebot3_teleop/prefix_override:/home/weng/work/humble_ws/install/turtlebot3_teleop/lib/python3.10/site-packages:${PYTHONPATH} /usr/bin/python3 setup.py egg_info --egg-base ../../../build/turtlebot3_teleop build --build-base /home/weng/work/humble_ws/build/turtlebot3_teleop/build install --record /home/weng/work/humble_ws/build/turtlebot3_teleop/install.log --single-version-externally-managed
[0.789s] running egg_info
[0.789s] writing ../../../build/turtlebot3_teleop/turtlebot3_teleop.egg-info/PKG-INFO
[0.790s] writing dependency_links to ../../../build/turtlebot3_teleop/turtlebot3_teleop.egg-info/dependency_links.txt
[0.790s] writing entry points to ../../../build/turtlebot3_teleop/turtlebot3_teleop.egg-info/entry_points.txt
[0.790s] writing requirements to ../../../build/turtlebot3_teleop/turtlebot3_teleop.egg-info/requires.txt
[0.790s] writing top-level names to ../../../build/turtlebot3_teleop/turtlebot3_teleop.egg-info/top_level.txt
[0.790s] reading manifest file '../../../build/turtlebot3_teleop/turtlebot3_teleop.egg-info/SOURCES.txt'
[0.791s] writing manifest file '../../../build/turtlebot3_teleop/turtlebot3_teleop.egg-info/SOURCES.txt'
[0.791s] running build
[0.791s] running build_py
[0.791s] running install
[0.791s] running install_lib
[0.791s] running install_data
[0.791s] running install_egg_info
[0.792s] removing '/home/weng/work/humble_ws/install/turtlebot3_teleop/lib/python3.10/site-packages/turtlebot3_teleop-2.1.5-py3.10.egg-info' (and everything under it)
[0.792s] Copying ../../../build/turtlebot3_teleop/turtlebot3_teleop.egg-info to /home/weng/work/humble_ws/install/turtlebot3_teleop/lib/python3.10/site-packages/turtlebot3_teleop-2.1.5-py3.10.egg-info
[0.792s] running install_scripts
[0.802s] Installing teleop_keyboard script to /home/weng/work/humble_ws/install/turtlebot3_teleop/lib/turtlebot3_teleop
[0.802s] writing list of installed files to '/home/weng/work/humble_ws/build/turtlebot3_teleop/install.log'
[0.878s] Invoked command in '/home/weng/work/humble_ws/src/turtlebot3/turtlebot3_teleop' returned '0': PYTHONPATH=/home/weng/work/humble_ws/build/turtlebot3_teleop/prefix_override:/home/weng/work/humble_ws/install/turtlebot3_teleop/lib/python3.10/site-packages:${PYTHONPATH} /usr/bin/python3 setup.py egg_info --egg-base ../../../build/turtlebot3_teleop build --build-base /home/weng/work/humble_ws/build/turtlebot3_teleop/build install --record /home/weng/work/humble_ws/build/turtlebot3_teleop/install.log --single-version-externally-managed
