[0.728s] Invoking command in '/home/weng/work/humble_ws/src/wit_ros2_imu': PYTHONPATH=/home/weng/work/humble_ws/build/wit_ros2_imu/prefix_override:/home/weng/work/humble_ws/install/wit_ros2_imu/lib/python3.10/site-packages:${PYTHONPATH} /usr/bin/python3 setup.py egg_info --egg-base ../../build/wit_ros2_imu build --build-base /home/weng/work/humble_ws/build/wit_ros2_imu/build install --record /home/weng/work/humble_ws/build/wit_ros2_imu/install.log --install-scripts $base/lib/wit_ros2_imu --single-version-externally-managed
[0.831s] /usr/lib/python3/dist-packages/setuptools/dist.py:723: UserWarning: Usage of dash-separated 'script-dir' will not be supported in future versions. Please use the underscore name 'script_dir' instead
[0.831s]   warnings.warn(
[0.834s] running egg_info
[0.836s] writing ../../build/wit_ros2_imu/wit_ros2_imu.egg-info/PKG-INFO
[0.836s] writing dependency_links to ../../build/wit_ros2_imu/wit_ros2_imu.egg-info/dependency_links.txt
[0.836s] writing entry points to ../../build/wit_ros2_imu/wit_ros2_imu.egg-info/entry_points.txt
[0.836s] writing requirements to ../../build/wit_ros2_imu/wit_ros2_imu.egg-info/requires.txt
[0.836s] writing top-level names to ../../build/wit_ros2_imu/wit_ros2_imu.egg-info/top_level.txt
[0.837s] reading manifest file '../../build/wit_ros2_imu/wit_ros2_imu.egg-info/SOURCES.txt'
[0.837s] writing manifest file '../../build/wit_ros2_imu/wit_ros2_imu.egg-info/SOURCES.txt'
[0.837s] running build
[0.837s] running build_py
[0.837s] /usr/lib/python3/dist-packages/setuptools/command/install.py:34: SetuptoolsDeprecationWarning: setup.py install is deprecated. Use build and pip and other standards-based tools.
[0.837s]   warnings.warn(
[0.837s] running install
[0.837s] running install_lib
[0.838s] running install_data
[0.838s] running install_egg_info
[0.839s] removing '/home/weng/work/humble_ws/install/wit_ros2_imu/lib/python3.10/site-packages/wit_ros2_imu-0.0.0-py3.10.egg-info' (and everything under it)
[0.839s] Copying ../../build/wit_ros2_imu/wit_ros2_imu.egg-info to /home/weng/work/humble_ws/install/wit_ros2_imu/lib/python3.10/site-packages/wit_ros2_imu-0.0.0-py3.10.egg-info
[0.839s] running install_scripts
[0.841s] Installing wit_ros2_imu script to /home/weng/work/humble_ws/install/wit_ros2_imu/lib/wit_ros2_imu
[0.841s] writing list of installed files to '/home/weng/work/humble_ws/build/wit_ros2_imu/install.log'
[1.018s] Invoked command in '/home/weng/work/humble_ws/src/wit_ros2_imu' returned '0': PYTHONPATH=/home/weng/work/humble_ws/build/wit_ros2_imu/prefix_override:/home/weng/work/humble_ws/install/wit_ros2_imu/lib/python3.10/site-packages:${PYTHONPATH} /usr/bin/python3 setup.py egg_info --egg-base ../../build/wit_ros2_imu build --build-base /home/weng/work/humble_ws/build/wit_ros2_imu/build install --record /home/weng/work/humble_ws/build/wit_ros2_imu/install.log --install-scripts $base/lib/wit_ros2_imu --single-version-externally-managed
