[0.174s] Invoking command in '/home/weng/work/humble_ws/build/isaac_ros2_messages': CMAKE_PREFIX_PATH=/opt/ros/humble /usr/bin/cmake /home/weng/work/humble_ws/src/isaac_ros2_messages -DCMAKE_INSTALL_PREFIX=/home/weng/work/humble_ws/install/isaac_ros2_messages
[0.303s] -- The C compiler identification is GNU 11.4.0
[0.303s] -- The CXX compiler identification is GNU 11.4.0
[0.303s] -- Detecting C compiler ABI info
[0.303s] -- Detecting C compiler ABI info - done
[0.303s] -- Check for working C compiler: /usr/bin/cc - skipped
[0.303s] -- Detecting C compile features
[0.303s] -- Detecting C compile features - done
[0.303s] -- Detecting CXX compiler ABI info
[0.310s] -- Detecting CXX compiler ABI info - done
[0.314s] -- Check for working CXX compiler: /usr/bin/c++ - skipped
[0.315s] -- Detecting CXX compile features
[0.315s] -- Detecting CXX compile features - done
[0.316s] -- Found ament_cmake: 1.3.8 (/opt/ros/humble/share/ament_cmake/cmake)
[0.392s] -- Found Python3: /usr/bin/python3 (found version "3.10.12") found components: Interpreter 
[0.435s] -- Found ament_lint_auto: 0.12.10 (/opt/ros/humble/share/ament_lint_auto/cmake)
[0.472s] -- Found builtin_interfaces: 1.2.1 (/opt/ros/humble/share/builtin_interfaces/cmake)
[0.487s] -- Found rosidl_generator_c: 3.1.5 (/opt/ros/humble/share/rosidl_generator_c/cmake)
[0.490s] -- Found rosidl_adapter: 3.1.5 (/opt/ros/humble/share/rosidl_adapter/cmake)
[0.493s] -- Found rosidl_generator_cpp: 3.1.5 (/opt/ros/humble/share/rosidl_generator_cpp/cmake)
[0.500s] -- Using all available rosidl_typesupport_c: rosidl_typesupport_fastrtps_c;rosidl_typesupport_introspection_c
[0.509s] -- Using all available rosidl_typesupport_cpp: rosidl_typesupport_fastrtps_cpp;rosidl_typesupport_introspection_cpp
[0.518s] -- Found rosidl_default_generators: 1.2.0 (/opt/ros/humble/share/rosidl_default_generators/cmake)
[0.555s] -- Found OpenSSL: /usr/lib/x86_64-linux-gnu/libcrypto.so (found version "3.0.2")  
[0.557s] -- Found std_msgs: 4.2.3 (/opt/ros/humble/share/std_msgs/cmake)
[0.575s] -- Found geometry_msgs: 4.2.3 (/opt/ros/humble/share/geometry_msgs/cmake)
[0.706s] -- Found ament_cmake_ros: 0.10.0 (/opt/ros/humble/share/ament_cmake_ros/cmake)
[0.898s] -- Using all available rosidl_typesupport_c: rosidl_typesupport_fastrtps_c;rosidl_typesupport_introspection_c
[0.976s] -- Using all available rosidl_typesupport_cpp: rosidl_typesupport_fastrtps_cpp;rosidl_typesupport_introspection_cpp
[0.986s] -- Found PythonInterp: /usr/bin/python3 (found suitable version "3.10.12", minimum required is "3.6") 
[0.987s] -- Found python_cmake_module: 0.10.0 (/opt/ros/humble/share/python_cmake_module/cmake)
[0.999s] -- Found PythonLibs: /usr/lib/x86_64-linux-gnu/libpython3.10.so (found suitable version "3.10.12", minimum required is "3.5") 
[0.999s] -- Using PYTHON_EXECUTABLE: /usr/bin/python3
[0.999s] -- Using PYTHON_INCLUDE_DIRS: /usr/include/python3.10
[0.999s] -- Using PYTHON_LIBRARIES: /usr/lib/x86_64-linux-gnu/libpython3.10.so
[1.009s] -- Found PythonExtra: .so  
[1.037s] -- Added test 'copyright' to check source files copyright and LICENSE
[1.037s] -- Added test 'lint_cmake' to check CMake code style
[1.038s] -- Added test 'xmllint' to check XML markup files
[1.039s] -- Configuring done
[1.054s] -- Generating done
[1.055s] -- Build files have been written to: /home/weng/work/humble_ws/build/isaac_ros2_messages
[1.061s] Invoked command in '/home/weng/work/humble_ws/build/isaac_ros2_messages' returned '0': CMAKE_PREFIX_PATH=/opt/ros/humble /usr/bin/cmake /home/weng/work/humble_ws/src/isaac_ros2_messages -DCMAKE_INSTALL_PREFIX=/home/weng/work/humble_ws/install/isaac_ros2_messages
[1.061s] Invoking command in '/home/weng/work/humble_ws/build/isaac_ros2_messages': CMAKE_PREFIX_PATH=/opt/ros/humble /usr/bin/cmake --build /home/weng/work/humble_ws/build/isaac_ros2_messages -- -j24 -l24
[1.080s] [  3%] [34m[1mGenerating C code for ROS interfaces[0m
[1.084s] [  6%] [34m[1mGenerating C++ code for ROS interfaces[0m
[1.089s] [  6%] Built target ament_cmake_python_copy_isaac_ros2_messages
[1.183s] running egg_info
[1.183s] creating isaac_ros2_messages.egg-info
[1.183s] writing isaac_ros2_messages.egg-info/PKG-INFO
[1.183s] writing dependency_links to isaac_ros2_messages.egg-info/dependency_links.txt
[1.183s] writing top-level names to isaac_ros2_messages.egg-info/top_level.txt
[1.183s] writing manifest file 'isaac_ros2_messages.egg-info/SOURCES.txt'
[1.184s] reading manifest file 'isaac_ros2_messages.egg-info/SOURCES.txt'
[1.184s] writing manifest file 'isaac_ros2_messages.egg-info/SOURCES.txt'
[1.197s] [  6%] Built target ament_cmake_python_build_isaac_ros2_messages_egg
[1.206s] [  6%] Built target isaac_ros2_messages__cpp
[1.210s] [  9%] [32mBuilding C object CMakeFiles/isaac_ros2_messages__rosidl_generator_c.dir/rosidl_generator_c/isaac_ros2_messages/srv/detail/isaac_pose__functions.c.o[0m
[1.210s] [ 12%] [34m[1mGenerating C++ type support dispatch for ROS interfaces[0m
[1.210s] [ 16%] [34m[1mGenerating C++ type support for eProsima Fast-RTPS[0m
[1.211s] [ 19%] [34m[1mGenerating C++ introspection for ROS interfaces[0m
[1.253s] [ 22%] [32m[1mLinking C shared library libisaac_ros2_messages__rosidl_generator_c.so[0m
[1.279s] [ 22%] Built target isaac_ros2_messages__rosidl_generator_c
[1.286s] [ 32%] [34m[1mGenerating C type support dispatch for ROS interfaces[0m
[1.286s] [ 32%] [34m[1mGenerating C introspection for ROS interfaces[0m
[1.286s] [ 32%] [34m[1mGenerating C type support for eProsima Fast-RTPS[0m
[1.352s] [ 35%] [32mBuilding CXX object CMakeFiles/isaac_ros2_messages__rosidl_typesupport_cpp.dir/rosidl_typesupport_cpp/isaac_ros2_messages/srv/isaac_pose__type_support.cpp.o[0m
[1.356s] [ 38%] [32mBuilding CXX object CMakeFiles/isaac_ros2_messages__rosidl_typesupport_fastrtps_cpp.dir/rosidl_typesupport_fastrtps_cpp/isaac_ros2_messages/srv/detail/dds_fastrtps/isaac_pose__type_support.cpp.o[0m
[1.359s] [ 41%] [32mBuilding CXX object CMakeFiles/isaac_ros2_messages__rosidl_typesupport_introspection_cpp.dir/rosidl_typesupport_introspection_cpp/isaac_ros2_messages/srv/detail/isaac_pose__type_support.cpp.o[0m
[1.456s] [ 45%] [32mBuilding C object CMakeFiles/isaac_ros2_messages__rosidl_typesupport_introspection_c.dir/rosidl_typesupport_introspection_c/isaac_ros2_messages/srv/detail/isaac_pose__type_support.c.o[0m
[1.457s] [ 48%] [32mBuilding CXX object CMakeFiles/isaac_ros2_messages__rosidl_typesupport_fastrtps_c.dir/rosidl_typesupport_fastrtps_c/isaac_ros2_messages/srv/detail/isaac_pose__type_support_c.cpp.o[0m
[1.479s] [ 51%] [32mBuilding CXX object CMakeFiles/isaac_ros2_messages__rosidl_typesupport_c.dir/rosidl_typesupport_c/isaac_ros2_messages/srv/isaac_pose__type_support.cpp.o[0m
[1.493s] [ 54%] [32m[1mLinking C shared library libisaac_ros2_messages__rosidl_typesupport_introspection_c.so[0m
[1.497s] [ 58%] [32m[1mLinking CXX shared library libisaac_ros2_messages__rosidl_typesupport_c.so[0m
[1.517s] [ 58%] Built target isaac_ros2_messages__rosidl_typesupport_introspection_c
[1.523s] [ 58%] Built target isaac_ros2_messages__rosidl_typesupport_c
[1.535s] [ 61%] [32m[1mLinking CXX shared library libisaac_ros2_messages__rosidl_typesupport_cpp.so[0m
[1.554s] [ 61%] Built target isaac_ros2_messages__rosidl_typesupport_cpp
[1.689s] [ 64%] [32m[1mLinking CXX shared library libisaac_ros2_messages__rosidl_typesupport_fastrtps_cpp.so[0m
[1.739s] [ 67%] [32m[1mLinking CXX shared library libisaac_ros2_messages__rosidl_typesupport_introspection_cpp.so[0m
[1.744s] [ 70%] [32m[1mLinking CXX shared library libisaac_ros2_messages__rosidl_typesupport_fastrtps_c.so[0m
[1.798s] [ 70%] Built target isaac_ros2_messages__rosidl_typesupport_fastrtps_cpp
[1.802s] [ 70%] Built target isaac_ros2_messages__rosidl_typesupport_fastrtps_c
[1.816s] [ 70%] Built target isaac_ros2_messages__rosidl_typesupport_introspection_cpp
[1.840s] [ 70%] Built target isaac_ros2_messages
[1.859s] [ 74%] [34m[1mGenerating Python code for ROS interfaces[0m
[2.174s] [ 74%] Built target isaac_ros2_messages__py
[2.206s] [ 77%] [32mBuilding C object CMakeFiles/isaac_ros2_messages__rosidl_generator_py.dir/rosidl_generator_py/isaac_ros2_messages/srv/_isaac_pose_s.c.o[0m
[2.303s] [ 80%] [32m[1mLinking C shared library rosidl_generator_py/isaac_ros2_messages/libisaac_ros2_messages__rosidl_generator_py.so[0m
[2.333s] [ 80%] Built target isaac_ros2_messages__rosidl_generator_py
[2.345s] [ 87%] [32mBuilding C object CMakeFiles/isaac_ros2_messages__rosidl_typesupport_fastrtps_c__pyext.dir/rosidl_generator_py/isaac_ros2_messages/_isaac_ros2_messages_s.ep.rosidl_typesupport_fastrtps_c.c.o[0m
[2.345s] [ 87%] [32mBuilding C object CMakeFiles/isaac_ros2_messages__rosidl_typesupport_c__pyext.dir/rosidl_generator_py/isaac_ros2_messages/_isaac_ros2_messages_s.ep.rosidl_typesupport_c.c.o[0m
[2.347s] [ 90%] [32mBuilding C object CMakeFiles/isaac_ros2_messages__rosidl_typesupport_introspection_c__pyext.dir/rosidl_generator_py/isaac_ros2_messages/_isaac_ros2_messages_s.ep.rosidl_typesupport_introspection_c.c.o[0m
[2.393s] [ 96%] [32m[1mLinking C shared library rosidl_generator_py/isaac_ros2_messages/isaac_ros2_messages_s__rosidl_typesupport_fastrtps_c.cpython-310-x86_64-linux-gnu.so[0m
[2.393s] [ 96%] [32m[1mLinking C shared library rosidl_generator_py/isaac_ros2_messages/isaac_ros2_messages_s__rosidl_typesupport_c.cpython-310-x86_64-linux-gnu.so[0m
[2.393s] [100%] [32m[1mLinking C shared library rosidl_generator_py/isaac_ros2_messages/isaac_ros2_messages_s__rosidl_typesupport_introspection_c.cpython-310-x86_64-linux-gnu.so[0m
[2.412s] [100%] Built target isaac_ros2_messages__rosidl_typesupport_c__pyext
[2.412s] [100%] Built target isaac_ros2_messages__rosidl_typesupport_fastrtps_c__pyext
[2.412s] [100%] Built target isaac_ros2_messages__rosidl_typesupport_introspection_c__pyext
[2.418s] Invoked command in '/home/weng/work/humble_ws/build/isaac_ros2_messages' returned '0': CMAKE_PREFIX_PATH=/opt/ros/humble /usr/bin/cmake --build /home/weng/work/humble_ws/build/isaac_ros2_messages -- -j24 -l24
[2.442s] Invoking command in '/home/weng/work/humble_ws/build/isaac_ros2_messages': CMAKE_PREFIX_PATH=/opt/ros/humble /usr/bin/cmake --install /home/weng/work/humble_ws/build/isaac_ros2_messages
[2.445s] -- Install configuration: ""
[2.446s] -- Installing: /home/weng/work/humble_ws/install/isaac_ros2_messages/share/ament_index/resource_index/rosidl_interfaces/isaac_ros2_messages
[2.446s] -- Installing: /home/weng/work/humble_ws/install/isaac_ros2_messages/include/isaac_ros2_messages/isaac_ros2_messages
[2.446s] -- Installing: /home/weng/work/humble_ws/install/isaac_ros2_messages/include/isaac_ros2_messages/isaac_ros2_messages/srv
[2.446s] -- Installing: /home/weng/work/humble_ws/install/isaac_ros2_messages/include/isaac_ros2_messages/isaac_ros2_messages/srv/isaac_pose.h
[2.446s] -- Installing: /home/weng/work/humble_ws/install/isaac_ros2_messages/include/isaac_ros2_messages/isaac_ros2_messages/srv/detail
[2.446s] -- Installing: /home/weng/work/humble_ws/install/isaac_ros2_messages/include/isaac_ros2_messages/isaac_ros2_messages/srv/detail/isaac_pose__functions.c
[2.446s] -- Installing: /home/weng/work/humble_ws/install/isaac_ros2_messages/include/isaac_ros2_messages/isaac_ros2_messages/srv/detail/isaac_pose__functions.h
[2.446s] -- Installing: /home/weng/work/humble_ws/install/isaac_ros2_messages/include/isaac_ros2_messages/isaac_ros2_messages/srv/detail/isaac_pose__struct.h
[2.446s] -- Installing: /home/weng/work/humble_ws/install/isaac_ros2_messages/include/isaac_ros2_messages/isaac_ros2_messages/srv/detail/isaac_pose__type_support.h
[2.446s] -- Installing: /home/weng/work/humble_ws/install/isaac_ros2_messages/include/isaac_ros2_messages/isaac_ros2_messages/msg
[2.446s] -- Installing: /home/weng/work/humble_ws/install/isaac_ros2_messages/include/isaac_ros2_messages/isaac_ros2_messages/msg/rosidl_generator_c__visibility_control.h
[2.446s] -- Installing: /home/weng/work/humble_ws/install/isaac_ros2_messages/share/isaac_ros2_messages/environment/library_path.sh
[2.446s] -- Installing: /home/weng/work/humble_ws/install/isaac_ros2_messages/share/isaac_ros2_messages/environment/library_path.dsv
[2.446s] -- Installing: /home/weng/work/humble_ws/install/isaac_ros2_messages/lib/libisaac_ros2_messages__rosidl_generator_c.so
[2.446s] -- Set runtime path of "/home/weng/work/humble_ws/install/isaac_ros2_messages/lib/libisaac_ros2_messages__rosidl_generator_c.so" to ""
[2.446s] -- Up-to-date: /home/weng/work/humble_ws/install/isaac_ros2_messages/include/isaac_ros2_messages/isaac_ros2_messages
[2.447s] -- Up-to-date: /home/weng/work/humble_ws/install/isaac_ros2_messages/include/isaac_ros2_messages/isaac_ros2_messages/srv
[2.447s] -- Up-to-date: /home/weng/work/humble_ws/install/isaac_ros2_messages/include/isaac_ros2_messages/isaac_ros2_messages/srv/detail
[2.447s] -- Installing: /home/weng/work/humble_ws/install/isaac_ros2_messages/include/isaac_ros2_messages/isaac_ros2_messages/srv/detail/isaac_pose__rosidl_typesupport_fastrtps_c.h
[2.447s] -- Up-to-date: /home/weng/work/humble_ws/install/isaac_ros2_messages/include/isaac_ros2_messages/isaac_ros2_messages/msg
[2.447s] -- Installing: /home/weng/work/humble_ws/install/isaac_ros2_messages/include/isaac_ros2_messages/isaac_ros2_messages/msg/rosidl_typesupport_fastrtps_c__visibility_control.h
[2.447s] -- Installing: /home/weng/work/humble_ws/install/isaac_ros2_messages/lib/libisaac_ros2_messages__rosidl_typesupport_fastrtps_c.so
[2.447s] -- Set runtime path of "/home/weng/work/humble_ws/install/isaac_ros2_messages/lib/libisaac_ros2_messages__rosidl_typesupport_fastrtps_c.so" to ""
[2.447s] -- Up-to-date: /home/weng/work/humble_ws/install/isaac_ros2_messages/include/isaac_ros2_messages/isaac_ros2_messages
[2.447s] -- Up-to-date: /home/weng/work/humble_ws/install/isaac_ros2_messages/include/isaac_ros2_messages/isaac_ros2_messages/srv
[2.447s] -- Installing: /home/weng/work/humble_ws/install/isaac_ros2_messages/include/isaac_ros2_messages/isaac_ros2_messages/srv/isaac_pose.hpp
[2.447s] -- Up-to-date: /home/weng/work/humble_ws/install/isaac_ros2_messages/include/isaac_ros2_messages/isaac_ros2_messages/srv/detail
[2.447s] -- Installing: /home/weng/work/humble_ws/install/isaac_ros2_messages/include/isaac_ros2_messages/isaac_ros2_messages/srv/detail/isaac_pose__builder.hpp
[2.447s] -- Installing: /home/weng/work/humble_ws/install/isaac_ros2_messages/include/isaac_ros2_messages/isaac_ros2_messages/srv/detail/isaac_pose__traits.hpp
[2.447s] -- Installing: /home/weng/work/humble_ws/install/isaac_ros2_messages/include/isaac_ros2_messages/isaac_ros2_messages/srv/detail/isaac_pose__struct.hpp
[2.447s] -- Up-to-date: /home/weng/work/humble_ws/install/isaac_ros2_messages/include/isaac_ros2_messages/isaac_ros2_messages
[2.447s] -- Up-to-date: /home/weng/work/humble_ws/install/isaac_ros2_messages/include/isaac_ros2_messages/isaac_ros2_messages/srv
[2.447s] -- Up-to-date: /home/weng/work/humble_ws/install/isaac_ros2_messages/include/isaac_ros2_messages/isaac_ros2_messages/srv/detail
[2.447s] -- Installing: /home/weng/work/humble_ws/install/isaac_ros2_messages/include/isaac_ros2_messages/isaac_ros2_messages/srv/detail/isaac_pose__rosidl_typesupport_fastrtps_cpp.hpp
[2.447s] -- Installing: /home/weng/work/humble_ws/install/isaac_ros2_messages/include/isaac_ros2_messages/isaac_ros2_messages/srv/detail/dds_fastrtps
[2.447s] -- Up-to-date: /home/weng/work/humble_ws/install/isaac_ros2_messages/include/isaac_ros2_messages/isaac_ros2_messages/msg
[2.447s] -- Installing: /home/weng/work/humble_ws/install/isaac_ros2_messages/include/isaac_ros2_messages/isaac_ros2_messages/msg/rosidl_typesupport_fastrtps_cpp__visibility_control.h
[2.447s] -- Installing: /home/weng/work/humble_ws/install/isaac_ros2_messages/lib/libisaac_ros2_messages__rosidl_typesupport_fastrtps_cpp.so
[2.447s] -- Set runtime path of "/home/weng/work/humble_ws/install/isaac_ros2_messages/lib/libisaac_ros2_messages__rosidl_typesupport_fastrtps_cpp.so" to ""
[2.447s] -- Up-to-date: /home/weng/work/humble_ws/install/isaac_ros2_messages/include/isaac_ros2_messages/isaac_ros2_messages
[2.448s] -- Up-to-date: /home/weng/work/humble_ws/install/isaac_ros2_messages/include/isaac_ros2_messages/isaac_ros2_messages/srv
[2.448s] -- Up-to-date: /home/weng/work/humble_ws/install/isaac_ros2_messages/include/isaac_ros2_messages/isaac_ros2_messages/srv/detail
[2.448s] -- Installing: /home/weng/work/humble_ws/install/isaac_ros2_messages/include/isaac_ros2_messages/isaac_ros2_messages/srv/detail/isaac_pose__rosidl_typesupport_introspection_c.h
[2.448s] -- Installing: /home/weng/work/humble_ws/install/isaac_ros2_messages/include/isaac_ros2_messages/isaac_ros2_messages/srv/detail/isaac_pose__type_support.c
[2.448s] -- Up-to-date: /home/weng/work/humble_ws/install/isaac_ros2_messages/include/isaac_ros2_messages/isaac_ros2_messages/msg
[2.448s] -- Installing: /home/weng/work/humble_ws/install/isaac_ros2_messages/include/isaac_ros2_messages/isaac_ros2_messages/msg/rosidl_typesupport_introspection_c__visibility_control.h
[2.448s] -- Installing: /home/weng/work/humble_ws/install/isaac_ros2_messages/lib/libisaac_ros2_messages__rosidl_typesupport_introspection_c.so
[2.448s] -- Set runtime path of "/home/weng/work/humble_ws/install/isaac_ros2_messages/lib/libisaac_ros2_messages__rosidl_typesupport_introspection_c.so" to ""
[2.448s] -- Installing: /home/weng/work/humble_ws/install/isaac_ros2_messages/lib/libisaac_ros2_messages__rosidl_typesupport_c.so
[2.448s] -- Set runtime path of "/home/weng/work/humble_ws/install/isaac_ros2_messages/lib/libisaac_ros2_messages__rosidl_typesupport_c.so" to ""
[2.448s] -- Up-to-date: /home/weng/work/humble_ws/install/isaac_ros2_messages/include/isaac_ros2_messages/isaac_ros2_messages
[2.448s] -- Up-to-date: /home/weng/work/humble_ws/install/isaac_ros2_messages/include/isaac_ros2_messages/isaac_ros2_messages/srv
[2.448s] -- Up-to-date: /home/weng/work/humble_ws/install/isaac_ros2_messages/include/isaac_ros2_messages/isaac_ros2_messages/srv/detail
[2.448s] -- Installing: /home/weng/work/humble_ws/install/isaac_ros2_messages/include/isaac_ros2_messages/isaac_ros2_messages/srv/detail/isaac_pose__rosidl_typesupport_introspection_cpp.hpp
[2.448s] -- Installing: /home/weng/work/humble_ws/install/isaac_ros2_messages/include/isaac_ros2_messages/isaac_ros2_messages/srv/detail/isaac_pose__type_support.cpp
[2.448s] -- Installing: /home/weng/work/humble_ws/install/isaac_ros2_messages/lib/libisaac_ros2_messages__rosidl_typesupport_introspection_cpp.so
[2.448s] -- Set runtime path of "/home/weng/work/humble_ws/install/isaac_ros2_messages/lib/libisaac_ros2_messages__rosidl_typesupport_introspection_cpp.so" to ""
[2.448s] -- Installing: /home/weng/work/humble_ws/install/isaac_ros2_messages/lib/libisaac_ros2_messages__rosidl_typesupport_cpp.so
[2.448s] -- Set runtime path of "/home/weng/work/humble_ws/install/isaac_ros2_messages/lib/libisaac_ros2_messages__rosidl_typesupport_cpp.so" to ""
[2.448s] -- Installing: /home/weng/work/humble_ws/install/isaac_ros2_messages/share/isaac_ros2_messages/environment/pythonpath.sh
[2.448s] -- Installing: /home/weng/work/humble_ws/install/isaac_ros2_messages/share/isaac_ros2_messages/environment/pythonpath.dsv
[2.448s] -- Installing: /home/weng/work/humble_ws/install/isaac_ros2_messages/local/lib/python3.10/dist-packages/isaac_ros2_messages-0.1.0-py3.10.egg-info
[2.448s] -- Installing: /home/weng/work/humble_ws/install/isaac_ros2_messages/local/lib/python3.10/dist-packages/isaac_ros2_messages-0.1.0-py3.10.egg-info/dependency_links.txt
[2.448s] -- Installing: /home/weng/work/humble_ws/install/isaac_ros2_messages/local/lib/python3.10/dist-packages/isaac_ros2_messages-0.1.0-py3.10.egg-info/PKG-INFO
[2.448s] -- Installing: /home/weng/work/humble_ws/install/isaac_ros2_messages/local/lib/python3.10/dist-packages/isaac_ros2_messages-0.1.0-py3.10.egg-info/top_level.txt
[2.448s] -- Installing: /home/weng/work/humble_ws/install/isaac_ros2_messages/local/lib/python3.10/dist-packages/isaac_ros2_messages-0.1.0-py3.10.egg-info/SOURCES.txt
[2.448s] -- Installing: /home/weng/work/humble_ws/install/isaac_ros2_messages/local/lib/python3.10/dist-packages/isaac_ros2_messages
[2.448s] -- Installing: /home/weng/work/humble_ws/install/isaac_ros2_messages/local/lib/python3.10/dist-packages/isaac_ros2_messages/_isaac_ros2_messages_s.ep.rosidl_typesupport_c.c
[2.448s] -- Installing: /home/weng/work/humble_ws/install/isaac_ros2_messages/local/lib/python3.10/dist-packages/isaac_ros2_messages/_isaac_ros2_messages_s.ep.rosidl_typesupport_introspection_c.c
[2.448s] -- Installing: /home/weng/work/humble_ws/install/isaac_ros2_messages/local/lib/python3.10/dist-packages/isaac_ros2_messages/libisaac_ros2_messages__rosidl_generator_py.so
[2.448s] -- Installing: /home/weng/work/humble_ws/install/isaac_ros2_messages/local/lib/python3.10/dist-packages/isaac_ros2_messages/_isaac_ros2_messages_s.ep.rosidl_typesupport_fastrtps_c.c
[2.448s] -- Installing: /home/weng/work/humble_ws/install/isaac_ros2_messages/local/lib/python3.10/dist-packages/isaac_ros2_messages/isaac_ros2_messages_s__rosidl_typesupport_c.cpython-310-x86_64-linux-gnu.so
[2.448s] -- Installing: /home/weng/work/humble_ws/install/isaac_ros2_messages/local/lib/python3.10/dist-packages/isaac_ros2_messages/isaac_ros2_messages_s__rosidl_typesupport_fastrtps_c.cpython-310-x86_64-linux-gnu.so
[2.448s] -- Installing: /home/weng/work/humble_ws/install/isaac_ros2_messages/local/lib/python3.10/dist-packages/isaac_ros2_messages/srv
[2.449s] -- Installing: /home/weng/work/humble_ws/install/isaac_ros2_messages/local/lib/python3.10/dist-packages/isaac_ros2_messages/srv/_isaac_pose.py
[2.449s] -- Installing: /home/weng/work/humble_ws/install/isaac_ros2_messages/local/lib/python3.10/dist-packages/isaac_ros2_messages/srv/__init__.py
[2.449s] -- Installing: /home/weng/work/humble_ws/install/isaac_ros2_messages/local/lib/python3.10/dist-packages/isaac_ros2_messages/srv/_isaac_pose_s.c
[2.449s] -- Installing: /home/weng/work/humble_ws/install/isaac_ros2_messages/local/lib/python3.10/dist-packages/isaac_ros2_messages/isaac_ros2_messages_s__rosidl_typesupport_introspection_c.cpython-310-x86_64-linux-gnu.so
[2.449s] -- Installing: /home/weng/work/humble_ws/install/isaac_ros2_messages/local/lib/python3.10/dist-packages/isaac_ros2_messages/__init__.py
[2.465s] Listing '/home/weng/work/humble_ws/install/isaac_ros2_messages/local/lib/python3.10/dist-packages/isaac_ros2_messages'...
[2.465s] Compiling '/home/weng/work/humble_ws/install/isaac_ros2_messages/local/lib/python3.10/dist-packages/isaac_ros2_messages/__init__.py'...
[2.465s] Listing '/home/weng/work/humble_ws/install/isaac_ros2_messages/local/lib/python3.10/dist-packages/isaac_ros2_messages/srv'...
[2.465s] Compiling '/home/weng/work/humble_ws/install/isaac_ros2_messages/local/lib/python3.10/dist-packages/isaac_ros2_messages/srv/__init__.py'...
[2.465s] Compiling '/home/weng/work/humble_ws/install/isaac_ros2_messages/local/lib/python3.10/dist-packages/isaac_ros2_messages/srv/_isaac_pose.py'...
[2.467s] -- Installing: /home/weng/work/humble_ws/install/isaac_ros2_messages/local/lib/python3.10/dist-packages/isaac_ros2_messages/isaac_ros2_messages_s__rosidl_typesupport_fastrtps_c.cpython-310-x86_64-linux-gnu.so
[2.467s] -- Set runtime path of "/home/weng/work/humble_ws/install/isaac_ros2_messages/local/lib/python3.10/dist-packages/isaac_ros2_messages/isaac_ros2_messages_s__rosidl_typesupport_fastrtps_c.cpython-310-x86_64-linux-gnu.so" to ""
[2.467s] -- Installing: /home/weng/work/humble_ws/install/isaac_ros2_messages/local/lib/python3.10/dist-packages/isaac_ros2_messages/isaac_ros2_messages_s__rosidl_typesupport_introspection_c.cpython-310-x86_64-linux-gnu.so
[2.467s] -- Set runtime path of "/home/weng/work/humble_ws/install/isaac_ros2_messages/local/lib/python3.10/dist-packages/isaac_ros2_messages/isaac_ros2_messages_s__rosidl_typesupport_introspection_c.cpython-310-x86_64-linux-gnu.so" to ""
[2.467s] -- Installing: /home/weng/work/humble_ws/install/isaac_ros2_messages/local/lib/python3.10/dist-packages/isaac_ros2_messages/isaac_ros2_messages_s__rosidl_typesupport_c.cpython-310-x86_64-linux-gnu.so
[2.467s] -- Set runtime path of "/home/weng/work/humble_ws/install/isaac_ros2_messages/local/lib/python3.10/dist-packages/isaac_ros2_messages/isaac_ros2_messages_s__rosidl_typesupport_c.cpython-310-x86_64-linux-gnu.so" to ""
[2.467s] -- Installing: /home/weng/work/humble_ws/install/isaac_ros2_messages/lib/libisaac_ros2_messages__rosidl_generator_py.so
[2.467s] -- Set runtime path of "/home/weng/work/humble_ws/install/isaac_ros2_messages/lib/libisaac_ros2_messages__rosidl_generator_py.so" to ""
[2.467s] -- Installing: /home/weng/work/humble_ws/install/isaac_ros2_messages/share/isaac_ros2_messages/srv/IsaacPose.idl
[2.467s] -- Installing: /home/weng/work/humble_ws/install/isaac_ros2_messages/share/isaac_ros2_messages/srv/IsaacPose.srv
[2.467s] -- Installing: /home/weng/work/humble_ws/install/isaac_ros2_messages/share/isaac_ros2_messages/srv/IsaacPose_Request.msg
[2.467s] -- Installing: /home/weng/work/humble_ws/install/isaac_ros2_messages/share/isaac_ros2_messages/srv/IsaacPose_Response.msg
[2.468s] -- Installing: /home/weng/work/humble_ws/install/isaac_ros2_messages/share/ament_index/resource_index/package_run_dependencies/isaac_ros2_messages
[2.468s] -- Installing: /home/weng/work/humble_ws/install/isaac_ros2_messages/share/ament_index/resource_index/parent_prefix_path/isaac_ros2_messages
[2.468s] -- Installing: /home/weng/work/humble_ws/install/isaac_ros2_messages/share/isaac_ros2_messages/environment/ament_prefix_path.sh
[2.468s] -- Installing: /home/weng/work/humble_ws/install/isaac_ros2_messages/share/isaac_ros2_messages/environment/ament_prefix_path.dsv
[2.468s] -- Installing: /home/weng/work/humble_ws/install/isaac_ros2_messages/share/isaac_ros2_messages/environment/path.sh
[2.468s] -- Installing: /home/weng/work/humble_ws/install/isaac_ros2_messages/share/isaac_ros2_messages/environment/path.dsv
[2.468s] -- Installing: /home/weng/work/humble_ws/install/isaac_ros2_messages/share/isaac_ros2_messages/local_setup.bash
[2.468s] -- Installing: /home/weng/work/humble_ws/install/isaac_ros2_messages/share/isaac_ros2_messages/local_setup.sh
[2.468s] -- Installing: /home/weng/work/humble_ws/install/isaac_ros2_messages/share/isaac_ros2_messages/local_setup.zsh
[2.468s] -- Installing: /home/weng/work/humble_ws/install/isaac_ros2_messages/share/isaac_ros2_messages/local_setup.dsv
[2.468s] -- Installing: /home/weng/work/humble_ws/install/isaac_ros2_messages/share/isaac_ros2_messages/package.dsv
[2.468s] -- Installing: /home/weng/work/humble_ws/install/isaac_ros2_messages/share/ament_index/resource_index/packages/isaac_ros2_messages
[2.468s] -- Installing: /home/weng/work/humble_ws/install/isaac_ros2_messages/share/isaac_ros2_messages/cmake/export_isaac_ros2_messages__rosidl_generator_cExport.cmake
[2.468s] -- Installing: /home/weng/work/humble_ws/install/isaac_ros2_messages/share/isaac_ros2_messages/cmake/export_isaac_ros2_messages__rosidl_generator_cExport-noconfig.cmake
[2.468s] -- Installing: /home/weng/work/humble_ws/install/isaac_ros2_messages/share/isaac_ros2_messages/cmake/export_isaac_ros2_messages__rosidl_typesupport_fastrtps_cExport.cmake
[2.468s] -- Installing: /home/weng/work/humble_ws/install/isaac_ros2_messages/share/isaac_ros2_messages/cmake/export_isaac_ros2_messages__rosidl_typesupport_fastrtps_cExport-noconfig.cmake
[2.468s] -- Installing: /home/weng/work/humble_ws/install/isaac_ros2_messages/share/isaac_ros2_messages/cmake/export_isaac_ros2_messages__rosidl_generator_cppExport.cmake
[2.468s] -- Installing: /home/weng/work/humble_ws/install/isaac_ros2_messages/share/isaac_ros2_messages/cmake/export_isaac_ros2_messages__rosidl_typesupport_fastrtps_cppExport.cmake
[2.468s] -- Installing: /home/weng/work/humble_ws/install/isaac_ros2_messages/share/isaac_ros2_messages/cmake/export_isaac_ros2_messages__rosidl_typesupport_fastrtps_cppExport-noconfig.cmake
[2.468s] -- Installing: /home/weng/work/humble_ws/install/isaac_ros2_messages/share/isaac_ros2_messages/cmake/isaac_ros2_messages__rosidl_typesupport_introspection_cExport.cmake
[2.468s] -- Installing: /home/weng/work/humble_ws/install/isaac_ros2_messages/share/isaac_ros2_messages/cmake/isaac_ros2_messages__rosidl_typesupport_introspection_cExport-noconfig.cmake
[2.468s] -- Installing: /home/weng/work/humble_ws/install/isaac_ros2_messages/share/isaac_ros2_messages/cmake/isaac_ros2_messages__rosidl_typesupport_cExport.cmake
[2.468s] -- Installing: /home/weng/work/humble_ws/install/isaac_ros2_messages/share/isaac_ros2_messages/cmake/isaac_ros2_messages__rosidl_typesupport_cExport-noconfig.cmake
[2.468s] -- Installing: /home/weng/work/humble_ws/install/isaac_ros2_messages/share/isaac_ros2_messages/cmake/isaac_ros2_messages__rosidl_typesupport_introspection_cppExport.cmake
[2.468s] -- Installing: /home/weng/work/humble_ws/install/isaac_ros2_messages/share/isaac_ros2_messages/cmake/isaac_ros2_messages__rosidl_typesupport_introspection_cppExport-noconfig.cmake
[2.468s] -- Installing: /home/weng/work/humble_ws/install/isaac_ros2_messages/share/isaac_ros2_messages/cmake/isaac_ros2_messages__rosidl_typesupport_cppExport.cmake
[2.468s] -- Installing: /home/weng/work/humble_ws/install/isaac_ros2_messages/share/isaac_ros2_messages/cmake/isaac_ros2_messages__rosidl_typesupport_cppExport-noconfig.cmake
[2.469s] -- Installing: /home/weng/work/humble_ws/install/isaac_ros2_messages/share/isaac_ros2_messages/cmake/export_isaac_ros2_messages__rosidl_generator_pyExport.cmake
[2.469s] -- Installing: /home/weng/work/humble_ws/install/isaac_ros2_messages/share/isaac_ros2_messages/cmake/export_isaac_ros2_messages__rosidl_generator_pyExport-noconfig.cmake
[2.469s] -- Installing: /home/weng/work/humble_ws/install/isaac_ros2_messages/share/isaac_ros2_messages/cmake/rosidl_cmake-extras.cmake
[2.469s] -- Installing: /home/weng/work/humble_ws/install/isaac_ros2_messages/share/isaac_ros2_messages/cmake/ament_cmake_export_dependencies-extras.cmake
[2.469s] -- Installing: /home/weng/work/humble_ws/install/isaac_ros2_messages/share/isaac_ros2_messages/cmake/ament_cmake_export_include_directories-extras.cmake
[2.469s] -- Installing: /home/weng/work/humble_ws/install/isaac_ros2_messages/share/isaac_ros2_messages/cmake/ament_cmake_export_libraries-extras.cmake
[2.469s] -- Installing: /home/weng/work/humble_ws/install/isaac_ros2_messages/share/isaac_ros2_messages/cmake/ament_cmake_export_targets-extras.cmake
[2.469s] -- Installing: /home/weng/work/humble_ws/install/isaac_ros2_messages/share/isaac_ros2_messages/cmake/rosidl_cmake_export_typesupport_targets-extras.cmake
[2.469s] -- Installing: /home/weng/work/humble_ws/install/isaac_ros2_messages/share/isaac_ros2_messages/cmake/rosidl_cmake_export_typesupport_libraries-extras.cmake
[2.469s] -- Installing: /home/weng/work/humble_ws/install/isaac_ros2_messages/share/isaac_ros2_messages/cmake/isaac_ros2_messagesConfig.cmake
[2.469s] -- Installing: /home/weng/work/humble_ws/install/isaac_ros2_messages/share/isaac_ros2_messages/cmake/isaac_ros2_messagesConfig-version.cmake
[2.469s] -- Installing: /home/weng/work/humble_ws/install/isaac_ros2_messages/share/isaac_ros2_messages/package.xml
[2.470s] Invoked command in '/home/weng/work/humble_ws/build/isaac_ros2_messages' returned '0': CMAKE_PREFIX_PATH=/opt/ros/humble /usr/bin/cmake --install /home/weng/work/humble_ws/build/isaac_ros2_messages
