[0.029s] Invoking command in '/home/weng/work/humble_ws/build/turtlebot3_bringup': CMAKE_PREFIX_PATH=/home/weng/work/humble_ws/install/turtlebot3_node:/home/weng/work/humble_ws/install/turtlebot3_msgs:/home/weng/work/humble_ws/install/turtlebot3_description:/home/weng/work/humble_ws/install/turtlebot3:/home/weng/work/humble_ws/install/turtlebot3_bringup:/home/weng/work/humble_ws/install/turtlebot3_navigation2:/home/weng/work/humble_ws/install/turtlebot3_cartographer:/home/weng/work/humble_ws/install/realsense2_description:/home/weng/work/humble_ws/install/realsense2_camera:/home/weng/work/humble_ws/install/realsense2_camera_msgs:/home/weng/work/humble_ws/install/isaac_tutorials:/home/weng/work/humble_ws/install/isaac_ros2_messages:/home/weng/work/humble_ws/install/custom_message:/home/weng/work/humble_ws/install/carter_navigation:/home/weng/work/humble_ws/install/turtlebot3_teleop:/home/weng/work/humble_ws/install/turtlebot3_example:/home/weng/work/humble_ws/install/isaac_ros_navigation_goal:/opt/ros/humble /usr/local/bin/cmake --build /home/weng/work/humble_ws/build/turtlebot3_bringup -- -j24 -l24
[0.059s] Invoked command in '/home/weng/work/humble_ws/build/turtlebot3_bringup' returned '0': CMAKE_PREFIX_PATH=/home/weng/work/humble_ws/install/turtlebot3_node:/home/weng/work/humble_ws/install/turtlebot3_msgs:/home/weng/work/humble_ws/install/turtlebot3_description:/home/weng/work/humble_ws/install/turtlebot3:/home/weng/work/humble_ws/install/turtlebot3_bringup:/home/weng/work/humble_ws/install/turtlebot3_navigation2:/home/weng/work/humble_ws/install/turtlebot3_cartographer:/home/weng/work/humble_ws/install/realsense2_description:/home/weng/work/humble_ws/install/realsense2_camera:/home/weng/work/humble_ws/install/realsense2_camera_msgs:/home/weng/work/humble_ws/install/isaac_tutorials:/home/weng/work/humble_ws/install/isaac_ros2_messages:/home/weng/work/humble_ws/install/custom_message:/home/weng/work/humble_ws/install/carter_navigation:/home/weng/work/humble_ws/install/turtlebot3_teleop:/home/weng/work/humble_ws/install/turtlebot3_example:/home/weng/work/humble_ws/install/isaac_ros_navigation_goal:/opt/ros/humble /usr/local/bin/cmake --build /home/weng/work/humble_ws/build/turtlebot3_bringup -- -j24 -l24
[0.080s] Invoking command in '/home/weng/work/humble_ws/build/turtlebot3_bringup': CMAKE_PREFIX_PATH=/home/weng/work/humble_ws/install/turtlebot3_node:/home/weng/work/humble_ws/install/turtlebot3_msgs:/home/weng/work/humble_ws/install/turtlebot3_description:/home/weng/work/humble_ws/install/turtlebot3:/home/weng/work/humble_ws/install/turtlebot3_bringup:/home/weng/work/humble_ws/install/turtlebot3_navigation2:/home/weng/work/humble_ws/install/turtlebot3_cartographer:/home/weng/work/humble_ws/install/realsense2_description:/home/weng/work/humble_ws/install/realsense2_camera:/home/weng/work/humble_ws/install/realsense2_camera_msgs:/home/weng/work/humble_ws/install/isaac_tutorials:/home/weng/work/humble_ws/install/isaac_ros2_messages:/home/weng/work/humble_ws/install/custom_message:/home/weng/work/humble_ws/install/carter_navigation:/home/weng/work/humble_ws/install/turtlebot3_teleop:/home/weng/work/humble_ws/install/turtlebot3_example:/home/weng/work/humble_ws/install/isaac_ros_navigation_goal:/opt/ros/humble /usr/local/bin/cmake --install /home/weng/work/humble_ws/build/turtlebot3_bringup
[0.093s] -- Install configuration: ""
[0.093s] -- Up-to-date: /home/weng/work/humble_ws/install/turtlebot3_bringup/share/turtlebot3_bringup/launch
[0.093s] -- Up-to-date: /home/weng/work/humble_ws/install/turtlebot3_bringup/share/turtlebot3_bringup/launch/rviz2.launch.py
[0.093s] -- Up-to-date: /home/weng/work/humble_ws/install/turtlebot3_bringup/share/turtlebot3_bringup/launch/turtlebot3_state_publisher.launch.py
[0.093s] -- Up-to-date: /home/weng/work/humble_ws/install/turtlebot3_bringup/share/turtlebot3_bringup/launch/robot.launch.py
[0.093s] -- Up-to-date: /home/weng/work/humble_ws/install/turtlebot3_bringup/share/turtlebot3_bringup/param
[0.093s] -- Up-to-date: /home/weng/work/humble_ws/install/turtlebot3_bringup/share/turtlebot3_bringup/param/waffle_pi.yaml
[0.093s] -- Up-to-date: /home/weng/work/humble_ws/install/turtlebot3_bringup/share/turtlebot3_bringup/param/waffle.yaml
[0.093s] -- Up-to-date: /home/weng/work/humble_ws/install/turtlebot3_bringup/share/turtlebot3_bringup/param/burger.yaml
[0.093s] -- Up-to-date: /home/weng/work/humble_ws/install/turtlebot3_bringup/share/turtlebot3_bringup/script
[0.093s] -- Up-to-date: /home/weng/work/humble_ws/install/turtlebot3_bringup/share/turtlebot3_bringup/script/99-turtlebot3-cdc.rules
[0.093s] -- Up-to-date: /home/weng/work/humble_ws/install/turtlebot3_bringup/share/turtlebot3_bringup/script/create_udev_rules
[0.093s] -- Up-to-date: /home/weng/work/humble_ws/install/turtlebot3_bringup/share/ament_index/resource_index/package_run_dependencies/turtlebot3_bringup
[0.094s] -- Up-to-date: /home/weng/work/humble_ws/install/turtlebot3_bringup/share/ament_index/resource_index/parent_prefix_path/turtlebot3_bringup
[0.094s] -- Up-to-date: /home/weng/work/humble_ws/install/turtlebot3_bringup/share/turtlebot3_bringup/environment/ament_prefix_path.sh
[0.094s] -- Up-to-date: /home/weng/work/humble_ws/install/turtlebot3_bringup/share/turtlebot3_bringup/environment/ament_prefix_path.dsv
[0.094s] -- Up-to-date: /home/weng/work/humble_ws/install/turtlebot3_bringup/share/turtlebot3_bringup/environment/path.sh
[0.094s] -- Up-to-date: /home/weng/work/humble_ws/install/turtlebot3_bringup/share/turtlebot3_bringup/environment/path.dsv
[0.094s] -- Up-to-date: /home/weng/work/humble_ws/install/turtlebot3_bringup/share/turtlebot3_bringup/local_setup.bash
[0.094s] -- Up-to-date: /home/weng/work/humble_ws/install/turtlebot3_bringup/share/turtlebot3_bringup/local_setup.sh
[0.094s] -- Up-to-date: /home/weng/work/humble_ws/install/turtlebot3_bringup/share/turtlebot3_bringup/local_setup.zsh
[0.094s] -- Up-to-date: /home/weng/work/humble_ws/install/turtlebot3_bringup/share/turtlebot3_bringup/local_setup.dsv
[0.094s] -- Installing: /home/weng/work/humble_ws/install/turtlebot3_bringup/share/turtlebot3_bringup/package.dsv
[0.094s] -- Up-to-date: /home/weng/work/humble_ws/install/turtlebot3_bringup/share/ament_index/resource_index/packages/turtlebot3_bringup
[0.094s] -- Up-to-date: /home/weng/work/humble_ws/install/turtlebot3_bringup/share/turtlebot3_bringup/cmake/turtlebot3_bringupConfig.cmake
[0.094s] -- Up-to-date: /home/weng/work/humble_ws/install/turtlebot3_bringup/share/turtlebot3_bringup/cmake/turtlebot3_bringupConfig-version.cmake
[0.094s] -- Up-to-date: /home/weng/work/humble_ws/install/turtlebot3_bringup/share/turtlebot3_bringup/package.xml
[0.096s] Invoked command in '/home/weng/work/humble_ws/build/turtlebot3_bringup' returned '0': CMAKE_PREFIX_PATH=/home/weng/work/humble_ws/install/turtlebot3_node:/home/weng/work/humble_ws/install/turtlebot3_msgs:/home/weng/work/humble_ws/install/turtlebot3_description:/home/weng/work/humble_ws/install/turtlebot3:/home/weng/work/humble_ws/install/turtlebot3_bringup:/home/weng/work/humble_ws/install/turtlebot3_navigation2:/home/weng/work/humble_ws/install/turtlebot3_cartographer:/home/weng/work/humble_ws/install/realsense2_description:/home/weng/work/humble_ws/install/realsense2_camera:/home/weng/work/humble_ws/install/realsense2_camera_msgs:/home/weng/work/humble_ws/install/isaac_tutorials:/home/weng/work/humble_ws/install/isaac_ros2_messages:/home/weng/work/humble_ws/install/custom_message:/home/weng/work/humble_ws/install/carter_navigation:/home/weng/work/humble_ws/install/turtlebot3_teleop:/home/weng/work/humble_ws/install/turtlebot3_example:/home/weng/work/humble_ws/install/isaac_ros_navigation_goal:/opt/ros/humble /usr/local/bin/cmake --install /home/weng/work/humble_ws/build/turtlebot3_bringup
