[0.018s] Invoking command in '/home/weng/work/humble_ws/build/turtlebot3_bringup': AMENT_PREFIX_PATH=/home/weng/work/humble_ws/install/turtlebot3_node:/home/weng/work/humble_ws/install/turtlebot3_msgs:/home/weng/work/humble_ws/install/turtlebot3_description:${AMENT_PREFIX_PATH} CMAKE_PREFIX_PATH=/home/weng/work/humble_ws/install/turtlebot3_node:/home/weng/work/humble_ws/install/turtlebot3_msgs:/home/weng/work/humble_ws/install/turtlebot3_description:/opt/ros/humble LD_LIBRARY_PATH=/home/weng/work/humble_ws/install/turtlebot3_msgs/lib:${LD_LIBRARY_PATH} PYTHONPATH=/home/weng/work/humble_ws/install/turtlebot3_msgs/local/lib/python3.10/dist-packages:${PYTHONPATH} /usr/bin/cmake /home/weng/work/humble_ws/src/turtlebot3/turtlebot3_bringup -DCMAKE_INSTALL_PREFIX=/home/weng/work/humble_ws/install/turtlebot3_bringup
[0.041s] -- The C compiler identification is GNU 11.4.0
[0.065s] -- The CXX compiler identification is GNU 11.4.0
[0.069s] -- Detecting C compiler ABI info
[0.098s] -- Detecting C compiler ABI info - done
[0.102s] -- Check for working C compiler: /usr/bin/cc - skipped
[0.102s] -- Detecting C compile features
[0.102s] -- Detecting C compile features - done
[0.103s] -- Detecting CXX compiler ABI info
[0.138s] -- Detecting CXX compiler ABI info - done
[0.141s] -- Check for working CXX compiler: /usr/bin/c++ - skipped
[0.141s] -- Detecting CXX compile features
[0.142s] -- Detecting CXX compile features - done
[0.143s] -- Found ament_cmake: 1.3.8 (/opt/ros/humble/share/ament_cmake/cmake)
[0.211s] -- Found Python3: /usr/bin/python3 (found version "3.10.12") found components: Interpreter 
[0.280s] -- Configuring done
[0.281s] -- Generating done
[0.281s] -- Build files have been written to: /home/weng/work/humble_ws/build/turtlebot3_bringup
[0.283s] Invoked command in '/home/weng/work/humble_ws/build/turtlebot3_bringup' returned '0': AMENT_PREFIX_PATH=/home/weng/work/humble_ws/install/turtlebot3_node:/home/weng/work/humble_ws/install/turtlebot3_msgs:/home/weng/work/humble_ws/install/turtlebot3_description:${AMENT_PREFIX_PATH} CMAKE_PREFIX_PATH=/home/weng/work/humble_ws/install/turtlebot3_node:/home/weng/work/humble_ws/install/turtlebot3_msgs:/home/weng/work/humble_ws/install/turtlebot3_description:/opt/ros/humble LD_LIBRARY_PATH=/home/weng/work/humble_ws/install/turtlebot3_msgs/lib:${LD_LIBRARY_PATH} PYTHONPATH=/home/weng/work/humble_ws/install/turtlebot3_msgs/local/lib/python3.10/dist-packages:${PYTHONPATH} /usr/bin/cmake /home/weng/work/humble_ws/src/turtlebot3/turtlebot3_bringup -DCMAKE_INSTALL_PREFIX=/home/weng/work/humble_ws/install/turtlebot3_bringup
[0.284s] Invoking command in '/home/weng/work/humble_ws/build/turtlebot3_bringup': AMENT_PREFIX_PATH=/home/weng/work/humble_ws/install/turtlebot3_node:/home/weng/work/humble_ws/install/turtlebot3_msgs:/home/weng/work/humble_ws/install/turtlebot3_description:${AMENT_PREFIX_PATH} CMAKE_PREFIX_PATH=/home/weng/work/humble_ws/install/turtlebot3_node:/home/weng/work/humble_ws/install/turtlebot3_msgs:/home/weng/work/humble_ws/install/turtlebot3_description:/opt/ros/humble LD_LIBRARY_PATH=/home/weng/work/humble_ws/install/turtlebot3_msgs/lib:${LD_LIBRARY_PATH} PYTHONPATH=/home/weng/work/humble_ws/install/turtlebot3_msgs/local/lib/python3.10/dist-packages:${PYTHONPATH} /usr/bin/cmake --build /home/weng/work/humble_ws/build/turtlebot3_bringup -- -j24 -l24
[0.300s] Invoked command in '/home/weng/work/humble_ws/build/turtlebot3_bringup' returned '0': AMENT_PREFIX_PATH=/home/weng/work/humble_ws/install/turtlebot3_node:/home/weng/work/humble_ws/install/turtlebot3_msgs:/home/weng/work/humble_ws/install/turtlebot3_description:${AMENT_PREFIX_PATH} CMAKE_PREFIX_PATH=/home/weng/work/humble_ws/install/turtlebot3_node:/home/weng/work/humble_ws/install/turtlebot3_msgs:/home/weng/work/humble_ws/install/turtlebot3_description:/opt/ros/humble LD_LIBRARY_PATH=/home/weng/work/humble_ws/install/turtlebot3_msgs/lib:${LD_LIBRARY_PATH} PYTHONPATH=/home/weng/work/humble_ws/install/turtlebot3_msgs/local/lib/python3.10/dist-packages:${PYTHONPATH} /usr/bin/cmake --build /home/weng/work/humble_ws/build/turtlebot3_bringup -- -j24 -l24
[0.310s] Invoking command in '/home/weng/work/humble_ws/build/turtlebot3_bringup': AMENT_PREFIX_PATH=/home/weng/work/humble_ws/install/turtlebot3_node:/home/weng/work/humble_ws/install/turtlebot3_msgs:/home/weng/work/humble_ws/install/turtlebot3_description:${AMENT_PREFIX_PATH} CMAKE_PREFIX_PATH=/home/weng/work/humble_ws/install/turtlebot3_node:/home/weng/work/humble_ws/install/turtlebot3_msgs:/home/weng/work/humble_ws/install/turtlebot3_description:/opt/ros/humble LD_LIBRARY_PATH=/home/weng/work/humble_ws/install/turtlebot3_msgs/lib:${LD_LIBRARY_PATH} PYTHONPATH=/home/weng/work/humble_ws/install/turtlebot3_msgs/local/lib/python3.10/dist-packages:${PYTHONPATH} /usr/bin/cmake --install /home/weng/work/humble_ws/build/turtlebot3_bringup
[0.313s] -- Install configuration: ""
[0.313s] -- Installing: /home/weng/work/humble_ws/install/turtlebot3_bringup/share/turtlebot3_bringup/launch
[0.313s] -- Installing: /home/weng/work/humble_ws/install/turtlebot3_bringup/share/turtlebot3_bringup/launch/rviz2.launch.py
[0.313s] -- Installing: /home/weng/work/humble_ws/install/turtlebot3_bringup/share/turtlebot3_bringup/launch/turtlebot3_state_publisher.launch.py
[0.313s] -- Installing: /home/weng/work/humble_ws/install/turtlebot3_bringup/share/turtlebot3_bringup/launch/robot.launch.py
[0.313s] -- Installing: /home/weng/work/humble_ws/install/turtlebot3_bringup/share/turtlebot3_bringup/param
[0.313s] -- Installing: /home/weng/work/humble_ws/install/turtlebot3_bringup/share/turtlebot3_bringup/param/waffle_pi.yaml
[0.313s] -- Installing: /home/weng/work/humble_ws/install/turtlebot3_bringup/share/turtlebot3_bringup/param/waffle.yaml
[0.313s] -- Installing: /home/weng/work/humble_ws/install/turtlebot3_bringup/share/turtlebot3_bringup/param/burger.yaml
[0.313s] -- Installing: /home/weng/work/humble_ws/install/turtlebot3_bringup/share/turtlebot3_bringup/script
[0.313s] -- Installing: /home/weng/work/humble_ws/install/turtlebot3_bringup/share/turtlebot3_bringup/script/99-turtlebot3-cdc.rules
[0.313s] -- Installing: /home/weng/work/humble_ws/install/turtlebot3_bringup/share/turtlebot3_bringup/script/create_udev_rules
[0.313s] -- Installing: /home/weng/work/humble_ws/install/turtlebot3_bringup/share/ament_index/resource_index/package_run_dependencies/turtlebot3_bringup
[0.313s] -- Installing: /home/weng/work/humble_ws/install/turtlebot3_bringup/share/ament_index/resource_index/parent_prefix_path/turtlebot3_bringup
[0.313s] -- Installing: /home/weng/work/humble_ws/install/turtlebot3_bringup/share/turtlebot3_bringup/environment/ament_prefix_path.sh
[0.313s] -- Installing: /home/weng/work/humble_ws/install/turtlebot3_bringup/share/turtlebot3_bringup/environment/ament_prefix_path.dsv
[0.313s] -- Installing: /home/weng/work/humble_ws/install/turtlebot3_bringup/share/turtlebot3_bringup/environment/path.sh
[0.313s] -- Installing: /home/weng/work/humble_ws/install/turtlebot3_bringup/share/turtlebot3_bringup/environment/path.dsv
[0.313s] -- Installing: /home/weng/work/humble_ws/install/turtlebot3_bringup/share/turtlebot3_bringup/local_setup.bash
[0.313s] -- Installing: /home/weng/work/humble_ws/install/turtlebot3_bringup/share/turtlebot3_bringup/local_setup.sh
[0.313s] -- Installing: /home/weng/work/humble_ws/install/turtlebot3_bringup/share/turtlebot3_bringup/local_setup.zsh
[0.313s] -- Installing: /home/weng/work/humble_ws/install/turtlebot3_bringup/share/turtlebot3_bringup/local_setup.dsv
[0.313s] -- Installing: /home/weng/work/humble_ws/install/turtlebot3_bringup/share/turtlebot3_bringup/package.dsv
[0.314s] -- Installing: /home/weng/work/humble_ws/install/turtlebot3_bringup/share/ament_index/resource_index/packages/turtlebot3_bringup
[0.314s] -- Installing: /home/weng/work/humble_ws/install/turtlebot3_bringup/share/turtlebot3_bringup/cmake/turtlebot3_bringupConfig.cmake
[0.314s] -- Installing: /home/weng/work/humble_ws/install/turtlebot3_bringup/share/turtlebot3_bringup/cmake/turtlebot3_bringupConfig-version.cmake
[0.314s] -- Installing: /home/weng/work/humble_ws/install/turtlebot3_bringup/share/turtlebot3_bringup/package.xml
[0.314s] Invoked command in '/home/weng/work/humble_ws/build/turtlebot3_bringup' returned '0': AMENT_PREFIX_PATH=/home/weng/work/humble_ws/install/turtlebot3_node:/home/weng/work/humble_ws/install/turtlebot3_msgs:/home/weng/work/humble_ws/install/turtlebot3_description:${AMENT_PREFIX_PATH} CMAKE_PREFIX_PATH=/home/weng/work/humble_ws/install/turtlebot3_node:/home/weng/work/humble_ws/install/turtlebot3_msgs:/home/weng/work/humble_ws/install/turtlebot3_description:/opt/ros/humble LD_LIBRARY_PATH=/home/weng/work/humble_ws/install/turtlebot3_msgs/lib:${LD_LIBRARY_PATH} PYTHONPATH=/home/weng/work/humble_ws/install/turtlebot3_msgs/local/lib/python3.10/dist-packages:${PYTHONPATH} /usr/bin/cmake --install /home/weng/work/humble_ws/build/turtlebot3_bringup
