[0.208s] Invoking command in '/home/weng/work/humble_ws/build/custom_message': CMAKE_PREFIX_PATH=/opt/ros/humble /usr/bin/cmake --build /home/weng/work/humble_ws/build/custom_message -- -j24 -l24
[0.349s] [35m[1mConsolidate compiler generated dependencies of target custom_message__rosidl_generator_c[0m
[0.349s] [  9%] Built target custom_message__rosidl_generator_c
[0.349s] [ 12%] Built target custom_message__cpp
[0.349s] [ 12%] Built target ament_cmake_python_copy_custom_message
[0.349s] [35m[1mConsolidate compiler generated dependencies of target custom_message__rosidl_typesupport_fastrtps_c[0m
[0.350s] [35m[1mConsolidate compiler generated dependencies of target custom_message__rosidl_typesupport_introspection_c[0m
[0.350s] [35m[1mConsolidate compiler generated dependencies of target custom_message__rosidl_typesupport_cpp[0m
[0.350s] [35m[1mConsolidate compiler generated dependencies of target custom_message__rosidl_typesupport_c[0m
[0.350s] [35m[1mConsolidate compiler generated dependencies of target custom_message__rosidl_typesupport_fastrtps_cpp[0m
[0.350s] [35m[1mConsolidate compiler generated dependencies of target custom_message__rosidl_typesupport_introspection_cpp[0m
[0.350s] [ 22%] Built target custom_message__rosidl_typesupport_fastrtps_c
[0.350s] [ 32%] Built target custom_message__rosidl_typesupport_introspection_c
[0.350s] [ 41%] Built target custom_message__rosidl_typesupport_cpp
[0.351s] [ 51%] Built target custom_message__rosidl_typesupport_c
[0.351s] [ 61%] Built target custom_message__rosidl_typesupport_introspection_cpp
[0.351s] [ 70%] Built target custom_message__rosidl_typesupport_fastrtps_cpp
[0.351s] [ 70%] Built target custom_message
[0.351s] [ 74%] Built target custom_message__py
[0.351s] [35m[1mConsolidate compiler generated dependencies of target custom_message__rosidl_generator_py[0m
[0.351s] [ 80%] Built target custom_message__rosidl_generator_py
[0.351s] [35m[1mConsolidate compiler generated dependencies of target custom_message__rosidl_typesupport_fastrtps_c__pyext[0m
[0.351s] [35m[1mConsolidate compiler generated dependencies of target custom_message__rosidl_typesupport_introspection_c__pyext[0m
[0.351s] [35m[1mConsolidate compiler generated dependencies of target custom_message__rosidl_typesupport_c__pyext[0m
[0.351s] [ 87%] Built target custom_message__rosidl_typesupport_fastrtps_c__pyext
[0.351s] [ 93%] Built target custom_message__rosidl_typesupport_introspection_c__pyext
[0.351s] [100%] Built target custom_message__rosidl_typesupport_c__pyext
[0.352s] running egg_info
[0.352s] writing custom_message.egg-info/PKG-INFO
[0.352s] writing dependency_links to custom_message.egg-info/dependency_links.txt
[0.352s] writing top-level names to custom_message.egg-info/top_level.txt
[0.352s] reading manifest file 'custom_message.egg-info/SOURCES.txt'
[0.352s] writing manifest file 'custom_message.egg-info/SOURCES.txt'
[0.359s] [100%] Built target ament_cmake_python_build_custom_message_egg
[0.370s] Invoked command in '/home/weng/work/humble_ws/build/custom_message' returned '0': CMAKE_PREFIX_PATH=/opt/ros/humble /usr/bin/cmake --build /home/weng/work/humble_ws/build/custom_message -- -j24 -l24
[0.445s] Invoking command in '/home/weng/work/humble_ws/build/custom_message': CMAKE_PREFIX_PATH=/opt/ros/humble /usr/bin/cmake --install /home/weng/work/humble_ws/build/custom_message
[0.451s] -- Install configuration: ""
[0.451s] -- Up-to-date: /home/weng/work/humble_ws/install/custom_message/share/ament_index/resource_index/rosidl_interfaces/custom_message
[0.451s] -- Up-to-date: /home/weng/work/humble_ws/install/custom_message/include/custom_message/custom_message
[0.452s] -- Up-to-date: /home/weng/work/humble_ws/install/custom_message/include/custom_message/custom_message/msg
[0.452s] -- Up-to-date: /home/weng/work/humble_ws/install/custom_message/include/custom_message/custom_message/msg/rosidl_generator_c__visibility_control.h
[0.452s] -- Up-to-date: /home/weng/work/humble_ws/install/custom_message/include/custom_message/custom_message/msg/sample_msg.h
[0.452s] -- Up-to-date: /home/weng/work/humble_ws/install/custom_message/include/custom_message/custom_message/msg/detail
[0.452s] -- Up-to-date: /home/weng/work/humble_ws/install/custom_message/include/custom_message/custom_message/msg/detail/sample_msg__functions.c
[0.452s] -- Up-to-date: /home/weng/work/humble_ws/install/custom_message/include/custom_message/custom_message/msg/detail/sample_msg__struct.h
[0.452s] -- Up-to-date: /home/weng/work/humble_ws/install/custom_message/include/custom_message/custom_message/msg/detail/sample_msg__functions.h
[0.452s] -- Up-to-date: /home/weng/work/humble_ws/install/custom_message/include/custom_message/custom_message/msg/detail/sample_msg__type_support.h
[0.452s] -- Up-to-date: /home/weng/work/humble_ws/install/custom_message/share/custom_message/environment/library_path.sh
[0.452s] -- Up-to-date: /home/weng/work/humble_ws/install/custom_message/share/custom_message/environment/library_path.dsv
[0.452s] -- Up-to-date: /home/weng/work/humble_ws/install/custom_message/lib/libcustom_message__rosidl_generator_c.so
[0.453s] -- Up-to-date: /home/weng/work/humble_ws/install/custom_message/include/custom_message/custom_message
[0.453s] -- Up-to-date: /home/weng/work/humble_ws/install/custom_message/include/custom_message/custom_message/msg
[0.453s] -- Up-to-date: /home/weng/work/humble_ws/install/custom_message/include/custom_message/custom_message/msg/rosidl_typesupport_fastrtps_c__visibility_control.h
[0.453s] -- Up-to-date: /home/weng/work/humble_ws/install/custom_message/include/custom_message/custom_message/msg/detail
[0.453s] -- Up-to-date: /home/weng/work/humble_ws/install/custom_message/include/custom_message/custom_message/msg/detail/sample_msg__rosidl_typesupport_fastrtps_c.h
[0.453s] -- Up-to-date: /home/weng/work/humble_ws/install/custom_message/lib/libcustom_message__rosidl_typesupport_fastrtps_c.so
[0.453s] -- Up-to-date: /home/weng/work/humble_ws/install/custom_message/include/custom_message/custom_message
[0.454s] -- Up-to-date: /home/weng/work/humble_ws/install/custom_message/include/custom_message/custom_message/msg
[0.454s] -- Up-to-date: /home/weng/work/humble_ws/install/custom_message/include/custom_message/custom_message/msg/sample_msg.hpp
[0.454s] -- Up-to-date: /home/weng/work/humble_ws/install/custom_message/include/custom_message/custom_message/msg/detail
[0.454s] -- Up-to-date: /home/weng/work/humble_ws/install/custom_message/include/custom_message/custom_message/msg/detail/sample_msg__traits.hpp
[0.454s] -- Up-to-date: /home/weng/work/humble_ws/install/custom_message/include/custom_message/custom_message/msg/detail/sample_msg__struct.hpp
[0.454s] -- Up-to-date: /home/weng/work/humble_ws/install/custom_message/include/custom_message/custom_message/msg/detail/sample_msg__builder.hpp
[0.454s] -- Up-to-date: /home/weng/work/humble_ws/install/custom_message/include/custom_message/custom_message
[0.454s] -- Up-to-date: /home/weng/work/humble_ws/install/custom_message/include/custom_message/custom_message/msg
[0.454s] -- Up-to-date: /home/weng/work/humble_ws/install/custom_message/include/custom_message/custom_message/msg/rosidl_typesupport_fastrtps_cpp__visibility_control.h
[0.454s] -- Up-to-date: /home/weng/work/humble_ws/install/custom_message/include/custom_message/custom_message/msg/detail
[0.454s] -- Up-to-date: /home/weng/work/humble_ws/install/custom_message/include/custom_message/custom_message/msg/detail/dds_fastrtps
[0.454s] -- Up-to-date: /home/weng/work/humble_ws/install/custom_message/include/custom_message/custom_message/msg/detail/sample_msg__rosidl_typesupport_fastrtps_cpp.hpp
[0.455s] -- Up-to-date: /home/weng/work/humble_ws/install/custom_message/lib/libcustom_message__rosidl_typesupport_fastrtps_cpp.so
[0.455s] -- Up-to-date: /home/weng/work/humble_ws/install/custom_message/include/custom_message/custom_message
[0.455s] -- Up-to-date: /home/weng/work/humble_ws/install/custom_message/include/custom_message/custom_message/msg
[0.455s] -- Up-to-date: /home/weng/work/humble_ws/install/custom_message/include/custom_message/custom_message/msg/rosidl_typesupport_introspection_c__visibility_control.h
[0.455s] -- Up-to-date: /home/weng/work/humble_ws/install/custom_message/include/custom_message/custom_message/msg/detail
[0.455s] -- Up-to-date: /home/weng/work/humble_ws/install/custom_message/include/custom_message/custom_message/msg/detail/sample_msg__type_support.c
[0.455s] -- Up-to-date: /home/weng/work/humble_ws/install/custom_message/include/custom_message/custom_message/msg/detail/sample_msg__rosidl_typesupport_introspection_c.h
[0.455s] -- Up-to-date: /home/weng/work/humble_ws/install/custom_message/lib/libcustom_message__rosidl_typesupport_introspection_c.so
[0.455s] -- Up-to-date: /home/weng/work/humble_ws/install/custom_message/lib/libcustom_message__rosidl_typesupport_c.so
[0.455s] -- Up-to-date: /home/weng/work/humble_ws/install/custom_message/include/custom_message/custom_message
[0.455s] -- Up-to-date: /home/weng/work/humble_ws/install/custom_message/include/custom_message/custom_message/msg
[0.455s] -- Up-to-date: /home/weng/work/humble_ws/install/custom_message/include/custom_message/custom_message/msg/detail
[0.455s] -- Up-to-date: /home/weng/work/humble_ws/install/custom_message/include/custom_message/custom_message/msg/detail/sample_msg__type_support.cpp
[0.455s] -- Up-to-date: /home/weng/work/humble_ws/install/custom_message/include/custom_message/custom_message/msg/detail/sample_msg__rosidl_typesupport_introspection_cpp.hpp
[0.456s] -- Up-to-date: /home/weng/work/humble_ws/install/custom_message/lib/libcustom_message__rosidl_typesupport_introspection_cpp.so
[0.456s] -- Up-to-date: /home/weng/work/humble_ws/install/custom_message/lib/libcustom_message__rosidl_typesupport_cpp.so
[0.456s] -- Up-to-date: /home/weng/work/humble_ws/install/custom_message/share/custom_message/environment/pythonpath.sh
[0.456s] -- Up-to-date: /home/weng/work/humble_ws/install/custom_message/share/custom_message/environment/pythonpath.dsv
[0.456s] -- Up-to-date: /home/weng/work/humble_ws/install/custom_message/local/lib/python3.10/dist-packages/custom_message-0.0.0-py3.10.egg-info
[0.456s] -- Installing: /home/weng/work/humble_ws/install/custom_message/local/lib/python3.10/dist-packages/custom_message-0.0.0-py3.10.egg-info/dependency_links.txt
[0.456s] -- Installing: /home/weng/work/humble_ws/install/custom_message/local/lib/python3.10/dist-packages/custom_message-0.0.0-py3.10.egg-info/PKG-INFO
[0.456s] -- Installing: /home/weng/work/humble_ws/install/custom_message/local/lib/python3.10/dist-packages/custom_message-0.0.0-py3.10.egg-info/top_level.txt
[0.456s] -- Installing: /home/weng/work/humble_ws/install/custom_message/local/lib/python3.10/dist-packages/custom_message-0.0.0-py3.10.egg-info/SOURCES.txt
[0.456s] -- Up-to-date: /home/weng/work/humble_ws/install/custom_message/local/lib/python3.10/dist-packages/custom_message
[0.456s] -- Up-to-date: /home/weng/work/humble_ws/install/custom_message/local/lib/python3.10/dist-packages/custom_message/_custom_message_s.ep.rosidl_typesupport_introspection_c.c
[0.456s] -- Up-to-date: /home/weng/work/humble_ws/install/custom_message/local/lib/python3.10/dist-packages/custom_message/_custom_message_s.ep.rosidl_typesupport_fastrtps_c.c
[0.456s] -- Up-to-date: /home/weng/work/humble_ws/install/custom_message/local/lib/python3.10/dist-packages/custom_message/custom_message_s__rosidl_typesupport_fastrtps_c.cpython-310-x86_64-linux-gnu.so
[0.456s] -- Up-to-date: /home/weng/work/humble_ws/install/custom_message/local/lib/python3.10/dist-packages/custom_message/libcustom_message__rosidl_generator_py.so
[0.456s] -- Up-to-date: /home/weng/work/humble_ws/install/custom_message/local/lib/python3.10/dist-packages/custom_message/custom_message_s__rosidl_typesupport_introspection_c.cpython-310-x86_64-linux-gnu.so
[0.457s] -- Up-to-date: /home/weng/work/humble_ws/install/custom_message/local/lib/python3.10/dist-packages/custom_message/_custom_message_s.ep.rosidl_typesupport_c.c
[0.457s] -- Up-to-date: /home/weng/work/humble_ws/install/custom_message/local/lib/python3.10/dist-packages/custom_message/custom_message_s__rosidl_typesupport_c.cpython-310-x86_64-linux-gnu.so
[0.457s] -- Up-to-date: /home/weng/work/humble_ws/install/custom_message/local/lib/python3.10/dist-packages/custom_message/msg
[0.457s] -- Up-to-date: /home/weng/work/humble_ws/install/custom_message/local/lib/python3.10/dist-packages/custom_message/msg/_sample_msg_s.c
[0.457s] -- Up-to-date: /home/weng/work/humble_ws/install/custom_message/local/lib/python3.10/dist-packages/custom_message/msg/_sample_msg.py
[0.457s] -- Up-to-date: /home/weng/work/humble_ws/install/custom_message/local/lib/python3.10/dist-packages/custom_message/msg/__init__.py
[0.457s] -- Up-to-date: /home/weng/work/humble_ws/install/custom_message/local/lib/python3.10/dist-packages/custom_message/__init__.py
[0.468s] Listing '/home/weng/work/humble_ws/install/custom_message/local/lib/python3.10/dist-packages/custom_message'...
[0.468s] Listing '/home/weng/work/humble_ws/install/custom_message/local/lib/python3.10/dist-packages/custom_message/msg'...
[0.471s] -- Up-to-date: /home/weng/work/humble_ws/install/custom_message/local/lib/python3.10/dist-packages/custom_message/custom_message_s__rosidl_typesupport_fastrtps_c.cpython-310-x86_64-linux-gnu.so
[0.471s] -- Up-to-date: /home/weng/work/humble_ws/install/custom_message/local/lib/python3.10/dist-packages/custom_message/custom_message_s__rosidl_typesupport_introspection_c.cpython-310-x86_64-linux-gnu.so
[0.471s] -- Up-to-date: /home/weng/work/humble_ws/install/custom_message/local/lib/python3.10/dist-packages/custom_message/custom_message_s__rosidl_typesupport_c.cpython-310-x86_64-linux-gnu.so
[0.471s] -- Up-to-date: /home/weng/work/humble_ws/install/custom_message/lib/libcustom_message__rosidl_generator_py.so
[0.471s] -- Up-to-date: /home/weng/work/humble_ws/install/custom_message/share/custom_message/msg/SampleMsg.idl
[0.471s] -- Up-to-date: /home/weng/work/humble_ws/install/custom_message/share/custom_message/msg/SampleMsg.msg
[0.471s] -- Up-to-date: /home/weng/work/humble_ws/install/custom_message/share/ament_index/resource_index/package_run_dependencies/custom_message
[0.472s] -- Up-to-date: /home/weng/work/humble_ws/install/custom_message/share/ament_index/resource_index/parent_prefix_path/custom_message
[0.472s] -- Up-to-date: /home/weng/work/humble_ws/install/custom_message/share/custom_message/environment/ament_prefix_path.sh
[0.472s] -- Up-to-date: /home/weng/work/humble_ws/install/custom_message/share/custom_message/environment/ament_prefix_path.dsv
[0.472s] -- Up-to-date: /home/weng/work/humble_ws/install/custom_message/share/custom_message/environment/path.sh
[0.472s] -- Up-to-date: /home/weng/work/humble_ws/install/custom_message/share/custom_message/environment/path.dsv
[0.473s] -- Up-to-date: /home/weng/work/humble_ws/install/custom_message/share/custom_message/local_setup.bash
[0.473s] -- Up-to-date: /home/weng/work/humble_ws/install/custom_message/share/custom_message/local_setup.sh
[0.474s] -- Up-to-date: /home/weng/work/humble_ws/install/custom_message/share/custom_message/local_setup.zsh
[0.474s] -- Up-to-date: /home/weng/work/humble_ws/install/custom_message/share/custom_message/local_setup.dsv
[0.474s] -- Installing: /home/weng/work/humble_ws/install/custom_message/share/custom_message/package.dsv
[0.474s] -- Up-to-date: /home/weng/work/humble_ws/install/custom_message/share/ament_index/resource_index/packages/custom_message
[0.474s] -- Up-to-date: /home/weng/work/humble_ws/install/custom_message/share/custom_message/cmake/export_custom_message__rosidl_generator_cExport.cmake
[0.474s] -- Up-to-date: /home/weng/work/humble_ws/install/custom_message/share/custom_message/cmake/export_custom_message__rosidl_generator_cExport-noconfig.cmake
[0.474s] -- Up-to-date: /home/weng/work/humble_ws/install/custom_message/share/custom_message/cmake/export_custom_message__rosidl_typesupport_fastrtps_cExport.cmake
[0.474s] -- Up-to-date: /home/weng/work/humble_ws/install/custom_message/share/custom_message/cmake/export_custom_message__rosidl_typesupport_fastrtps_cExport-noconfig.cmake
[0.475s] -- Up-to-date: /home/weng/work/humble_ws/install/custom_message/share/custom_message/cmake/export_custom_message__rosidl_generator_cppExport.cmake
[0.475s] -- Up-to-date: /home/weng/work/humble_ws/install/custom_message/share/custom_message/cmake/export_custom_message__rosidl_typesupport_fastrtps_cppExport.cmake
[0.475s] -- Up-to-date: /home/weng/work/humble_ws/install/custom_message/share/custom_message/cmake/export_custom_message__rosidl_typesupport_fastrtps_cppExport-noconfig.cmake
[0.475s] -- Up-to-date: /home/weng/work/humble_ws/install/custom_message/share/custom_message/cmake/custom_message__rosidl_typesupport_introspection_cExport.cmake
[0.476s] -- Up-to-date: /home/weng/work/humble_ws/install/custom_message/share/custom_message/cmake/custom_message__rosidl_typesupport_introspection_cExport-noconfig.cmake
[0.476s] -- Up-to-date: /home/weng/work/humble_ws/install/custom_message/share/custom_message/cmake/custom_message__rosidl_typesupport_cExport.cmake
[0.476s] -- Up-to-date: /home/weng/work/humble_ws/install/custom_message/share/custom_message/cmake/custom_message__rosidl_typesupport_cExport-noconfig.cmake
[0.476s] -- Up-to-date: /home/weng/work/humble_ws/install/custom_message/share/custom_message/cmake/custom_message__rosidl_typesupport_introspection_cppExport.cmake
[0.476s] -- Up-to-date: /home/weng/work/humble_ws/install/custom_message/share/custom_message/cmake/custom_message__rosidl_typesupport_introspection_cppExport-noconfig.cmake
[0.476s] -- Up-to-date: /home/weng/work/humble_ws/install/custom_message/share/custom_message/cmake/custom_message__rosidl_typesupport_cppExport.cmake
[0.476s] -- Up-to-date: /home/weng/work/humble_ws/install/custom_message/share/custom_message/cmake/custom_message__rosidl_typesupport_cppExport-noconfig.cmake
[0.476s] -- Up-to-date: /home/weng/work/humble_ws/install/custom_message/share/custom_message/cmake/export_custom_message__rosidl_generator_pyExport.cmake
[0.476s] -- Up-to-date: /home/weng/work/humble_ws/install/custom_message/share/custom_message/cmake/export_custom_message__rosidl_generator_pyExport-noconfig.cmake
[0.476s] -- Up-to-date: /home/weng/work/humble_ws/install/custom_message/share/custom_message/cmake/rosidl_cmake-extras.cmake
[0.477s] -- Up-to-date: /home/weng/work/humble_ws/install/custom_message/share/custom_message/cmake/ament_cmake_export_dependencies-extras.cmake
[0.477s] -- Up-to-date: /home/weng/work/humble_ws/install/custom_message/share/custom_message/cmake/ament_cmake_export_include_directories-extras.cmake
[0.477s] -- Up-to-date: /home/weng/work/humble_ws/install/custom_message/share/custom_message/cmake/ament_cmake_export_libraries-extras.cmake
[0.477s] -- Up-to-date: /home/weng/work/humble_ws/install/custom_message/share/custom_message/cmake/ament_cmake_export_targets-extras.cmake
[0.477s] -- Up-to-date: /home/weng/work/humble_ws/install/custom_message/share/custom_message/cmake/rosidl_cmake_export_typesupport_targets-extras.cmake
[0.477s] -- Up-to-date: /home/weng/work/humble_ws/install/custom_message/share/custom_message/cmake/rosidl_cmake_export_typesupport_libraries-extras.cmake
[0.477s] -- Up-to-date: /home/weng/work/humble_ws/install/custom_message/share/custom_message/cmake/custom_messageConfig.cmake
[0.477s] -- Up-to-date: /home/weng/work/humble_ws/install/custom_message/share/custom_message/cmake/custom_messageConfig-version.cmake
[0.478s] -- Up-to-date: /home/weng/work/humble_ws/install/custom_message/share/custom_message/package.xml
[0.532s] Invoked command in '/home/weng/work/humble_ws/build/custom_message' returned '0': CMAKE_PREFIX_PATH=/opt/ros/humble /usr/bin/cmake --install /home/weng/work/humble_ws/build/custom_message
