[0.777s] Invoking command in '/home/weng/work/humble_ws/src/navigation/isaac_ros_navigation_goal': PYTHONPATH=/home/weng/work/humble_ws/build/isaac_ros_navigation_goal/prefix_override:/home/weng/work/humble_ws/install/isaac_ros_navigation_goal/lib/python3.10/site-packages:${PYTHONPATH} /usr/bin/python3 setup.py egg_info --egg-base ../../../build/isaac_ros_navigation_goal build --build-base /home/weng/work/humble_ws/build/isaac_ros_navigation_goal/build install --record /home/weng/work/humble_ws/build/isaac_ros_navigation_goal/install.log --single-version-externally-managed
[0.883s] running egg_info
[0.883s] writing ../../../build/isaac_ros_navigation_goal/isaac_ros_navigation_goal.egg-info/PKG-INFO
[0.884s] writing dependency_links to ../../../build/isaac_ros_navigation_goal/isaac_ros_navigation_goal.egg-info/dependency_links.txt
[0.884s] writing entry points to ../../../build/isaac_ros_navigation_goal/isaac_ros_navigation_goal.egg-info/entry_points.txt
[0.884s] writing requirements to ../../../build/isaac_ros_navigation_goal/isaac_ros_navigation_goal.egg-info/requires.txt
[0.884s] writing top-level names to ../../../build/isaac_ros_navigation_goal/isaac_ros_navigation_goal.egg-info/top_level.txt
[0.885s] reading manifest file '../../../build/isaac_ros_navigation_goal/isaac_ros_navigation_goal.egg-info/SOURCES.txt'
[0.886s] writing manifest file '../../../build/isaac_ros_navigation_goal/isaac_ros_navigation_goal.egg-info/SOURCES.txt'
[0.886s] running build
[0.886s] running build_py
[0.886s] running install
[0.886s] /usr/lib/python3/dist-packages/setuptools/command/install.py:34: SetuptoolsDeprecationWarning: setup.py install is deprecated. Use build and pip and other standards-based tools.
[0.886s]   warnings.warn(
[0.886s] running install_lib
[0.887s] running install_data
[0.887s] running install_egg_info
[0.887s] removing '/home/weng/work/humble_ws/install/isaac_ros_navigation_goal/lib/python3.10/site-packages/isaac_ros_navigation_goal-0.0.1-py3.10.egg-info' (and everything under it)
[0.887s] Copying ../../../build/isaac_ros_navigation_goal/isaac_ros_navigation_goal.egg-info to /home/weng/work/humble_ws/install/isaac_ros_navigation_goal/lib/python3.10/site-packages/isaac_ros_navigation_goal-0.0.1-py3.10.egg-info
[0.887s] running install_scripts
[0.889s] Installing SetNavigationGoal script to /home/weng/work/humble_ws/install/isaac_ros_navigation_goal/lib/isaac_ros_navigation_goal
[0.889s] writing list of installed files to '/home/weng/work/humble_ws/build/isaac_ros_navigation_goal/install.log'
[0.977s] Invoked command in '/home/weng/work/humble_ws/src/navigation/isaac_ros_navigation_goal' returned '0': PYTHONPATH=/home/weng/work/humble_ws/build/isaac_ros_navigation_goal/prefix_override:/home/weng/work/humble_ws/install/isaac_ros_navigation_goal/lib/python3.10/site-packages:${PYTHONPATH} /usr/bin/python3 setup.py egg_info --egg-base ../../../build/isaac_ros_navigation_goal build --build-base /home/weng/work/humble_ws/build/isaac_ros_navigation_goal/build install --record /home/weng/work/humble_ws/build/isaac_ros_navigation_goal/install.log --single-version-externally-managed
