[0.187s] Invoking command in '/home/weng/work/humble_ws/build/custom_message': CMAKE_PREFIX_PATH=/opt/ros/humble /usr/bin/cmake /home/weng/work/humble_ws/src/custom_message -DCMAKE_INSTALL_PREFIX=/home/weng/work/humble_ws/install/custom_message
[0.317s] -- The C compiler identification is GNU 11.4.0
[0.317s] -- The CXX compiler identification is GNU 11.4.0
[0.317s] -- Detecting C compiler ABI info
[0.317s] -- Detecting C compiler ABI info - done
[0.317s] -- Check for working C compiler: /usr/bin/cc - skipped
[0.317s] -- Detecting C compile features
[0.317s] -- Detecting C compile features - done
[0.317s] -- Detecting CXX compiler ABI info
[0.325s] -- Detecting CXX compiler ABI info - done
[0.328s] -- Check for working CXX compiler: /usr/bin/c++ - skipped
[0.328s] -- Detecting CXX compile features
[0.329s] -- Detecting CXX compile features - done
[0.330s] -- Found ament_cmake: 1.3.8 (/opt/ros/humble/share/ament_cmake/cmake)
[0.409s] -- Found Python3: /usr/bin/python3 (found version "3.10.12") found components: Interpreter 
[0.450s] -- Found std_msgs: 4.2.3 (/opt/ros/humble/share/std_msgs/cmake)
[0.466s] -- Found rosidl_generator_c: 3.1.5 (/opt/ros/humble/share/rosidl_generator_c/cmake)
[0.468s] -- Found rosidl_adapter: 3.1.5 (/opt/ros/humble/share/rosidl_adapter/cmake)
[0.472s] -- Found rosidl_generator_cpp: 3.1.5 (/opt/ros/humble/share/rosidl_generator_cpp/cmake)
[0.479s] -- Using all available rosidl_typesupport_c: rosidl_typesupport_fastrtps_c;rosidl_typesupport_introspection_c
[0.488s] -- Using all available rosidl_typesupport_cpp: rosidl_typesupport_fastrtps_cpp;rosidl_typesupport_introspection_cpp
[0.517s] -- Found rosidl_default_generators: 1.2.0 (/opt/ros/humble/share/rosidl_default_generators/cmake)
[0.643s] -- Found ament_cmake_ros: 0.10.0 (/opt/ros/humble/share/ament_cmake_ros/cmake)
[0.814s] -- Using all available rosidl_typesupport_c: rosidl_typesupport_fastrtps_c;rosidl_typesupport_introspection_c
[0.885s] -- Using all available rosidl_typesupport_cpp: rosidl_typesupport_fastrtps_cpp;rosidl_typesupport_introspection_cpp
[0.895s] -- Found PythonInterp: /usr/bin/python3 (found suitable version "3.10.12", minimum required is "3.6") 
[0.896s] -- Found python_cmake_module: 0.10.0 (/opt/ros/humble/share/python_cmake_module/cmake)
[0.909s] -- Found PythonLibs: /usr/lib/x86_64-linux-gnu/libpython3.10.so (found suitable version "3.10.12", minimum required is "3.5") 
[0.909s] -- Using PYTHON_EXECUTABLE: /usr/bin/python3
[0.909s] -- Using PYTHON_INCLUDE_DIRS: /usr/include/python3.10
[0.909s] -- Using PYTHON_LIBRARIES: /usr/lib/x86_64-linux-gnu/libpython3.10.so
[0.918s] -- Found PythonExtra: .so  
[0.943s] -- Found ament_lint_auto: 0.12.10 (/opt/ros/humble/share/ament_lint_auto/cmake)
[0.951s] -- Added test 'copyright' to check source files copyright and LICENSE
[0.952s] -- Added test 'lint_cmake' to check CMake code style
[0.952s] -- Added test 'xmllint' to check XML markup files
[0.953s] -- Configuring done
[0.967s] -- Generating done
[0.968s] -- Build files have been written to: /home/weng/work/humble_ws/build/custom_message
[0.971s] Invoked command in '/home/weng/work/humble_ws/build/custom_message' returned '0': CMAKE_PREFIX_PATH=/opt/ros/humble /usr/bin/cmake /home/weng/work/humble_ws/src/custom_message -DCMAKE_INSTALL_PREFIX=/home/weng/work/humble_ws/install/custom_message
[0.972s] Invoking command in '/home/weng/work/humble_ws/build/custom_message': CMAKE_PREFIX_PATH=/opt/ros/humble /usr/bin/cmake --build /home/weng/work/humble_ws/build/custom_message -- -j24 -l24
[0.990s] [  3%] [34m[1mGenerating C code for ROS interfaces[0m
[0.994s] [  6%] [34m[1mGenerating C++ code for ROS interfaces[0m
[1.000s] [  6%] Built target ament_cmake_python_copy_custom_message
[1.096s] running egg_info
[1.097s] creating custom_message.egg-info
[1.097s] writing custom_message.egg-info/PKG-INFO
[1.097s] writing dependency_links to custom_message.egg-info/dependency_links.txt
[1.097s] writing top-level names to custom_message.egg-info/top_level.txt
[1.097s] writing manifest file 'custom_message.egg-info/SOURCES.txt'
[1.099s] reading manifest file 'custom_message.egg-info/SOURCES.txt'
[1.099s] writing manifest file 'custom_message.egg-info/SOURCES.txt'
[1.099s] [  6%] Built target custom_message__cpp
[1.103s] [  9%] [34m[1mGenerating C++ type support dispatch for ROS interfaces[0m
[1.105s] [ 12%] [32mBuilding C object CMakeFiles/custom_message__rosidl_generator_c.dir/rosidl_generator_c/custom_message/msg/detail/sample_msg__functions.c.o[0m
[1.105s] [ 16%] [34m[1mGenerating C++ type support for eProsima Fast-RTPS[0m
[1.105s] [ 19%] [34m[1mGenerating C++ introspection for ROS interfaces[0m
[1.119s] [ 19%] Built target ament_cmake_python_build_custom_message_egg
[1.139s] [ 22%] [32m[1mLinking C shared library libcustom_message__rosidl_generator_c.so[0m
[1.162s] [ 22%] Built target custom_message__rosidl_generator_c
[1.167s] [ 25%] [34m[1mGenerating C type support for eProsima Fast-RTPS[0m
[1.169s] [ 32%] [34m[1mGenerating C type support dispatch for ROS interfaces[0m
[1.169s] [ 32%] [34m[1mGenerating C introspection for ROS interfaces[0m
[1.199s] [ 35%] [32mBuilding CXX object CMakeFiles/custom_message__rosidl_typesupport_cpp.dir/rosidl_typesupport_cpp/custom_message/msg/sample_msg__type_support.cpp.o[0m
[1.273s] [ 38%] [32mBuilding CXX object CMakeFiles/custom_message__rosidl_typesupport_introspection_cpp.dir/rosidl_typesupport_introspection_cpp/custom_message/msg/detail/sample_msg__type_support.cpp.o[0m
[1.279s] [ 41%] [32mBuilding CXX object CMakeFiles/custom_message__rosidl_typesupport_fastrtps_c.dir/rosidl_typesupport_fastrtps_c/custom_message/msg/detail/sample_msg__type_support_c.cpp.o[0m
[1.280s] [ 45%] [32mBuilding CXX object CMakeFiles/custom_message__rosidl_typesupport_fastrtps_cpp.dir/rosidl_typesupport_fastrtps_cpp/custom_message/msg/detail/dds_fastrtps/sample_msg__type_support.cpp.o[0m
[1.313s] [ 48%] [32m[1mLinking CXX shared library libcustom_message__rosidl_typesupport_cpp.so[0m
[1.334s] [ 51%] [32mBuilding CXX object CMakeFiles/custom_message__rosidl_typesupport_c.dir/rosidl_typesupport_c/custom_message/msg/sample_msg__type_support.cpp.o[0m
[1.345s] [ 51%] Built target custom_message__rosidl_typesupport_cpp
[1.350s] [ 54%] [32mBuilding C object CMakeFiles/custom_message__rosidl_typesupport_introspection_c.dir/rosidl_typesupport_introspection_c/custom_message/msg/detail/sample_msg__type_support.c.o[0m
[1.360s] [ 58%] [32m[1mLinking CXX shared library libcustom_message__rosidl_typesupport_c.so[0m
[1.373s] [ 61%] [32m[1mLinking C shared library libcustom_message__rosidl_typesupport_introspection_c.so[0m
[1.393s] [ 61%] Built target custom_message__rosidl_typesupport_introspection_c
[1.397s] [ 61%] Built target custom_message__rosidl_typesupport_c
[1.495s] [ 64%] [32m[1mLinking CXX shared library libcustom_message__rosidl_typesupport_introspection_cpp.so[0m
[1.514s] [ 67%] [32m[1mLinking CXX shared library libcustom_message__rosidl_typesupport_fastrtps_c.so[0m
[1.542s] [ 67%] Built target custom_message__rosidl_typesupport_introspection_cpp
[1.559s] [ 67%] Built target custom_message__rosidl_typesupport_fastrtps_c
[1.581s] [ 70%] [32m[1mLinking CXX shared library libcustom_message__rosidl_typesupport_fastrtps_cpp.so[0m
[1.628s] [ 70%] Built target custom_message__rosidl_typesupport_fastrtps_cpp
[1.642s] [ 70%] Built target custom_message
[1.655s] [ 74%] [34m[1mGenerating Python code for ROS interfaces[0m
[1.898s] [ 74%] Built target custom_message__py
[1.911s] [ 77%] [32mBuilding C object CMakeFiles/custom_message__rosidl_generator_py.dir/rosidl_generator_py/custom_message/msg/_sample_msg_s.c.o[0m
[2.004s] [ 80%] [32m[1mLinking C shared library rosidl_generator_py/custom_message/libcustom_message__rosidl_generator_py.so[0m
[2.052s] [ 80%] Built target custom_message__rosidl_generator_py
[2.068s] [ 87%] [32mBuilding C object CMakeFiles/custom_message__rosidl_typesupport_c__pyext.dir/rosidl_generator_py/custom_message/_custom_message_s.ep.rosidl_typesupport_c.c.o[0m
[2.068s] [ 87%] [32mBuilding C object CMakeFiles/custom_message__rosidl_typesupport_fastrtps_c__pyext.dir/rosidl_generator_py/custom_message/_custom_message_s.ep.rosidl_typesupport_fastrtps_c.c.o[0m
[2.070s] [ 90%] [32mBuilding C object CMakeFiles/custom_message__rosidl_typesupport_introspection_c__pyext.dir/rosidl_generator_py/custom_message/_custom_message_s.ep.rosidl_typesupport_introspection_c.c.o[0m
[2.149s] [ 93%] [32m[1mLinking C shared library rosidl_generator_py/custom_message/custom_message_s__rosidl_typesupport_c.cpython-310-x86_64-linux-gnu.so[0m
[2.153s] [ 96%] [32m[1mLinking C shared library rosidl_generator_py/custom_message/custom_message_s__rosidl_typesupport_fastrtps_c.cpython-310-x86_64-linux-gnu.so[0m
[2.169s] [100%] [32m[1mLinking C shared library rosidl_generator_py/custom_message/custom_message_s__rosidl_typesupport_introspection_c.cpython-310-x86_64-linux-gnu.so[0m
[2.175s] [100%] Built target custom_message__rosidl_typesupport_c__pyext
[2.196s] [100%] Built target custom_message__rosidl_typesupport_fastrtps_c__pyext
[2.196s] [100%] Built target custom_message__rosidl_typesupport_introspection_c__pyext
[2.209s] Invoked command in '/home/weng/work/humble_ws/build/custom_message' returned '0': CMAKE_PREFIX_PATH=/opt/ros/humble /usr/bin/cmake --build /home/weng/work/humble_ws/build/custom_message -- -j24 -l24
[2.251s] Invoking command in '/home/weng/work/humble_ws/build/custom_message': CMAKE_PREFIX_PATH=/opt/ros/humble /usr/bin/cmake --install /home/weng/work/humble_ws/build/custom_message
[2.257s] -- Install configuration: ""
[2.257s] -- Installing: /home/weng/work/humble_ws/install/custom_message/share/ament_index/resource_index/rosidl_interfaces/custom_message
[2.257s] -- Installing: /home/weng/work/humble_ws/install/custom_message/include/custom_message/custom_message
[2.257s] -- Installing: /home/weng/work/humble_ws/install/custom_message/include/custom_message/custom_message/msg
[2.257s] -- Installing: /home/weng/work/humble_ws/install/custom_message/include/custom_message/custom_message/msg/rosidl_generator_c__visibility_control.h
[2.257s] -- Installing: /home/weng/work/humble_ws/install/custom_message/include/custom_message/custom_message/msg/sample_msg.h
[2.257s] -- Installing: /home/weng/work/humble_ws/install/custom_message/include/custom_message/custom_message/msg/detail
[2.257s] -- Installing: /home/weng/work/humble_ws/install/custom_message/include/custom_message/custom_message/msg/detail/sample_msg__functions.c
[2.257s] -- Installing: /home/weng/work/humble_ws/install/custom_message/include/custom_message/custom_message/msg/detail/sample_msg__struct.h
[2.257s] -- Installing: /home/weng/work/humble_ws/install/custom_message/include/custom_message/custom_message/msg/detail/sample_msg__functions.h
[2.257s] -- Installing: /home/weng/work/humble_ws/install/custom_message/include/custom_message/custom_message/msg/detail/sample_msg__type_support.h
[2.257s] -- Installing: /home/weng/work/humble_ws/install/custom_message/share/custom_message/environment/library_path.sh
[2.257s] -- Installing: /home/weng/work/humble_ws/install/custom_message/share/custom_message/environment/library_path.dsv
[2.257s] -- Installing: /home/weng/work/humble_ws/install/custom_message/lib/libcustom_message__rosidl_generator_c.so
[2.258s] -- Set runtime path of "/home/weng/work/humble_ws/install/custom_message/lib/libcustom_message__rosidl_generator_c.so" to ""
[2.258s] -- Up-to-date: /home/weng/work/humble_ws/install/custom_message/include/custom_message/custom_message
[2.258s] -- Up-to-date: /home/weng/work/humble_ws/install/custom_message/include/custom_message/custom_message/msg
[2.258s] -- Installing: /home/weng/work/humble_ws/install/custom_message/include/custom_message/custom_message/msg/rosidl_typesupport_fastrtps_c__visibility_control.h
[2.258s] -- Up-to-date: /home/weng/work/humble_ws/install/custom_message/include/custom_message/custom_message/msg/detail
[2.258s] -- Installing: /home/weng/work/humble_ws/install/custom_message/include/custom_message/custom_message/msg/detail/sample_msg__rosidl_typesupport_fastrtps_c.h
[2.258s] -- Installing: /home/weng/work/humble_ws/install/custom_message/lib/libcustom_message__rosidl_typesupport_fastrtps_c.so
[2.258s] -- Set runtime path of "/home/weng/work/humble_ws/install/custom_message/lib/libcustom_message__rosidl_typesupport_fastrtps_c.so" to ""
[2.258s] -- Up-to-date: /home/weng/work/humble_ws/install/custom_message/include/custom_message/custom_message
[2.258s] -- Up-to-date: /home/weng/work/humble_ws/install/custom_message/include/custom_message/custom_message/msg
[2.258s] -- Installing: /home/weng/work/humble_ws/install/custom_message/include/custom_message/custom_message/msg/sample_msg.hpp
[2.258s] -- Up-to-date: /home/weng/work/humble_ws/install/custom_message/include/custom_message/custom_message/msg/detail
[2.259s] -- Installing: /home/weng/work/humble_ws/install/custom_message/include/custom_message/custom_message/msg/detail/sample_msg__traits.hpp
[2.259s] -- Installing: /home/weng/work/humble_ws/install/custom_message/include/custom_message/custom_message/msg/detail/sample_msg__struct.hpp
[2.259s] -- Installing: /home/weng/work/humble_ws/install/custom_message/include/custom_message/custom_message/msg/detail/sample_msg__builder.hpp
[2.259s] -- Up-to-date: /home/weng/work/humble_ws/install/custom_message/include/custom_message/custom_message
[2.259s] -- Up-to-date: /home/weng/work/humble_ws/install/custom_message/include/custom_message/custom_message/msg
[2.259s] -- Installing: /home/weng/work/humble_ws/install/custom_message/include/custom_message/custom_message/msg/rosidl_typesupport_fastrtps_cpp__visibility_control.h
[2.259s] -- Up-to-date: /home/weng/work/humble_ws/install/custom_message/include/custom_message/custom_message/msg/detail
[2.259s] -- Installing: /home/weng/work/humble_ws/install/custom_message/include/custom_message/custom_message/msg/detail/dds_fastrtps
[2.259s] -- Installing: /home/weng/work/humble_ws/install/custom_message/include/custom_message/custom_message/msg/detail/sample_msg__rosidl_typesupport_fastrtps_cpp.hpp
[2.259s] -- Installing: /home/weng/work/humble_ws/install/custom_message/lib/libcustom_message__rosidl_typesupport_fastrtps_cpp.so
[2.259s] -- Set runtime path of "/home/weng/work/humble_ws/install/custom_message/lib/libcustom_message__rosidl_typesupport_fastrtps_cpp.so" to ""
[2.259s] -- Up-to-date: /home/weng/work/humble_ws/install/custom_message/include/custom_message/custom_message
[2.259s] -- Up-to-date: /home/weng/work/humble_ws/install/custom_message/include/custom_message/custom_message/msg
[2.259s] -- Installing: /home/weng/work/humble_ws/install/custom_message/include/custom_message/custom_message/msg/rosidl_typesupport_introspection_c__visibility_control.h
[2.259s] -- Up-to-date: /home/weng/work/humble_ws/install/custom_message/include/custom_message/custom_message/msg/detail
[2.259s] -- Installing: /home/weng/work/humble_ws/install/custom_message/include/custom_message/custom_message/msg/detail/sample_msg__type_support.c
[2.259s] -- Installing: /home/weng/work/humble_ws/install/custom_message/include/custom_message/custom_message/msg/detail/sample_msg__rosidl_typesupport_introspection_c.h
[2.260s] -- Installing: /home/weng/work/humble_ws/install/custom_message/lib/libcustom_message__rosidl_typesupport_introspection_c.so
[2.260s] -- Set runtime path of "/home/weng/work/humble_ws/install/custom_message/lib/libcustom_message__rosidl_typesupport_introspection_c.so" to ""
[2.260s] -- Installing: /home/weng/work/humble_ws/install/custom_message/lib/libcustom_message__rosidl_typesupport_c.so
[2.260s] -- Set runtime path of "/home/weng/work/humble_ws/install/custom_message/lib/libcustom_message__rosidl_typesupport_c.so" to ""
[2.260s] -- Up-to-date: /home/weng/work/humble_ws/install/custom_message/include/custom_message/custom_message
[2.260s] -- Up-to-date: /home/weng/work/humble_ws/install/custom_message/include/custom_message/custom_message/msg
[2.260s] -- Up-to-date: /home/weng/work/humble_ws/install/custom_message/include/custom_message/custom_message/msg/detail
[2.260s] -- Installing: /home/weng/work/humble_ws/install/custom_message/include/custom_message/custom_message/msg/detail/sample_msg__type_support.cpp
[2.260s] -- Installing: /home/weng/work/humble_ws/install/custom_message/include/custom_message/custom_message/msg/detail/sample_msg__rosidl_typesupport_introspection_cpp.hpp
[2.260s] -- Installing: /home/weng/work/humble_ws/install/custom_message/lib/libcustom_message__rosidl_typesupport_introspection_cpp.so
[2.260s] -- Set runtime path of "/home/weng/work/humble_ws/install/custom_message/lib/libcustom_message__rosidl_typesupport_introspection_cpp.so" to ""
[2.260s] -- Installing: /home/weng/work/humble_ws/install/custom_message/lib/libcustom_message__rosidl_typesupport_cpp.so
[2.261s] -- Set runtime path of "/home/weng/work/humble_ws/install/custom_message/lib/libcustom_message__rosidl_typesupport_cpp.so" to ""
[2.261s] -- Installing: /home/weng/work/humble_ws/install/custom_message/share/custom_message/environment/pythonpath.sh
[2.261s] -- Installing: /home/weng/work/humble_ws/install/custom_message/share/custom_message/environment/pythonpath.dsv
[2.261s] -- Installing: /home/weng/work/humble_ws/install/custom_message/local/lib/python3.10/dist-packages/custom_message-0.0.0-py3.10.egg-info
[2.261s] -- Installing: /home/weng/work/humble_ws/install/custom_message/local/lib/python3.10/dist-packages/custom_message-0.0.0-py3.10.egg-info/dependency_links.txt
[2.261s] -- Installing: /home/weng/work/humble_ws/install/custom_message/local/lib/python3.10/dist-packages/custom_message-0.0.0-py3.10.egg-info/PKG-INFO
[2.261s] -- Installing: /home/weng/work/humble_ws/install/custom_message/local/lib/python3.10/dist-packages/custom_message-0.0.0-py3.10.egg-info/top_level.txt
[2.261s] -- Installing: /home/weng/work/humble_ws/install/custom_message/local/lib/python3.10/dist-packages/custom_message-0.0.0-py3.10.egg-info/SOURCES.txt
[2.261s] -- Installing: /home/weng/work/humble_ws/install/custom_message/local/lib/python3.10/dist-packages/custom_message
[2.261s] -- Installing: /home/weng/work/humble_ws/install/custom_message/local/lib/python3.10/dist-packages/custom_message/_custom_message_s.ep.rosidl_typesupport_introspection_c.c
[2.261s] -- Installing: /home/weng/work/humble_ws/install/custom_message/local/lib/python3.10/dist-packages/custom_message/_custom_message_s.ep.rosidl_typesupport_fastrtps_c.c
[2.261s] -- Installing: /home/weng/work/humble_ws/install/custom_message/local/lib/python3.10/dist-packages/custom_message/custom_message_s__rosidl_typesupport_fastrtps_c.cpython-310-x86_64-linux-gnu.so
[2.261s] -- Installing: /home/weng/work/humble_ws/install/custom_message/local/lib/python3.10/dist-packages/custom_message/libcustom_message__rosidl_generator_py.so
[2.261s] -- Installing: /home/weng/work/humble_ws/install/custom_message/local/lib/python3.10/dist-packages/custom_message/custom_message_s__rosidl_typesupport_introspection_c.cpython-310-x86_64-linux-gnu.so
[2.262s] -- Installing: /home/weng/work/humble_ws/install/custom_message/local/lib/python3.10/dist-packages/custom_message/_custom_message_s.ep.rosidl_typesupport_c.c
[2.262s] -- Installing: /home/weng/work/humble_ws/install/custom_message/local/lib/python3.10/dist-packages/custom_message/custom_message_s__rosidl_typesupport_c.cpython-310-x86_64-linux-gnu.so
[2.262s] -- Installing: /home/weng/work/humble_ws/install/custom_message/local/lib/python3.10/dist-packages/custom_message/msg
[2.262s] -- Installing: /home/weng/work/humble_ws/install/custom_message/local/lib/python3.10/dist-packages/custom_message/msg/_sample_msg_s.c
[2.262s] -- Installing: /home/weng/work/humble_ws/install/custom_message/local/lib/python3.10/dist-packages/custom_message/msg/_sample_msg.py
[2.262s] -- Installing: /home/weng/work/humble_ws/install/custom_message/local/lib/python3.10/dist-packages/custom_message/msg/__init__.py
[2.262s] -- Installing: /home/weng/work/humble_ws/install/custom_message/local/lib/python3.10/dist-packages/custom_message/__init__.py
[2.288s] Listing '/home/weng/work/humble_ws/install/custom_message/local/lib/python3.10/dist-packages/custom_message'...
[2.289s] Compiling '/home/weng/work/humble_ws/install/custom_message/local/lib/python3.10/dist-packages/custom_message/__init__.py'...
[2.289s] Listing '/home/weng/work/humble_ws/install/custom_message/local/lib/python3.10/dist-packages/custom_message/msg'...
[2.289s] Compiling '/home/weng/work/humble_ws/install/custom_message/local/lib/python3.10/dist-packages/custom_message/msg/__init__.py'...
[2.289s] Compiling '/home/weng/work/humble_ws/install/custom_message/local/lib/python3.10/dist-packages/custom_message/msg/_sample_msg.py'...
[2.293s] -- Installing: /home/weng/work/humble_ws/install/custom_message/local/lib/python3.10/dist-packages/custom_message/custom_message_s__rosidl_typesupport_fastrtps_c.cpython-310-x86_64-linux-gnu.so
[2.293s] -- Set runtime path of "/home/weng/work/humble_ws/install/custom_message/local/lib/python3.10/dist-packages/custom_message/custom_message_s__rosidl_typesupport_fastrtps_c.cpython-310-x86_64-linux-gnu.so" to ""
[2.293s] -- Installing: /home/weng/work/humble_ws/install/custom_message/local/lib/python3.10/dist-packages/custom_message/custom_message_s__rosidl_typesupport_introspection_c.cpython-310-x86_64-linux-gnu.so
[2.293s] -- Set runtime path of "/home/weng/work/humble_ws/install/custom_message/local/lib/python3.10/dist-packages/custom_message/custom_message_s__rosidl_typesupport_introspection_c.cpython-310-x86_64-linux-gnu.so" to ""
[2.293s] -- Installing: /home/weng/work/humble_ws/install/custom_message/local/lib/python3.10/dist-packages/custom_message/custom_message_s__rosidl_typesupport_c.cpython-310-x86_64-linux-gnu.so
[2.293s] -- Set runtime path of "/home/weng/work/humble_ws/install/custom_message/local/lib/python3.10/dist-packages/custom_message/custom_message_s__rosidl_typesupport_c.cpython-310-x86_64-linux-gnu.so" to ""
[2.293s] -- Installing: /home/weng/work/humble_ws/install/custom_message/lib/libcustom_message__rosidl_generator_py.so
[2.293s] -- Set runtime path of "/home/weng/work/humble_ws/install/custom_message/lib/libcustom_message__rosidl_generator_py.so" to ""
[2.293s] -- Installing: /home/weng/work/humble_ws/install/custom_message/share/custom_message/msg/SampleMsg.idl
[2.294s] -- Installing: /home/weng/work/humble_ws/install/custom_message/share/custom_message/msg/SampleMsg.msg
[2.294s] -- Installing: /home/weng/work/humble_ws/install/custom_message/share/ament_index/resource_index/package_run_dependencies/custom_message
[2.294s] -- Installing: /home/weng/work/humble_ws/install/custom_message/share/ament_index/resource_index/parent_prefix_path/custom_message
[2.294s] -- Installing: /home/weng/work/humble_ws/install/custom_message/share/custom_message/environment/ament_prefix_path.sh
[2.294s] -- Installing: /home/weng/work/humble_ws/install/custom_message/share/custom_message/environment/ament_prefix_path.dsv
[2.294s] -- Installing: /home/weng/work/humble_ws/install/custom_message/share/custom_message/environment/path.sh
[2.294s] -- Installing: /home/weng/work/humble_ws/install/custom_message/share/custom_message/environment/path.dsv
[2.295s] -- Installing: /home/weng/work/humble_ws/install/custom_message/share/custom_message/local_setup.bash
[2.295s] -- Installing: /home/weng/work/humble_ws/install/custom_message/share/custom_message/local_setup.sh
[2.295s] -- Installing: /home/weng/work/humble_ws/install/custom_message/share/custom_message/local_setup.zsh
[2.295s] -- Installing: /home/weng/work/humble_ws/install/custom_message/share/custom_message/local_setup.dsv
[2.295s] -- Installing: /home/weng/work/humble_ws/install/custom_message/share/custom_message/package.dsv
[2.295s] -- Installing: /home/weng/work/humble_ws/install/custom_message/share/ament_index/resource_index/packages/custom_message
[2.295s] -- Installing: /home/weng/work/humble_ws/install/custom_message/share/custom_message/cmake/export_custom_message__rosidl_generator_cExport.cmake
[2.295s] -- Installing: /home/weng/work/humble_ws/install/custom_message/share/custom_message/cmake/export_custom_message__rosidl_generator_cExport-noconfig.cmake
[2.295s] -- Installing: /home/weng/work/humble_ws/install/custom_message/share/custom_message/cmake/export_custom_message__rosidl_typesupport_fastrtps_cExport.cmake
[2.295s] -- Installing: /home/weng/work/humble_ws/install/custom_message/share/custom_message/cmake/export_custom_message__rosidl_typesupport_fastrtps_cExport-noconfig.cmake
[2.295s] -- Installing: /home/weng/work/humble_ws/install/custom_message/share/custom_message/cmake/export_custom_message__rosidl_generator_cppExport.cmake
[2.295s] -- Installing: /home/weng/work/humble_ws/install/custom_message/share/custom_message/cmake/export_custom_message__rosidl_typesupport_fastrtps_cppExport.cmake
[2.295s] -- Installing: /home/weng/work/humble_ws/install/custom_message/share/custom_message/cmake/export_custom_message__rosidl_typesupport_fastrtps_cppExport-noconfig.cmake
[2.296s] -- Installing: /home/weng/work/humble_ws/install/custom_message/share/custom_message/cmake/custom_message__rosidl_typesupport_introspection_cExport.cmake
[2.296s] -- Installing: /home/weng/work/humble_ws/install/custom_message/share/custom_message/cmake/custom_message__rosidl_typesupport_introspection_cExport-noconfig.cmake
[2.296s] -- Installing: /home/weng/work/humble_ws/install/custom_message/share/custom_message/cmake/custom_message__rosidl_typesupport_cExport.cmake
[2.296s] -- Installing: /home/weng/work/humble_ws/install/custom_message/share/custom_message/cmake/custom_message__rosidl_typesupport_cExport-noconfig.cmake
[2.296s] -- Installing: /home/weng/work/humble_ws/install/custom_message/share/custom_message/cmake/custom_message__rosidl_typesupport_introspection_cppExport.cmake
[2.296s] -- Installing: /home/weng/work/humble_ws/install/custom_message/share/custom_message/cmake/custom_message__rosidl_typesupport_introspection_cppExport-noconfig.cmake
[2.296s] -- Installing: /home/weng/work/humble_ws/install/custom_message/share/custom_message/cmake/custom_message__rosidl_typesupport_cppExport.cmake
[2.296s] -- Installing: /home/weng/work/humble_ws/install/custom_message/share/custom_message/cmake/custom_message__rosidl_typesupport_cppExport-noconfig.cmake
[2.296s] -- Installing: /home/weng/work/humble_ws/install/custom_message/share/custom_message/cmake/export_custom_message__rosidl_generator_pyExport.cmake
[2.296s] -- Installing: /home/weng/work/humble_ws/install/custom_message/share/custom_message/cmake/export_custom_message__rosidl_generator_pyExport-noconfig.cmake
[2.296s] -- Installing: /home/weng/work/humble_ws/install/custom_message/share/custom_message/cmake/rosidl_cmake-extras.cmake
[2.296s] -- Installing: /home/weng/work/humble_ws/install/custom_message/share/custom_message/cmake/ament_cmake_export_dependencies-extras.cmake
[2.296s] -- Installing: /home/weng/work/humble_ws/install/custom_message/share/custom_message/cmake/ament_cmake_export_include_directories-extras.cmake
[2.297s] -- Installing: /home/weng/work/humble_ws/install/custom_message/share/custom_message/cmake/ament_cmake_export_libraries-extras.cmake
[2.297s] -- Installing: /home/weng/work/humble_ws/install/custom_message/share/custom_message/cmake/ament_cmake_export_targets-extras.cmake
[2.297s] -- Installing: /home/weng/work/humble_ws/install/custom_message/share/custom_message/cmake/rosidl_cmake_export_typesupport_targets-extras.cmake
[2.297s] -- Installing: /home/weng/work/humble_ws/install/custom_message/share/custom_message/cmake/rosidl_cmake_export_typesupport_libraries-extras.cmake
[2.297s] -- Installing: /home/weng/work/humble_ws/install/custom_message/share/custom_message/cmake/custom_messageConfig.cmake
[2.297s] -- Installing: /home/weng/work/humble_ws/install/custom_message/share/custom_message/cmake/custom_messageConfig-version.cmake
[2.297s] -- Installing: /home/weng/work/humble_ws/install/custom_message/share/custom_message/package.xml
[2.299s] Invoked command in '/home/weng/work/humble_ws/build/custom_message' returned '0': CMAKE_PREFIX_PATH=/opt/ros/humble /usr/bin/cmake --install /home/weng/work/humble_ws/build/custom_message
