[0.916s] Invoking command in '/home/weng/work/humble_ws/src/turtlebot3/turtlebot3_teleop': PYTHONPATH=/home/weng/work/humble_ws/build/turtlebot3_teleop/prefix_override:/home/weng/work/humble_ws/install/turtlebot3_teleop/lib/python3.10/site-packages:${PYTHONPATH} /usr/bin/python3 setup.py egg_info --egg-base ../../../build/turtlebot3_teleop build --build-base /home/weng/work/humble_ws/build/turtlebot3_teleop/build install --record /home/weng/work/humble_ws/build/turtlebot3_teleop/install.log --single-version-externally-managed
[1.015s] running egg_info
[1.016s] writing ../../../build/turtlebot3_teleop/turtlebot3_teleop.egg-info/PKG-INFO
[1.016s] writing dependency_links to ../../../build/turtlebot3_teleop/turtlebot3_teleop.egg-info/dependency_links.txt
[1.016s] writing entry points to ../../../build/turtlebot3_teleop/turtlebot3_teleop.egg-info/entry_points.txt
[1.016s] writing requirements to ../../../build/turtlebot3_teleop/turtlebot3_teleop.egg-info/requires.txt
[1.016s] writing top-level names to ../../../build/turtlebot3_teleop/turtlebot3_teleop.egg-info/top_level.txt
[1.017s] reading manifest file '../../../build/turtlebot3_teleop/turtlebot3_teleop.egg-info/SOURCES.txt'
[1.017s] writing manifest file '../../../build/turtlebot3_teleop/turtlebot3_teleop.egg-info/SOURCES.txt'
[1.017s] running build
[1.017s] running build_py
[1.017s] running install
[1.018s] running install_lib
[1.018s] /usr/lib/python3/dist-packages/setuptools/command/install.py:34: SetuptoolsDeprecationWarning: setup.py install is deprecated. Use build and pip and other standards-based tools.
[1.018s]   warnings.warn(
[1.018s] running install_data
[1.018s] running install_egg_info
[1.019s] removing '/home/weng/work/humble_ws/install/turtlebot3_teleop/lib/python3.10/site-packages/turtlebot3_teleop-2.1.5-py3.10.egg-info' (and everything under it)
[1.019s] Copying ../../../build/turtlebot3_teleop/turtlebot3_teleop.egg-info to /home/weng/work/humble_ws/install/turtlebot3_teleop/lib/python3.10/site-packages/turtlebot3_teleop-2.1.5-py3.10.egg-info
[1.019s] running install_scripts
[1.029s] Installing teleop_keyboard script to /home/weng/work/humble_ws/install/turtlebot3_teleop/lib/turtlebot3_teleop
[1.029s] writing list of installed files to '/home/weng/work/humble_ws/build/turtlebot3_teleop/install.log'
[1.141s] Invoked command in '/home/weng/work/humble_ws/src/turtlebot3/turtlebot3_teleop' returned '0': PYTHONPATH=/home/weng/work/humble_ws/build/turtlebot3_teleop/prefix_override:/home/weng/work/humble_ws/install/turtlebot3_teleop/lib/python3.10/site-packages:${PYTHONPATH} /usr/bin/python3 setup.py egg_info --egg-base ../../../build/turtlebot3_teleop build --build-base /home/weng/work/humble_ws/build/turtlebot3_teleop/build install --record /home/weng/work/humble_ws/build/turtlebot3_teleop/install.log --single-version-externally-managed
