[0.287s] Invoking command in '/home/weng/work/humble_ws/build/environment_pkg': CMAKE_PREFIX_PATH=${CMAKE_PREFIX_PATH}:/home/weng/work/humble_ws/install/wit_ros2_imu:/home/weng/work/humble_ws/install/turtlebot3_teleop:/home/weng/work/humble_ws/install/turtlebot3_example:/home/weng/work/humble_ws/install/isaac_ros_navigation_goal:/opt/ros/humble /usr/bin/cmake --build /home/weng/work/humble_ws/build/environment_pkg -- -j24 -l24
[0.567s] Invoked command in '/home/weng/work/humble_ws/build/environment_pkg' returned '0': CMAKE_PREFIX_PATH=${CMAKE_PREFIX_PATH}:/home/weng/work/humble_ws/install/wit_ros2_imu:/home/weng/work/humble_ws/install/turtlebot3_teleop:/home/weng/work/humble_ws/install/turtlebot3_example:/home/weng/work/humble_ws/install/isaac_ros_navigation_goal:/opt/ros/humble /usr/bin/cmake --build /home/weng/work/humble_ws/build/environment_pkg -- -j24 -l24
[0.588s] Invoking command in '/home/weng/work/humble_ws/build/environment_pkg': CMAKE_PREFIX_PATH=${CMAKE_PREFIX_PATH}:/home/weng/work/humble_ws/install/wit_ros2_imu:/home/weng/work/humble_ws/install/turtlebot3_teleop:/home/weng/work/humble_ws/install/turtlebot3_example:/home/weng/work/humble_ws/install/isaac_ros_navigation_goal:/opt/ros/humble /usr/bin/cmake --install /home/weng/work/humble_ws/build/environment_pkg
[0.599s] -- Install configuration: ""
[0.599s] -- Up-to-date: /home/weng/work/humble_ws/install/environment_pkg/share/ament_index/resource_index/package_run_dependencies/environment_pkg
[0.599s] -- Up-to-date: /home/weng/work/humble_ws/install/environment_pkg/share/ament_index/resource_index/parent_prefix_path/environment_pkg
[0.599s] -- Up-to-date: /home/weng/work/humble_ws/install/environment_pkg/share/environment_pkg/environment/ament_prefix_path.sh
[0.599s] -- Up-to-date: /home/weng/work/humble_ws/install/environment_pkg/share/environment_pkg/environment/ament_prefix_path.dsv
[0.599s] -- Up-to-date: /home/weng/work/humble_ws/install/environment_pkg/share/environment_pkg/environment/path.sh
[0.599s] -- Up-to-date: /home/weng/work/humble_ws/install/environment_pkg/share/environment_pkg/environment/path.dsv
[0.599s] -- Up-to-date: /home/weng/work/humble_ws/install/environment_pkg/share/environment_pkg/local_setup.bash
[0.599s] -- Up-to-date: /home/weng/work/humble_ws/install/environment_pkg/share/environment_pkg/local_setup.sh
[0.599s] -- Up-to-date: /home/weng/work/humble_ws/install/environment_pkg/share/environment_pkg/local_setup.zsh
[0.599s] -- Up-to-date: /home/weng/work/humble_ws/install/environment_pkg/share/environment_pkg/local_setup.dsv
[0.599s] -- Up-to-date: /home/weng/work/humble_ws/install/environment_pkg/share/environment_pkg/package.dsv
[0.599s] -- Up-to-date: /home/weng/work/humble_ws/install/environment_pkg/share/ament_index/resource_index/packages/environment_pkg
[0.599s] -- Up-to-date: /home/weng/work/humble_ws/install/environment_pkg/share/environment_pkg/cmake/environment_pkgConfig.cmake
[0.599s] -- Up-to-date: /home/weng/work/humble_ws/install/environment_pkg/share/environment_pkg/cmake/environment_pkgConfig-version.cmake
[0.599s] -- Up-to-date: /home/weng/work/humble_ws/install/environment_pkg/share/environment_pkg/package.xml
[0.710s] Invoked command in '/home/weng/work/humble_ws/build/environment_pkg' returned '0': CMAKE_PREFIX_PATH=${CMAKE_PREFIX_PATH}:/home/weng/work/humble_ws/install/wit_ros2_imu:/home/weng/work/humble_ws/install/turtlebot3_teleop:/home/weng/work/humble_ws/install/turtlebot3_example:/home/weng/work/humble_ws/install/isaac_ros_navigation_goal:/opt/ros/humble /usr/bin/cmake --install /home/weng/work/humble_ws/build/environment_pkg
