[0.085s] Invoking command in '/home/weng/work/build/realsense2_camera': AMENT_PREFIX_PATH=/home/weng/work/install/realsense2_camera_msgs:${AMENT_PREFIX_PATH} CMAKE_PREFIX_PATH=/home/weng/work/install/realsense2_camera_msgs:/opt/ros/humble LD_LIBRARY_PATH=/home/weng/work/install/realsense2_camera_msgs/lib:${LD_LIBRARY_PATH} PYTHONPATH=/home/weng/work/install/realsense2_camera_msgs/local/lib/python3.10/dist-packages:${PYTHONPATH} /usr/local/bin/cmake /home/weng/work/src/realsense-ros/realsense2_camera -DCMAKE_INSTALL_PREFIX=/home/weng/work/install/realsense2_camera
[0.154s] -- The C compiler identification is GNU 11.4.0
[0.209s] -- The CXX compiler identification is GNU 11.4.0
[0.226s] -- Detecting C compiler ABI info
[0.292s] -- Detecting C compiler ABI info - done
[0.308s] -- Check for working C compiler: /usr/bin/cc - skipped
[0.308s] -- Detecting C compile features
[0.309s] -- Detecting C compile features - done
[0.319s] -- Detecting CXX compiler ABI info
[0.400s] -- Detecting CXX compiler ABI info - done
[0.416s] -- Check for working CXX compiler: /usr/bin/c++ - skipped
[0.417s] -- Detecting CXX compile features
[0.418s] -- Detecting CXX compile features - done
[0.419s] -- Create Release Build.
[0.423s] -- Found ament_cmake: 1.3.6 (/opt/ros/humble/share/ament_cmake/cmake)
[0.844s] -- Found Python3: /usr/bin/python3.10 (found version "3.10.12") found components: Interpreter 
[0.934s] -- Found builtin_interfaces: 1.2.1 (/opt/ros/humble/share/builtin_interfaces/cmake)
[0.978s] -- Found rosidl_generator_c: 3.1.5 (/opt/ros/humble/share/rosidl_generator_c/cmake)
[0.984s] -- Found rosidl_adapter: 3.1.5 (/opt/ros/humble/share/rosidl_adapter/cmake)
[0.996s] -- Found rosidl_generator_cpp: 3.1.5 (/opt/ros/humble/share/rosidl_generator_cpp/cmake)
[1.014s] -- Using all available rosidl_typesupport_c: rosidl_typesupport_fastrtps_c;rosidl_typesupport_introspection_c
[1.039s] -- Using all available rosidl_typesupport_cpp: rosidl_typesupport_fastrtps_cpp;rosidl_typesupport_introspection_cpp
[1.074s] -- Found cv_bridge: 3.2.1 (/opt/ros/humble/share/cv_bridge/cmake)
[1.349s] -- Found image_transport: 3.1.7 (/opt/ros/humble/share/image_transport/cmake)
[1.436s] -- Found rmw_implementation_cmake: 6.1.1 (/opt/ros/humble/share/rmw_implementation_cmake/cmake)
[1.440s] -- Found rmw_fastrtps_cpp: 6.2.5 (/opt/ros/humble/share/rmw_fastrtps_cpp/cmake)
[1.565s] -- Found OpenSSL: /usr/lib/x86_64-linux-gnu/libcrypto.so (found version "3.0.2")  
[1.603s] -- Found FastRTPS: /opt/ros/humble/include  
[1.673s] -- Using RMW implementation 'rmw_fastrtps_cpp' as default
[1.686s] -- Performing Test CMAKE_HAVE_LIBC_PTHREAD
[1.752s] -- Performing Test CMAKE_HAVE_LIBC_PTHREAD - Success
[1.754s] -- Found Threads: TRUE  
[1.971s] -- Found rclcpp_components: 16.0.7 (/opt/ros/humble/share/rclcpp_components/cmake)
[2.035s] -- Found realsense2_camera_msgs: 4.54.1 (/home/weng/work/install/realsense2_camera_msgs/share/realsense2_camera_msgs/cmake)
[2.142s] -- Found nav_msgs: 4.2.3 (/opt/ros/humble/share/nav_msgs/cmake)
[2.233s] -- Found tf2_ros: 0.25.5 (/opt/ros/humble/share/tf2_ros/cmake)
[2.538s] [31mCMake Error at CMakeLists.txt:117 (find_package):
[2.538s]   By not providing "Finddiagnostic_updater.cmake" in CMAKE_MODULE_PATH this
[2.539s]   project has asked CMake to find a package configuration file provided by
[2.539s]   "diagnostic_updater", but CMake did not find one.
[2.539s] 
[2.539s]   Could not find a package configuration file provided by
[2.539s]   "diagnostic_updater" with any of the following names:
[2.539s] 
[2.539s]     diagnostic_updaterConfig.cmake
[2.539s]     diagnostic_updater-config.cmake
[2.539s] 
[2.539s]   Add the installation prefix of "diagnostic_updater" to CMAKE_PREFIX_PATH or
[2.539s]   set "diagnostic_updater_DIR" to a directory containing one of the above
[2.539s]   files.  If "diagnostic_updater" provides a separate development package or
[2.539s]   SDK, be sure it has been installed.
[2.539s] 
[2.539s] [0m
[2.539s] -- Configuring incomplete, errors occurred!
