[0.361s] Invoking command in '/home/weng/work/humble_ws/build/isaac_tutorials': CMAKE_PREFIX_PATH=${CMAKE_PREFIX_PATH}:/home/weng/work/humble_ws/install/wit_ros2_imu:/home/weng/work/humble_ws/install/turtlebot3_teleop:/home/weng/work/humble_ws/install/turtlebot3_example:/home/weng/work/humble_ws/install/isaac_ros_navigation_goal:/opt/ros/humble /usr/bin/cmake --build /home/weng/work/humble_ws/build/isaac_tutorials -- -j24 -l24
[0.499s] Invoked command in '/home/weng/work/humble_ws/build/isaac_tutorials' returned '0': CMAKE_PREFIX_PATH=${CMAKE_PREFIX_PATH}:/home/weng/work/humble_ws/install/wit_ros2_imu:/home/weng/work/humble_ws/install/turtlebot3_teleop:/home/weng/work/humble_ws/install/turtlebot3_example:/home/weng/work/humble_ws/install/isaac_ros_navigation_goal:/opt/ros/humble /usr/bin/cmake --build /home/weng/work/humble_ws/build/isaac_tutorials -- -j24 -l24
[0.526s] Invoking command in '/home/weng/work/humble_ws/build/isaac_tutorials': CMAKE_PREFIX_PATH=${CMAKE_PREFIX_PATH}:/home/weng/work/humble_ws/install/wit_ros2_imu:/home/weng/work/humble_ws/install/turtlebot3_teleop:/home/weng/work/humble_ws/install/turtlebot3_example:/home/weng/work/humble_ws/install/isaac_ros_navigation_goal:/opt/ros/humble /usr/bin/cmake --install /home/weng/work/humble_ws/build/isaac_tutorials
[0.529s] -- Install configuration: ""
[0.529s] -- Up-to-date: /home/weng/work/humble_ws/install/isaac_tutorials/share/isaac_tutorials/rviz2
[0.529s] -- Up-to-date: /home/weng/work/humble_ws/install/isaac_tutorials/share/isaac_tutorials/rviz2/rtx_lidar.rviz
[0.529s] -- Up-to-date: /home/weng/work/humble_ws/install/isaac_tutorials/share/isaac_tutorials/rviz2/turtle_stereo.rviz
[0.529s] -- Up-to-date: /home/weng/work/humble_ws/install/isaac_tutorials/share/isaac_tutorials/rviz2/carter_stereo.rviz
[0.529s] -- Up-to-date: /home/weng/work/humble_ws/install/isaac_tutorials/share/isaac_tutorials/rviz2/camera_manual.rviz
[0.529s] -- Up-to-date: /home/weng/work/humble_ws/install/isaac_tutorials/share/isaac_tutorials/rviz2/camera_lidar.rviz
[0.529s] -- Up-to-date: /home/weng/work/humble_ws/install/isaac_tutorials/share/isaac_tutorials/scripts
[0.529s] -- Up-to-date: /home/weng/work/humble_ws/install/isaac_tutorials/share/isaac_tutorials/scripts/ros2_publisher.py
[0.529s] -- Up-to-date: /home/weng/work/humble_ws/install/isaac_tutorials/lib/isaac_tutorials/ros2_publisher.py
[0.529s] -- Up-to-date: /home/weng/work/humble_ws/install/isaac_tutorials/share/ament_index/resource_index/package_run_dependencies/isaac_tutorials
[0.529s] -- Up-to-date: /home/weng/work/humble_ws/install/isaac_tutorials/share/ament_index/resource_index/parent_prefix_path/isaac_tutorials
[0.529s] -- Up-to-date: /home/weng/work/humble_ws/install/isaac_tutorials/share/isaac_tutorials/environment/ament_prefix_path.sh
[0.529s] -- Up-to-date: /home/weng/work/humble_ws/install/isaac_tutorials/share/isaac_tutorials/environment/ament_prefix_path.dsv
[0.529s] -- Up-to-date: /home/weng/work/humble_ws/install/isaac_tutorials/share/isaac_tutorials/environment/path.sh
[0.529s] -- Up-to-date: /home/weng/work/humble_ws/install/isaac_tutorials/share/isaac_tutorials/environment/path.dsv
[0.529s] -- Up-to-date: /home/weng/work/humble_ws/install/isaac_tutorials/share/isaac_tutorials/local_setup.bash
[0.529s] -- Up-to-date: /home/weng/work/humble_ws/install/isaac_tutorials/share/isaac_tutorials/local_setup.sh
[0.529s] -- Up-to-date: /home/weng/work/humble_ws/install/isaac_tutorials/share/isaac_tutorials/local_setup.zsh
[0.529s] -- Up-to-date: /home/weng/work/humble_ws/install/isaac_tutorials/share/isaac_tutorials/local_setup.dsv
[0.529s] -- Up-to-date: /home/weng/work/humble_ws/install/isaac_tutorials/share/isaac_tutorials/package.dsv
[0.529s] -- Up-to-date: /home/weng/work/humble_ws/install/isaac_tutorials/share/ament_index/resource_index/packages/isaac_tutorials
[0.529s] -- Up-to-date: /home/weng/work/humble_ws/install/isaac_tutorials/share/isaac_tutorials/cmake/isaac_tutorialsConfig.cmake
[0.529s] -- Up-to-date: /home/weng/work/humble_ws/install/isaac_tutorials/share/isaac_tutorials/cmake/isaac_tutorialsConfig-version.cmake
[0.529s] -- Up-to-date: /home/weng/work/humble_ws/install/isaac_tutorials/share/isaac_tutorials/package.xml
[0.598s] Invoked command in '/home/weng/work/humble_ws/build/isaac_tutorials' returned '0': CMAKE_PREFIX_PATH=${CMAKE_PREFIX_PATH}:/home/weng/work/humble_ws/install/wit_ros2_imu:/home/weng/work/humble_ws/install/turtlebot3_teleop:/home/weng/work/humble_ws/install/turtlebot3_example:/home/weng/work/humble_ws/install/isaac_ros_navigation_goal:/opt/ros/humble /usr/bin/cmake --install /home/weng/work/humble_ws/build/isaac_tutorials
