[0.624s] Invoking command in '/home/weng/work/humble_ws/src/navigation/isaac_ros_navigation_goal': PYTHONPATH=/home/weng/work/humble_ws/build/isaac_ros_navigation_goal/prefix_override:/home/weng/work/humble_ws/install/isaac_ros_navigation_goal/lib/python3.10/site-packages:${PYTHONPATH} /usr/bin/python3 setup.py egg_info --egg-base ../../../build/isaac_ros_navigation_goal build --build-base /home/weng/work/humble_ws/build/isaac_ros_navigation_goal/build install --record /home/weng/work/humble_ws/build/isaac_ros_navigation_goal/install.log --single-version-externally-managed
[0.725s] running egg_info
[0.725s] writing ../../../build/isaac_ros_navigation_goal/isaac_ros_navigation_goal.egg-info/PKG-INFO
[0.725s] writing dependency_links to ../../../build/isaac_ros_navigation_goal/isaac_ros_navigation_goal.egg-info/dependency_links.txt
[0.725s] writing entry points to ../../../build/isaac_ros_navigation_goal/isaac_ros_navigation_goal.egg-info/entry_points.txt
[0.725s] writing requirements to ../../../build/isaac_ros_navigation_goal/isaac_ros_navigation_goal.egg-info/requires.txt
[0.725s] writing top-level names to ../../../build/isaac_ros_navigation_goal/isaac_ros_navigation_goal.egg-info/top_level.txt
[0.726s] reading manifest file '../../../build/isaac_ros_navigation_goal/isaac_ros_navigation_goal.egg-info/SOURCES.txt'
[0.726s] writing manifest file '../../../build/isaac_ros_navigation_goal/isaac_ros_navigation_goal.egg-info/SOURCES.txt'
[0.726s] running build
[0.726s] running build_py
[0.726s] running install
[0.727s] running install_lib
[0.727s] running install_data
[0.727s] running install_egg_info
[0.728s] removing '/home/weng/work/humble_ws/install/isaac_ros_navigation_goal/lib/python3.10/site-packages/isaac_ros_navigation_goal-0.0.1-py3.10.egg-info' (and everything under it)
[0.728s] Copying ../../../build/isaac_ros_navigation_goal/isaac_ros_navigation_goal.egg-info to /home/weng/work/humble_ws/install/isaac_ros_navigation_goal/lib/python3.10/site-packages/isaac_ros_navigation_goal-0.0.1-py3.10.egg-info
[0.729s] running install_scripts
[0.738s] Installing SetNavigationGoal script to /home/weng/work/humble_ws/install/isaac_ros_navigation_goal/lib/isaac_ros_navigation_goal
[0.738s] writing list of installed files to '/home/weng/work/humble_ws/build/isaac_ros_navigation_goal/install.log'
[0.890s] Invoked command in '/home/weng/work/humble_ws/src/navigation/isaac_ros_navigation_goal' returned '0': PYTHONPATH=/home/weng/work/humble_ws/build/isaac_ros_navigation_goal/prefix_override:/home/weng/work/humble_ws/install/isaac_ros_navigation_goal/lib/python3.10/site-packages:${PYTHONPATH} /usr/bin/python3 setup.py egg_info --egg-base ../../../build/isaac_ros_navigation_goal build --build-base /home/weng/work/humble_ws/build/isaac_ros_navigation_goal/build install --record /home/weng/work/humble_ws/build/isaac_ros_navigation_goal/install.log --single-version-externally-managed
