[0.103s] Invoking command in '/home/weng/work/humble_ws/build/realsense2_description': CMAKE_PREFIX_PATH=/home/weng/work/humble_ws/install/realsense2_camera_msgs:/home/weng/work/humble_ws/install/turtlebot3:/home/weng/work/humble_ws/install/turtlebot3_bringup:/home/weng/work/humble_ws/install/turtlebot3_node:/home/weng/work/humble_ws/install/turtlebot3_navigation2:/home/weng/work/humble_ws/install/turtlebot3_msgs:/home/weng/work/humble_ws/install/turtlebot3_description:/home/weng/work/humble_ws/install/turtlebot3_cartographer:/home/weng/work/humble_ws/install/realsense2_description:/home/weng/work/humble_ws/install/realsense2_camera:/home/weng/work/humble_ws/install/isaac_tutorials:/home/weng/work/humble_ws/install/isaac_ros2_messages:/home/weng/work/humble_ws/install/environment_pkg:/home/weng/work/humble_ws/install/custom_message:/home/weng/work/humble_ws/install/carter_navigation:/home/weng/work/humble_ws/install/wit_ros2_imu:/home/weng/work/humble_ws/install/turtlebot3_teleop:/home/weng/work/humble_ws/install/turtlebot3_example:/home/weng/work/humble_ws/install/isaac_ros_navigation_goal:/opt/ros/humble LD_LIBRARY_PATH=/home/weng/work/humble_ws/install/realsense2_camera_msgs/lib:/home/weng/work/humble_ws/install/turtlebot3_msgs/lib:/home/weng/work/humble_ws/install/realsense2_camera/lib:/home/weng/work/humble_ws/install/isaac_ros2_messages/lib:/home/weng/work/humble_ws/install/custom_message/lib:/opt/ros/humble/opt/rviz_ogre_vendor/lib:/opt/ros/humble/lib/x86_64-linux-gnu:/opt/ros/humble/lib:/usr/local/nvidia/lib:/usr/local/nvidia/lib64 /usr/bin/cmake --build /home/weng/work/humble_ws/build/realsense2_description -- -j24 -l24
[0.239s] Invoked command in '/home/weng/work/humble_ws/build/realsense2_description' returned '0': CMAKE_PREFIX_PATH=/home/weng/work/humble_ws/install/realsense2_camera_msgs:/home/weng/work/humble_ws/install/turtlebot3:/home/weng/work/humble_ws/install/turtlebot3_bringup:/home/weng/work/humble_ws/install/turtlebot3_node:/home/weng/work/humble_ws/install/turtlebot3_navigation2:/home/weng/work/humble_ws/install/turtlebot3_msgs:/home/weng/work/humble_ws/install/turtlebot3_description:/home/weng/work/humble_ws/install/turtlebot3_cartographer:/home/weng/work/humble_ws/install/realsense2_description:/home/weng/work/humble_ws/install/realsense2_camera:/home/weng/work/humble_ws/install/isaac_tutorials:/home/weng/work/humble_ws/install/isaac_ros2_messages:/home/weng/work/humble_ws/install/environment_pkg:/home/weng/work/humble_ws/install/custom_message:/home/weng/work/humble_ws/install/carter_navigation:/home/weng/work/humble_ws/install/wit_ros2_imu:/home/weng/work/humble_ws/install/turtlebot3_teleop:/home/weng/work/humble_ws/install/turtlebot3_example:/home/weng/work/humble_ws/install/isaac_ros_navigation_goal:/opt/ros/humble LD_LIBRARY_PATH=/home/weng/work/humble_ws/install/realsense2_camera_msgs/lib:/home/weng/work/humble_ws/install/turtlebot3_msgs/lib:/home/weng/work/humble_ws/install/realsense2_camera/lib:/home/weng/work/humble_ws/install/isaac_ros2_messages/lib:/home/weng/work/humble_ws/install/custom_message/lib:/opt/ros/humble/opt/rviz_ogre_vendor/lib:/opt/ros/humble/lib/x86_64-linux-gnu:/opt/ros/humble/lib:/usr/local/nvidia/lib:/usr/local/nvidia/lib64 /usr/bin/cmake --build /home/weng/work/humble_ws/build/realsense2_description -- -j24 -l24
[0.251s] Invoking command in '/home/weng/work/humble_ws/build/realsense2_description': CMAKE_PREFIX_PATH=/home/weng/work/humble_ws/install/realsense2_camera_msgs:/home/weng/work/humble_ws/install/turtlebot3:/home/weng/work/humble_ws/install/turtlebot3_bringup:/home/weng/work/humble_ws/install/turtlebot3_node:/home/weng/work/humble_ws/install/turtlebot3_navigation2:/home/weng/work/humble_ws/install/turtlebot3_msgs:/home/weng/work/humble_ws/install/turtlebot3_description:/home/weng/work/humble_ws/install/turtlebot3_cartographer:/home/weng/work/humble_ws/install/realsense2_description:/home/weng/work/humble_ws/install/realsense2_camera:/home/weng/work/humble_ws/install/isaac_tutorials:/home/weng/work/humble_ws/install/isaac_ros2_messages:/home/weng/work/humble_ws/install/environment_pkg:/home/weng/work/humble_ws/install/custom_message:/home/weng/work/humble_ws/install/carter_navigation:/home/weng/work/humble_ws/install/wit_ros2_imu:/home/weng/work/humble_ws/install/turtlebot3_teleop:/home/weng/work/humble_ws/install/turtlebot3_example:/home/weng/work/humble_ws/install/isaac_ros_navigation_goal:/opt/ros/humble LD_LIBRARY_PATH=/home/weng/work/humble_ws/install/realsense2_camera_msgs/lib:/home/weng/work/humble_ws/install/turtlebot3_msgs/lib:/home/weng/work/humble_ws/install/realsense2_camera/lib:/home/weng/work/humble_ws/install/isaac_ros2_messages/lib:/home/weng/work/humble_ws/install/custom_message/lib:/opt/ros/humble/opt/rviz_ogre_vendor/lib:/opt/ros/humble/lib/x86_64-linux-gnu:/opt/ros/humble/lib:/usr/local/nvidia/lib:/usr/local/nvidia/lib64 /usr/bin/cmake --install /home/weng/work/humble_ws/build/realsense2_description
[0.255s] -- Install configuration: ""
[0.255s] -- Up-to-date: /home/weng/work/humble_ws/install/realsense2_description/share/realsense2_description/launch
[0.255s] -- Up-to-date: /home/weng/work/humble_ws/install/realsense2_description/share/realsense2_description/launch/view_model.launch.py
[0.255s] -- Up-to-date: /home/weng/work/humble_ws/install/realsense2_description/share/realsense2_description/launch/launch_utils.py
[0.255s] -- Up-to-date: /home/weng/work/humble_ws/install/realsense2_description/share/realsense2_description/meshes
[0.256s] -- Up-to-date: /home/weng/work/humble_ws/install/realsense2_description/share/realsense2_description/meshes/d415.stl
[0.256s] -- Up-to-date: /home/weng/work/humble_ws/install/realsense2_description/share/realsense2_description/meshes/plug_collision.stl
[0.256s] -- Up-to-date: /home/weng/work/humble_ws/install/realsense2_description/share/realsense2_description/meshes/d405.stl
[0.256s] -- Up-to-date: /home/weng/work/humble_ws/install/realsense2_description/share/realsense2_description/meshes/d455.stl
[0.256s] -- Up-to-date: /home/weng/work/humble_ws/install/realsense2_description/share/realsense2_description/meshes/d435.dae
[0.256s] -- Up-to-date: /home/weng/work/humble_ws/install/realsense2_description/share/realsense2_description/meshes/l515.dae
[0.256s] -- Up-to-date: /home/weng/work/humble_ws/install/realsense2_description/share/realsense2_description/meshes/plug.stl
[0.256s] -- Up-to-date: /home/weng/work/humble_ws/install/realsense2_description/share/realsense2_description/rviz
[0.256s] -- Up-to-date: /home/weng/work/humble_ws/install/realsense2_description/share/realsense2_description/rviz/urdf.rviz
[0.256s] -- Up-to-date: /home/weng/work/humble_ws/install/realsense2_description/share/realsense2_description/urdf
[0.257s] -- Up-to-date: /home/weng/work/humble_ws/install/realsense2_description/share/realsense2_description/urdf/_d435i.urdfc.xacro
[0.257s] -- Up-to-date: /home/weng/work/humble_ws/install/realsense2_description/share/realsense2_description/urdf/test_r410_camera.urdf.xacro
[0.257s] -- Up-to-date: /home/weng/work/humble_ws/install/realsense2_description/share/realsense2_description/urdf/test_r430_camera.urdf.xacro
[0.257s] -- Up-to-date: /home/weng/work/humble_ws/install/realsense2_description/share/realsense2_description/urdf/_d435i.urdf.xacro
[0.257s] -- Up-to-date: /home/weng/work/humble_ws/install/realsense2_description/share/realsense2_description/urdf/test_d415_camera.urdf.xacro
[0.257s] -- Up-to-date: /home/weng/work/humble_ws/install/realsense2_description/share/realsense2_description/urdf/_materials.urdf.xacro
[0.257s] -- Up-to-date: /home/weng/work/humble_ws/install/realsense2_description/share/realsense2_description/urdf/test_d435_camera.urdf.xacro
[0.257s] -- Up-to-date: /home/weng/work/humble_ws/install/realsense2_description/share/realsense2_description/urdf/_d405.urdf.xacro
[0.258s] -- Up-to-date: /home/weng/work/humble_ws/install/realsense2_description/share/realsense2_description/urdf/test_d455_camera.urdf.xacro
[0.258s] -- Up-to-date: /home/weng/work/humble_ws/install/realsense2_description/share/realsense2_description/urdf/_r430.urdf.xacro
[0.258s] -- Up-to-date: /home/weng/work/humble_ws/install/realsense2_description/share/realsense2_description/urdf/_usb_plug.urdf.xacro
[0.258s] -- Up-to-date: /home/weng/work/humble_ws/install/realsense2_description/share/realsense2_description/urdf/test_d435_multiple_cameras.urdf.xacro
[0.258s] -- Up-to-date: /home/weng/work/humble_ws/install/realsense2_description/share/realsense2_description/urdf/test_d405_camera.urdf.xacro
[0.258s] -- Up-to-date: /home/weng/work/humble_ws/install/realsense2_description/share/realsense2_description/urdf/_d435i_imu_modules.urdf.xacro
[0.258s] -- Up-to-date: /home/weng/work/humble_ws/install/realsense2_description/share/realsense2_description/urdf/_d455.urdf.xacro
[0.258s] -- Up-to-date: /home/weng/work/humble_ws/install/realsense2_description/share/realsense2_description/urdf/_d415.urdf.xacro
[0.258s] -- Up-to-date: /home/weng/work/humble_ws/install/realsense2_description/share/realsense2_description/urdf/_d435.urdf.xacro
[0.258s] -- Up-to-date: /home/weng/work/humble_ws/install/realsense2_description/share/realsense2_description/urdf/test_d435i_camera.urdf.xacro
[0.258s] -- Up-to-date: /home/weng/work/humble_ws/install/realsense2_description/share/realsense2_description/urdf/_r410.urdf.xacro
[0.259s] -- Up-to-date: /home/weng/work/humble_ws/install/realsense2_description/share/ament_index/resource_index/package_run_dependencies/realsense2_description
[0.259s] -- Up-to-date: /home/weng/work/humble_ws/install/realsense2_description/share/ament_index/resource_index/parent_prefix_path/realsense2_description
[0.259s] -- Up-to-date: /home/weng/work/humble_ws/install/realsense2_description/share/realsense2_description/environment/ament_prefix_path.sh
[0.259s] -- Up-to-date: /home/weng/work/humble_ws/install/realsense2_description/share/realsense2_description/environment/ament_prefix_path.dsv
[0.259s] -- Up-to-date: /home/weng/work/humble_ws/install/realsense2_description/share/realsense2_description/environment/path.sh
[0.259s] -- Up-to-date: /home/weng/work/humble_ws/install/realsense2_description/share/realsense2_description/environment/path.dsv
[0.259s] -- Up-to-date: /home/weng/work/humble_ws/install/realsense2_description/share/realsense2_description/local_setup.bash
[0.259s] -- Up-to-date: /home/weng/work/humble_ws/install/realsense2_description/share/realsense2_description/local_setup.sh
[0.259s] -- Up-to-date: /home/weng/work/humble_ws/install/realsense2_description/share/realsense2_description/local_setup.zsh
[0.259s] -- Up-to-date: /home/weng/work/humble_ws/install/realsense2_description/share/realsense2_description/local_setup.dsv
[0.260s] -- Up-to-date: /home/weng/work/humble_ws/install/realsense2_description/share/realsense2_description/package.dsv
[0.260s] -- Up-to-date: /home/weng/work/humble_ws/install/realsense2_description/share/ament_index/resource_index/packages/realsense2_description
[0.260s] -- Up-to-date: /home/weng/work/humble_ws/install/realsense2_description/share/realsense2_description/cmake/realsense2_descriptionConfig.cmake
[0.260s] -- Up-to-date: /home/weng/work/humble_ws/install/realsense2_description/share/realsense2_description/cmake/realsense2_descriptionConfig-version.cmake
[0.260s] -- Up-to-date: /home/weng/work/humble_ws/install/realsense2_description/share/realsense2_description/package.xml
[0.260s] Invoked command in '/home/weng/work/humble_ws/build/realsense2_description' returned '0': CMAKE_PREFIX_PATH=/home/weng/work/humble_ws/install/realsense2_camera_msgs:/home/weng/work/humble_ws/install/turtlebot3:/home/weng/work/humble_ws/install/turtlebot3_bringup:/home/weng/work/humble_ws/install/turtlebot3_node:/home/weng/work/humble_ws/install/turtlebot3_navigation2:/home/weng/work/humble_ws/install/turtlebot3_msgs:/home/weng/work/humble_ws/install/turtlebot3_description:/home/weng/work/humble_ws/install/turtlebot3_cartographer:/home/weng/work/humble_ws/install/realsense2_description:/home/weng/work/humble_ws/install/realsense2_camera:/home/weng/work/humble_ws/install/isaac_tutorials:/home/weng/work/humble_ws/install/isaac_ros2_messages:/home/weng/work/humble_ws/install/environment_pkg:/home/weng/work/humble_ws/install/custom_message:/home/weng/work/humble_ws/install/carter_navigation:/home/weng/work/humble_ws/install/wit_ros2_imu:/home/weng/work/humble_ws/install/turtlebot3_teleop:/home/weng/work/humble_ws/install/turtlebot3_example:/home/weng/work/humble_ws/install/isaac_ros_navigation_goal:/opt/ros/humble LD_LIBRARY_PATH=/home/weng/work/humble_ws/install/realsense2_camera_msgs/lib:/home/weng/work/humble_ws/install/turtlebot3_msgs/lib:/home/weng/work/humble_ws/install/realsense2_camera/lib:/home/weng/work/humble_ws/install/isaac_ros2_messages/lib:/home/weng/work/humble_ws/install/custom_message/lib:/opt/ros/humble/opt/rviz_ogre_vendor/lib:/opt/ros/humble/lib/x86_64-linux-gnu:/opt/ros/humble/lib:/usr/local/nvidia/lib:/usr/local/nvidia/lib64 /usr/bin/cmake --install /home/weng/work/humble_ws/build/realsense2_description
