[0.249s] Invoking command in '/home/weng/work/humble_ws/build/carter_navigation': CMAKE_PREFIX_PATH=/opt/ros/humble /usr/bin/cmake /home/weng/work/humble_ws/src/navigation/carter_navigation -DCMAKE_INSTALL_PREFIX=/home/weng/work/humble_ws/install/carter_navigation
[0.548s] -- The C compiler identification is GNU 11.4.0
[0.548s] -- The CXX compiler identification is GNU 11.4.0
[0.549s] -- Detecting C compiler ABI info
[0.549s] -- Detecting C compiler ABI info - done
[0.549s] -- Check for working C compiler: /usr/bin/cc - skipped
[0.549s] -- Detecting C compile features
[0.549s] -- Detecting C compile features - done
[0.549s] -- Detecting CXX compiler ABI info
[0.549s] -- Detecting CXX compiler ABI info - done
[0.549s] -- Check for working CXX compiler: /usr/bin/c++ - skipped
[0.549s] -- Detecting CXX compile features
[0.549s] -- Detecting CXX compile features - done
[0.549s] -- Found ament_cmake: 1.3.8 (/opt/ros/humble/share/ament_cmake/cmake)
[0.549s] -- Found Python3: /usr/bin/python3 (found version "3.10.12") found components: Interpreter 
[0.570s] -- Configuring done
[0.572s] -- Generating done
[0.573s] -- Build files have been written to: /home/weng/work/humble_ws/build/carter_navigation
[0.576s] Invoked command in '/home/weng/work/humble_ws/build/carter_navigation' returned '0': CMAKE_PREFIX_PATH=/opt/ros/humble /usr/bin/cmake /home/weng/work/humble_ws/src/navigation/carter_navigation -DCMAKE_INSTALL_PREFIX=/home/weng/work/humble_ws/install/carter_navigation
[0.577s] Invoking command in '/home/weng/work/humble_ws/build/carter_navigation': CMAKE_PREFIX_PATH=/opt/ros/humble /usr/bin/cmake --build /home/weng/work/humble_ws/build/carter_navigation -- -j24 -l24
[0.647s] Invoked command in '/home/weng/work/humble_ws/build/carter_navigation' returned '0': CMAKE_PREFIX_PATH=/opt/ros/humble /usr/bin/cmake --build /home/weng/work/humble_ws/build/carter_navigation -- -j24 -l24
[0.725s] Invoking command in '/home/weng/work/humble_ws/build/carter_navigation': CMAKE_PREFIX_PATH=/opt/ros/humble /usr/bin/cmake --install /home/weng/work/humble_ws/build/carter_navigation
[0.752s] -- Install configuration: ""
[0.752s] -- Installing: /home/weng/work/humble_ws/install/carter_navigation/share/carter_navigation/launch
[0.752s] -- Installing: /home/weng/work/humble_ws/install/carter_navigation/share/carter_navigation/launch/multiple_robot_carter_navigation_office.launch.py
[0.752s] -- Installing: /home/weng/work/humble_ws/install/carter_navigation/share/carter_navigation/launch/carter_navigation.launch.py
[0.752s] -- Installing: /home/weng/work/humble_ws/install/carter_navigation/share/carter_navigation/launch/carter_navigation_individual.launch.py
[0.752s] -- Installing: /home/weng/work/humble_ws/install/carter_navigation/share/carter_navigation/launch/multiple_robot_carter_navigation_hospital.launch.py
[0.752s] -- Installing: /home/weng/work/humble_ws/install/carter_navigation/share/carter_navigation/params
[0.752s] -- Installing: /home/weng/work/humble_ws/install/carter_navigation/share/carter_navigation/params/carter_navigation_params.yaml
[0.752s] -- Installing: /home/weng/work/humble_ws/install/carter_navigation/share/carter_navigation/params/office
[0.752s] -- Installing: /home/weng/work/humble_ws/install/carter_navigation/share/carter_navigation/params/office/multi_robot_carter_navigation_params_2.yaml
[0.752s] -- Installing: /home/weng/work/humble_ws/install/carter_navigation/share/carter_navigation/params/office/multi_robot_carter_navigation_params_3.yaml
[0.752s] -- Installing: /home/weng/work/humble_ws/install/carter_navigation/share/carter_navigation/params/office/multi_robot_carter_navigation_params_1.yaml
[0.752s] -- Installing: /home/weng/work/humble_ws/install/carter_navigation/share/carter_navigation/params/hospital
[0.752s] -- Installing: /home/weng/work/humble_ws/install/carter_navigation/share/carter_navigation/params/hospital/multi_robot_carter_navigation_params_2.yaml
[0.753s] -- Installing: /home/weng/work/humble_ws/install/carter_navigation/share/carter_navigation/params/hospital/multi_robot_carter_navigation_params_3.yaml
[0.753s] -- Installing: /home/weng/work/humble_ws/install/carter_navigation/share/carter_navigation/params/hospital/multi_robot_carter_navigation_params_1.yaml
[0.753s] -- Installing: /home/weng/work/humble_ws/install/carter_navigation/share/carter_navigation/maps
[0.754s] -- Installing: /home/weng/work/humble_ws/install/carter_navigation/share/carter_navigation/maps/carter_warehouse_navigation.yaml
[0.754s] -- Installing: /home/weng/work/humble_ws/install/carter_navigation/share/carter_navigation/maps/carter_hospital_navigation.yaml
[0.754s] -- Installing: /home/weng/work/humble_ws/install/carter_navigation/share/carter_navigation/maps/carter_hospital_navigation.png
[0.754s] -- Installing: /home/weng/work/humble_ws/install/carter_navigation/share/carter_navigation/maps/carter_office_navigation.png
[0.755s] -- Installing: /home/weng/work/humble_ws/install/carter_navigation/share/carter_navigation/maps/carter_office_navigation.yaml
[0.755s] -- Installing: /home/weng/work/humble_ws/install/carter_navigation/share/carter_navigation/maps/carter_warehouse_navigation.png
[0.755s] -- Installing: /home/weng/work/humble_ws/install/carter_navigation/share/carter_navigation/rviz2
[0.755s] -- Installing: /home/weng/work/humble_ws/install/carter_navigation/share/carter_navigation/rviz2/carter_navigation_namespaced.rviz
[0.755s] -- Installing: /home/weng/work/humble_ws/install/carter_navigation/share/carter_navigation/rviz2/carter_navigation.rviz
[0.755s] -- Installing: /home/weng/work/humble_ws/install/carter_navigation/share/ament_index/resource_index/package_run_dependencies/carter_navigation
[0.755s] -- Installing: /home/weng/work/humble_ws/install/carter_navigation/share/ament_index/resource_index/parent_prefix_path/carter_navigation
[0.755s] -- Installing: /home/weng/work/humble_ws/install/carter_navigation/share/carter_navigation/environment/ament_prefix_path.sh
[0.755s] -- Installing: /home/weng/work/humble_ws/install/carter_navigation/share/carter_navigation/environment/ament_prefix_path.dsv
[0.755s] -- Installing: /home/weng/work/humble_ws/install/carter_navigation/share/carter_navigation/environment/path.sh
[0.755s] -- Installing: /home/weng/work/humble_ws/install/carter_navigation/share/carter_navigation/environment/path.dsv
[0.755s] -- Installing: /home/weng/work/humble_ws/install/carter_navigation/share/carter_navigation/local_setup.bash
[0.755s] -- Installing: /home/weng/work/humble_ws/install/carter_navigation/share/carter_navigation/local_setup.sh
[0.755s] -- Installing: /home/weng/work/humble_ws/install/carter_navigation/share/carter_navigation/local_setup.zsh
[0.755s] -- Installing: /home/weng/work/humble_ws/install/carter_navigation/share/carter_navigation/local_setup.dsv
[0.756s] -- Installing: /home/weng/work/humble_ws/install/carter_navigation/share/carter_navigation/package.dsv
[0.756s] -- Installing: /home/weng/work/humble_ws/install/carter_navigation/share/ament_index/resource_index/packages/carter_navigation
[0.756s] -- Installing: /home/weng/work/humble_ws/install/carter_navigation/share/carter_navigation/cmake/carter_navigationConfig.cmake
[0.756s] -- Installing: /home/weng/work/humble_ws/install/carter_navigation/share/carter_navigation/cmake/carter_navigationConfig-version.cmake
[0.756s] -- Installing: /home/weng/work/humble_ws/install/carter_navigation/share/carter_navigation/package.xml
[0.757s] Invoked command in '/home/weng/work/humble_ws/build/carter_navigation' returned '0': CMAKE_PREFIX_PATH=/opt/ros/humble /usr/bin/cmake --install /home/weng/work/humble_ws/build/carter_navigation
