[0.219s] Invoking command in '/home/weng/work/humble_ws/src/build/isaac_ros2_messages': CMAKE_PREFIX_PATH=/opt/ros/humble /usr/local/bin/cmake /home/weng/work/humble_ws/src/isaac_ros2_messages -DCMAKE_INSTALL_PREFIX=/home/weng/work/humble_ws/src/install/isaac_ros2_messages
[0.486s] -- The C compiler identification is GNU 11.4.0
[0.486s] -- The CXX compiler identification is GNU 11.4.0
[0.486s] -- Detecting C compiler ABI info
[0.486s] -- Detecting C compiler ABI info - done
[0.486s] -- Check for working C compiler: /usr/bin/cc - skipped
[0.486s] -- Detecting C compile features
[0.486s] -- Detecting C compile features - done
[0.486s] -- Detecting CXX compiler ABI info
[0.486s] -- Detecting CXX compiler ABI info - done
[0.486s] -- Check for working CXX compiler: /usr/bin/c++ - skipped
[0.486s] -- Detecting CXX compile features
[0.486s] -- Detecting CXX compile features - done
[0.486s] -- Found ament_cmake: 1.3.8 (/opt/ros/humble/share/ament_cmake/cmake)
[0.486s] -- Found Python3: /usr/bin/python3 (found version "3.10.12") found components: Interpreter 
[0.489s] -- Found ament_lint_auto: 0.12.10 (/opt/ros/humble/share/ament_lint_auto/cmake)
[0.535s] -- Found builtin_interfaces: 1.2.1 (/opt/ros/humble/share/builtin_interfaces/cmake)
[0.555s] -- Found rosidl_generator_c: 3.1.5 (/opt/ros/humble/share/rosidl_generator_c/cmake)
[0.557s] -- Found rosidl_adapter: 3.1.5 (/opt/ros/humble/share/rosidl_adapter/cmake)
[0.566s] -- Found rosidl_generator_cpp: 3.1.5 (/opt/ros/humble/share/rosidl_generator_cpp/cmake)
[0.575s] -- Using all available rosidl_typesupport_c: rosidl_typesupport_fastrtps_c;rosidl_typesupport_introspection_c
[0.587s] -- Using all available rosidl_typesupport_cpp: rosidl_typesupport_fastrtps_cpp;rosidl_typesupport_introspection_cpp
[0.598s] -- Found rosidl_default_generators: 1.2.0 (/opt/ros/humble/share/rosidl_default_generators/cmake)
[0.639s] -- Found OpenSSL: /usr/lib/x86_64-linux-gnu/libcrypto.so (found version "3.0.2")  
[0.641s] -- Found std_msgs: 4.2.3 (/opt/ros/humble/share/std_msgs/cmake)
[0.663s] -- Found geometry_msgs: 4.2.3 (/opt/ros/humble/share/geometry_msgs/cmake)
[0.883s] -- Found ament_cmake_ros: 0.10.0 (/opt/ros/humble/share/ament_cmake_ros/cmake)
[1.269s] -- Using all available rosidl_typesupport_c: rosidl_typesupport_fastrtps_c;rosidl_typesupport_introspection_c
[1.428s] -- Using all available rosidl_typesupport_cpp: rosidl_typesupport_fastrtps_cpp;rosidl_typesupport_introspection_cpp
[1.429s] [33mCMake Warning (dev) at /opt/ros/humble/share/rosidl_generator_py/cmake/rosidl_generator_py_generate_interfaces.cmake:20 (find_package):
[1.430s]   Policy CMP0148 is not set: The FindPythonInterp and FindPythonLibs modules
[1.430s]   are removed.  Run "cmake --help-policy CMP0148" for policy details.  Use
[1.430s]   the cmake_policy command to set the policy and suppress this warning.
[1.430s] 
[1.430s] Call Stack (most recent call first):
[1.430s]   /opt/ros/humble/share/ament_cmake_core/cmake/core/ament_execute_extensions.cmake:48 (include)
[1.430s]   /opt/ros/humble/share/rosidl_cmake/cmake/rosidl_generate_interfaces.cmake:286 (ament_execute_extensions)
[1.430s]   CMakeLists.txt:48 (rosidl_generate_interfaces)
[1.430s] This warning is for project developers.  Use -Wno-dev to suppress it.
[1.430s] [0m
[1.440s] -- Found PythonInterp: /usr/bin/python3 (found suitable version "3.10.12", minimum required is "3.6") 
[1.441s] -- Found python_cmake_module: 0.10.0 (/opt/ros/humble/share/python_cmake_module/cmake)
[1.441s] [33mCMake Warning (dev) at /opt/ros/humble/share/python_cmake_module/cmake/Modules/FindPythonExtra.cmake:52 (find_package):
[1.441s]   Policy CMP0148 is not set: The FindPythonInterp and FindPythonLibs modules
[1.441s]   are removed.  Run "cmake --help-policy CMP0148" for policy details.  Use
[1.441s]   the cmake_policy command to set the policy and suppress this warning.
[1.441s] 
[1.441s] Call Stack (most recent call first):
[1.441s]   /opt/ros/humble/share/rosidl_generator_py/cmake/rosidl_generator_py_generate_interfaces.cmake:23 (find_package)
[1.441s]   /opt/ros/humble/share/ament_cmake_core/cmake/core/ament_execute_extensions.cmake:48 (include)
[1.441s]   /opt/ros/humble/share/rosidl_cmake/cmake/rosidl_generate_interfaces.cmake:286 (ament_execute_extensions)
[1.442s]   CMakeLists.txt:48 (rosidl_generate_interfaces)
[1.442s] This warning is for project developers.  Use -Wno-dev to suppress it.
[1.442s] [0m
[1.452s] [33mCMake Warning (dev) at /opt/ros/humble/share/python_cmake_module/cmake/Modules/FindPythonExtra.cmake:140 (find_package):
[1.452s]   Policy CMP0148 is not set: The FindPythonInterp and FindPythonLibs modules
[1.452s]   are removed.  Run "cmake --help-policy CMP0148" for policy details.  Use
[1.452s]   the cmake_policy command to set the policy and suppress this warning.
[1.452s] 
[1.452s] Call Stack (most recent call first):
[1.452s]   /opt/ros/humble/share/rosidl_generator_py/cmake/rosidl_generator_py_generate_interfaces.cmake:23 (find_package)
[1.452s]   /opt/ros/humble/share/ament_cmake_core/cmake/core/ament_execute_extensions.cmake:48 (include)
[1.452s]   /opt/ros/humble/share/rosidl_cmake/cmake/rosidl_generate_interfaces.cmake:286 (ament_execute_extensions)
[1.452s]   CMakeLists.txt:48 (rosidl_generate_interfaces)
[1.452s] This warning is for project developers.  Use -Wno-dev to suppress it.
[1.452s] [0m
[1.455s] -- Found PythonLibs: /usr/lib/x86_64-linux-gnu/libpython3.10.so (found suitable version "3.10.12", minimum required is "3.5") 
[1.455s] -- Using PYTHON_EXECUTABLE: /usr/bin/python3
[1.455s] -- Using PYTHON_INCLUDE_DIRS: /usr/include/python3.10
[1.455s] -- Using PYTHON_LIBRARIES: /usr/lib/x86_64-linux-gnu/libpython3.10.so
[1.466s] -- Found PythonExtra: .so  
[1.508s] -- Added test 'copyright' to check source files copyright and LICENSE
[1.510s] -- Added test 'lint_cmake' to check CMake code style
[1.510s] -- Added test 'xmllint' to check XML markup files
[1.512s] -- Configuring done (1.3s)
[1.530s] -- Generating done (0.0s)
[1.531s] -- Build files have been written to: /home/weng/work/humble_ws/src/build/isaac_ros2_messages
[1.537s] Invoked command in '/home/weng/work/humble_ws/src/build/isaac_ros2_messages' returned '0': CMAKE_PREFIX_PATH=/opt/ros/humble /usr/local/bin/cmake /home/weng/work/humble_ws/src/isaac_ros2_messages -DCMAKE_INSTALL_PREFIX=/home/weng/work/humble_ws/src/install/isaac_ros2_messages
[1.538s] Invoking command in '/home/weng/work/humble_ws/src/build/isaac_ros2_messages': CMAKE_PREFIX_PATH=/opt/ros/humble /usr/local/bin/cmake --build /home/weng/work/humble_ws/src/build/isaac_ros2_messages -- -j24 -l24
[1.559s] [  3%] [34m[1mGenerating C code for ROS interfaces[0m
[1.560s] [  6%] [34m[1mGenerating C++ code for ROS interfaces[0m
[1.562s] [  6%] Built target ament_cmake_python_copy_isaac_ros2_messages
[1.663s] running egg_info
[1.663s] creating isaac_ros2_messages.egg-info
[1.663s] writing isaac_ros2_messages.egg-info/PKG-INFO
[1.663s] writing dependency_links to isaac_ros2_messages.egg-info/dependency_links.txt
[1.663s] writing top-level names to isaac_ros2_messages.egg-info/top_level.txt
[1.663s] writing manifest file 'isaac_ros2_messages.egg-info/SOURCES.txt'
[1.664s] reading manifest file 'isaac_ros2_messages.egg-info/SOURCES.txt'
[1.665s] writing manifest file 'isaac_ros2_messages.egg-info/SOURCES.txt'
[1.675s] [  6%] Built target ament_cmake_python_build_isaac_ros2_messages_egg
[1.683s] [  6%] Built target isaac_ros2_messages__cpp
[1.686s] [  9%] [34m[1mGenerating C++ type support for eProsima Fast-RTPS[0m
[1.686s] [ 12%] [34m[1mGenerating C++ introspection for ROS interfaces[0m
[1.686s] [ 16%] [34m[1mGenerating C++ type support dispatch for ROS interfaces[0m
[1.746s] [ 19%] [32mBuilding C object CMakeFiles/isaac_ros2_messages__rosidl_generator_c.dir/rosidl_generator_c/isaac_ros2_messages/srv/detail/isaac_pose__functions.c.o[0m
[1.789s] [ 22%] [32m[1mLinking C shared library libisaac_ros2_messages__rosidl_generator_c.so[0m
[1.792s] [ 25%] [32mBuilding CXX object CMakeFiles/isaac_ros2_messages__rosidl_typesupport_cpp.dir/rosidl_typesupport_cpp/isaac_ros2_messages/srv/isaac_pose__type_support.cpp.o[0m
[1.808s] [ 25%] Built target isaac_ros2_messages__rosidl_generator_c
[1.812s] [ 35%] [34m[1mGenerating C type support dispatch for ROS interfaces[0m
[1.812s] [ 35%] [34m[1mGenerating C type support for eProsima Fast-RTPS[0m
[1.812s] [ 35%] [34m[1mGenerating C introspection for ROS interfaces[0m
[1.827s] [ 38%] [32mBuilding CXX object CMakeFiles/isaac_ros2_messages__rosidl_typesupport_introspection_cpp.dir/rosidl_typesupport_introspection_cpp/isaac_ros2_messages/srv/detail/isaac_pose__type_support.cpp.o[0m
[1.849s] [ 41%] [32mBuilding CXX object CMakeFiles/isaac_ros2_messages__rosidl_typesupport_fastrtps_cpp.dir/rosidl_typesupport_fastrtps_cpp/isaac_ros2_messages/srv/detail/dds_fastrtps/isaac_pose__type_support.cpp.o[0m
[1.927s] [ 45%] [32m[1mLinking CXX shared library libisaac_ros2_messages__rosidl_typesupport_cpp.so[0m
[1.945s] [ 45%] Built target isaac_ros2_messages__rosidl_typesupport_cpp
[1.968s] [ 48%] [32mBuilding CXX object CMakeFiles/isaac_ros2_messages__rosidl_typesupport_c.dir/rosidl_typesupport_c/isaac_ros2_messages/srv/isaac_pose__type_support.cpp.o[0m
[1.982s] [ 51%] [32m[1mLinking CXX shared library libisaac_ros2_messages__rosidl_typesupport_c.so[0m
[1.993s] [ 54%] [32mBuilding C object CMakeFiles/isaac_ros2_messages__rosidl_typesupport_introspection_c.dir/rosidl_typesupport_introspection_c/isaac_ros2_messages/srv/detail/isaac_pose__type_support.c.o[0m
[1.996s] [ 54%] Built target isaac_ros2_messages__rosidl_typesupport_c
[2.001s] [ 58%] [32mBuilding CXX object CMakeFiles/isaac_ros2_messages__rosidl_typesupport_fastrtps_c.dir/rosidl_typesupport_fastrtps_c/isaac_ros2_messages/srv/detail/isaac_pose__type_support_c.cpp.o[0m
[2.022s] [ 61%] [32m[1mLinking C shared library libisaac_ros2_messages__rosidl_typesupport_introspection_c.so[0m
[2.037s] [ 61%] Built target isaac_ros2_messages__rosidl_typesupport_introspection_c
[2.193s] [ 64%] [32m[1mLinking CXX shared library libisaac_ros2_messages__rosidl_typesupport_introspection_cpp.so[0m
[2.197s] [ 67%] [32m[1mLinking CXX shared library libisaac_ros2_messages__rosidl_typesupport_fastrtps_cpp.so[0m
[2.206s] [ 70%] [32m[1mLinking CXX shared library libisaac_ros2_messages__rosidl_typesupport_fastrtps_c.so[0m
[2.258s] [ 70%] Built target isaac_ros2_messages__rosidl_typesupport_fastrtps_cpp
[2.262s] [ 70%] Built target isaac_ros2_messages__rosidl_typesupport_fastrtps_c
[2.302s] [ 70%] Built target isaac_ros2_messages__rosidl_typesupport_introspection_cpp
[2.314s] [ 70%] Built target isaac_ros2_messages
[2.322s] [ 74%] [34m[1mGenerating Python code for ROS interfaces[0m
[2.637s] [ 74%] Built target isaac_ros2_messages__py
[2.646s] [ 77%] [32mBuilding C object CMakeFiles/isaac_ros2_messages__rosidl_generator_py.dir/rosidl_generator_py/isaac_ros2_messages/srv/_isaac_pose_s.c.o[0m
[2.749s] [ 80%] [32m[1mLinking C shared library rosidl_generator_py/isaac_ros2_messages/libisaac_ros2_messages__rosidl_generator_py.so[0m
[2.777s] [ 80%] Built target isaac_ros2_messages__rosidl_generator_py
[2.785s] [ 83%] [32mBuilding C object CMakeFiles/isaac_ros2_messages__rosidl_typesupport_introspection_c__pyext.dir/rosidl_generator_py/isaac_ros2_messages/_isaac_ros2_messages_s.ep.rosidl_typesupport_introspection_c.c.o[0m
[2.787s] [ 87%] [32mBuilding C object CMakeFiles/isaac_ros2_messages__rosidl_typesupport_fastrtps_c__pyext.dir/rosidl_generator_py/isaac_ros2_messages/_isaac_ros2_messages_s.ep.rosidl_typesupport_fastrtps_c.c.o[0m
[2.790s] [ 90%] [32mBuilding C object CMakeFiles/isaac_ros2_messages__rosidl_typesupport_c__pyext.dir/rosidl_generator_py/isaac_ros2_messages/_isaac_ros2_messages_s.ep.rosidl_typesupport_c.c.o[0m
[2.869s] [ 93%] [32m[1mLinking C shared library rosidl_generator_py/isaac_ros2_messages/isaac_ros2_messages_s__rosidl_typesupport_fastrtps_c.cpython-310-x86_64-linux-gnu.so[0m
[2.870s] [ 96%] [32m[1mLinking C shared library rosidl_generator_py/isaac_ros2_messages/isaac_ros2_messages_s__rosidl_typesupport_c.cpython-310-x86_64-linux-gnu.so[0m
[2.878s] [100%] [32m[1mLinking C shared library rosidl_generator_py/isaac_ros2_messages/isaac_ros2_messages_s__rosidl_typesupport_introspection_c.cpython-310-x86_64-linux-gnu.so[0m
[2.884s] [100%] Built target isaac_ros2_messages__rosidl_typesupport_c__pyext
[2.886s] [100%] Built target isaac_ros2_messages__rosidl_typesupport_fastrtps_c__pyext
[2.900s] [100%] Built target isaac_ros2_messages__rosidl_typesupport_introspection_c__pyext
[2.907s] Invoked command in '/home/weng/work/humble_ws/src/build/isaac_ros2_messages' returned '0': CMAKE_PREFIX_PATH=/opt/ros/humble /usr/local/bin/cmake --build /home/weng/work/humble_ws/src/build/isaac_ros2_messages -- -j24 -l24
[2.980s] Invoking command in '/home/weng/work/humble_ws/src/build/isaac_ros2_messages': CMAKE_PREFIX_PATH=/opt/ros/humble /usr/local/bin/cmake --install /home/weng/work/humble_ws/src/build/isaac_ros2_messages
[2.992s] -- Install configuration: ""
[2.992s] -- Installing: /home/weng/work/humble_ws/src/install/isaac_ros2_messages/share/ament_index/resource_index/rosidl_interfaces/isaac_ros2_messages
[2.992s] -- Installing: /home/weng/work/humble_ws/src/install/isaac_ros2_messages/include/isaac_ros2_messages/isaac_ros2_messages
[2.992s] -- Installing: /home/weng/work/humble_ws/src/install/isaac_ros2_messages/include/isaac_ros2_messages/isaac_ros2_messages/srv
[2.992s] -- Installing: /home/weng/work/humble_ws/src/install/isaac_ros2_messages/include/isaac_ros2_messages/isaac_ros2_messages/srv/isaac_pose.h
[2.992s] -- Installing: /home/weng/work/humble_ws/src/install/isaac_ros2_messages/include/isaac_ros2_messages/isaac_ros2_messages/srv/detail
[2.992s] -- Installing: /home/weng/work/humble_ws/src/install/isaac_ros2_messages/include/isaac_ros2_messages/isaac_ros2_messages/srv/detail/isaac_pose__functions.c
[2.992s] -- Installing: /home/weng/work/humble_ws/src/install/isaac_ros2_messages/include/isaac_ros2_messages/isaac_ros2_messages/srv/detail/isaac_pose__functions.h
[2.992s] -- Installing: /home/weng/work/humble_ws/src/install/isaac_ros2_messages/include/isaac_ros2_messages/isaac_ros2_messages/srv/detail/isaac_pose__struct.h
[2.992s] -- Installing: /home/weng/work/humble_ws/src/install/isaac_ros2_messages/include/isaac_ros2_messages/isaac_ros2_messages/srv/detail/isaac_pose__type_support.h
[2.992s] -- Installing: /home/weng/work/humble_ws/src/install/isaac_ros2_messages/include/isaac_ros2_messages/isaac_ros2_messages/msg
[2.992s] -- Installing: /home/weng/work/humble_ws/src/install/isaac_ros2_messages/include/isaac_ros2_messages/isaac_ros2_messages/msg/rosidl_generator_c__visibility_control.h
[2.992s] -- Installing: /home/weng/work/humble_ws/src/install/isaac_ros2_messages/share/isaac_ros2_messages/environment/library_path.sh
[2.992s] -- Installing: /home/weng/work/humble_ws/src/install/isaac_ros2_messages/share/isaac_ros2_messages/environment/library_path.dsv
[2.992s] -- Installing: /home/weng/work/humble_ws/src/install/isaac_ros2_messages/lib/libisaac_ros2_messages__rosidl_generator_c.so
[2.992s] -- Set non-toolchain portion of runtime path of "/home/weng/work/humble_ws/src/install/isaac_ros2_messages/lib/libisaac_ros2_messages__rosidl_generator_c.so" to ""
[2.993s] -- Up-to-date: /home/weng/work/humble_ws/src/install/isaac_ros2_messages/include/isaac_ros2_messages/isaac_ros2_messages
[2.993s] -- Up-to-date: /home/weng/work/humble_ws/src/install/isaac_ros2_messages/include/isaac_ros2_messages/isaac_ros2_messages/srv
[2.993s] -- Up-to-date: /home/weng/work/humble_ws/src/install/isaac_ros2_messages/include/isaac_ros2_messages/isaac_ros2_messages/srv/detail
[2.993s] -- Installing: /home/weng/work/humble_ws/src/install/isaac_ros2_messages/include/isaac_ros2_messages/isaac_ros2_messages/srv/detail/isaac_pose__rosidl_typesupport_fastrtps_c.h
[2.993s] -- Up-to-date: /home/weng/work/humble_ws/src/install/isaac_ros2_messages/include/isaac_ros2_messages/isaac_ros2_messages/msg
[2.993s] -- Installing: /home/weng/work/humble_ws/src/install/isaac_ros2_messages/include/isaac_ros2_messages/isaac_ros2_messages/msg/rosidl_typesupport_fastrtps_c__visibility_control.h
[2.993s] -- Installing: /home/weng/work/humble_ws/src/install/isaac_ros2_messages/lib/libisaac_ros2_messages__rosidl_typesupport_fastrtps_c.so
[2.993s] -- Set non-toolchain portion of runtime path of "/home/weng/work/humble_ws/src/install/isaac_ros2_messages/lib/libisaac_ros2_messages__rosidl_typesupport_fastrtps_c.so" to ""
[2.993s] -- Up-to-date: /home/weng/work/humble_ws/src/install/isaac_ros2_messages/include/isaac_ros2_messages/isaac_ros2_messages
[2.993s] -- Up-to-date: /home/weng/work/humble_ws/src/install/isaac_ros2_messages/include/isaac_ros2_messages/isaac_ros2_messages/srv
[2.993s] -- Installing: /home/weng/work/humble_ws/src/install/isaac_ros2_messages/include/isaac_ros2_messages/isaac_ros2_messages/srv/isaac_pose.hpp
[2.993s] -- Up-to-date: /home/weng/work/humble_ws/src/install/isaac_ros2_messages/include/isaac_ros2_messages/isaac_ros2_messages/srv/detail
[2.993s] -- Installing: /home/weng/work/humble_ws/src/install/isaac_ros2_messages/include/isaac_ros2_messages/isaac_ros2_messages/srv/detail/isaac_pose__builder.hpp
[2.993s] -- Installing: /home/weng/work/humble_ws/src/install/isaac_ros2_messages/include/isaac_ros2_messages/isaac_ros2_messages/srv/detail/isaac_pose__traits.hpp
[2.993s] -- Installing: /home/weng/work/humble_ws/src/install/isaac_ros2_messages/include/isaac_ros2_messages/isaac_ros2_messages/srv/detail/isaac_pose__struct.hpp
[2.993s] -- Up-to-date: /home/weng/work/humble_ws/src/install/isaac_ros2_messages/include/isaac_ros2_messages/isaac_ros2_messages
[2.993s] -- Up-to-date: /home/weng/work/humble_ws/src/install/isaac_ros2_messages/include/isaac_ros2_messages/isaac_ros2_messages/srv
[2.993s] -- Up-to-date: /home/weng/work/humble_ws/src/install/isaac_ros2_messages/include/isaac_ros2_messages/isaac_ros2_messages/srv/detail
[2.993s] -- Installing: /home/weng/work/humble_ws/src/install/isaac_ros2_messages/include/isaac_ros2_messages/isaac_ros2_messages/srv/detail/isaac_pose__rosidl_typesupport_fastrtps_cpp.hpp
[2.993s] -- Installing: /home/weng/work/humble_ws/src/install/isaac_ros2_messages/include/isaac_ros2_messages/isaac_ros2_messages/srv/detail/dds_fastrtps
[2.993s] -- Up-to-date: /home/weng/work/humble_ws/src/install/isaac_ros2_messages/include/isaac_ros2_messages/isaac_ros2_messages/msg
[2.993s] -- Installing: /home/weng/work/humble_ws/src/install/isaac_ros2_messages/include/isaac_ros2_messages/isaac_ros2_messages/msg/rosidl_typesupport_fastrtps_cpp__visibility_control.h
[2.993s] -- Installing: /home/weng/work/humble_ws/src/install/isaac_ros2_messages/lib/libisaac_ros2_messages__rosidl_typesupport_fastrtps_cpp.so
[2.993s] -- Set non-toolchain portion of runtime path of "/home/weng/work/humble_ws/src/install/isaac_ros2_messages/lib/libisaac_ros2_messages__rosidl_typesupport_fastrtps_cpp.so" to ""
[2.994s] -- Up-to-date: /home/weng/work/humble_ws/src/install/isaac_ros2_messages/include/isaac_ros2_messages/isaac_ros2_messages
[2.994s] -- Up-to-date: /home/weng/work/humble_ws/src/install/isaac_ros2_messages/include/isaac_ros2_messages/isaac_ros2_messages/srv
[2.994s] -- Up-to-date: /home/weng/work/humble_ws/src/install/isaac_ros2_messages/include/isaac_ros2_messages/isaac_ros2_messages/srv/detail
[2.994s] -- Installing: /home/weng/work/humble_ws/src/install/isaac_ros2_messages/include/isaac_ros2_messages/isaac_ros2_messages/srv/detail/isaac_pose__rosidl_typesupport_introspection_c.h
[2.994s] -- Installing: /home/weng/work/humble_ws/src/install/isaac_ros2_messages/include/isaac_ros2_messages/isaac_ros2_messages/srv/detail/isaac_pose__type_support.c
[2.994s] -- Up-to-date: /home/weng/work/humble_ws/src/install/isaac_ros2_messages/include/isaac_ros2_messages/isaac_ros2_messages/msg
[2.994s] -- Installing: /home/weng/work/humble_ws/src/install/isaac_ros2_messages/include/isaac_ros2_messages/isaac_ros2_messages/msg/rosidl_typesupport_introspection_c__visibility_control.h
[2.994s] -- Installing: /home/weng/work/humble_ws/src/install/isaac_ros2_messages/lib/libisaac_ros2_messages__rosidl_typesupport_introspection_c.so
[2.994s] -- Set non-toolchain portion of runtime path of "/home/weng/work/humble_ws/src/install/isaac_ros2_messages/lib/libisaac_ros2_messages__rosidl_typesupport_introspection_c.so" to ""
[2.994s] -- Installing: /home/weng/work/humble_ws/src/install/isaac_ros2_messages/lib/libisaac_ros2_messages__rosidl_typesupport_c.so
[2.994s] -- Set non-toolchain portion of runtime path of "/home/weng/work/humble_ws/src/install/isaac_ros2_messages/lib/libisaac_ros2_messages__rosidl_typesupport_c.so" to ""
[2.994s] -- Up-to-date: /home/weng/work/humble_ws/src/install/isaac_ros2_messages/include/isaac_ros2_messages/isaac_ros2_messages
[2.994s] -- Up-to-date: /home/weng/work/humble_ws/src/install/isaac_ros2_messages/include/isaac_ros2_messages/isaac_ros2_messages/srv
[2.994s] -- Up-to-date: /home/weng/work/humble_ws/src/install/isaac_ros2_messages/include/isaac_ros2_messages/isaac_ros2_messages/srv/detail
[2.994s] -- Installing: /home/weng/work/humble_ws/src/install/isaac_ros2_messages/include/isaac_ros2_messages/isaac_ros2_messages/srv/detail/isaac_pose__rosidl_typesupport_introspection_cpp.hpp
[2.994s] -- Installing: /home/weng/work/humble_ws/src/install/isaac_ros2_messages/include/isaac_ros2_messages/isaac_ros2_messages/srv/detail/isaac_pose__type_support.cpp
[2.994s] -- Installing: /home/weng/work/humble_ws/src/install/isaac_ros2_messages/lib/libisaac_ros2_messages__rosidl_typesupport_introspection_cpp.so
[2.994s] -- Set non-toolchain portion of runtime path of "/home/weng/work/humble_ws/src/install/isaac_ros2_messages/lib/libisaac_ros2_messages__rosidl_typesupport_introspection_cpp.so" to ""
[2.994s] -- Installing: /home/weng/work/humble_ws/src/install/isaac_ros2_messages/lib/libisaac_ros2_messages__rosidl_typesupport_cpp.so
[2.994s] -- Set non-toolchain portion of runtime path of "/home/weng/work/humble_ws/src/install/isaac_ros2_messages/lib/libisaac_ros2_messages__rosidl_typesupport_cpp.so" to ""
[2.994s] -- Installing: /home/weng/work/humble_ws/src/install/isaac_ros2_messages/share/isaac_ros2_messages/environment/pythonpath.sh
[2.994s] -- Installing: /home/weng/work/humble_ws/src/install/isaac_ros2_messages/share/isaac_ros2_messages/environment/pythonpath.dsv
[2.994s] -- Installing: /home/weng/work/humble_ws/src/install/isaac_ros2_messages/local/lib/python3.10/dist-packages/isaac_ros2_messages-0.1.0-py3.10.egg-info
[2.995s] -- Installing: /home/weng/work/humble_ws/src/install/isaac_ros2_messages/local/lib/python3.10/dist-packages/isaac_ros2_messages-0.1.0-py3.10.egg-info/dependency_links.txt
[2.995s] -- Installing: /home/weng/work/humble_ws/src/install/isaac_ros2_messages/local/lib/python3.10/dist-packages/isaac_ros2_messages-0.1.0-py3.10.egg-info/PKG-INFO
[2.995s] -- Installing: /home/weng/work/humble_ws/src/install/isaac_ros2_messages/local/lib/python3.10/dist-packages/isaac_ros2_messages-0.1.0-py3.10.egg-info/top_level.txt
[2.995s] -- Installing: /home/weng/work/humble_ws/src/install/isaac_ros2_messages/local/lib/python3.10/dist-packages/isaac_ros2_messages-0.1.0-py3.10.egg-info/SOURCES.txt
[2.995s] -- Installing: /home/weng/work/humble_ws/src/install/isaac_ros2_messages/local/lib/python3.10/dist-packages/isaac_ros2_messages
[2.995s] -- Installing: /home/weng/work/humble_ws/src/install/isaac_ros2_messages/local/lib/python3.10/dist-packages/isaac_ros2_messages/_isaac_ros2_messages_s.ep.rosidl_typesupport_c.c
[2.995s] -- Installing: /home/weng/work/humble_ws/src/install/isaac_ros2_messages/local/lib/python3.10/dist-packages/isaac_ros2_messages/_isaac_ros2_messages_s.ep.rosidl_typesupport_introspection_c.c
[2.995s] -- Installing: /home/weng/work/humble_ws/src/install/isaac_ros2_messages/local/lib/python3.10/dist-packages/isaac_ros2_messages/libisaac_ros2_messages__rosidl_generator_py.so
[2.995s] -- Installing: /home/weng/work/humble_ws/src/install/isaac_ros2_messages/local/lib/python3.10/dist-packages/isaac_ros2_messages/_isaac_ros2_messages_s.ep.rosidl_typesupport_fastrtps_c.c
[2.995s] -- Installing: /home/weng/work/humble_ws/src/install/isaac_ros2_messages/local/lib/python3.10/dist-packages/isaac_ros2_messages/isaac_ros2_messages_s__rosidl_typesupport_c.cpython-310-x86_64-linux-gnu.so
[2.995s] -- Installing: /home/weng/work/humble_ws/src/install/isaac_ros2_messages/local/lib/python3.10/dist-packages/isaac_ros2_messages/isaac_ros2_messages_s__rosidl_typesupport_fastrtps_c.cpython-310-x86_64-linux-gnu.so
[2.995s] -- Installing: /home/weng/work/humble_ws/src/install/isaac_ros2_messages/local/lib/python3.10/dist-packages/isaac_ros2_messages/srv
[2.995s] -- Installing: /home/weng/work/humble_ws/src/install/isaac_ros2_messages/local/lib/python3.10/dist-packages/isaac_ros2_messages/srv/_isaac_pose.py
[2.995s] -- Installing: /home/weng/work/humble_ws/src/install/isaac_ros2_messages/local/lib/python3.10/dist-packages/isaac_ros2_messages/srv/__init__.py
[2.995s] -- Installing: /home/weng/work/humble_ws/src/install/isaac_ros2_messages/local/lib/python3.10/dist-packages/isaac_ros2_messages/srv/_isaac_pose_s.c
[2.995s] -- Installing: /home/weng/work/humble_ws/src/install/isaac_ros2_messages/local/lib/python3.10/dist-packages/isaac_ros2_messages/isaac_ros2_messages_s__rosidl_typesupport_introspection_c.cpython-310-x86_64-linux-gnu.so
[2.995s] -- Installing: /home/weng/work/humble_ws/src/install/isaac_ros2_messages/local/lib/python3.10/dist-packages/isaac_ros2_messages/__init__.py
[3.011s] Listing '/home/weng/work/humble_ws/src/install/isaac_ros2_messages/local/lib/python3.10/dist-packages/isaac_ros2_messages'...
[3.011s] Compiling '/home/weng/work/humble_ws/src/install/isaac_ros2_messages/local/lib/python3.10/dist-packages/isaac_ros2_messages/__init__.py'...
[3.011s] Listing '/home/weng/work/humble_ws/src/install/isaac_ros2_messages/local/lib/python3.10/dist-packages/isaac_ros2_messages/srv'...
[3.011s] Compiling '/home/weng/work/humble_ws/src/install/isaac_ros2_messages/local/lib/python3.10/dist-packages/isaac_ros2_messages/srv/__init__.py'...
[3.011s] Compiling '/home/weng/work/humble_ws/src/install/isaac_ros2_messages/local/lib/python3.10/dist-packages/isaac_ros2_messages/srv/_isaac_pose.py'...
[3.013s] -- Installing: /home/weng/work/humble_ws/src/install/isaac_ros2_messages/local/lib/python3.10/dist-packages/isaac_ros2_messages/isaac_ros2_messages_s__rosidl_typesupport_fastrtps_c.cpython-310-x86_64-linux-gnu.so
[3.013s] -- Set non-toolchain portion of runtime path of "/home/weng/work/humble_ws/src/install/isaac_ros2_messages/local/lib/python3.10/dist-packages/isaac_ros2_messages/isaac_ros2_messages_s__rosidl_typesupport_fastrtps_c.cpython-310-x86_64-linux-gnu.so" to ""
[3.013s] -- Installing: /home/weng/work/humble_ws/src/install/isaac_ros2_messages/local/lib/python3.10/dist-packages/isaac_ros2_messages/isaac_ros2_messages_s__rosidl_typesupport_introspection_c.cpython-310-x86_64-linux-gnu.so
[3.013s] -- Set non-toolchain portion of runtime path of "/home/weng/work/humble_ws/src/install/isaac_ros2_messages/local/lib/python3.10/dist-packages/isaac_ros2_messages/isaac_ros2_messages_s__rosidl_typesupport_introspection_c.cpython-310-x86_64-linux-gnu.so" to ""
[3.013s] -- Installing: /home/weng/work/humble_ws/src/install/isaac_ros2_messages/local/lib/python3.10/dist-packages/isaac_ros2_messages/isaac_ros2_messages_s__rosidl_typesupport_c.cpython-310-x86_64-linux-gnu.so
[3.014s] -- Set non-toolchain portion of runtime path of "/home/weng/work/humble_ws/src/install/isaac_ros2_messages/local/lib/python3.10/dist-packages/isaac_ros2_messages/isaac_ros2_messages_s__rosidl_typesupport_c.cpython-310-x86_64-linux-gnu.so" to ""
[3.014s] -- Installing: /home/weng/work/humble_ws/src/install/isaac_ros2_messages/lib/libisaac_ros2_messages__rosidl_generator_py.so
[3.014s] -- Set non-toolchain portion of runtime path of "/home/weng/work/humble_ws/src/install/isaac_ros2_messages/lib/libisaac_ros2_messages__rosidl_generator_py.so" to ""
[3.014s] -- Installing: /home/weng/work/humble_ws/src/install/isaac_ros2_messages/share/isaac_ros2_messages/srv/IsaacPose.idl
[3.014s] -- Installing: /home/weng/work/humble_ws/src/install/isaac_ros2_messages/share/isaac_ros2_messages/srv/IsaacPose.srv
[3.014s] -- Installing: /home/weng/work/humble_ws/src/install/isaac_ros2_messages/share/isaac_ros2_messages/srv/IsaacPose_Request.msg
[3.014s] -- Installing: /home/weng/work/humble_ws/src/install/isaac_ros2_messages/share/isaac_ros2_messages/srv/IsaacPose_Response.msg
[3.014s] -- Installing: /home/weng/work/humble_ws/src/install/isaac_ros2_messages/share/ament_index/resource_index/package_run_dependencies/isaac_ros2_messages
[3.014s] -- Installing: /home/weng/work/humble_ws/src/install/isaac_ros2_messages/share/ament_index/resource_index/parent_prefix_path/isaac_ros2_messages
[3.014s] -- Installing: /home/weng/work/humble_ws/src/install/isaac_ros2_messages/share/isaac_ros2_messages/environment/ament_prefix_path.sh
[3.014s] -- Installing: /home/weng/work/humble_ws/src/install/isaac_ros2_messages/share/isaac_ros2_messages/environment/ament_prefix_path.dsv
[3.014s] -- Installing: /home/weng/work/humble_ws/src/install/isaac_ros2_messages/share/isaac_ros2_messages/environment/path.sh
[3.014s] -- Installing: /home/weng/work/humble_ws/src/install/isaac_ros2_messages/share/isaac_ros2_messages/environment/path.dsv
[3.014s] -- Installing: /home/weng/work/humble_ws/src/install/isaac_ros2_messages/share/isaac_ros2_messages/local_setup.bash
[3.014s] -- Installing: /home/weng/work/humble_ws/src/install/isaac_ros2_messages/share/isaac_ros2_messages/local_setup.sh
[3.014s] -- Installing: /home/weng/work/humble_ws/src/install/isaac_ros2_messages/share/isaac_ros2_messages/local_setup.zsh
[3.014s] -- Installing: /home/weng/work/humble_ws/src/install/isaac_ros2_messages/share/isaac_ros2_messages/local_setup.dsv
[3.014s] -- Installing: /home/weng/work/humble_ws/src/install/isaac_ros2_messages/share/isaac_ros2_messages/package.dsv
[3.014s] -- Installing: /home/weng/work/humble_ws/src/install/isaac_ros2_messages/share/ament_index/resource_index/packages/isaac_ros2_messages
[3.014s] -- Installing: /home/weng/work/humble_ws/src/install/isaac_ros2_messages/share/isaac_ros2_messages/cmake/export_isaac_ros2_messages__rosidl_generator_cExport.cmake
[3.014s] -- Installing: /home/weng/work/humble_ws/src/install/isaac_ros2_messages/share/isaac_ros2_messages/cmake/export_isaac_ros2_messages__rosidl_generator_cExport-noconfig.cmake
[3.014s] -- Installing: /home/weng/work/humble_ws/src/install/isaac_ros2_messages/share/isaac_ros2_messages/cmake/export_isaac_ros2_messages__rosidl_typesupport_fastrtps_cExport.cmake
[3.015s] -- Installing: /home/weng/work/humble_ws/src/install/isaac_ros2_messages/share/isaac_ros2_messages/cmake/export_isaac_ros2_messages__rosidl_typesupport_fastrtps_cExport-noconfig.cmake
[3.015s] -- Installing: /home/weng/work/humble_ws/src/install/isaac_ros2_messages/share/isaac_ros2_messages/cmake/export_isaac_ros2_messages__rosidl_generator_cppExport.cmake
[3.015s] -- Installing: /home/weng/work/humble_ws/src/install/isaac_ros2_messages/share/isaac_ros2_messages/cmake/export_isaac_ros2_messages__rosidl_typesupport_fastrtps_cppExport.cmake
[3.015s] -- Installing: /home/weng/work/humble_ws/src/install/isaac_ros2_messages/share/isaac_ros2_messages/cmake/export_isaac_ros2_messages__rosidl_typesupport_fastrtps_cppExport-noconfig.cmake
[3.015s] -- Installing: /home/weng/work/humble_ws/src/install/isaac_ros2_messages/share/isaac_ros2_messages/cmake/isaac_ros2_messages__rosidl_typesupport_introspection_cExport.cmake
[3.015s] -- Installing: /home/weng/work/humble_ws/src/install/isaac_ros2_messages/share/isaac_ros2_messages/cmake/isaac_ros2_messages__rosidl_typesupport_introspection_cExport-noconfig.cmake
[3.015s] -- Installing: /home/weng/work/humble_ws/src/install/isaac_ros2_messages/share/isaac_ros2_messages/cmake/isaac_ros2_messages__rosidl_typesupport_cExport.cmake
[3.015s] -- Installing: /home/weng/work/humble_ws/src/install/isaac_ros2_messages/share/isaac_ros2_messages/cmake/isaac_ros2_messages__rosidl_typesupport_cExport-noconfig.cmake
[3.015s] -- Installing: /home/weng/work/humble_ws/src/install/isaac_ros2_messages/share/isaac_ros2_messages/cmake/isaac_ros2_messages__rosidl_typesupport_introspection_cppExport.cmake
[3.015s] -- Installing: /home/weng/work/humble_ws/src/install/isaac_ros2_messages/share/isaac_ros2_messages/cmake/isaac_ros2_messages__rosidl_typesupport_introspection_cppExport-noconfig.cmake
[3.015s] -- Installing: /home/weng/work/humble_ws/src/install/isaac_ros2_messages/share/isaac_ros2_messages/cmake/isaac_ros2_messages__rosidl_typesupport_cppExport.cmake
[3.015s] -- Installing: /home/weng/work/humble_ws/src/install/isaac_ros2_messages/share/isaac_ros2_messages/cmake/isaac_ros2_messages__rosidl_typesupport_cppExport-noconfig.cmake
[3.015s] -- Installing: /home/weng/work/humble_ws/src/install/isaac_ros2_messages/share/isaac_ros2_messages/cmake/export_isaac_ros2_messages__rosidl_generator_pyExport.cmake
[3.015s] -- Installing: /home/weng/work/humble_ws/src/install/isaac_ros2_messages/share/isaac_ros2_messages/cmake/export_isaac_ros2_messages__rosidl_generator_pyExport-noconfig.cmake
[3.015s] -- Installing: /home/weng/work/humble_ws/src/install/isaac_ros2_messages/share/isaac_ros2_messages/cmake/rosidl_cmake-extras.cmake
[3.015s] -- Installing: /home/weng/work/humble_ws/src/install/isaac_ros2_messages/share/isaac_ros2_messages/cmake/ament_cmake_export_dependencies-extras.cmake
[3.015s] -- Installing: /home/weng/work/humble_ws/src/install/isaac_ros2_messages/share/isaac_ros2_messages/cmake/ament_cmake_export_include_directories-extras.cmake
[3.015s] -- Installing: /home/weng/work/humble_ws/src/install/isaac_ros2_messages/share/isaac_ros2_messages/cmake/ament_cmake_export_libraries-extras.cmake
[3.015s] -- Installing: /home/weng/work/humble_ws/src/install/isaac_ros2_messages/share/isaac_ros2_messages/cmake/ament_cmake_export_targets-extras.cmake
[3.015s] -- Installing: /home/weng/work/humble_ws/src/install/isaac_ros2_messages/share/isaac_ros2_messages/cmake/rosidl_cmake_export_typesupport_targets-extras.cmake
[3.015s] -- Installing: /home/weng/work/humble_ws/src/install/isaac_ros2_messages/share/isaac_ros2_messages/cmake/rosidl_cmake_export_typesupport_libraries-extras.cmake
[3.015s] -- Installing: /home/weng/work/humble_ws/src/install/isaac_ros2_messages/share/isaac_ros2_messages/cmake/isaac_ros2_messagesConfig.cmake
[3.015s] -- Installing: /home/weng/work/humble_ws/src/install/isaac_ros2_messages/share/isaac_ros2_messages/cmake/isaac_ros2_messagesConfig-version.cmake
[3.016s] -- Installing: /home/weng/work/humble_ws/src/install/isaac_ros2_messages/share/isaac_ros2_messages/package.xml
[3.018s] Invoked command in '/home/weng/work/humble_ws/src/build/isaac_ros2_messages' returned '0': CMAKE_PREFIX_PATH=/opt/ros/humble /usr/local/bin/cmake --install /home/weng/work/humble_ws/src/build/isaac_ros2_messages
